<?xml version="1.0" encoding="UTF-8"?>
  <testsuite name="oracle.clouddev.test.selenium.tests.base.TestBuildPage" errors="0" test="15" failures="0" skipped="0" timestamp="20160407T062948-0700" time="3298.148">
    <testcase classname="oracle.clouddev.test.selenium.tests.base.TestBuildPage" name="_class_init_" time="0.000">
      <properties>
        <property name="java.runtime.name" value="Java(TM) SE Runtime Environment"/>
        <property name="exec.mainClass" value="oracle.clouddev.test.selenium.RunTests"/>
        <property name="sun.boot.library.path" value="/usr/java/jdk1.8.0_51/jre/lib/amd64"/>
        <property name="java.vm.version" value="25.51-b03"/>
        <property name="java.vm.vendor" value="Oracle Corporation"/>
        <property name="java.vendor.url" value="http://java.oracle.com/"/>
        <property name="guice.disable.misplaced.annotation.check" value="true"/>
        <property name="path.separator" value=":"/>
        <property name="java.vm.name" value="Java HotSpot(TM) 64-Bit Server VM"/>
        <property name="file.encoding.pkg" value="sun.io"/>
        <property name="user.country" value="US"/>
        <property name="sun.java.launcher" value="SUN_STANDARD"/>
        <property name="sun.os.patch.level" value="unknown"/>
        <property name="http.noProxyHosts" value="localhost|127.0.0.1|*.local|*.oraclecorp.com|*.us.oracle.com"/>
        <property name="java.vm.specification.name" value="Java Virtual Machine Specification"/>
        <property name="user.dir" value="/home/builder/hudson/workspace/dcs_dcs.Release-Selenium-Tests/selenium-tests"/>
        <property name="java.runtime.version" value="1.8.0_51-b16"/>
        <property name="java.awt.graphicsenv" value="sun.awt.X11GraphicsEnvironment"/>
        <property name="java.endorsed.dirs" value="/usr/java/jdk1.8.0_51/jre/lib/endorsed"/>
        <property name="os.arch" value="amd64"/>
        <property name="java.io.tmpdir" value="/tmp"/>
        <property name="line.separator" value="
"/>
        <property name="java.vm.specification.vendor" value="Oracle Corporation"/>
        <property name="https.proxyHost" value="www-proxy.us.oracle.com"/>
        <property name="os.name" value="Linux"/>
        <property name="classworlds.conf" value="/usr/local/apache-maven/apache-maven-3.0.4/bin/m2.conf"/>
        <property name="sun.jnu.encoding" value="UTF-8"/>
        <property name="http.proxyPort" value="80"/>
        <property name="java.library.path" value="/usr/java/packages/lib/amd64:/usr/lib64:/lib64:/lib:/usr/lib"/>
        <property name="sun.awt.enableExtraMouseButtons" value="true"/>
        <property name="java.specification.name" value="Java Platform API Specification"/>
        <property name="java.class.version" value="52.0"/>
        <property name="sun.management.compiler" value="HotSpot 64-Bit Tiered Compilers"/>
        <property name="os.version" value="3.8.13-55.1.1.el6uek.x86_64"/>
        <property name="user.home" value="/home/builder"/>
        <property name="user.timezone" value="PST8PDT"/>
        <property name="java.awt.printerjob" value="sun.print.PSPrinterJob"/>
        <property name="file.encoding" value="UTF-8"/>
        <property name="java.specification.version" value="1.8"/>
        <property name="java.class.path" value="/usr/local/apache-maven/apache-maven-3.0.4/boot/plexus-classworlds-2.4.jar"/>
        <property name="user.name" value="builder"/>
        <property name="java.vm.specification.version" value="1.8"/>
        <property name="sun.java.command" value="org.codehaus.plexus.classworlds.launcher.Launcher -f /home/c2c/hudson/workspace/dcs_dcs.Release-Selenium-Tests/selenium-tests/pom.xml --batch-mode exec:java -Dexec.mainClass=oracle.clouddev.test.selenium.RunTests -Dexec.args=selenium.browser.size.w=1280 selenium.browser.size.h=960 capture.video=true capture.screenshots=true notification.type=swing notification.history=3 notification.font.size=15 job-release-selenium-tests.properties build.job=dcs_dcs.Release-Selenium-Tests build.number=289 target.release=16.2.3.0.0 timeout.build.buildqueue=1200 timeout.build.buildqueue.polling=60 -s BASE --tag base"/>
        <property name="java.home" value="/usr/java/jdk1.8.0_51/jre"/>
        <property name="sun.arch.data.model" value="64"/>
        <property name="user.language" value="en"/>
        <property name="java.specification.vendor" value="Oracle Corporation"/>
        <property name="awt.toolkit" value="sun.awt.X11.XToolkit"/>
        <property name="java.vm.info" value="mixed mode"/>
        <property name="java.version" value="1.8.0_51"/>
        <property name="securerandom.source" value="file:/dev/./urandom"/>
        <property name="java.ext.dirs" value="/usr/java/jdk1.8.0_51/jre/lib/ext:/usr/java/packages/lib/ext"/>
        <property name="http.proxyHost" value="www-proxy.us.oracle.com"/>
        <property name="sun.boot.class.path" value="/usr/java/jdk1.8.0_51/jre/lib/resources.jar:/usr/java/jdk1.8.0_51/jre/lib/rt.jar:/usr/java/jdk1.8.0_51/jre/lib/sunrsasign.jar:/usr/java/jdk1.8.0_51/jre/lib/jsse.jar:/usr/java/jdk1.8.0_51/jre/lib/jce.jar:/usr/java/jdk1.8.0_51/jre/lib/charsets.jar:/usr/java/jdk1.8.0_51/jre/lib/jfr.jar:/usr/java/jdk1.8.0_51/jre/classes"/>
        <property name="java.vendor" value="Oracle Corporation"/>
        <property name="maven.home" value="/usr/local/apache-maven/apache-maven-3.0.4"/>
        <property name="file.separator" value="/"/>
        <property name="java.vendor.url.bug" value="http://bugreport.sun.com/bugreport/"/>
        <property name="sun.font.fontmanager" value="sun.awt.X11FontManager"/>
        <property name="sun.io.unicode.encoding" value="UnicodeLittle"/>
        <property name="sun.cpu.endian" value="little"/>
        <property name="https.proxyPort" value="80"/>
        <property name="exec.args" value="selenium.browser.size.w=1280 selenium.browser.size.h=960 capture.video=true capture.screenshots=true notification.type=swing notification.history=3 notification.font.size=15 job-release-selenium-tests.properties build.job=dcs_dcs.Release-Selenium-Tests build.number=289 target.release=16.2.3.0.0 timeout.build.buildqueue=1200 timeout.build.buildqueue.polling=60 -s BASE --tag base"/>
        <property name="sun.cpu.isalist" value=""/>
        <property name="test.selenium.browser.size.h" value="960"/>
        <property name="test.user.non-admin.name" value="tom.testsuite"/>
        <property name="test.https.proxyHost" value="www-proxy.us.oracle.com"/>
        <property name="test.user.admin.name" value="tina.testsuite"/>
        <property name="test.user.em-agent.password" value="Welcome1!"/>
        <property name="test.tag" value="base"/>
        <property name="test.user.em-agent.fullname" value="Alex Admin"/>
        <property name="test.selenium.port" value="44000"/>
        <property name="test.build.number" value="289"/>
        <property name="test.user.sdi-agent.enabled" value="true"/>
        <property name="test.timeout.assert.condition" value="30"/>
        <property name="test.target.version" value="{
  &quot;buildInformation&quot; : {
    &quot;gitCommitId&quot; : &quot;84b91eb9e1660e336bb9289583fdf62f88d10e16&quot;,
    &quot;gitCommitMessage&quot; : &quot;Bug 23012667 - Check for valid ACCS account in the same ID Domain\n&quot;,
    &quot;buildTime&quot; : &quot;05.04.2016 @ 21:54:38 PDT&quot;,
    &quot;buildUser&quot; : &quot;Code2Cloud Builder&quot;
  }
}"/>
        <property name="test.build.job" value="dcs_dcs.Release-Selenium-Tests"/>
        <property name="test.timeout.project.create" value="660"/>
        <property name="test.user.sdi-agent.name" value="alex.admin"/>
        <property name="test.selenium.browser" value="firefox"/>
        <property name="test.http.proxyPort" value="80"/>
        <property name="test.user.sdi-agent.password" value="Welcome1!"/>
        <property name="test.user.sdi-agent.fullname" value="Alex Admin"/>
        <property name="test.timeout.selenium.navigate" value="20"/>
        <property name="test.target.release" value="16.2.3.0.0"/>
        <property name="test.byom.ip" value="127.0.0.1"/>
        <property name="test.byom.port" value="8585"/>
        <property name="test.notification.type" value="swing"/>
        <property name="test.data.project.override" value=""/>
        <property name="test.timeout.selenium.find" value="1"/>
        <property name="test.user.em-agent.enabled" value="true"/>
        <property name="test.testEmptyOrg.db.id" value=""/>
        <property name="test.reviews.timeout.slowdown" value="0"/>
        <property name="test.http.noProxyHosts" value="localhost|127.0.0.1|*.local|*.oraclecorp.com|*.us.oracle.com"/>
        <property name="test.capture.video" value="true"/>
        <property name="test.user.non-admin.password" value="Welcome1!"/>
        <property name="test.user.non-admin.fullname" value="Tom Testsuite"/>
        <property name="test.user.admin.password" value="Welcome1!"/>
        <property name="test.notification.history" value="3"/>
        <property name="test.user.admin.fullname" value="Tina Testsuite"/>
        <property name="test.capture.screenshots" value="true"/>
        <property name="test.testEmptyOrg.db.connectString" value="jdbc:oracle:thin:@(DESCRIPTION=(ADDRESS=(PROTOCOL=TCP)(HOST=slc09iwb.us.oracle.com)(PORT=1521))(CONNECT_DATA=(SERVICE_NAME=dbpod)))"/>
        <property name="test.firefox.bin" value=""/>
        <property name="test.https.proxyPort" value="80"/>
        <property name="test.develop.offline" value="false"/>
        <property name="test.timeout.build.buildqueue.polling" value="60"/>
        <property name="test.output.dir" value="target/test-reports/"/>
        <property name="test.firefox.allowedHosts" value="localhost,localhost.localdomain"/>
        <property name="test.testEmptyOrg.db.schema" value="BV2RLPNYEWMR"/>
        <property name="test.web.url" value="http://ucf2c-dcs-release-hub1.opcdeveloper.oracleinternalucf2c.oraclecorp.com/qa-dev/"/>
        <property name="test.firefox.extensions" value=""/>
        <property name="test.testEmptyOrg.orgExistsCheck" value="false"/>
        <property name="test.data.dir" value="data/"/>
        <property name="test.notification.font.size" value="15"/>
        <property name="test.testEmptyOrg.service" value="devservice5"/>
        <property name="test.selenium.start.server" value="false"/>
        <property name="test.firefox.profile.path" value=""/>
        <property name="test.selenium.host" value="localhost"/>
        <property name="test.suite" value="BASE"/>
        <property name="test.tests" value=""/>
        <property name="test.user.admin.idm" value="dcsdevteam"/>
        <property name="test.http.proxyHost" value="www-proxy.us.oracle.com"/>
        <property name="test.testMethods" value=""/>
        <property name="test.reviews.dontDeleteEnviroment" value="false"/>
        <property name="test.selenium.browser.maximize" value="false"/>
        <property name="test.firefox.profile.name" value=""/>
        <property name="test.timeout.build.buildqueue" value="1200"/>
        <property name="test.user.em-agent.idm" value="dcsdevteam"/>
        <property name="test.selenium.remote" value="false"/>
        <property name="test.user.sdi-agent.idm" value="dcsdevteam"/>
        <property name="test.byom.authToken" value="123456"/>
        <property name="test.proxy.autodetect" value="false"/>
        <property name="test.testEmptyOrg.idm" value="dcsdevteam"/>
        <property name="test.user.non-admin.idm" value="dcsdevteam"/>
        <property name="test.data.tasks.useexisting" value="false"/>
        <property name="test.selenium.browser.size.w" value="1280"/>
        <property name="test.category" value="DEFAULT"/>
        <property name="test.user.em-agent.name" value="alex.admin"/>
        <property name="test.timeout.slowdown" value="0"/>
      </properties>
    </testcase>
    <testcase classname="oracle.clouddev.test.selenium.tests.base.TestBuildPage" name="createNewJob" time="23.742">
      <properties>
        <property name="java.runtime.name" value="Java(TM) SE Runtime Environment"/>
        <property name="exec.mainClass" value="oracle.clouddev.test.selenium.RunTests"/>
        <property name="sun.boot.library.path" value="/usr/java/jdk1.8.0_51/jre/lib/amd64"/>
        <property name="java.vm.version" value="25.51-b03"/>
        <property name="java.vm.vendor" value="Oracle Corporation"/>
        <property name="java.vendor.url" value="http://java.oracle.com/"/>
        <property name="guice.disable.misplaced.annotation.check" value="true"/>
        <property name="path.separator" value=":"/>
        <property name="java.vm.name" value="Java HotSpot(TM) 64-Bit Server VM"/>
        <property name="file.encoding.pkg" value="sun.io"/>
        <property name="user.country" value="US"/>
        <property name="sun.java.launcher" value="SUN_STANDARD"/>
        <property name="sun.os.patch.level" value="unknown"/>
        <property name="http.noProxyHosts" value="localhost|127.0.0.1|*.local|*.oraclecorp.com|*.us.oracle.com"/>
        <property name="java.vm.specification.name" value="Java Virtual Machine Specification"/>
        <property name="user.dir" value="/home/builder/hudson/workspace/dcs_dcs.Release-Selenium-Tests/selenium-tests"/>
        <property name="java.runtime.version" value="1.8.0_51-b16"/>
        <property name="java.awt.graphicsenv" value="sun.awt.X11GraphicsEnvironment"/>
        <property name="java.endorsed.dirs" value="/usr/java/jdk1.8.0_51/jre/lib/endorsed"/>
        <property name="os.arch" value="amd64"/>
        <property name="java.io.tmpdir" value="/tmp"/>
        <property name="line.separator" value="
"/>
        <property name="java.vm.specification.vendor" value="Oracle Corporation"/>
        <property name="https.proxyHost" value="www-proxy.us.oracle.com"/>
        <property name="os.name" value="Linux"/>
        <property name="classworlds.conf" value="/usr/local/apache-maven/apache-maven-3.0.4/bin/m2.conf"/>
        <property name="sun.jnu.encoding" value="UTF-8"/>
        <property name="http.proxyPort" value="80"/>
        <property name="java.library.path" value="/usr/java/packages/lib/amd64:/usr/lib64:/lib64:/lib:/usr/lib"/>
        <property name="sun.awt.enableExtraMouseButtons" value="true"/>
        <property name="java.specification.name" value="Java Platform API Specification"/>
        <property name="java.class.version" value="52.0"/>
        <property name="sun.management.compiler" value="HotSpot 64-Bit Tiered Compilers"/>
        <property name="os.version" value="3.8.13-55.1.1.el6uek.x86_64"/>
        <property name="user.home" value="/home/builder"/>
        <property name="user.timezone" value="PST8PDT"/>
        <property name="java.awt.printerjob" value="sun.print.PSPrinterJob"/>
        <property name="file.encoding" value="UTF-8"/>
        <property name="java.specification.version" value="1.8"/>
        <property name="java.class.path" value="/usr/local/apache-maven/apache-maven-3.0.4/boot/plexus-classworlds-2.4.jar"/>
        <property name="user.name" value="builder"/>
        <property name="java.vm.specification.version" value="1.8"/>
        <property name="sun.java.command" value="org.codehaus.plexus.classworlds.launcher.Launcher -f /home/c2c/hudson/workspace/dcs_dcs.Release-Selenium-Tests/selenium-tests/pom.xml --batch-mode exec:java -Dexec.mainClass=oracle.clouddev.test.selenium.RunTests -Dexec.args=selenium.browser.size.w=1280 selenium.browser.size.h=960 capture.video=true capture.screenshots=true notification.type=swing notification.history=3 notification.font.size=15 job-release-selenium-tests.properties build.job=dcs_dcs.Release-Selenium-Tests build.number=289 target.release=16.2.3.0.0 timeout.build.buildqueue=1200 timeout.build.buildqueue.polling=60 -s BASE --tag base"/>
        <property name="java.home" value="/usr/java/jdk1.8.0_51/jre"/>
        <property name="sun.arch.data.model" value="64"/>
        <property name="user.language" value="en"/>
        <property name="java.specification.vendor" value="Oracle Corporation"/>
        <property name="awt.toolkit" value="sun.awt.X11.XToolkit"/>
        <property name="java.vm.info" value="mixed mode"/>
        <property name="java.version" value="1.8.0_51"/>
        <property name="securerandom.source" value="file:/dev/./urandom"/>
        <property name="java.ext.dirs" value="/usr/java/jdk1.8.0_51/jre/lib/ext:/usr/java/packages/lib/ext"/>
        <property name="http.proxyHost" value="www-proxy.us.oracle.com"/>
        <property name="sun.boot.class.path" value="/usr/java/jdk1.8.0_51/jre/lib/resources.jar:/usr/java/jdk1.8.0_51/jre/lib/rt.jar:/usr/java/jdk1.8.0_51/jre/lib/sunrsasign.jar:/usr/java/jdk1.8.0_51/jre/lib/jsse.jar:/usr/java/jdk1.8.0_51/jre/lib/jce.jar:/usr/java/jdk1.8.0_51/jre/lib/charsets.jar:/usr/java/jdk1.8.0_51/jre/lib/jfr.jar:/usr/java/jdk1.8.0_51/jre/classes"/>
        <property name="java.vendor" value="Oracle Corporation"/>
        <property name="maven.home" value="/usr/local/apache-maven/apache-maven-3.0.4"/>
        <property name="file.separator" value="/"/>
        <property name="java.vendor.url.bug" value="http://bugreport.sun.com/bugreport/"/>
        <property name="sun.font.fontmanager" value="sun.awt.X11FontManager"/>
        <property name="sun.io.unicode.encoding" value="UnicodeLittle"/>
        <property name="sun.cpu.endian" value="little"/>
        <property name="https.proxyPort" value="80"/>
        <property name="exec.args" value="selenium.browser.size.w=1280 selenium.browser.size.h=960 capture.video=true capture.screenshots=true notification.type=swing notification.history=3 notification.font.size=15 job-release-selenium-tests.properties build.job=dcs_dcs.Release-Selenium-Tests build.number=289 target.release=16.2.3.0.0 timeout.build.buildqueue=1200 timeout.build.buildqueue.polling=60 -s BASE --tag base"/>
        <property name="sun.cpu.isalist" value=""/>
        <property name="test.selenium.browser.size.h" value="960"/>
        <property name="test.user.non-admin.name" value="tom.testsuite"/>
        <property name="test.https.proxyHost" value="www-proxy.us.oracle.com"/>
        <property name="test.user.admin.name" value="tina.testsuite"/>
        <property name="test.user.em-agent.password" value="Welcome1!"/>
        <property name="test.tag" value="base"/>
        <property name="test.user.em-agent.fullname" value="Alex Admin"/>
        <property name="test.selenium.port" value="44000"/>
        <property name="test.build.number" value="289"/>
        <property name="test.user.sdi-agent.enabled" value="true"/>
        <property name="test.timeout.assert.condition" value="30"/>
        <property name="test.target.version" value="{
  &quot;buildInformation&quot; : {
    &quot;gitCommitId&quot; : &quot;84b91eb9e1660e336bb9289583fdf62f88d10e16&quot;,
    &quot;gitCommitMessage&quot; : &quot;Bug 23012667 - Check for valid ACCS account in the same ID Domain\n&quot;,
    &quot;buildTime&quot; : &quot;05.04.2016 @ 21:54:38 PDT&quot;,
    &quot;buildUser&quot; : &quot;Code2Cloud Builder&quot;
  }
}"/>
        <property name="test.build.job" value="dcs_dcs.Release-Selenium-Tests"/>
        <property name="test.timeout.project.create" value="660"/>
        <property name="test.user.sdi-agent.name" value="alex.admin"/>
        <property name="test.selenium.browser" value="firefox"/>
        <property name="test.http.proxyPort" value="80"/>
        <property name="test.user.sdi-agent.password" value="Welcome1!"/>
        <property name="test.user.sdi-agent.fullname" value="Alex Admin"/>
        <property name="test.timeout.selenium.navigate" value="20"/>
        <property name="test.target.release" value="16.2.3.0.0"/>
        <property name="test.byom.ip" value="127.0.0.1"/>
        <property name="test.byom.port" value="8585"/>
        <property name="test.notification.type" value="swing"/>
        <property name="test.data.project.override" value=""/>
        <property name="test.timeout.selenium.find" value="1"/>
        <property name="test.user.em-agent.enabled" value="true"/>
        <property name="test.testEmptyOrg.db.id" value=""/>
        <property name="test.reviews.timeout.slowdown" value="0"/>
        <property name="test.http.noProxyHosts" value="localhost|127.0.0.1|*.local|*.oraclecorp.com|*.us.oracle.com"/>
        <property name="test.capture.video" value="true"/>
        <property name="test.user.non-admin.password" value="Welcome1!"/>
        <property name="test.user.non-admin.fullname" value="Tom Testsuite"/>
        <property name="test.user.admin.password" value="Welcome1!"/>
        <property name="test.notification.history" value="3"/>
        <property name="test.user.admin.fullname" value="Tina Testsuite"/>
        <property name="test.capture.screenshots" value="true"/>
        <property name="test.testEmptyOrg.db.connectString" value="jdbc:oracle:thin:@(DESCRIPTION=(ADDRESS=(PROTOCOL=TCP)(HOST=slc09iwb.us.oracle.com)(PORT=1521))(CONNECT_DATA=(SERVICE_NAME=dbpod)))"/>
        <property name="test.firefox.bin" value=""/>
        <property name="test.https.proxyPort" value="80"/>
        <property name="test.develop.offline" value="false"/>
        <property name="test.timeout.build.buildqueue.polling" value="60"/>
        <property name="test.output.dir" value="target/test-reports/"/>
        <property name="test.firefox.allowedHosts" value="localhost,localhost.localdomain"/>
        <property name="test.testEmptyOrg.db.schema" value="BV2RLPNYEWMR"/>
        <property name="test.web.url" value="http://ucf2c-dcs-release-hub1.opcdeveloper.oracleinternalucf2c.oraclecorp.com/qa-dev/"/>
        <property name="test.firefox.extensions" value=""/>
        <property name="test.testEmptyOrg.orgExistsCheck" value="false"/>
        <property name="test.data.dir" value="data/"/>
        <property name="test.notification.font.size" value="15"/>
        <property name="test.testEmptyOrg.service" value="devservice5"/>
        <property name="test.selenium.start.server" value="false"/>
        <property name="test.firefox.profile.path" value=""/>
        <property name="test.selenium.host" value="localhost"/>
        <property name="test.suite" value="BASE"/>
        <property name="test.tests" value=""/>
        <property name="test.user.admin.idm" value="dcsdevteam"/>
        <property name="test.http.proxyHost" value="www-proxy.us.oracle.com"/>
        <property name="test.testMethods" value=""/>
        <property name="test.reviews.dontDeleteEnviroment" value="false"/>
        <property name="test.selenium.browser.maximize" value="false"/>
        <property name="test.firefox.profile.name" value=""/>
        <property name="test.timeout.build.buildqueue" value="1200"/>
        <property name="test.user.em-agent.idm" value="dcsdevteam"/>
        <property name="test.selenium.remote" value="false"/>
        <property name="test.user.sdi-agent.idm" value="dcsdevteam"/>
        <property name="test.byom.authToken" value="123456"/>
        <property name="test.proxy.autodetect" value="false"/>
        <property name="test.testEmptyOrg.idm" value="dcsdevteam"/>
        <property name="test.user.non-admin.idm" value="dcsdevteam"/>
        <property name="test.data.tasks.useexisting" value="false"/>
        <property name="test.selenium.browser.size.w" value="1280"/>
        <property name="test.category" value="DEFAULT"/>
        <property name="test.user.em-agent.name" value="alex.admin"/>
        <property name="test.timeout.slowdown" value="0"/>
      </properties>
    <system-out>
2016-04-07 06:29:25,225 INFO  [oracle.clouddev.test.framework.rest.RestClient] [request#172] POST http://ucf2c-dcs-release-hub1.opcdeveloper.oracleinternalucf2c.oraclecorp.com/qa-dev/api/projects/search2 HTTP/1.1 (user: ADMIN(dcsdevteam/tina.testsuite/Welcome1!))
2016-04-07 06:29:25,225 DEBUG [oracle.clouddev.test.framework.rest.RestClient] [request#172] posted content:
{
  &quot;projectRelationship&quot; : &quot;ALL&quot;,
  &quot;organizationIdentifier&quot; : &quot;qa-dev&quot;,
  &quot;shallowCopy&quot; : false
}
2016-04-07 06:29:25,225 DEBUG [oracle.clouddev.test.framework.rest.RestClient] [request#172] cURL: curl -k -u tina.testsuite:Welcome1! -X POST &apos;http://ucf2c-dcs-release-hub1.opcdeveloper.oracleinternalucf2c.oraclecorp.com/qa-dev/api/projects/search2&apos; -H &apos;Content-Type: application/json; charset=UTF-8&apos; --data-binary &apos;{  &quot;projectRelationship&quot; : &quot;ALL&quot;,  &quot;organizationIdentifier&quot; : &quot;qa-dev&quot;,  &quot;shallowCopy&quot; : false}&apos;
2016-04-07 06:29:26,195 INFO  [oracle.clouddev.test.framework.rest.RestClient] [request#172] HTTP/1.1 200 OK
2016-04-07 06:29:26,195 DEBUG [oracle.clouddev.test.framework.rest.RestClient] [request#172] Content-Type: application/json;charset=UTF-8
2016-04-07 06:29:26,195 DEBUG [oracle.clouddev.test.framework.rest.RestClient] [request#172] Content-Length: -- no value --
2016-04-07 06:29:26,305 DEBUG [oracle.clouddev.test.selenium.junit.BrowserSession] navigating to project qa-dev_test-shared-project1-1460033913915 (http://ucf2c-dcs-release-hub1.opcdeveloper.oracleinternalucf2c.oraclecorp.com/qa-dev/#/projects/qa-dev_test-shared-project1-1460033913915)
2016-04-07 06:29:26,490 DEBUG [oracle.clouddev.test.selenium.components.AssertElement] Check condition (oracle.clouddev.test.selenium.components.Conditions$5@65c3f8bf) for element [By.xpath: .//button[@id=&apos;odcs-project-selector&apos;]/span[1]] on http://ucf2c-dcs-release-hub1.opcdeveloper.oracleinternalucf2c.oraclecorp.com/qa-dev/#/projects/qa-dev_test-shared-project1-1460033913915.
2016-04-07 06:29:28,566 DEBUG [oracle.clouddev.test.selenium.components.AssertElement] Check condition (NOT (element is visible)) for element [By.id: page-provision] on http://ucf2c-dcs-release-hub1.opcdeveloper.oracleinternalucf2c.oraclecorp.com/qa-dev/#/projects/qa-dev_test-shared-project1-1460033913915.
2016-04-07 06:29:29,589 DEBUG [oracle.clouddev.test.selenium.components.AssertElement] Check condition (element is visible) for element [By.id: odcs-nav-tabs] on http://ucf2c-dcs-release-hub1.opcdeveloper.oracleinternalucf2c.oraclecorp.com/qa-dev/#/projects/qa-dev_test-shared-project1-1460033913915.
2016-04-07 06:29:29,618 DEBUG [oracle.clouddev.test.selenium.components.AssertElement] Check condition (element is visible) for element [By.xpath: .//a[@id=&apos;build&apos;] under [By.id: odcs-nav-tabs]] on http://ucf2c-dcs-release-hub1.opcdeveloper.oracleinternalucf2c.oraclecorp.com/qa-dev/#/projects/qa-dev_test-shared-project1-1460033913915.
2016-04-07 06:29:29,660 DEBUG [oracle.clouddev.test.selenium.components.AssertElement] Check condition (NOT (element has style class &apos;oj-disabled&apos;)) for element [By.xpath: .//a[@id=&apos;build&apos;] under [By.id: odcs-nav-tabs]] on http://ucf2c-dcs-release-hub1.opcdeveloper.oracleinternalucf2c.oraclecorp.com/qa-dev/#/projects/qa-dev_test-shared-project1-1460033913915.
2016-04-07 06:29:29,694 DEBUG [oracle.clouddev.test.selenium.components.AssertElement] Check condition (element is visible) for element [By.xpath: .//a[@id=&apos;build&apos;] under [By.id: odcs-nav-tabs]] on http://ucf2c-dcs-release-hub1.opcdeveloper.oracleinternalucf2c.oraclecorp.com/qa-dev/#/projects/qa-dev_test-shared-project1-1460033913915.
2016-04-07 06:29:30,001 DEBUG [oracle.clouddev.test.selenium.components.AssertElement] Check condition (element has style class &apos;oj-active&apos;) for element [By.xpath: .//a[@id=&apos;build&apos;] under [By.id: odcs-nav-tabs]] on http://ucf2c-dcs-release-hub1.opcdeveloper.oracleinternalucf2c.oraclecorp.com/qa-dev/#projects/qa-dev_test-shared-project1-1460033913915/build.
2016-04-07 06:29:31,028 DEBUG [oracle.clouddev.test.selenium.components.AssertElement] Check condition (element is visible) for element [By.xpath: .//a[@id=&apos;build&apos;] under [By.id: odcs-nav-tabs]] on http://ucf2c-dcs-release-hub1.opcdeveloper.oracleinternalucf2c.oraclecorp.com/qa-dev/#projects/qa-dev_test-shared-project1-1460033913915/build.
2016-04-07 06:29:31,163 INFO  [oracle.clouddev.test.selenium.tests.base.TestBuildPage] TestBuildPage.createNewJob
2016-04-07 06:29:31,163 INFO  [oracle.clouddev.test.selenium.tests.base.TestBuildPage] TestBuildPage.createNewJob entering _createNewJob
2016-04-07 06:29:31,163 INFO  [oracle.clouddev.test.selenium.tests.base.TestBuildPage] Waiting for jobs page to present
2016-04-07 06:29:31,179 DEBUG [oracle.clouddev.test.selenium.components.AssertElement] Check condition (element is visible) for element [By.xpath: (//div[@id=&apos;page-jobs&apos;])] on http://ucf2c-dcs-release-hub1.opcdeveloper.oracleinternalucf2c.oraclecorp.com/qa-dev/#projects/qa-dev_test-shared-project1-1460033913915/build.
2016-04-07 06:29:31,296 DEBUG [oracle.clouddev.test.selenium.components.AssertElement] Check condition (element exists) for element [By.xpath: (//div[@id=&apos;page-jobs&apos;])] on http://ucf2c-dcs-release-hub1.opcdeveloper.oracleinternalucf2c.oraclecorp.com/qa-dev/#projects/qa-dev_test-shared-project1-1460033913915/build.
2016-04-07 06:29:31,303 INFO  [oracle.clouddev.test.selenium.tests.base.TestBuildPage] Waiting for New Job dialog to show up
2016-04-07 06:29:31,314 DEBUG [oracle.clouddev.test.selenium.components.AssertElement] Check condition (element is visible) for element [By.id: newJob-button] on http://ucf2c-dcs-release-hub1.opcdeveloper.oracleinternalucf2c.oraclecorp.com/qa-dev/#projects/qa-dev_test-shared-project1-1460033913915/build.
2016-04-07 06:29:31,655 DEBUG [oracle.clouddev.test.selenium.components.AssertElement] Check condition (element is visible) for element [By.id: ojDialogWrapper-newJob] on http://ucf2c-dcs-release-hub1.opcdeveloper.oracleinternalucf2c.oraclecorp.com/qa-dev/#projects/qa-dev_test-shared-project1-1460033913915/build.
2016-04-07 06:29:31,673 INFO  [oracle.clouddev.test.selenium.tests.base.TestBuildPage] Enter job name: testNewJob
2016-04-07 06:29:31,685 DEBUG [oracle.clouddev.test.selenium.components.AssertElement] Check condition (element is visible) for element [By.id: jobName] on http://ucf2c-dcs-release-hub1.opcdeveloper.oracleinternalucf2c.oraclecorp.com/qa-dev/#projects/qa-dev_test-shared-project1-1460033913915/build.
2016-04-07 06:29:31,715 DEBUG [oracle.clouddev.test.selenium.components.AssertElement] Check condition (element is visible) for element [By.id: jobName] on http://ucf2c-dcs-release-hub1.opcdeveloper.oracleinternalucf2c.oraclecorp.com/qa-dev/#projects/qa-dev_test-shared-project1-1460033913915/build.
2016-04-07 06:29:32,122 INFO  [oracle.clouddev.test.selenium.tests.base.TestBuildPage] Click on Save button
2016-04-07 06:29:32,132 DEBUG [oracle.clouddev.test.selenium.components.AssertElement] Check condition (element is visible) for element [By.xpath: (//button[@id=&apos;newJob-save-button&apos;])] on http://ucf2c-dcs-release-hub1.opcdeveloper.oracleinternalucf2c.oraclecorp.com/qa-dev/#projects/qa-dev_test-shared-project1-1460033913915/build.
2016-04-07 06:29:32,353 INFO  [oracle.clouddev.test.selenium.tests.base.TestBuildPage] Waiting for configure-tabs to present
2016-04-07 06:29:32,365 DEBUG [oracle.clouddev.test.selenium.components.AssertElement] Check condition (element is visible) for element [By.xpath: (//div[@id=&apos;configure-tabs&apos;])] on http://ucf2c-dcs-release-hub1.opcdeveloper.oracleinternalucf2c.oraclecorp.com/qa-dev/#projects/qa-dev_test-shared-project1-1460033913915/build.
2016-04-07 06:29:33,105 DEBUG [oracle.clouddev.test.selenium.components.AssertElement] Check condition (element exists) for element [By.xpath: (//div[@id=&apos;configure-tabs&apos;])] on http://ucf2c-dcs-release-hub1.opcdeveloper.oracleinternalucf2c.oraclecorp.com/qa-dev/#projects/qa-dev_test-shared-project1-1460033913915/build/job/qa-dev_test-shared-project1-1460033913915.testNewJob/configure?new.
2016-04-07 06:29:33,112 INFO  [oracle.clouddev.test.selenium.tests.base.TestBuildPage] Verify job created
2016-04-07 06:29:33,114 INFO  [oracle.clouddev.test.selenium.tests.base.TestBuildPage] Navigate to tabIndex: 1
2016-04-07 06:29:33,125 DEBUG [oracle.clouddev.test.selenium.components.AssertElement] Check condition (element is visible) for element [By.xpath: //div[@class=&apos;oj-tabs-conveyor&apos;]/ul/li[1]/div/a] on http://ucf2c-dcs-release-hub1.opcdeveloper.oracleinternalucf2c.oraclecorp.com/qa-dev/#projects/qa-dev_test-shared-project1-1460033913915/build/job/qa-dev_test-shared-project1-1460033913915.testNewJob/configure?new.
2016-04-07 06:29:33,160 DEBUG [oracle.clouddev.test.selenium.components.AssertElement] Check condition (element is visible) for element [By.xpath: //div[@class=&apos;oj-tabs-conveyor&apos;]/ul/li[1]/div/a] on http://ucf2c-dcs-release-hub1.opcdeveloper.oracleinternalucf2c.oraclecorp.com/qa-dev/#projects/qa-dev_test-shared-project1-1460033913915/build/job/qa-dev_test-shared-project1-1460033913915.testNewJob/configure?new.
2016-04-07 06:29:33,345 INFO  [oracle.clouddev.test.selenium.tests.base.TestBuildPage] Verify configure-tabs for page-configure-main
2016-04-07 06:29:33,358 DEBUG [oracle.clouddev.test.selenium.components.AssertElement] Check condition (element is visible) for element [By.id: page-configure-main] on http://ucf2c-dcs-release-hub1.opcdeveloper.oracleinternalucf2c.oraclecorp.com/qa-dev/#projects/qa-dev_test-shared-project1-1460033913915/build/job/qa-dev_test-shared-project1-1460033913915.testNewJob/configure?new.
2016-04-07 06:29:33,389 DEBUG [oracle.clouddev.test.selenium.components.AssertElement] Check condition (element exists) for element [By.id: page-configure-main] on http://ucf2c-dcs-release-hub1.opcdeveloper.oracleinternalucf2c.oraclecorp.com/qa-dev/#projects/qa-dev_test-shared-project1-1460033913915/build/job/qa-dev_test-shared-project1-1460033913915.testNewJob/configure?new.
2016-04-07 06:29:39,410 DEBUG [oracle.clouddev.test.selenium.components.AssertElement] Check condition (element is visible) for element [By.xpath: (//input[@id=&apos;jobName&apos;])] on http://ucf2c-dcs-release-hub1.opcdeveloper.oracleinternalucf2c.oraclecorp.com/qa-dev/#projects/qa-dev_test-shared-project1-1460033913915/build/job/qa-dev_test-shared-project1-1460033913915.testNewJob/configure?new.
2016-04-07 06:29:39,445 INFO  [oracle.clouddev.test.selenium.tests.base.TestBuildPage] TestBuildPage.createNewJob entering _loadConfigurePage
2016-04-07 06:29:39,446 INFO  [oracle.clouddev.test.selenium.tests.base.TestBuildPage] Navigate to tabIndex: 1
2016-04-07 06:29:39,456 DEBUG [oracle.clouddev.test.selenium.components.AssertElement] Check condition (element is visible) for element [By.xpath: //div[@class=&apos;oj-tabs-conveyor&apos;]/ul/li[1]/div/a] on http://ucf2c-dcs-release-hub1.opcdeveloper.oracleinternalucf2c.oraclecorp.com/qa-dev/#projects/qa-dev_test-shared-project1-1460033913915/build/job/qa-dev_test-shared-project1-1460033913915.testNewJob/configure?new.
2016-04-07 06:29:39,487 DEBUG [oracle.clouddev.test.selenium.components.AssertElement] Check condition (element is visible) for element [By.xpath: //div[@class=&apos;oj-tabs-conveyor&apos;]/ul/li[1]/div/a] on http://ucf2c-dcs-release-hub1.opcdeveloper.oracleinternalucf2c.oraclecorp.com/qa-dev/#projects/qa-dev_test-shared-project1-1460033913915/build/job/qa-dev_test-shared-project1-1460033913915.testNewJob/configure?new.
2016-04-07 06:29:39,654 INFO  [oracle.clouddev.test.selenium.tests.base.TestBuildPage] Verify configure-tabs for page-configure-main
2016-04-07 06:29:39,664 DEBUG [oracle.clouddev.test.selenium.components.AssertElement] Check condition (element is visible) for element [By.id: page-configure-main] on http://ucf2c-dcs-release-hub1.opcdeveloper.oracleinternalucf2c.oraclecorp.com/qa-dev/#projects/qa-dev_test-shared-project1-1460033913915/build/job/qa-dev_test-shared-project1-1460033913915.testNewJob/configure?new.
2016-04-07 06:29:39,685 DEBUG [oracle.clouddev.test.selenium.components.AssertElement] Check condition (element exists) for element [By.id: page-configure-main] on http://ucf2c-dcs-release-hub1.opcdeveloper.oracleinternalucf2c.oraclecorp.com/qa-dev/#projects/qa-dev_test-shared-project1-1460033913915/build/job/qa-dev_test-shared-project1-1460033913915.testNewJob/configure?new.
2016-04-07 06:29:39,690 INFO  [oracle.clouddev.test.selenium.tests.base.TestBuildPage] Enter job description
2016-04-07 06:29:39,701 DEBUG [oracle.clouddev.test.selenium.components.AssertElement] Check condition (element is visible) for element [By.xpath: (//textarea[@id=&apos;jobDescription&apos;])] on http://ucf2c-dcs-release-hub1.opcdeveloper.oracleinternalucf2c.oraclecorp.com/qa-dev/#projects/qa-dev_test-shared-project1-1460033913915/build/job/qa-dev_test-shared-project1-1460033913915.testNewJob/configure?new.
2016-04-07 06:29:39,725 DEBUG [oracle.clouddev.test.selenium.components.AssertElement] Check condition (element is visible) for element [By.xpath: (//textarea[@id=&apos;jobDescription&apos;])] on http://ucf2c-dcs-release-hub1.opcdeveloper.oracleinternalucf2c.oraclecorp.com/qa-dev/#projects/qa-dev_test-shared-project1-1460033913915/build/job/qa-dev_test-shared-project1-1460033913915.testNewJob/configure?new.
2016-04-07 06:29:40,039 INFO  [oracle.clouddev.test.selenium.tests.base.TestBuildPage] Verifying configure-tabs...
2016-04-07 06:29:40,039 INFO  [oracle.clouddev.test.selenium.tests.base.TestBuildPage] Navigate to tabIndex: 2
2016-04-07 06:29:40,050 DEBUG [oracle.clouddev.test.selenium.components.AssertElement] Check condition (element is visible) for element [By.xpath: //div[@class=&apos;oj-tabs-conveyor&apos;]/ul/li[2]/div/a] on http://ucf2c-dcs-release-hub1.opcdeveloper.oracleinternalucf2c.oraclecorp.com/qa-dev/#projects/qa-dev_test-shared-project1-1460033913915/build/job/qa-dev_test-shared-project1-1460033913915.testNewJob/configure?new.
2016-04-07 06:29:40,157 DEBUG [oracle.clouddev.test.selenium.components.AssertElement] Check condition (element is visible) for element [By.xpath: //div[@class=&apos;oj-tabs-conveyor&apos;]/ul/li[2]/div/a] on http://ucf2c-dcs-release-hub1.opcdeveloper.oracleinternalucf2c.oraclecorp.com/qa-dev/#projects/qa-dev_test-shared-project1-1460033913915/build/job/qa-dev_test-shared-project1-1460033913915.testNewJob/configure?new.
2016-04-07 06:29:40,597 INFO  [oracle.clouddev.test.selenium.tests.base.TestBuildPage] Verify configure-tabs for page-configure-parameter
2016-04-07 06:29:40,606 DEBUG [oracle.clouddev.test.selenium.components.AssertElement] Check condition (element is visible) for element [By.id: page-configure-parameter] on http://ucf2c-dcs-release-hub1.opcdeveloper.oracleinternalucf2c.oraclecorp.com/qa-dev/#projects/qa-dev_test-shared-project1-1460033913915/build/job/qa-dev_test-shared-project1-1460033913915.testNewJob/configure?new.
2016-04-07 06:29:40,628 DEBUG [oracle.clouddev.test.selenium.components.AssertElement] Check condition (element exists) for element [By.id: page-configure-parameter] on http://ucf2c-dcs-release-hub1.opcdeveloper.oracleinternalucf2c.oraclecorp.com/qa-dev/#projects/qa-dev_test-shared-project1-1460033913915/build/job/qa-dev_test-shared-project1-1460033913915.testNewJob/configure?new.
2016-04-07 06:29:40,633 INFO  [oracle.clouddev.test.selenium.tests.base.TestBuildPage] Navigate to tabIndex: 3
2016-04-07 06:29:40,642 DEBUG [oracle.clouddev.test.selenium.components.AssertElement] Check condition (element is visible) for element [By.xpath: //div[@class=&apos;oj-tabs-conveyor&apos;]/ul/li[3]/div/a] on http://ucf2c-dcs-release-hub1.opcdeveloper.oracleinternalucf2c.oraclecorp.com/qa-dev/#projects/qa-dev_test-shared-project1-1460033913915/build/job/qa-dev_test-shared-project1-1460033913915.testNewJob/configure?new.
2016-04-07 06:29:40,670 DEBUG [oracle.clouddev.test.selenium.components.AssertElement] Check condition (element is visible) for element [By.xpath: //div[@class=&apos;oj-tabs-conveyor&apos;]/ul/li[3]/div/a] on http://ucf2c-dcs-release-hub1.opcdeveloper.oracleinternalucf2c.oraclecorp.com/qa-dev/#projects/qa-dev_test-shared-project1-1460033913915/build/job/qa-dev_test-shared-project1-1460033913915.testNewJob/configure?new.
2016-04-07 06:29:41,070 INFO  [oracle.clouddev.test.selenium.tests.base.TestBuildPage] Verify configure-tabs for page-configure-scm
2016-04-07 06:29:41,085 DEBUG [oracle.clouddev.test.selenium.components.AssertElement] Check condition (element is visible) for element [By.id: page-configure-scm] on http://ucf2c-dcs-release-hub1.opcdeveloper.oracleinternalucf2c.oraclecorp.com/qa-dev/#projects/qa-dev_test-shared-project1-1460033913915/build/job/qa-dev_test-shared-project1-1460033913915.testNewJob/configure?new.
2016-04-07 06:29:41,108 DEBUG [oracle.clouddev.test.selenium.components.AssertElement] Check condition (element exists) for element [By.id: page-configure-scm] on http://ucf2c-dcs-release-hub1.opcdeveloper.oracleinternalucf2c.oraclecorp.com/qa-dev/#projects/qa-dev_test-shared-project1-1460033913915/build/job/qa-dev_test-shared-project1-1460033913915.testNewJob/configure?new.
2016-04-07 06:29:41,113 INFO  [oracle.clouddev.test.selenium.tests.base.TestBuildPage] Navigate to tabIndex: 4
2016-04-07 06:29:41,131 DEBUG [oracle.clouddev.test.selenium.components.AssertElement] Check condition (element is visible) for element [By.xpath: //div[@class=&apos;oj-tabs-conveyor&apos;]/ul/li[4]/div/a] on http://ucf2c-dcs-release-hub1.opcdeveloper.oracleinternalucf2c.oraclecorp.com/qa-dev/#projects/qa-dev_test-shared-project1-1460033913915/build/job/qa-dev_test-shared-project1-1460033913915.testNewJob/configure?new.
2016-04-07 06:29:41,158 DEBUG [oracle.clouddev.test.selenium.components.AssertElement] Check condition (element is visible) for element [By.xpath: //div[@class=&apos;oj-tabs-conveyor&apos;]/ul/li[4]/div/a] on http://ucf2c-dcs-release-hub1.opcdeveloper.oracleinternalucf2c.oraclecorp.com/qa-dev/#projects/qa-dev_test-shared-project1-1460033913915/build/job/qa-dev_test-shared-project1-1460033913915.testNewJob/configure?new.
2016-04-07 06:29:41,418 INFO  [oracle.clouddev.test.selenium.tests.base.TestBuildPage] Verify configure-tabs for page-configure-triggers
2016-04-07 06:29:41,428 DEBUG [oracle.clouddev.test.selenium.components.AssertElement] Check condition (element is visible) for element [By.id: page-configure-triggers] on http://ucf2c-dcs-release-hub1.opcdeveloper.oracleinternalucf2c.oraclecorp.com/qa-dev/#projects/qa-dev_test-shared-project1-1460033913915/build/job/qa-dev_test-shared-project1-1460033913915.testNewJob/configure?new.
2016-04-07 06:29:41,451 DEBUG [oracle.clouddev.test.selenium.components.AssertElement] Check condition (element exists) for element [By.id: page-configure-triggers] on http://ucf2c-dcs-release-hub1.opcdeveloper.oracleinternalucf2c.oraclecorp.com/qa-dev/#projects/qa-dev_test-shared-project1-1460033913915/build/job/qa-dev_test-shared-project1-1460033913915.testNewJob/configure?new.
2016-04-07 06:29:41,456 INFO  [oracle.clouddev.test.selenium.tests.base.TestBuildPage] Navigate to tabIndex: 5
2016-04-07 06:29:41,472 DEBUG [oracle.clouddev.test.selenium.components.AssertElement] Check condition (element is visible) for element [By.xpath: //div[@class=&apos;oj-tabs-conveyor&apos;]/ul/li[5]/div/a] on http://ucf2c-dcs-release-hub1.opcdeveloper.oracleinternalucf2c.oraclecorp.com/qa-dev/#projects/qa-dev_test-shared-project1-1460033913915/build/job/qa-dev_test-shared-project1-1460033913915.testNewJob/configure?new.
2016-04-07 06:29:41,500 DEBUG [oracle.clouddev.test.selenium.components.AssertElement] Check condition (element is visible) for element [By.xpath: //div[@class=&apos;oj-tabs-conveyor&apos;]/ul/li[5]/div/a] on http://ucf2c-dcs-release-hub1.opcdeveloper.oracleinternalucf2c.oraclecorp.com/qa-dev/#projects/qa-dev_test-shared-project1-1460033913915/build/job/qa-dev_test-shared-project1-1460033913915.testNewJob/configure?new.
2016-04-07 06:29:41,908 INFO  [oracle.clouddev.test.selenium.tests.base.TestBuildPage] Verify configure-tabs for page-configure-environment
2016-04-07 06:29:41,935 DEBUG [oracle.clouddev.test.selenium.components.AssertElement] Check condition (element is visible) for element [By.id: page-configure-environment] on http://ucf2c-dcs-release-hub1.opcdeveloper.oracleinternalucf2c.oraclecorp.com/qa-dev/#projects/qa-dev_test-shared-project1-1460033913915/build/job/qa-dev_test-shared-project1-1460033913915.testNewJob/configure?new.
2016-04-07 06:29:41,970 DEBUG [oracle.clouddev.test.selenium.components.AssertElement] Check condition (element exists) for element [By.id: page-configure-environment] on http://ucf2c-dcs-release-hub1.opcdeveloper.oracleinternalucf2c.oraclecorp.com/qa-dev/#projects/qa-dev_test-shared-project1-1460033913915/build/job/qa-dev_test-shared-project1-1460033913915.testNewJob/configure?new.
2016-04-07 06:29:41,976 INFO  [oracle.clouddev.test.selenium.tests.base.TestBuildPage] Navigate to tabIndex: 6
2016-04-07 06:29:41,985 DEBUG [oracle.clouddev.test.selenium.components.AssertElement] Check condition (element is visible) for element [By.xpath: //div[@class=&apos;oj-tabs-conveyor&apos;]/ul/li[6]/div/a] on http://ucf2c-dcs-release-hub1.opcdeveloper.oracleinternalucf2c.oraclecorp.com/qa-dev/#projects/qa-dev_test-shared-project1-1460033913915/build/job/qa-dev_test-shared-project1-1460033913915.testNewJob/configure?new.
2016-04-07 06:29:42,064 DEBUG [oracle.clouddev.test.selenium.components.AssertElement] Check condition (element is visible) for element [By.xpath: //div[@class=&apos;oj-tabs-conveyor&apos;]/ul/li[6]/div/a] on http://ucf2c-dcs-release-hub1.opcdeveloper.oracleinternalucf2c.oraclecorp.com/qa-dev/#projects/qa-dev_test-shared-project1-1460033913915/build/job/qa-dev_test-shared-project1-1460033913915.testNewJob/configure?new.
2016-04-07 06:29:42,394 INFO  [oracle.clouddev.test.selenium.tests.base.TestBuildPage] Verify configure-tabs for page-configure-builder
2016-04-07 06:29:42,501 DEBUG [oracle.clouddev.test.selenium.components.AssertElement] Check condition (element is visible) for element [By.id: page-configure-builder] on http://ucf2c-dcs-release-hub1.opcdeveloper.oracleinternalucf2c.oraclecorp.com/qa-dev/#projects/qa-dev_test-shared-project1-1460033913915/build/job/qa-dev_test-shared-project1-1460033913915.testNewJob/configure?new.
2016-04-07 06:29:42,535 DEBUG [oracle.clouddev.test.selenium.components.AssertElement] Check condition (element exists) for element [By.id: page-configure-builder] on http://ucf2c-dcs-release-hub1.opcdeveloper.oracleinternalucf2c.oraclecorp.com/qa-dev/#projects/qa-dev_test-shared-project1-1460033913915/build/job/qa-dev_test-shared-project1-1460033913915.testNewJob/configure?new.
2016-04-07 06:29:42,541 INFO  [oracle.clouddev.test.selenium.tests.base.TestBuildPage] Navigate to tabIndex: 7
2016-04-07 06:29:42,552 DEBUG [oracle.clouddev.test.selenium.components.AssertElement] Check condition (element is visible) for element [By.xpath: //div[@class=&apos;oj-tabs-conveyor&apos;]/ul/li[7]/div/a] on http://ucf2c-dcs-release-hub1.opcdeveloper.oracleinternalucf2c.oraclecorp.com/qa-dev/#projects/qa-dev_test-shared-project1-1460033913915/build/job/qa-dev_test-shared-project1-1460033913915.testNewJob/configure?new.
2016-04-07 06:29:42,680 DEBUG [oracle.clouddev.test.selenium.components.AssertElement] Check condition (element is visible) for element [By.xpath: //div[@class=&apos;oj-tabs-conveyor&apos;]/ul/li[7]/div/a] on http://ucf2c-dcs-release-hub1.opcdeveloper.oracleinternalucf2c.oraclecorp.com/qa-dev/#projects/qa-dev_test-shared-project1-1460033913915/build/job/qa-dev_test-shared-project1-1460033913915.testNewJob/configure?new.
2016-04-07 06:29:43,619 INFO  [oracle.clouddev.test.selenium.tests.base.TestBuildPage] Verify configure-tabs for page-configure-postbuild
2016-04-07 06:29:43,641 DEBUG [oracle.clouddev.test.selenium.components.AssertElement] Check condition (element is visible) for element [By.id: page-configure-postbuild] on http://ucf2c-dcs-release-hub1.opcdeveloper.oracleinternalucf2c.oraclecorp.com/qa-dev/#projects/qa-dev_test-shared-project1-1460033913915/build/job/qa-dev_test-shared-project1-1460033913915.testNewJob/configure?new.
2016-04-07 06:29:43,688 DEBUG [oracle.clouddev.test.selenium.components.AssertElement] Check condition (element exists) for element [By.id: page-configure-postbuild] on http://ucf2c-dcs-release-hub1.opcdeveloper.oracleinternalucf2c.oraclecorp.com/qa-dev/#projects/qa-dev_test-shared-project1-1460033913915/build/job/qa-dev_test-shared-project1-1460033913915.testNewJob/configure?new.
2016-04-07 06:29:43,695 INFO  [oracle.clouddev.test.selenium.tests.base.TestBuildPage] Navigate to tabIndex: 8
2016-04-07 06:29:43,706 DEBUG [oracle.clouddev.test.selenium.components.AssertElement] Check condition (element is visible) for element [By.xpath: //div[@class=&apos;oj-tabs-conveyor&apos;]/ul/li[8]/div/a] on http://ucf2c-dcs-release-hub1.opcdeveloper.oracleinternalucf2c.oraclecorp.com/qa-dev/#projects/qa-dev_test-shared-project1-1460033913915/build/job/qa-dev_test-shared-project1-1460033913915.testNewJob/configure?new.
2016-04-07 06:29:43,736 DEBUG [oracle.clouddev.test.selenium.components.AssertElement] Check condition (element is visible) for element [By.xpath: //div[@class=&apos;oj-tabs-conveyor&apos;]/ul/li[8]/div/a] on http://ucf2c-dcs-release-hub1.opcdeveloper.oracleinternalucf2c.oraclecorp.com/qa-dev/#projects/qa-dev_test-shared-project1-1460033913915/build/job/qa-dev_test-shared-project1-1460033913915.testNewJob/configure?new.
2016-04-07 06:29:44,064 INFO  [oracle.clouddev.test.selenium.tests.base.TestBuildPage] Verify configure-tabs for page-configure-advanced
2016-04-07 06:29:44,081 DEBUG [oracle.clouddev.test.selenium.components.AssertElement] Check condition (element is visible) for element [By.id: page-configure-advanced] on http://ucf2c-dcs-release-hub1.opcdeveloper.oracleinternalucf2c.oraclecorp.com/qa-dev/#projects/qa-dev_test-shared-project1-1460033913915/build/job/qa-dev_test-shared-project1-1460033913915.testNewJob/configure?new.
2016-04-07 06:29:44,176 DEBUG [oracle.clouddev.test.selenium.components.AssertElement] Check condition (element exists) for element [By.id: page-configure-advanced] on http://ucf2c-dcs-release-hub1.opcdeveloper.oracleinternalucf2c.oraclecorp.com/qa-dev/#projects/qa-dev_test-shared-project1-1460033913915/build/job/qa-dev_test-shared-project1-1460033913915.testNewJob/configure?new.
2016-04-07 06:29:44,181 INFO  [oracle.clouddev.test.selenium.tests.base.TestBuildPage] Navigate to tabIndex: 1
2016-04-07 06:29:44,193 DEBUG [oracle.clouddev.test.selenium.components.AssertElement] Check condition (element is visible) for element [By.xpath: //div[@class=&apos;oj-tabs-conveyor&apos;]/ul/li[1]/div/a] on http://ucf2c-dcs-release-hub1.opcdeveloper.oracleinternalucf2c.oraclecorp.com/qa-dev/#projects/qa-dev_test-shared-project1-1460033913915/build/job/qa-dev_test-shared-project1-1460033913915.testNewJob/configure?new.
2016-04-07 06:29:44,225 DEBUG [oracle.clouddev.test.selenium.components.AssertElement] Check condition (element is visible) for element [By.xpath: //div[@class=&apos;oj-tabs-conveyor&apos;]/ul/li[1]/div/a] on http://ucf2c-dcs-release-hub1.opcdeveloper.oracleinternalucf2c.oraclecorp.com/qa-dev/#projects/qa-dev_test-shared-project1-1460033913915/build/job/qa-dev_test-shared-project1-1460033913915.testNewJob/configure?new.
2016-04-07 06:29:44,419 INFO  [oracle.clouddev.test.selenium.tests.base.TestBuildPage] Verify configure-tabs for page-configure-main
2016-04-07 06:29:44,429 DEBUG [oracle.clouddev.test.selenium.components.AssertElement] Check condition (element is visible) for element [By.id: page-configure-main] on http://ucf2c-dcs-release-hub1.opcdeveloper.oracleinternalucf2c.oraclecorp.com/qa-dev/#projects/qa-dev_test-shared-project1-1460033913915/build/job/qa-dev_test-shared-project1-1460033913915.testNewJob/configure?new.
2016-04-07 06:29:44,456 DEBUG [oracle.clouddev.test.selenium.components.AssertElement] Check condition (element exists) for element [By.id: page-configure-main] on http://ucf2c-dcs-release-hub1.opcdeveloper.oracleinternalucf2c.oraclecorp.com/qa-dev/#projects/qa-dev_test-shared-project1-1460033913915/build/job/qa-dev_test-shared-project1-1460033913915.testNewJob/configure?new.
2016-04-07 06:29:44,461 INFO  [oracle.clouddev.test.selenium.tests.base.TestBuildPage] TestBuildPage.createNewJob entering _addBuildStep
2016-04-07 06:29:44,461 INFO  [oracle.clouddev.test.selenium.tests.base.TestBuildPage] Navigate to tabIndex: 6
2016-04-07 06:29:44,480 DEBUG [oracle.clouddev.test.selenium.components.AssertElement] Check condition (element is visible) for element [By.xpath: //div[@class=&apos;oj-tabs-conveyor&apos;]/ul/li[6]/div/a] on http://ucf2c-dcs-release-hub1.opcdeveloper.oracleinternalucf2c.oraclecorp.com/qa-dev/#projects/qa-dev_test-shared-project1-1460033913915/build/job/qa-dev_test-shared-project1-1460033913915.testNewJob/configure?new.
2016-04-07 06:29:44,508 DEBUG [oracle.clouddev.test.selenium.components.AssertElement] Check condition (element is visible) for element [By.xpath: //div[@class=&apos;oj-tabs-conveyor&apos;]/ul/li[6]/div/a] on http://ucf2c-dcs-release-hub1.opcdeveloper.oracleinternalucf2c.oraclecorp.com/qa-dev/#projects/qa-dev_test-shared-project1-1460033913915/build/job/qa-dev_test-shared-project1-1460033913915.testNewJob/configure?new.
2016-04-07 06:29:44,758 INFO  [oracle.clouddev.test.selenium.tests.base.TestBuildPage] Verify configure-tabs for page-configure-builder
2016-04-07 06:29:44,769 DEBUG [oracle.clouddev.test.selenium.components.AssertElement] Check condition (element is visible) for element [By.id: page-configure-builder] on http://ucf2c-dcs-release-hub1.opcdeveloper.oracleinternalucf2c.oraclecorp.com/qa-dev/#projects/qa-dev_test-shared-project1-1460033913915/build/job/qa-dev_test-shared-project1-1460033913915.testNewJob/configure?new.
2016-04-07 06:29:44,791 DEBUG [oracle.clouddev.test.selenium.components.AssertElement] Check condition (element exists) for element [By.id: page-configure-builder] on http://ucf2c-dcs-release-hub1.opcdeveloper.oracleinternalucf2c.oraclecorp.com/qa-dev/#projects/qa-dev_test-shared-project1-1460033913915/build/job/qa-dev_test-shared-project1-1460033913915.testNewJob/configure?new.
2016-04-07 06:29:44,800 INFO  [oracle.clouddev.test.selenium.tests.base.TestBuildPage] Add Build Step
2016-04-07 06:29:44,815 DEBUG [oracle.clouddev.test.selenium.components.AssertElement] Check condition (element is visible) for element [By.xpath: (//button[@id=&apos;addBuildStep&apos;])] on http://ucf2c-dcs-release-hub1.opcdeveloper.oracleinternalucf2c.oraclecorp.com/qa-dev/#projects/qa-dev_test-shared-project1-1460033913915/build/job/qa-dev_test-shared-project1-1460033913915.testNewJob/configure?new.
2016-04-07 06:29:44,840 DEBUG [oracle.clouddev.test.selenium.components.AssertElement] Check condition (element is visible) for element [By.xpath: (//button[@id=&apos;addBuildStep&apos;])] on http://ucf2c-dcs-release-hub1.opcdeveloper.oracleinternalucf2c.oraclecorp.com/qa-dev/#projects/qa-dev_test-shared-project1-1460033913915/build/job/qa-dev_test-shared-project1-1460033913915.testNewJob/configure?new.
2016-04-07 06:29:45,022 INFO  [oracle.clouddev.test.selenium.tests.base.TestBuildPage] Select Build Step-&gt;shell
2016-04-07 06:29:45,140 INFO  [oracle.clouddev.test.selenium.tests.base.TestBuildPage] Build Step: Execute shell
2016-04-07 06:29:45,353 INFO  [oracle.clouddev.test.selenium.tests.base.TestBuildPage] Enter Execute shell command
2016-04-07 06:29:47,540 INFO  [oracle.clouddev.test.selenium.tests.base.TestBuildPage] Save Job Config
2016-04-07 06:29:47,627 DEBUG [oracle.clouddev.test.selenium.components.AssertElement] Check condition (element is visible) for element [By.xpath: (//button[@id=&apos;save-button&apos;])] on http://ucf2c-dcs-release-hub1.opcdeveloper.oracleinternalucf2c.oraclecorp.com/qa-dev/#projects/qa-dev_test-shared-project1-1460033913915/build/job/qa-dev_test-shared-project1-1460033913915.testNewJob/configure?new.
2016-04-07 06:29:47,653 DEBUG [oracle.clouddev.test.selenium.components.AssertElement] Check condition (element is visible) for element [By.xpath: (//button[@id=&apos;save-button&apos;])] on http://ucf2c-dcs-release-hub1.opcdeveloper.oracleinternalucf2c.oraclecorp.com/qa-dev/#projects/qa-dev_test-shared-project1-1460033913915/build/job/qa-dev_test-shared-project1-1460033913915.testNewJob/configure?new.
2016-04-07 06:29:47,775 INFO  [oracle.clouddev.test.selenium.tests.base.TestBuildPage] Waiting for job overview page to present
2016-04-07 06:29:47,785 DEBUG [oracle.clouddev.test.selenium.components.AssertElement] Check condition (element is visible) for element [By.xpath: (//div[@id=&apos;page-job&apos;])] on http://ucf2c-dcs-release-hub1.opcdeveloper.oracleinternalucf2c.oraclecorp.com/qa-dev/#projects/qa-dev_test-shared-project1-1460033913915/build/job/qa-dev_test-shared-project1-1460033913915.testNewJob/configure?new.
2016-04-07 06:29:48,480 DEBUG [oracle.clouddev.test.selenium.components.AssertElement] Check condition (element exists) for element [By.xpath: (//div[@id=&apos;page-job&apos;])] on http://ucf2c-dcs-release-hub1.opcdeveloper.oracleinternalucf2c.oraclecorp.com/qa-dev/#projects/qa-dev_test-shared-project1-1460033913915/build/job/qa-dev_test-shared-project1-1460033913915.testNewJob.
2016-04-07 06:29:48,486 INFO  [oracle.clouddev.test.selenium.tests.base.TestBuildPage] Verify job name: testNewJob
2016-04-07 06:29:48,496 DEBUG [oracle.clouddev.test.selenium.components.AssertElement] Check condition (element is visible) for element [By.tagName: h3] on http://ucf2c-dcs-release-hub1.opcdeveloper.oracleinternalucf2c.oraclecorp.com/qa-dev/#projects/qa-dev_test-shared-project1-1460033913915/build/job/qa-dev_test-shared-project1-1460033913915.testNewJob.
    </system-out>
    </testcase>
    <testcase classname="oracle.clouddev.test.selenium.tests.base.TestBuildPage" name="buildNowNewJob" time="16.868">
      <properties>
        <property name="java.runtime.name" value="Java(TM) SE Runtime Environment"/>
        <property name="exec.mainClass" value="oracle.clouddev.test.selenium.RunTests"/>
        <property name="sun.boot.library.path" value="/usr/java/jdk1.8.0_51/jre/lib/amd64"/>
        <property name="java.vm.version" value="25.51-b03"/>
        <property name="java.vm.vendor" value="Oracle Corporation"/>
        <property name="java.vendor.url" value="http://java.oracle.com/"/>
        <property name="guice.disable.misplaced.annotation.check" value="true"/>
        <property name="path.separator" value=":"/>
        <property name="java.vm.name" value="Java HotSpot(TM) 64-Bit Server VM"/>
        <property name="file.encoding.pkg" value="sun.io"/>
        <property name="user.country" value="US"/>
        <property name="sun.java.launcher" value="SUN_STANDARD"/>
        <property name="sun.os.patch.level" value="unknown"/>
        <property name="http.noProxyHosts" value="localhost|127.0.0.1|*.local|*.oraclecorp.com|*.us.oracle.com"/>
        <property name="java.vm.specification.name" value="Java Virtual Machine Specification"/>
        <property name="user.dir" value="/home/builder/hudson/workspace/dcs_dcs.Release-Selenium-Tests/selenium-tests"/>
        <property name="java.runtime.version" value="1.8.0_51-b16"/>
        <property name="java.awt.graphicsenv" value="sun.awt.X11GraphicsEnvironment"/>
        <property name="java.endorsed.dirs" value="/usr/java/jdk1.8.0_51/jre/lib/endorsed"/>
        <property name="os.arch" value="amd64"/>
        <property name="java.io.tmpdir" value="/tmp"/>
        <property name="line.separator" value="
"/>
        <property name="java.vm.specification.vendor" value="Oracle Corporation"/>
        <property name="https.proxyHost" value="www-proxy.us.oracle.com"/>
        <property name="os.name" value="Linux"/>
        <property name="classworlds.conf" value="/usr/local/apache-maven/apache-maven-3.0.4/bin/m2.conf"/>
        <property name="sun.jnu.encoding" value="UTF-8"/>
        <property name="http.proxyPort" value="80"/>
        <property name="java.library.path" value="/usr/java/packages/lib/amd64:/usr/lib64:/lib64:/lib:/usr/lib"/>
        <property name="sun.awt.enableExtraMouseButtons" value="true"/>
        <property name="java.specification.name" value="Java Platform API Specification"/>
        <property name="java.class.version" value="52.0"/>
        <property name="sun.management.compiler" value="HotSpot 64-Bit Tiered Compilers"/>
        <property name="os.version" value="3.8.13-55.1.1.el6uek.x86_64"/>
        <property name="user.home" value="/home/builder"/>
        <property name="user.timezone" value="PST8PDT"/>
        <property name="java.awt.printerjob" value="sun.print.PSPrinterJob"/>
        <property name="file.encoding" value="UTF-8"/>
        <property name="java.specification.version" value="1.8"/>
        <property name="java.class.path" value="/usr/local/apache-maven/apache-maven-3.0.4/boot/plexus-classworlds-2.4.jar"/>
        <property name="user.name" value="builder"/>
        <property name="java.vm.specification.version" value="1.8"/>
        <property name="sun.java.command" value="org.codehaus.plexus.classworlds.launcher.Launcher -f /home/c2c/hudson/workspace/dcs_dcs.Release-Selenium-Tests/selenium-tests/pom.xml --batch-mode exec:java -Dexec.mainClass=oracle.clouddev.test.selenium.RunTests -Dexec.args=selenium.browser.size.w=1280 selenium.browser.size.h=960 capture.video=true capture.screenshots=true notification.type=swing notification.history=3 notification.font.size=15 job-release-selenium-tests.properties build.job=dcs_dcs.Release-Selenium-Tests build.number=289 target.release=16.2.3.0.0 timeout.build.buildqueue=1200 timeout.build.buildqueue.polling=60 -s BASE --tag base"/>
        <property name="java.home" value="/usr/java/jdk1.8.0_51/jre"/>
        <property name="sun.arch.data.model" value="64"/>
        <property name="user.language" value="en"/>
        <property name="java.specification.vendor" value="Oracle Corporation"/>
        <property name="awt.toolkit" value="sun.awt.X11.XToolkit"/>
        <property name="java.vm.info" value="mixed mode"/>
        <property name="java.version" value="1.8.0_51"/>
        <property name="securerandom.source" value="file:/dev/./urandom"/>
        <property name="java.ext.dirs" value="/usr/java/jdk1.8.0_51/jre/lib/ext:/usr/java/packages/lib/ext"/>
        <property name="http.proxyHost" value="www-proxy.us.oracle.com"/>
        <property name="sun.boot.class.path" value="/usr/java/jdk1.8.0_51/jre/lib/resources.jar:/usr/java/jdk1.8.0_51/jre/lib/rt.jar:/usr/java/jdk1.8.0_51/jre/lib/sunrsasign.jar:/usr/java/jdk1.8.0_51/jre/lib/jsse.jar:/usr/java/jdk1.8.0_51/jre/lib/jce.jar:/usr/java/jdk1.8.0_51/jre/lib/charsets.jar:/usr/java/jdk1.8.0_51/jre/lib/jfr.jar:/usr/java/jdk1.8.0_51/jre/classes"/>
        <property name="java.vendor" value="Oracle Corporation"/>
        <property name="maven.home" value="/usr/local/apache-maven/apache-maven-3.0.4"/>
        <property name="file.separator" value="/"/>
        <property name="java.vendor.url.bug" value="http://bugreport.sun.com/bugreport/"/>
        <property name="sun.font.fontmanager" value="sun.awt.X11FontManager"/>
        <property name="sun.io.unicode.encoding" value="UnicodeLittle"/>
        <property name="sun.cpu.endian" value="little"/>
        <property name="https.proxyPort" value="80"/>
        <property name="exec.args" value="selenium.browser.size.w=1280 selenium.browser.size.h=960 capture.video=true capture.screenshots=true notification.type=swing notification.history=3 notification.font.size=15 job-release-selenium-tests.properties build.job=dcs_dcs.Release-Selenium-Tests build.number=289 target.release=16.2.3.0.0 timeout.build.buildqueue=1200 timeout.build.buildqueue.polling=60 -s BASE --tag base"/>
        <property name="sun.cpu.isalist" value=""/>
        <property name="test.selenium.browser.size.h" value="960"/>
        <property name="test.user.non-admin.name" value="tom.testsuite"/>
        <property name="test.https.proxyHost" value="www-proxy.us.oracle.com"/>
        <property name="test.user.admin.name" value="tina.testsuite"/>
        <property name="test.user.em-agent.password" value="Welcome1!"/>
        <property name="test.tag" value="base"/>
        <property name="test.user.em-agent.fullname" value="Alex Admin"/>
        <property name="test.selenium.port" value="44000"/>
        <property name="test.build.number" value="289"/>
        <property name="test.user.sdi-agent.enabled" value="true"/>
        <property name="test.timeout.assert.condition" value="30"/>
        <property name="test.target.version" value="{
  &quot;buildInformation&quot; : {
    &quot;gitCommitId&quot; : &quot;84b91eb9e1660e336bb9289583fdf62f88d10e16&quot;,
    &quot;gitCommitMessage&quot; : &quot;Bug 23012667 - Check for valid ACCS account in the same ID Domain\n&quot;,
    &quot;buildTime&quot; : &quot;05.04.2016 @ 21:54:38 PDT&quot;,
    &quot;buildUser&quot; : &quot;Code2Cloud Builder&quot;
  }
}"/>
        <property name="test.build.job" value="dcs_dcs.Release-Selenium-Tests"/>
        <property name="test.timeout.project.create" value="660"/>
        <property name="test.user.sdi-agent.name" value="alex.admin"/>
        <property name="test.selenium.browser" value="firefox"/>
        <property name="test.http.proxyPort" value="80"/>
        <property name="test.user.sdi-agent.password" value="Welcome1!"/>
        <property name="test.user.sdi-agent.fullname" value="Alex Admin"/>
        <property name="test.timeout.selenium.navigate" value="20"/>
        <property name="test.target.release" value="16.2.3.0.0"/>
        <property name="test.byom.ip" value="127.0.0.1"/>
        <property name="test.byom.port" value="8585"/>
        <property name="test.notification.type" value="swing"/>
        <property name="test.data.project.override" value=""/>
        <property name="test.timeout.selenium.find" value="1"/>
        <property name="test.user.em-agent.enabled" value="true"/>
        <property name="test.testEmptyOrg.db.id" value=""/>
        <property name="test.reviews.timeout.slowdown" value="0"/>
        <property name="test.http.noProxyHosts" value="localhost|127.0.0.1|*.local|*.oraclecorp.com|*.us.oracle.com"/>
        <property name="test.capture.video" value="true"/>
        <property name="test.user.non-admin.password" value="Welcome1!"/>
        <property name="test.user.non-admin.fullname" value="Tom Testsuite"/>
        <property name="test.user.admin.password" value="Welcome1!"/>
        <property name="test.notification.history" value="3"/>
        <property name="test.user.admin.fullname" value="Tina Testsuite"/>
        <property name="test.capture.screenshots" value="true"/>
        <property name="test.testEmptyOrg.db.connectString" value="jdbc:oracle:thin:@(DESCRIPTION=(ADDRESS=(PROTOCOL=TCP)(HOST=slc09iwb.us.oracle.com)(PORT=1521))(CONNECT_DATA=(SERVICE_NAME=dbpod)))"/>
        <property name="test.firefox.bin" value=""/>
        <property name="test.https.proxyPort" value="80"/>
        <property name="test.develop.offline" value="false"/>
        <property name="test.timeout.build.buildqueue.polling" value="60"/>
        <property name="test.output.dir" value="target/test-reports/"/>
        <property name="test.firefox.allowedHosts" value="localhost,localhost.localdomain"/>
        <property name="test.testEmptyOrg.db.schema" value="BV2RLPNYEWMR"/>
        <property name="test.web.url" value="http://ucf2c-dcs-release-hub1.opcdeveloper.oracleinternalucf2c.oraclecorp.com/qa-dev/"/>
        <property name="test.firefox.extensions" value=""/>
        <property name="test.testEmptyOrg.orgExistsCheck" value="false"/>
        <property name="test.data.dir" value="data/"/>
        <property name="test.notification.font.size" value="15"/>
        <property name="test.testEmptyOrg.service" value="devservice5"/>
        <property name="test.selenium.start.server" value="false"/>
        <property name="test.firefox.profile.path" value=""/>
        <property name="test.selenium.host" value="localhost"/>
        <property name="test.suite" value="BASE"/>
        <property name="test.tests" value=""/>
        <property name="test.user.admin.idm" value="dcsdevteam"/>
        <property name="test.http.proxyHost" value="www-proxy.us.oracle.com"/>
        <property name="test.testMethods" value=""/>
        <property name="test.reviews.dontDeleteEnviroment" value="false"/>
        <property name="test.selenium.browser.maximize" value="false"/>
        <property name="test.firefox.profile.name" value=""/>
        <property name="test.timeout.build.buildqueue" value="1200"/>
        <property name="test.user.em-agent.idm" value="dcsdevteam"/>
        <property name="test.selenium.remote" value="false"/>
        <property name="test.user.sdi-agent.idm" value="dcsdevteam"/>
        <property name="test.byom.authToken" value="123456"/>
        <property name="test.proxy.autodetect" value="false"/>
        <property name="test.testEmptyOrg.idm" value="dcsdevteam"/>
        <property name="test.user.non-admin.idm" value="dcsdevteam"/>
        <property name="test.data.tasks.useexisting" value="false"/>
        <property name="test.selenium.browser.size.w" value="1280"/>
        <property name="test.category" value="DEFAULT"/>
        <property name="test.user.em-agent.name" value="alex.admin"/>
        <property name="test.timeout.slowdown" value="0"/>
      </properties>
    <system-out>
2016-04-07 06:29:48,962 INFO  [oracle.clouddev.test.framework.rest.RestClient] [request#173] POST http://ucf2c-dcs-release-hub1.opcdeveloper.oracleinternalucf2c.oraclecorp.com/qa-dev/api/projects/search2 HTTP/1.1 (user: ADMIN(dcsdevteam/tina.testsuite/Welcome1!))
2016-04-07 06:29:48,962 DEBUG [oracle.clouddev.test.framework.rest.RestClient] [request#173] posted content:
{
  &quot;projectRelationship&quot; : &quot;ALL&quot;,
  &quot;organizationIdentifier&quot; : &quot;qa-dev&quot;,
  &quot;shallowCopy&quot; : false
}
2016-04-07 06:29:48,962 DEBUG [oracle.clouddev.test.framework.rest.RestClient] [request#173] cURL: curl -k -u tina.testsuite:Welcome1! -X POST &apos;http://ucf2c-dcs-release-hub1.opcdeveloper.oracleinternalucf2c.oraclecorp.com/qa-dev/api/projects/search2&apos; -H &apos;Content-Type: application/json; charset=UTF-8&apos; --data-binary &apos;{  &quot;projectRelationship&quot; : &quot;ALL&quot;,  &quot;organizationIdentifier&quot; : &quot;qa-dev&quot;,  &quot;shallowCopy&quot; : false}&apos;
2016-04-07 06:29:50,128 INFO  [oracle.clouddev.test.framework.rest.RestClient] [request#173] HTTP/1.1 200 OK
2016-04-07 06:29:50,128 DEBUG [oracle.clouddev.test.framework.rest.RestClient] [request#173] Content-Type: application/json;charset=UTF-8
2016-04-07 06:29:50,128 DEBUG [oracle.clouddev.test.framework.rest.RestClient] [request#173] Content-Length: -- no value --
2016-04-07 06:29:50,238 DEBUG [oracle.clouddev.test.selenium.junit.BrowserSession] navigating to project qa-dev_test-shared-project1-1460033913915 (http://ucf2c-dcs-release-hub1.opcdeveloper.oracleinternalucf2c.oraclecorp.com/qa-dev/#/projects/qa-dev_test-shared-project1-1460033913915)
2016-04-07 06:29:51,222 DEBUG [oracle.clouddev.test.selenium.components.AssertElement] Check condition (oracle.clouddev.test.selenium.components.Conditions$5@1fa549d0) for element [By.xpath: .//button[@id=&apos;odcs-project-selector&apos;]/span[1]] on http://ucf2c-dcs-release-hub1.opcdeveloper.oracleinternalucf2c.oraclecorp.com/qa-dev/#/projects/qa-dev_test-shared-project1-1460033913915.
2016-04-07 06:29:51,345 DEBUG [oracle.clouddev.test.selenium.components.AssertElement] Check condition (NOT (element is visible)) for element [By.id: page-provision] on http://ucf2c-dcs-release-hub1.opcdeveloper.oracleinternalucf2c.oraclecorp.com/qa-dev/#/projects/qa-dev_test-shared-project1-1460033913915.
2016-04-07 06:29:52,372 DEBUG [oracle.clouddev.test.selenium.components.AssertElement] Check condition (element is visible) for element [By.id: odcs-nav-tabs] on http://ucf2c-dcs-release-hub1.opcdeveloper.oracleinternalucf2c.oraclecorp.com/qa-dev/#/projects/qa-dev_test-shared-project1-1460033913915.
2016-04-07 06:29:52,398 DEBUG [oracle.clouddev.test.selenium.components.AssertElement] Check condition (element is visible) for element [By.xpath: .//a[@id=&apos;build&apos;] under [By.id: odcs-nav-tabs]] on http://ucf2c-dcs-release-hub1.opcdeveloper.oracleinternalucf2c.oraclecorp.com/qa-dev/#/projects/qa-dev_test-shared-project1-1460033913915.
2016-04-07 06:29:52,427 DEBUG [oracle.clouddev.test.selenium.components.AssertElement] Check condition (NOT (element has style class &apos;oj-disabled&apos;)) for element [By.xpath: .//a[@id=&apos;build&apos;] under [By.id: odcs-nav-tabs]] on http://ucf2c-dcs-release-hub1.opcdeveloper.oracleinternalucf2c.oraclecorp.com/qa-dev/#/projects/qa-dev_test-shared-project1-1460033913915.
2016-04-07 06:29:52,456 DEBUG [oracle.clouddev.test.selenium.components.AssertElement] Check condition (element is visible) for element [By.xpath: .//a[@id=&apos;build&apos;] under [By.id: odcs-nav-tabs]] on http://ucf2c-dcs-release-hub1.opcdeveloper.oracleinternalucf2c.oraclecorp.com/qa-dev/#/projects/qa-dev_test-shared-project1-1460033913915.
2016-04-07 06:29:52,723 DEBUG [oracle.clouddev.test.selenium.components.AssertElement] Check condition (element has style class &apos;oj-active&apos;) for element [By.xpath: .//a[@id=&apos;build&apos;] under [By.id: odcs-nav-tabs]] on http://ucf2c-dcs-release-hub1.opcdeveloper.oracleinternalucf2c.oraclecorp.com/qa-dev/#projects/qa-dev_test-shared-project1-1460033913915/build.
2016-04-07 06:29:52,756 DEBUG [oracle.clouddev.test.selenium.components.AssertElement] Check condition (element is visible) for element [By.xpath: .//a[@id=&apos;build&apos;] under [By.id: odcs-nav-tabs]] on http://ucf2c-dcs-release-hub1.opcdeveloper.oracleinternalucf2c.oraclecorp.com/qa-dev/#projects/qa-dev_test-shared-project1-1460033913915/build.
2016-04-07 06:29:53,180 INFO  [oracle.clouddev.test.selenium.tests.base.TestBuildPage] TestBuildPage.buildNowNewJob
2016-04-07 06:29:54,171 INFO  [oracle.clouddev.test.selenium.tests.base.TestBuildPage] TestBuildPage.buildNowNewJob entering _buildNow
2016-04-07 06:29:54,171 INFO  [oracle.clouddev.test.selenium.tests.base.TestBuildPage] Waiting for jobs page to present
2016-04-07 06:29:54,215 DEBUG [oracle.clouddev.test.selenium.components.AssertElement] Check condition (element is visible) for element [By.xpath: (//div[@id=&apos;page-jobs&apos;])] on http://ucf2c-dcs-release-hub1.opcdeveloper.oracleinternalucf2c.oraclecorp.com/qa-dev/#projects/qa-dev_test-shared-project1-1460033913915/build.
2016-04-07 06:29:56,170 DEBUG [oracle.clouddev.test.selenium.components.AssertElement] Check condition (element exists) for element [By.xpath: (//div[@id=&apos;page-jobs&apos;])] on http://ucf2c-dcs-release-hub1.opcdeveloper.oracleinternalucf2c.oraclecorp.com/qa-dev/#projects/qa-dev_test-shared-project1-1460033913915/build.
2016-04-07 06:29:56,178 INFO  [oracle.clouddev.test.selenium.tests.base.TestBuildPage] Checking jobs table for testNewJob
2016-04-07 06:30:00,210 INFO  [oracle.clouddev.test.selenium.tests.base.TestBuildPage] Checking row #1
2016-04-07 06:30:02,262 INFO  [oracle.clouddev.test.selenium.tests.base.TestBuildPage] Checking row #2
2016-04-07 06:30:04,308 INFO  [oracle.clouddev.test.selenium.tests.base.TestBuildPage] Build Now job name: testNewJob
2016-04-07 06:30:04,333 DEBUG [oracle.clouddev.test.selenium.components.AssertElement] Check condition (element is visible) for element [By.xpath: (//tbody/tr[2]/td[8]/div[3]/div[contains(@class, &apos;img-schedule&apos;)])] on http://ucf2c-dcs-release-hub1.opcdeveloper.oracleinternalucf2c.oraclecorp.com/qa-dev/#projects/qa-dev_test-shared-project1-1460033913915/build.
2016-04-07 06:30:05,047 INFO  [oracle.clouddev.test.selenium.tests.base.TestBuildPage] New Build start time: Thu Apr 07 06:30:05 PDT 2016
2016-04-07 06:30:05,047 INFO  [oracle.clouddev.test.selenium.tests.base.TestBuildPage] Wait for &apos;Queued&apos; to present
2016-04-07 06:30:05,679 DEBUG [oracle.clouddev.test.selenium.components.AssertElement] Check condition (element exists) for element [By.xpath: (//div[@id=&apos;queues&apos;]/table/tbody/tr/td/a[contains(text(),&apos;testNewJob&apos;)])] on http://ucf2c-dcs-release-hub1.opcdeveloper.oracleinternalucf2c.oraclecorp.com/qa-dev/#projects/qa-dev_test-shared-project1-1460033913915/build.
2016-04-07 06:30:05,825 INFO  [oracle.clouddev.test.selenium.tests.base.TestBuildPage] Job queued
    </system-out>
    </testcase>
    <testcase classname="oracle.clouddev.test.selenium.tests.base.TestBuildPage" name="checkBuildNewJob" time="81.234">
      <properties>
        <property name="java.runtime.name" value="Java(TM) SE Runtime Environment"/>
        <property name="exec.mainClass" value="oracle.clouddev.test.selenium.RunTests"/>
        <property name="sun.boot.library.path" value="/usr/java/jdk1.8.0_51/jre/lib/amd64"/>
        <property name="java.vm.version" value="25.51-b03"/>
        <property name="java.vm.vendor" value="Oracle Corporation"/>
        <property name="java.vendor.url" value="http://java.oracle.com/"/>
        <property name="guice.disable.misplaced.annotation.check" value="true"/>
        <property name="path.separator" value=":"/>
        <property name="java.vm.name" value="Java HotSpot(TM) 64-Bit Server VM"/>
        <property name="file.encoding.pkg" value="sun.io"/>
        <property name="user.country" value="US"/>
        <property name="sun.java.launcher" value="SUN_STANDARD"/>
        <property name="sun.os.patch.level" value="unknown"/>
        <property name="http.noProxyHosts" value="localhost|127.0.0.1|*.local|*.oraclecorp.com|*.us.oracle.com"/>
        <property name="java.vm.specification.name" value="Java Virtual Machine Specification"/>
        <property name="user.dir" value="/home/builder/hudson/workspace/dcs_dcs.Release-Selenium-Tests/selenium-tests"/>
        <property name="java.runtime.version" value="1.8.0_51-b16"/>
        <property name="java.awt.graphicsenv" value="sun.awt.X11GraphicsEnvironment"/>
        <property name="java.endorsed.dirs" value="/usr/java/jdk1.8.0_51/jre/lib/endorsed"/>
        <property name="os.arch" value="amd64"/>
        <property name="java.io.tmpdir" value="/tmp"/>
        <property name="line.separator" value="
"/>
        <property name="java.vm.specification.vendor" value="Oracle Corporation"/>
        <property name="https.proxyHost" value="www-proxy.us.oracle.com"/>
        <property name="os.name" value="Linux"/>
        <property name="classworlds.conf" value="/usr/local/apache-maven/apache-maven-3.0.4/bin/m2.conf"/>
        <property name="sun.jnu.encoding" value="UTF-8"/>
        <property name="http.proxyPort" value="80"/>
        <property name="java.library.path" value="/usr/java/packages/lib/amd64:/usr/lib64:/lib64:/lib:/usr/lib"/>
        <property name="sun.awt.enableExtraMouseButtons" value="true"/>
        <property name="java.specification.name" value="Java Platform API Specification"/>
        <property name="java.class.version" value="52.0"/>
        <property name="sun.management.compiler" value="HotSpot 64-Bit Tiered Compilers"/>
        <property name="os.version" value="3.8.13-55.1.1.el6uek.x86_64"/>
        <property name="user.home" value="/home/builder"/>
        <property name="user.timezone" value="PST8PDT"/>
        <property name="java.awt.printerjob" value="sun.print.PSPrinterJob"/>
        <property name="file.encoding" value="UTF-8"/>
        <property name="java.specification.version" value="1.8"/>
        <property name="java.class.path" value="/usr/local/apache-maven/apache-maven-3.0.4/boot/plexus-classworlds-2.4.jar"/>
        <property name="user.name" value="builder"/>
        <property name="java.vm.specification.version" value="1.8"/>
        <property name="sun.java.command" value="org.codehaus.plexus.classworlds.launcher.Launcher -f /home/c2c/hudson/workspace/dcs_dcs.Release-Selenium-Tests/selenium-tests/pom.xml --batch-mode exec:java -Dexec.mainClass=oracle.clouddev.test.selenium.RunTests -Dexec.args=selenium.browser.size.w=1280 selenium.browser.size.h=960 capture.video=true capture.screenshots=true notification.type=swing notification.history=3 notification.font.size=15 job-release-selenium-tests.properties build.job=dcs_dcs.Release-Selenium-Tests build.number=289 target.release=16.2.3.0.0 timeout.build.buildqueue=1200 timeout.build.buildqueue.polling=60 -s BASE --tag base"/>
        <property name="java.home" value="/usr/java/jdk1.8.0_51/jre"/>
        <property name="sun.arch.data.model" value="64"/>
        <property name="user.language" value="en"/>
        <property name="java.specification.vendor" value="Oracle Corporation"/>
        <property name="awt.toolkit" value="sun.awt.X11.XToolkit"/>
        <property name="java.vm.info" value="mixed mode"/>
        <property name="java.version" value="1.8.0_51"/>
        <property name="securerandom.source" value="file:/dev/./urandom"/>
        <property name="java.ext.dirs" value="/usr/java/jdk1.8.0_51/jre/lib/ext:/usr/java/packages/lib/ext"/>
        <property name="http.proxyHost" value="www-proxy.us.oracle.com"/>
        <property name="sun.boot.class.path" value="/usr/java/jdk1.8.0_51/jre/lib/resources.jar:/usr/java/jdk1.8.0_51/jre/lib/rt.jar:/usr/java/jdk1.8.0_51/jre/lib/sunrsasign.jar:/usr/java/jdk1.8.0_51/jre/lib/jsse.jar:/usr/java/jdk1.8.0_51/jre/lib/jce.jar:/usr/java/jdk1.8.0_51/jre/lib/charsets.jar:/usr/java/jdk1.8.0_51/jre/lib/jfr.jar:/usr/java/jdk1.8.0_51/jre/classes"/>
        <property name="java.vendor" value="Oracle Corporation"/>
        <property name="maven.home" value="/usr/local/apache-maven/apache-maven-3.0.4"/>
        <property name="file.separator" value="/"/>
        <property name="java.vendor.url.bug" value="http://bugreport.sun.com/bugreport/"/>
        <property name="sun.font.fontmanager" value="sun.awt.X11FontManager"/>
        <property name="sun.io.unicode.encoding" value="UnicodeLittle"/>
        <property name="sun.cpu.endian" value="little"/>
        <property name="https.proxyPort" value="80"/>
        <property name="exec.args" value="selenium.browser.size.w=1280 selenium.browser.size.h=960 capture.video=true capture.screenshots=true notification.type=swing notification.history=3 notification.font.size=15 job-release-selenium-tests.properties build.job=dcs_dcs.Release-Selenium-Tests build.number=289 target.release=16.2.3.0.0 timeout.build.buildqueue=1200 timeout.build.buildqueue.polling=60 -s BASE --tag base"/>
        <property name="sun.cpu.isalist" value=""/>
        <property name="test.selenium.browser.size.h" value="960"/>
        <property name="test.user.non-admin.name" value="tom.testsuite"/>
        <property name="test.https.proxyHost" value="www-proxy.us.oracle.com"/>
        <property name="test.user.admin.name" value="tina.testsuite"/>
        <property name="test.user.em-agent.password" value="Welcome1!"/>
        <property name="test.tag" value="base"/>
        <property name="test.user.em-agent.fullname" value="Alex Admin"/>
        <property name="test.selenium.port" value="44000"/>
        <property name="test.build.number" value="289"/>
        <property name="test.user.sdi-agent.enabled" value="true"/>
        <property name="test.timeout.assert.condition" value="30"/>
        <property name="test.target.version" value="{
  &quot;buildInformation&quot; : {
    &quot;gitCommitId&quot; : &quot;84b91eb9e1660e336bb9289583fdf62f88d10e16&quot;,
    &quot;gitCommitMessage&quot; : &quot;Bug 23012667 - Check for valid ACCS account in the same ID Domain\n&quot;,
    &quot;buildTime&quot; : &quot;05.04.2016 @ 21:54:38 PDT&quot;,
    &quot;buildUser&quot; : &quot;Code2Cloud Builder&quot;
  }
}"/>
        <property name="test.build.job" value="dcs_dcs.Release-Selenium-Tests"/>
        <property name="test.timeout.project.create" value="660"/>
        <property name="test.user.sdi-agent.name" value="alex.admin"/>
        <property name="test.selenium.browser" value="firefox"/>
        <property name="test.http.proxyPort" value="80"/>
        <property name="test.user.sdi-agent.password" value="Welcome1!"/>
        <property name="test.user.sdi-agent.fullname" value="Alex Admin"/>
        <property name="test.timeout.selenium.navigate" value="20"/>
        <property name="test.target.release" value="16.2.3.0.0"/>
        <property name="test.byom.ip" value="127.0.0.1"/>
        <property name="test.byom.port" value="8585"/>
        <property name="test.notification.type" value="swing"/>
        <property name="test.data.project.override" value=""/>
        <property name="test.timeout.selenium.find" value="1"/>
        <property name="test.user.em-agent.enabled" value="true"/>
        <property name="test.testEmptyOrg.db.id" value=""/>
        <property name="test.reviews.timeout.slowdown" value="0"/>
        <property name="test.http.noProxyHosts" value="localhost|127.0.0.1|*.local|*.oraclecorp.com|*.us.oracle.com"/>
        <property name="test.capture.video" value="true"/>
        <property name="test.user.non-admin.password" value="Welcome1!"/>
        <property name="test.user.non-admin.fullname" value="Tom Testsuite"/>
        <property name="test.user.admin.password" value="Welcome1!"/>
        <property name="test.notification.history" value="3"/>
        <property name="test.user.admin.fullname" value="Tina Testsuite"/>
        <property name="test.capture.screenshots" value="true"/>
        <property name="test.testEmptyOrg.db.connectString" value="jdbc:oracle:thin:@(DESCRIPTION=(ADDRESS=(PROTOCOL=TCP)(HOST=slc09iwb.us.oracle.com)(PORT=1521))(CONNECT_DATA=(SERVICE_NAME=dbpod)))"/>
        <property name="test.firefox.bin" value=""/>
        <property name="test.https.proxyPort" value="80"/>
        <property name="test.develop.offline" value="false"/>
        <property name="test.timeout.build.buildqueue.polling" value="60"/>
        <property name="test.output.dir" value="target/test-reports/"/>
        <property name="test.firefox.allowedHosts" value="localhost,localhost.localdomain"/>
        <property name="test.testEmptyOrg.db.schema" value="BV2RLPNYEWMR"/>
        <property name="test.web.url" value="http://ucf2c-dcs-release-hub1.opcdeveloper.oracleinternalucf2c.oraclecorp.com/qa-dev/"/>
        <property name="test.firefox.extensions" value=""/>
        <property name="test.testEmptyOrg.orgExistsCheck" value="false"/>
        <property name="test.data.dir" value="data/"/>
        <property name="test.notification.font.size" value="15"/>
        <property name="test.testEmptyOrg.service" value="devservice5"/>
        <property name="test.selenium.start.server" value="false"/>
        <property name="test.firefox.profile.path" value=""/>
        <property name="test.selenium.host" value="localhost"/>
        <property name="test.suite" value="BASE"/>
        <property name="test.tests" value=""/>
        <property name="test.user.admin.idm" value="dcsdevteam"/>
        <property name="test.http.proxyHost" value="www-proxy.us.oracle.com"/>
        <property name="test.testMethods" value=""/>
        <property name="test.reviews.dontDeleteEnviroment" value="false"/>
        <property name="test.selenium.browser.maximize" value="false"/>
        <property name="test.firefox.profile.name" value=""/>
        <property name="test.timeout.build.buildqueue" value="1200"/>
        <property name="test.user.em-agent.idm" value="dcsdevteam"/>
        <property name="test.selenium.remote" value="false"/>
        <property name="test.user.sdi-agent.idm" value="dcsdevteam"/>
        <property name="test.byom.authToken" value="123456"/>
        <property name="test.proxy.autodetect" value="false"/>
        <property name="test.testEmptyOrg.idm" value="dcsdevteam"/>
        <property name="test.user.non-admin.idm" value="dcsdevteam"/>
        <property name="test.data.tasks.useexisting" value="false"/>
        <property name="test.selenium.browser.size.w" value="1280"/>
        <property name="test.category" value="DEFAULT"/>
        <property name="test.user.em-agent.name" value="alex.admin"/>
        <property name="test.timeout.slowdown" value="0"/>
      </properties>
    <system-out>
2016-04-07 06:30:05,834 INFO  [oracle.clouddev.test.framework.rest.RestClient] [request#174] POST http://ucf2c-dcs-release-hub1.opcdeveloper.oracleinternalucf2c.oraclecorp.com/qa-dev/api/projects/search2 HTTP/1.1 (user: ADMIN(dcsdevteam/tina.testsuite/Welcome1!))
2016-04-07 06:30:05,834 DEBUG [oracle.clouddev.test.framework.rest.RestClient] [request#174] posted content:
{
  &quot;projectRelationship&quot; : &quot;ALL&quot;,
  &quot;organizationIdentifier&quot; : &quot;qa-dev&quot;,
  &quot;shallowCopy&quot; : false
}
2016-04-07 06:30:05,834 DEBUG [oracle.clouddev.test.framework.rest.RestClient] [request#174] cURL: curl -k -u tina.testsuite:Welcome1! -X POST &apos;http://ucf2c-dcs-release-hub1.opcdeveloper.oracleinternalucf2c.oraclecorp.com/qa-dev/api/projects/search2&apos; -H &apos;Content-Type: application/json; charset=UTF-8&apos; --data-binary &apos;{  &quot;projectRelationship&quot; : &quot;ALL&quot;,  &quot;organizationIdentifier&quot; : &quot;qa-dev&quot;,  &quot;shallowCopy&quot; : false}&apos;
2016-04-07 06:30:06,852 INFO  [oracle.clouddev.test.framework.rest.RestClient] [request#174] HTTP/1.1 200 OK
2016-04-07 06:30:06,852 DEBUG [oracle.clouddev.test.framework.rest.RestClient] [request#174] Content-Type: application/json;charset=UTF-8
2016-04-07 06:30:06,852 DEBUG [oracle.clouddev.test.framework.rest.RestClient] [request#174] Content-Length: -- no value --
2016-04-07 06:30:06,938 DEBUG [oracle.clouddev.test.selenium.junit.BrowserSession] navigating to project qa-dev_test-shared-project1-1460033913915 (http://ucf2c-dcs-release-hub1.opcdeveloper.oracleinternalucf2c.oraclecorp.com/qa-dev/#/projects/qa-dev_test-shared-project1-1460033913915)
2016-04-07 06:30:07,132 DEBUG [oracle.clouddev.test.selenium.components.AssertElement] Check condition (oracle.clouddev.test.selenium.components.Conditions$5@3259a3a6) for element [By.xpath: .//button[@id=&apos;odcs-project-selector&apos;]/span[1]] on http://ucf2c-dcs-release-hub1.opcdeveloper.oracleinternalucf2c.oraclecorp.com/qa-dev/#/projects/qa-dev_test-shared-project1-1460033913915.
2016-04-07 06:30:09,177 DEBUG [oracle.clouddev.test.selenium.components.AssertElement] Check condition (NOT (element is visible)) for element [By.id: page-provision] on http://ucf2c-dcs-release-hub1.opcdeveloper.oracleinternalucf2c.oraclecorp.com/qa-dev/#/projects/qa-dev_test-shared-project1-1460033913915.
2016-04-07 06:30:10,214 DEBUG [oracle.clouddev.test.selenium.components.AssertElement] Check condition (element is visible) for element [By.id: odcs-nav-tabs] on http://ucf2c-dcs-release-hub1.opcdeveloper.oracleinternalucf2c.oraclecorp.com/qa-dev/#/projects/qa-dev_test-shared-project1-1460033913915.
2016-04-07 06:30:10,255 DEBUG [oracle.clouddev.test.selenium.components.AssertElement] Check condition (element is visible) for element [By.xpath: .//a[@id=&apos;build&apos;] under [By.id: odcs-nav-tabs]] on http://ucf2c-dcs-release-hub1.opcdeveloper.oracleinternalucf2c.oraclecorp.com/qa-dev/#/projects/qa-dev_test-shared-project1-1460033913915.
2016-04-07 06:30:10,410 DEBUG [oracle.clouddev.test.selenium.components.AssertElement] Check condition (NOT (element has style class &apos;oj-disabled&apos;)) for element [By.xpath: .//a[@id=&apos;build&apos;] under [By.id: odcs-nav-tabs]] on http://ucf2c-dcs-release-hub1.opcdeveloper.oracleinternalucf2c.oraclecorp.com/qa-dev/#/projects/qa-dev_test-shared-project1-1460033913915.
2016-04-07 06:30:10,539 DEBUG [oracle.clouddev.test.selenium.components.AssertElement] Check condition (element is visible) for element [By.xpath: .//a[@id=&apos;build&apos;] under [By.id: odcs-nav-tabs]] on http://ucf2c-dcs-release-hub1.opcdeveloper.oracleinternalucf2c.oraclecorp.com/qa-dev/#/projects/qa-dev_test-shared-project1-1460033913915.
2016-04-07 06:30:10,977 DEBUG [oracle.clouddev.test.selenium.components.AssertElement] Check condition (element has style class &apos;oj-active&apos;) for element [By.xpath: .//a[@id=&apos;build&apos;] under [By.id: odcs-nav-tabs]] on http://ucf2c-dcs-release-hub1.opcdeveloper.oracleinternalucf2c.oraclecorp.com/qa-dev/#projects/qa-dev_test-shared-project1-1460033913915/build.
2016-04-07 06:30:11,051 DEBUG [oracle.clouddev.test.selenium.components.AssertElement] Check condition (element is visible) for element [By.xpath: .//a[@id=&apos;build&apos;] under [By.id: odcs-nav-tabs]] on http://ucf2c-dcs-release-hub1.opcdeveloper.oracleinternalucf2c.oraclecorp.com/qa-dev/#projects/qa-dev_test-shared-project1-1460033913915/build.
2016-04-07 06:30:11,554 INFO  [oracle.clouddev.test.selenium.tests.base.TestBuildPage] TestBuildPage.checkBuildNewJob
2016-04-07 06:30:11,554 INFO  [oracle.clouddev.test.selenium.tests.base.TestBuildPage] TestBuildPage.checkBuildNewJob entering _checkStatusBuildJob
2016-04-07 06:30:11,554 INFO  [oracle.clouddev.test.selenium.tests.base.TestBuildPage] Waiting for jobs page to present
2016-04-07 06:30:11,575 DEBUG [oracle.clouddev.test.selenium.components.AssertElement] Check condition (element is visible) for element [By.xpath: (//div[@id=&apos;page-jobs&apos;])] on http://ucf2c-dcs-release-hub1.opcdeveloper.oracleinternalucf2c.oraclecorp.com/qa-dev/#projects/qa-dev_test-shared-project1-1460033913915/build.
2016-04-07 06:30:11,637 DEBUG [oracle.clouddev.test.selenium.components.AssertElement] Check condition (element exists) for element [By.xpath: (//div[@id=&apos;page-jobs&apos;])] on http://ucf2c-dcs-release-hub1.opcdeveloper.oracleinternalucf2c.oraclecorp.com/qa-dev/#projects/qa-dev_test-shared-project1-1460033913915/build.
2016-04-07 06:30:11,644 INFO  [oracle.clouddev.test.selenium.tests.base.TestBuildPage] Waiting for testNewJob to disappear
2016-04-07 06:30:11,644 INFO  [oracle.clouddev.test.selenium.tests.base.TestBuildPage] Queued start time: Thu Apr 07 06:30:11 PDT 2016
2016-04-07 06:30:11,645 INFO  [oracle.clouddev.test.selenium.tests.base.TestBuildPage] ...duration timeout: 1200 seconds
2016-04-07 06:30:11,645 INFO  [oracle.clouddev.test.selenium.tests.base.TestBuildPage] ...polling duration timeout: 60 seconds
2016-04-07 06:31:12,729 INFO  [oracle.clouddev.test.selenium.tests.base.TestBuildPage] Execution end time: Thu Apr 07 06:31:12 PDT 2016
2016-04-07 06:31:12,729 INFO  [oracle.clouddev.test.selenium.tests.base.TestBuildPage] Duration queued/execution time: 61.08500 seconds
2016-04-07 06:31:12,729 INFO  [oracle.clouddev.test.selenium.tests.base.TestBuildPage] Waiting for job status...
2016-04-07 06:31:22,729 INFO  [oracle.clouddev.test.selenium.tests.base.TestBuildPage] TestBuildPage.checkBuildNewJob entering _getJobRow(testNewJob)
2016-04-07 06:31:22,749 DEBUG [oracle.clouddev.test.selenium.components.AssertElement] Check condition (element is visible) for element [By.xpath: (//table[@id=&apos;jobs-table-table&apos;])] on http://ucf2c-dcs-release-hub1.opcdeveloper.oracleinternalucf2c.oraclecorp.com/qa-dev/#projects/qa-dev_test-shared-project1-1460033913915/build.
2016-04-07 06:31:24,821 DEBUG [oracle.clouddev.test.selenium.components.AssertElement] Check condition (element is visible) for element [By.xpath: (//tbody/tr[1]/td[4]/a)] on http://ucf2c-dcs-release-hub1.opcdeveloper.oracleinternalucf2c.oraclecorp.com/qa-dev/#projects/qa-dev_test-shared-project1-1460033913915/build.
2016-04-07 06:31:24,931 DEBUG [oracle.clouddev.test.selenium.components.AssertElement] Check condition (element is visible) for element [By.xpath: (//tbody/tr[2]/td[4]/a)] on http://ucf2c-dcs-release-hub1.opcdeveloper.oracleinternalucf2c.oraclecorp.com/qa-dev/#projects/qa-dev_test-shared-project1-1460033913915/build.
2016-04-07 06:31:24,985 INFO  [oracle.clouddev.test.selenium.tests.base.TestBuildPage] Checking Status column
2016-04-07 06:31:27,002 DEBUG [oracle.clouddev.test.selenium.components.AssertElement] Check condition (element is visible) for element [By.xpath: (//table[@id=&apos;jobs-table-table&apos;]/tbody/tr[2][contains(td[4], &apos;testNewJob&apos;)]/td[2]/div)] on http://ucf2c-dcs-release-hub1.opcdeveloper.oracleinternalucf2c.oraclecorp.com/qa-dev/#projects/qa-dev_test-shared-project1-1460033913915/build.
2016-04-07 06:31:27,059 INFO  [oracle.clouddev.test.selenium.tests.base.TestBuildPage] Status: img-status stat_checkmark_24_full
    </system-out>
    </testcase>
    <testcase classname="oracle.clouddev.test.selenium.tests.base.TestBuildPage" name="copyJob" time="26.897">
      <properties>
        <property name="java.runtime.name" value="Java(TM) SE Runtime Environment"/>
        <property name="exec.mainClass" value="oracle.clouddev.test.selenium.RunTests"/>
        <property name="sun.boot.library.path" value="/usr/java/jdk1.8.0_51/jre/lib/amd64"/>
        <property name="java.vm.version" value="25.51-b03"/>
        <property name="java.vm.vendor" value="Oracle Corporation"/>
        <property name="java.vendor.url" value="http://java.oracle.com/"/>
        <property name="guice.disable.misplaced.annotation.check" value="true"/>
        <property name="path.separator" value=":"/>
        <property name="java.vm.name" value="Java HotSpot(TM) 64-Bit Server VM"/>
        <property name="file.encoding.pkg" value="sun.io"/>
        <property name="user.country" value="US"/>
        <property name="sun.java.launcher" value="SUN_STANDARD"/>
        <property name="sun.os.patch.level" value="unknown"/>
        <property name="http.noProxyHosts" value="localhost|127.0.0.1|*.local|*.oraclecorp.com|*.us.oracle.com"/>
        <property name="java.vm.specification.name" value="Java Virtual Machine Specification"/>
        <property name="user.dir" value="/home/builder/hudson/workspace/dcs_dcs.Release-Selenium-Tests/selenium-tests"/>
        <property name="java.runtime.version" value="1.8.0_51-b16"/>
        <property name="java.awt.graphicsenv" value="sun.awt.X11GraphicsEnvironment"/>
        <property name="java.endorsed.dirs" value="/usr/java/jdk1.8.0_51/jre/lib/endorsed"/>
        <property name="os.arch" value="amd64"/>
        <property name="java.io.tmpdir" value="/tmp"/>
        <property name="line.separator" value="
"/>
        <property name="java.vm.specification.vendor" value="Oracle Corporation"/>
        <property name="https.proxyHost" value="www-proxy.us.oracle.com"/>
        <property name="os.name" value="Linux"/>
        <property name="classworlds.conf" value="/usr/local/apache-maven/apache-maven-3.0.4/bin/m2.conf"/>
        <property name="sun.jnu.encoding" value="UTF-8"/>
        <property name="http.proxyPort" value="80"/>
        <property name="java.library.path" value="/usr/java/packages/lib/amd64:/usr/lib64:/lib64:/lib:/usr/lib"/>
        <property name="sun.awt.enableExtraMouseButtons" value="true"/>
        <property name="java.specification.name" value="Java Platform API Specification"/>
        <property name="java.class.version" value="52.0"/>
        <property name="sun.management.compiler" value="HotSpot 64-Bit Tiered Compilers"/>
        <property name="os.version" value="3.8.13-55.1.1.el6uek.x86_64"/>
        <property name="user.home" value="/home/builder"/>
        <property name="user.timezone" value="PST8PDT"/>
        <property name="java.awt.printerjob" value="sun.print.PSPrinterJob"/>
        <property name="file.encoding" value="UTF-8"/>
        <property name="java.specification.version" value="1.8"/>
        <property name="java.class.path" value="/usr/local/apache-maven/apache-maven-3.0.4/boot/plexus-classworlds-2.4.jar"/>
        <property name="user.name" value="builder"/>
        <property name="java.vm.specification.version" value="1.8"/>
        <property name="sun.java.command" value="org.codehaus.plexus.classworlds.launcher.Launcher -f /home/c2c/hudson/workspace/dcs_dcs.Release-Selenium-Tests/selenium-tests/pom.xml --batch-mode exec:java -Dexec.mainClass=oracle.clouddev.test.selenium.RunTests -Dexec.args=selenium.browser.size.w=1280 selenium.browser.size.h=960 capture.video=true capture.screenshots=true notification.type=swing notification.history=3 notification.font.size=15 job-release-selenium-tests.properties build.job=dcs_dcs.Release-Selenium-Tests build.number=289 target.release=16.2.3.0.0 timeout.build.buildqueue=1200 timeout.build.buildqueue.polling=60 -s BASE --tag base"/>
        <property name="java.home" value="/usr/java/jdk1.8.0_51/jre"/>
        <property name="sun.arch.data.model" value="64"/>
        <property name="user.language" value="en"/>
        <property name="java.specification.vendor" value="Oracle Corporation"/>
        <property name="awt.toolkit" value="sun.awt.X11.XToolkit"/>
        <property name="java.vm.info" value="mixed mode"/>
        <property name="java.version" value="1.8.0_51"/>
        <property name="securerandom.source" value="file:/dev/./urandom"/>
        <property name="java.ext.dirs" value="/usr/java/jdk1.8.0_51/jre/lib/ext:/usr/java/packages/lib/ext"/>
        <property name="http.proxyHost" value="www-proxy.us.oracle.com"/>
        <property name="sun.boot.class.path" value="/usr/java/jdk1.8.0_51/jre/lib/resources.jar:/usr/java/jdk1.8.0_51/jre/lib/rt.jar:/usr/java/jdk1.8.0_51/jre/lib/sunrsasign.jar:/usr/java/jdk1.8.0_51/jre/lib/jsse.jar:/usr/java/jdk1.8.0_51/jre/lib/jce.jar:/usr/java/jdk1.8.0_51/jre/lib/charsets.jar:/usr/java/jdk1.8.0_51/jre/lib/jfr.jar:/usr/java/jdk1.8.0_51/jre/classes"/>
        <property name="java.vendor" value="Oracle Corporation"/>
        <property name="maven.home" value="/usr/local/apache-maven/apache-maven-3.0.4"/>
        <property name="file.separator" value="/"/>
        <property name="java.vendor.url.bug" value="http://bugreport.sun.com/bugreport/"/>
        <property name="sun.font.fontmanager" value="sun.awt.X11FontManager"/>
        <property name="sun.io.unicode.encoding" value="UnicodeLittle"/>
        <property name="sun.cpu.endian" value="little"/>
        <property name="https.proxyPort" value="80"/>
        <property name="exec.args" value="selenium.browser.size.w=1280 selenium.browser.size.h=960 capture.video=true capture.screenshots=true notification.type=swing notification.history=3 notification.font.size=15 job-release-selenium-tests.properties build.job=dcs_dcs.Release-Selenium-Tests build.number=289 target.release=16.2.3.0.0 timeout.build.buildqueue=1200 timeout.build.buildqueue.polling=60 -s BASE --tag base"/>
        <property name="sun.cpu.isalist" value=""/>
        <property name="test.selenium.browser.size.h" value="960"/>
        <property name="test.user.non-admin.name" value="tom.testsuite"/>
        <property name="test.https.proxyHost" value="www-proxy.us.oracle.com"/>
        <property name="test.user.admin.name" value="tina.testsuite"/>
        <property name="test.user.em-agent.password" value="Welcome1!"/>
        <property name="test.tag" value="base"/>
        <property name="test.user.em-agent.fullname" value="Alex Admin"/>
        <property name="test.selenium.port" value="44000"/>
        <property name="test.build.number" value="289"/>
        <property name="test.user.sdi-agent.enabled" value="true"/>
        <property name="test.timeout.assert.condition" value="30"/>
        <property name="test.target.version" value="{
  &quot;buildInformation&quot; : {
    &quot;gitCommitId&quot; : &quot;84b91eb9e1660e336bb9289583fdf62f88d10e16&quot;,
    &quot;gitCommitMessage&quot; : &quot;Bug 23012667 - Check for valid ACCS account in the same ID Domain\n&quot;,
    &quot;buildTime&quot; : &quot;05.04.2016 @ 21:54:38 PDT&quot;,
    &quot;buildUser&quot; : &quot;Code2Cloud Builder&quot;
  }
}"/>
        <property name="test.build.job" value="dcs_dcs.Release-Selenium-Tests"/>
        <property name="test.timeout.project.create" value="660"/>
        <property name="test.user.sdi-agent.name" value="alex.admin"/>
        <property name="test.selenium.browser" value="firefox"/>
        <property name="test.http.proxyPort" value="80"/>
        <property name="test.user.sdi-agent.password" value="Welcome1!"/>
        <property name="test.user.sdi-agent.fullname" value="Alex Admin"/>
        <property name="test.timeout.selenium.navigate" value="20"/>
        <property name="test.target.release" value="16.2.3.0.0"/>
        <property name="test.byom.ip" value="127.0.0.1"/>
        <property name="test.byom.port" value="8585"/>
        <property name="test.notification.type" value="swing"/>
        <property name="test.data.project.override" value=""/>
        <property name="test.timeout.selenium.find" value="1"/>
        <property name="test.user.em-agent.enabled" value="true"/>
        <property name="test.testEmptyOrg.db.id" value=""/>
        <property name="test.reviews.timeout.slowdown" value="0"/>
        <property name="test.http.noProxyHosts" value="localhost|127.0.0.1|*.local|*.oraclecorp.com|*.us.oracle.com"/>
        <property name="test.capture.video" value="true"/>
        <property name="test.user.non-admin.password" value="Welcome1!"/>
        <property name="test.user.non-admin.fullname" value="Tom Testsuite"/>
        <property name="test.user.admin.password" value="Welcome1!"/>
        <property name="test.notification.history" value="3"/>
        <property name="test.user.admin.fullname" value="Tina Testsuite"/>
        <property name="test.capture.screenshots" value="true"/>
        <property name="test.testEmptyOrg.db.connectString" value="jdbc:oracle:thin:@(DESCRIPTION=(ADDRESS=(PROTOCOL=TCP)(HOST=slc09iwb.us.oracle.com)(PORT=1521))(CONNECT_DATA=(SERVICE_NAME=dbpod)))"/>
        <property name="test.firefox.bin" value=""/>
        <property name="test.https.proxyPort" value="80"/>
        <property name="test.develop.offline" value="false"/>
        <property name="test.timeout.build.buildqueue.polling" value="60"/>
        <property name="test.output.dir" value="target/test-reports/"/>
        <property name="test.firefox.allowedHosts" value="localhost,localhost.localdomain"/>
        <property name="test.testEmptyOrg.db.schema" value="BV2RLPNYEWMR"/>
        <property name="test.web.url" value="http://ucf2c-dcs-release-hub1.opcdeveloper.oracleinternalucf2c.oraclecorp.com/qa-dev/"/>
        <property name="test.firefox.extensions" value=""/>
        <property name="test.testEmptyOrg.orgExistsCheck" value="false"/>
        <property name="test.data.dir" value="data/"/>
        <property name="test.notification.font.size" value="15"/>
        <property name="test.testEmptyOrg.service" value="devservice5"/>
        <property name="test.selenium.start.server" value="false"/>
        <property name="test.firefox.profile.path" value=""/>
        <property name="test.selenium.host" value="localhost"/>
        <property name="test.suite" value="BASE"/>
        <property name="test.tests" value=""/>
        <property name="test.user.admin.idm" value="dcsdevteam"/>
        <property name="test.http.proxyHost" value="www-proxy.us.oracle.com"/>
        <property name="test.testMethods" value=""/>
        <property name="test.reviews.dontDeleteEnviroment" value="false"/>
        <property name="test.selenium.browser.maximize" value="false"/>
        <property name="test.firefox.profile.name" value=""/>
        <property name="test.timeout.build.buildqueue" value="1200"/>
        <property name="test.user.em-agent.idm" value="dcsdevteam"/>
        <property name="test.selenium.remote" value="false"/>
        <property name="test.user.sdi-agent.idm" value="dcsdevteam"/>
        <property name="test.byom.authToken" value="123456"/>
        <property name="test.proxy.autodetect" value="false"/>
        <property name="test.testEmptyOrg.idm" value="dcsdevteam"/>
        <property name="test.user.non-admin.idm" value="dcsdevteam"/>
        <property name="test.data.tasks.useexisting" value="false"/>
        <property name="test.selenium.browser.size.w" value="1280"/>
        <property name="test.category" value="DEFAULT"/>
        <property name="test.user.em-agent.name" value="alex.admin"/>
        <property name="test.timeout.slowdown" value="0"/>
      </properties>
    <system-out>
2016-04-07 06:31:27,065 INFO  [oracle.clouddev.test.framework.rest.RestClient] [request#175] POST http://ucf2c-dcs-release-hub1.opcdeveloper.oracleinternalucf2c.oraclecorp.com/qa-dev/api/projects/search2 HTTP/1.1 (user: ADMIN(dcsdevteam/tina.testsuite/Welcome1!))
2016-04-07 06:31:27,066 DEBUG [oracle.clouddev.test.framework.rest.RestClient] [request#175] posted content:
{
  &quot;projectRelationship&quot; : &quot;ALL&quot;,
  &quot;organizationIdentifier&quot; : &quot;qa-dev&quot;,
  &quot;shallowCopy&quot; : false
}
2016-04-07 06:31:27,066 DEBUG [oracle.clouddev.test.framework.rest.RestClient] [request#175] cURL: curl -k -u tina.testsuite:Welcome1! -X POST &apos;http://ucf2c-dcs-release-hub1.opcdeveloper.oracleinternalucf2c.oraclecorp.com/qa-dev/api/projects/search2&apos; -H &apos;Content-Type: application/json; charset=UTF-8&apos; --data-binary &apos;{  &quot;projectRelationship&quot; : &quot;ALL&quot;,  &quot;organizationIdentifier&quot; : &quot;qa-dev&quot;,  &quot;shallowCopy&quot; : false}&apos;
2016-04-07 06:31:28,180 INFO  [oracle.clouddev.test.framework.rest.RestClient] [request#175] HTTP/1.1 200 OK
2016-04-07 06:31:28,181 DEBUG [oracle.clouddev.test.framework.rest.RestClient] [request#175] Content-Type: application/json;charset=UTF-8
2016-04-07 06:31:28,181 DEBUG [oracle.clouddev.test.framework.rest.RestClient] [request#175] Content-Length: -- no value --
2016-04-07 06:31:28,267 DEBUG [oracle.clouddev.test.selenium.junit.BrowserSession] navigating to project qa-dev_test-shared-project1-1460033913915 (http://ucf2c-dcs-release-hub1.opcdeveloper.oracleinternalucf2c.oraclecorp.com/qa-dev/#/projects/qa-dev_test-shared-project1-1460033913915)
2016-04-07 06:31:29,567 DEBUG [oracle.clouddev.test.selenium.components.AssertElement] Check condition (oracle.clouddev.test.selenium.components.Conditions$5@4648cb38) for element [By.xpath: .//button[@id=&apos;odcs-project-selector&apos;]/span[1]] on http://ucf2c-dcs-release-hub1.opcdeveloper.oracleinternalucf2c.oraclecorp.com/qa-dev/#/projects/qa-dev_test-shared-project1-1460033913915.
2016-04-07 06:31:29,626 DEBUG [oracle.clouddev.test.selenium.components.AssertElement] Check condition (NOT (element is visible)) for element [By.id: page-provision] on http://ucf2c-dcs-release-hub1.opcdeveloper.oracleinternalucf2c.oraclecorp.com/qa-dev/#/projects/qa-dev_test-shared-project1-1460033913915.
2016-04-07 06:31:30,679 DEBUG [oracle.clouddev.test.selenium.components.AssertElement] Check condition (element is visible) for element [By.id: odcs-nav-tabs] on http://ucf2c-dcs-release-hub1.opcdeveloper.oracleinternalucf2c.oraclecorp.com/qa-dev/#/projects/qa-dev_test-shared-project1-1460033913915.
2016-04-07 06:31:30,813 DEBUG [oracle.clouddev.test.selenium.components.AssertElement] Check condition (element is visible) for element [By.xpath: .//a[@id=&apos;build&apos;] under [By.id: odcs-nav-tabs]] on http://ucf2c-dcs-release-hub1.opcdeveloper.oracleinternalucf2c.oraclecorp.com/qa-dev/#/projects/qa-dev_test-shared-project1-1460033913915.
2016-04-07 06:31:30,953 DEBUG [oracle.clouddev.test.selenium.components.AssertElement] Check condition (NOT (element has style class &apos;oj-disabled&apos;)) for element [By.xpath: .//a[@id=&apos;build&apos;] under [By.id: odcs-nav-tabs]] on http://ucf2c-dcs-release-hub1.opcdeveloper.oracleinternalucf2c.oraclecorp.com/qa-dev/#/projects/qa-dev_test-shared-project1-1460033913915.
2016-04-07 06:31:31,075 DEBUG [oracle.clouddev.test.selenium.components.AssertElement] Check condition (element is visible) for element [By.xpath: .//a[@id=&apos;build&apos;] under [By.id: odcs-nav-tabs]] on http://ucf2c-dcs-release-hub1.opcdeveloper.oracleinternalucf2c.oraclecorp.com/qa-dev/#/projects/qa-dev_test-shared-project1-1460033913915.
2016-04-07 06:31:31,340 DEBUG [oracle.clouddev.test.selenium.components.AssertElement] Check condition (element has style class &apos;oj-active&apos;) for element [By.xpath: .//a[@id=&apos;build&apos;] under [By.id: odcs-nav-tabs]] on http://ucf2c-dcs-release-hub1.opcdeveloper.oracleinternalucf2c.oraclecorp.com/qa-dev/#projects/qa-dev_test-shared-project1-1460033913915/build.
2016-04-07 06:31:31,381 DEBUG [oracle.clouddev.test.selenium.components.AssertElement] Check condition (element is visible) for element [By.xpath: .//a[@id=&apos;build&apos;] under [By.id: odcs-nav-tabs]] on http://ucf2c-dcs-release-hub1.opcdeveloper.oracleinternalucf2c.oraclecorp.com/qa-dev/#projects/qa-dev_test-shared-project1-1460033913915/build.
2016-04-07 06:31:31,724 INFO  [oracle.clouddev.test.selenium.tests.base.TestBuildPage] TestBuildPage.copyJob
2016-04-07 06:31:31,725 INFO  [oracle.clouddev.test.selenium.tests.base.TestBuildPage] TestBuildPage.copyJob entering _copyJob
2016-04-07 06:31:31,725 INFO  [oracle.clouddev.test.selenium.tests.base.TestBuildPage] Waiting for jobs page to present
2016-04-07 06:31:31,741 DEBUG [oracle.clouddev.test.selenium.components.AssertElement] Check condition (element is visible) for element [By.xpath: (//div[@id=&apos;page-jobs&apos;])] on http://ucf2c-dcs-release-hub1.opcdeveloper.oracleinternalucf2c.oraclecorp.com/qa-dev/#projects/qa-dev_test-shared-project1-1460033913915/build.
2016-04-07 06:31:31,765 DEBUG [oracle.clouddev.test.selenium.components.AssertElement] Check condition (element exists) for element [By.xpath: (//div[@id=&apos;page-jobs&apos;])] on http://ucf2c-dcs-release-hub1.opcdeveloper.oracleinternalucf2c.oraclecorp.com/qa-dev/#projects/qa-dev_test-shared-project1-1460033913915/build.
2016-04-07 06:31:31,771 INFO  [oracle.clouddev.test.selenium.tests.base.TestBuildPage] Waiting for New Job dialog to show up
2016-04-07 06:31:31,781 DEBUG [oracle.clouddev.test.selenium.components.AssertElement] Check condition (element is visible) for element [By.xpath: //table[@id=&apos;jobs-table-table&apos;]//tbody//tr//td//a[text()=&apos;testNewJob&apos;]] on http://ucf2c-dcs-release-hub1.opcdeveloper.oracleinternalucf2c.oraclecorp.com/qa-dev/#projects/qa-dev_test-shared-project1-1460033913915/build.
2016-04-07 06:31:31,824 DEBUG [oracle.clouddev.test.selenium.components.AssertElement] Check condition (element is visible) for element [By.id: newJob-button] on http://ucf2c-dcs-release-hub1.opcdeveloper.oracleinternalucf2c.oraclecorp.com/qa-dev/#projects/qa-dev_test-shared-project1-1460033913915/build.
2016-04-07 06:31:34,146 DEBUG [oracle.clouddev.test.selenium.components.AssertElement] Check condition (element is visible) for element [By.id: ojDialogWrapper-newJob] on http://ucf2c-dcs-release-hub1.opcdeveloper.oracleinternalucf2c.oraclecorp.com/qa-dev/#projects/qa-dev_test-shared-project1-1460033913915/build.
2016-04-07 06:31:34,164 INFO  [oracle.clouddev.test.selenium.tests.base.TestBuildPage] Enter Job name: testCopyJob
2016-04-07 06:31:34,174 DEBUG [oracle.clouddev.test.selenium.components.AssertElement] Check condition (element is visible) for element [By.id: jobName] on http://ucf2c-dcs-release-hub1.opcdeveloper.oracleinternalucf2c.oraclecorp.com/qa-dev/#projects/qa-dev_test-shared-project1-1460033913915/build.
2016-04-07 06:31:34,285 INFO  [oracle.clouddev.test.selenium.tests.base.TestBuildPage] Click on copy from Job
2016-04-07 06:31:36,312 DEBUG [oracle.clouddev.test.selenium.components.AssertElement] Check condition (element is visible) for element [By.xpath: (//input[@id=&apos;optCopy&apos;]) under [div#ojDialogWrapper-newJob]] on http://ucf2c-dcs-release-hub1.opcdeveloper.oracleinternalucf2c.oraclecorp.com/qa-dev/#projects/qa-dev_test-shared-project1-1460033913915/build.
2016-04-07 06:31:38,574 INFO  [oracle.clouddev.test.selenium.tests.base.TestBuildPage] Select Job Name: testNewJob
2016-04-07 06:31:38,591 DEBUG [oracle.clouddev.test.selenium.components.AssertElement] Check condition (element is visible) for element [By.xpath: //div[@id=&apos;ojChoiceId_copyFrom&apos;]//a] on http://ucf2c-dcs-release-hub1.opcdeveloper.oracleinternalucf2c.oraclecorp.com/qa-dev/#projects/qa-dev_test-shared-project1-1460033913915/build.
2016-04-07 06:31:40,864 INFO  [oracle.clouddev.test.selenium.tests.base.TestBuildPage] Copy from: testNewJob
2016-04-07 06:31:43,112 INFO  [oracle.clouddev.test.selenium.tests.base.TestBuildPage] Click on Save button
2016-04-07 06:31:43,212 DEBUG [oracle.clouddev.test.selenium.components.AssertElement] Check condition (element is visible) for element [By.xpath: (//button[@id=&apos;newJob-save-button&apos;]) under [div#ojDialogWrapper-newJob]] on http://ucf2c-dcs-release-hub1.opcdeveloper.oracleinternalucf2c.oraclecorp.com/qa-dev/#projects/qa-dev_test-shared-project1-1460033913915/build.
2016-04-07 06:31:45,376 INFO  [oracle.clouddev.test.selenium.tests.base.TestBuildPage] TestBuildPage.copyJob entering _loadConfigurePage
2016-04-07 06:31:45,376 INFO  [oracle.clouddev.test.selenium.tests.base.TestBuildPage] Navigate to tabIndex: 1
2016-04-07 06:31:45,387 DEBUG [oracle.clouddev.test.selenium.components.AssertElement] Check condition (element is visible) for element [By.xpath: //div[@class=&apos;oj-tabs-conveyor&apos;]/ul/li[1]/div/a] on http://ucf2c-dcs-release-hub1.opcdeveloper.oracleinternalucf2c.oraclecorp.com/qa-dev/#projects/qa-dev_test-shared-project1-1460033913915/build/job/qa-dev_test-shared-project1-1460033913915.testCopyJob/configure?new.
2016-04-07 06:31:45,413 DEBUG [oracle.clouddev.test.selenium.components.AssertElement] Check condition (element is visible) for element [By.xpath: //div[@class=&apos;oj-tabs-conveyor&apos;]/ul/li[1]/div/a] on http://ucf2c-dcs-release-hub1.opcdeveloper.oracleinternalucf2c.oraclecorp.com/qa-dev/#projects/qa-dev_test-shared-project1-1460033913915/build/job/qa-dev_test-shared-project1-1460033913915.testCopyJob/configure?new.
2016-04-07 06:31:45,565 INFO  [oracle.clouddev.test.selenium.tests.base.TestBuildPage] Verify configure-tabs for page-configure-main
2016-04-07 06:31:45,574 DEBUG [oracle.clouddev.test.selenium.components.AssertElement] Check condition (element is visible) for element [By.id: page-configure-main] on http://ucf2c-dcs-release-hub1.opcdeveloper.oracleinternalucf2c.oraclecorp.com/qa-dev/#projects/qa-dev_test-shared-project1-1460033913915/build/job/qa-dev_test-shared-project1-1460033913915.testCopyJob/configure?new.
2016-04-07 06:31:45,595 DEBUG [oracle.clouddev.test.selenium.components.AssertElement] Check condition (element exists) for element [By.id: page-configure-main] on http://ucf2c-dcs-release-hub1.opcdeveloper.oracleinternalucf2c.oraclecorp.com/qa-dev/#projects/qa-dev_test-shared-project1-1460033913915/build/job/qa-dev_test-shared-project1-1460033913915.testCopyJob/configure?new.
2016-04-07 06:31:45,599 INFO  [oracle.clouddev.test.selenium.tests.base.TestBuildPage] Enter job description
2016-04-07 06:31:45,608 DEBUG [oracle.clouddev.test.selenium.components.AssertElement] Check condition (element is visible) for element [By.xpath: (//textarea[@id=&apos;jobDescription&apos;])] on http://ucf2c-dcs-release-hub1.opcdeveloper.oracleinternalucf2c.oraclecorp.com/qa-dev/#projects/qa-dev_test-shared-project1-1460033913915/build/job/qa-dev_test-shared-project1-1460033913915.testCopyJob/configure?new.
2016-04-07 06:31:45,631 DEBUG [oracle.clouddev.test.selenium.components.AssertElement] Check condition (element is visible) for element [By.xpath: (//textarea[@id=&apos;jobDescription&apos;])] on http://ucf2c-dcs-release-hub1.opcdeveloper.oracleinternalucf2c.oraclecorp.com/qa-dev/#projects/qa-dev_test-shared-project1-1460033913915/build/job/qa-dev_test-shared-project1-1460033913915.testCopyJob/configure?new.
2016-04-07 06:31:46,045 INFO  [oracle.clouddev.test.selenium.tests.base.TestBuildPage] Save Job Config
2016-04-07 06:31:46,054 DEBUG [oracle.clouddev.test.selenium.components.AssertElement] Check condition (element is visible) for element [By.xpath: (//button[@id=&apos;save-button&apos;])] on http://ucf2c-dcs-release-hub1.opcdeveloper.oracleinternalucf2c.oraclecorp.com/qa-dev/#projects/qa-dev_test-shared-project1-1460033913915/build/job/qa-dev_test-shared-project1-1460033913915.testCopyJob/configure?new.
2016-04-07 06:31:46,155 DEBUG [oracle.clouddev.test.selenium.components.AssertElement] Check condition (element is visible) for element [By.xpath: (//button[@id=&apos;save-button&apos;])] on http://ucf2c-dcs-release-hub1.opcdeveloper.oracleinternalucf2c.oraclecorp.com/qa-dev/#projects/qa-dev_test-shared-project1-1460033913915/build/job/qa-dev_test-shared-project1-1460033913915.testCopyJob/configure?new.
2016-04-07 06:31:46,382 INFO  [oracle.clouddev.test.selenium.tests.base.TestBuildPage] Waiting for job overview page to present
2016-04-07 06:31:46,395 DEBUG [oracle.clouddev.test.selenium.components.AssertElement] Check condition (element is visible) for element [By.xpath: (//div[@id=&apos;page-job&apos;])] on http://ucf2c-dcs-release-hub1.opcdeveloper.oracleinternalucf2c.oraclecorp.com/qa-dev/#projects/qa-dev_test-shared-project1-1460033913915/build/job/qa-dev_test-shared-project1-1460033913915.testCopyJob/configure?new.
2016-04-07 06:31:47,625 DEBUG [oracle.clouddev.test.selenium.components.AssertElement] Check condition (element exists) for element [By.xpath: (//div[@id=&apos;page-job&apos;])] on http://ucf2c-dcs-release-hub1.opcdeveloper.oracleinternalucf2c.oraclecorp.com/qa-dev/#projects/qa-dev_test-shared-project1-1460033913915/build/job/qa-dev_test-shared-project1-1460033913915.testCopyJob.
2016-04-07 06:31:47,633 INFO  [oracle.clouddev.test.selenium.tests.base.TestBuildPage] Verify job name: testCopyJob
2016-04-07 06:31:47,645 DEBUG [oracle.clouddev.test.selenium.components.AssertElement] Check condition (element is visible) for element [By.tagName: h3] on http://ucf2c-dcs-release-hub1.opcdeveloper.oracleinternalucf2c.oraclecorp.com/qa-dev/#projects/qa-dev_test-shared-project1-1460033913915/build/job/qa-dev_test-shared-project1-1460033913915.testCopyJob.
2016-04-07 06:31:47,710 INFO  [oracle.clouddev.test.selenium.tests.base.TestBuildPage] TestBuildPage.copyJob entering enableJob
2016-04-07 06:31:47,710 INFO  [oracle.clouddev.test.selenium.tests.base.TestBuildPage] Waiting for job page to present
2016-04-07 06:31:47,724 DEBUG [oracle.clouddev.test.selenium.components.AssertElement] Check condition (element is visible) for element [By.xpath: (//div[@id=&apos;page-job&apos;])] on http://ucf2c-dcs-release-hub1.opcdeveloper.oracleinternalucf2c.oraclecorp.com/qa-dev/#projects/qa-dev_test-shared-project1-1460033913915/build/job/qa-dev_test-shared-project1-1460033913915.testCopyJob.
2016-04-07 06:31:47,747 DEBUG [oracle.clouddev.test.selenium.components.AssertElement] Check condition (element exists) for element [By.xpath: (//div[@id=&apos;page-job&apos;])] on http://ucf2c-dcs-release-hub1.opcdeveloper.oracleinternalucf2c.oraclecorp.com/qa-dev/#projects/qa-dev_test-shared-project1-1460033913915/build/job/qa-dev_test-shared-project1-1460033913915.testCopyJob.
2016-04-07 06:31:47,753 INFO  [oracle.clouddev.test.selenium.tests.base.TestBuildPage] Click on Enable Button
2016-04-07 06:31:47,763 DEBUG [oracle.clouddev.test.selenium.components.AssertElement] Check condition (element is visible) for element [By.xpath: (//button[@id=&apos;job-enable-button&apos;])] on http://ucf2c-dcs-release-hub1.opcdeveloper.oracleinternalucf2c.oraclecorp.com/qa-dev/#projects/qa-dev_test-shared-project1-1460033913915/build/job/qa-dev_test-shared-project1-1460033913915.testCopyJob.
2016-04-07 06:31:47,863 INFO  [oracle.clouddev.test.selenium.tests.base.TestBuildPage] Verify that button says Disabled
2016-04-07 06:31:53,876 DEBUG [oracle.clouddev.test.selenium.components.AssertElement] Check condition (element is visible) for element [By.xpath: (//button[@id=&apos;job-enable-button&apos;])] on http://ucf2c-dcs-release-hub1.opcdeveloper.oracleinternalucf2c.oraclecorp.com/qa-dev/#projects/qa-dev_test-shared-project1-1460033913915/build/job/qa-dev_test-shared-project1-1460033913915.testCopyJob.
    </system-out>
    </testcase>
    <testcase classname="oracle.clouddev.test.selenium.tests.base.TestBuildPage" name="buildNowCopyJob" time="13.588">
      <properties>
        <property name="java.runtime.name" value="Java(TM) SE Runtime Environment"/>
        <property name="exec.mainClass" value="oracle.clouddev.test.selenium.RunTests"/>
        <property name="sun.boot.library.path" value="/usr/java/jdk1.8.0_51/jre/lib/amd64"/>
        <property name="java.vm.version" value="25.51-b03"/>
        <property name="java.vm.vendor" value="Oracle Corporation"/>
        <property name="java.vendor.url" value="http://java.oracle.com/"/>
        <property name="guice.disable.misplaced.annotation.check" value="true"/>
        <property name="path.separator" value=":"/>
        <property name="java.vm.name" value="Java HotSpot(TM) 64-Bit Server VM"/>
        <property name="file.encoding.pkg" value="sun.io"/>
        <property name="user.country" value="US"/>
        <property name="sun.java.launcher" value="SUN_STANDARD"/>
        <property name="sun.os.patch.level" value="unknown"/>
        <property name="http.noProxyHosts" value="localhost|127.0.0.1|*.local|*.oraclecorp.com|*.us.oracle.com"/>
        <property name="java.vm.specification.name" value="Java Virtual Machine Specification"/>
        <property name="user.dir" value="/home/builder/hudson/workspace/dcs_dcs.Release-Selenium-Tests/selenium-tests"/>
        <property name="java.runtime.version" value="1.8.0_51-b16"/>
        <property name="java.awt.graphicsenv" value="sun.awt.X11GraphicsEnvironment"/>
        <property name="java.endorsed.dirs" value="/usr/java/jdk1.8.0_51/jre/lib/endorsed"/>
        <property name="os.arch" value="amd64"/>
        <property name="java.io.tmpdir" value="/tmp"/>
        <property name="line.separator" value="
"/>
        <property name="java.vm.specification.vendor" value="Oracle Corporation"/>
        <property name="https.proxyHost" value="www-proxy.us.oracle.com"/>
        <property name="os.name" value="Linux"/>
        <property name="classworlds.conf" value="/usr/local/apache-maven/apache-maven-3.0.4/bin/m2.conf"/>
        <property name="sun.jnu.encoding" value="UTF-8"/>
        <property name="http.proxyPort" value="80"/>
        <property name="java.library.path" value="/usr/java/packages/lib/amd64:/usr/lib64:/lib64:/lib:/usr/lib"/>
        <property name="sun.awt.enableExtraMouseButtons" value="true"/>
        <property name="java.specification.name" value="Java Platform API Specification"/>
        <property name="java.class.version" value="52.0"/>
        <property name="sun.management.compiler" value="HotSpot 64-Bit Tiered Compilers"/>
        <property name="os.version" value="3.8.13-55.1.1.el6uek.x86_64"/>
        <property name="user.home" value="/home/builder"/>
        <property name="user.timezone" value="PST8PDT"/>
        <property name="java.awt.printerjob" value="sun.print.PSPrinterJob"/>
        <property name="file.encoding" value="UTF-8"/>
        <property name="java.specification.version" value="1.8"/>
        <property name="java.class.path" value="/usr/local/apache-maven/apache-maven-3.0.4/boot/plexus-classworlds-2.4.jar"/>
        <property name="user.name" value="builder"/>
        <property name="java.vm.specification.version" value="1.8"/>
        <property name="sun.java.command" value="org.codehaus.plexus.classworlds.launcher.Launcher -f /home/c2c/hudson/workspace/dcs_dcs.Release-Selenium-Tests/selenium-tests/pom.xml --batch-mode exec:java -Dexec.mainClass=oracle.clouddev.test.selenium.RunTests -Dexec.args=selenium.browser.size.w=1280 selenium.browser.size.h=960 capture.video=true capture.screenshots=true notification.type=swing notification.history=3 notification.font.size=15 job-release-selenium-tests.properties build.job=dcs_dcs.Release-Selenium-Tests build.number=289 target.release=16.2.3.0.0 timeout.build.buildqueue=1200 timeout.build.buildqueue.polling=60 -s BASE --tag base"/>
        <property name="java.home" value="/usr/java/jdk1.8.0_51/jre"/>
        <property name="sun.arch.data.model" value="64"/>
        <property name="user.language" value="en"/>
        <property name="java.specification.vendor" value="Oracle Corporation"/>
        <property name="awt.toolkit" value="sun.awt.X11.XToolkit"/>
        <property name="java.vm.info" value="mixed mode"/>
        <property name="java.version" value="1.8.0_51"/>
        <property name="securerandom.source" value="file:/dev/./urandom"/>
        <property name="java.ext.dirs" value="/usr/java/jdk1.8.0_51/jre/lib/ext:/usr/java/packages/lib/ext"/>
        <property name="http.proxyHost" value="www-proxy.us.oracle.com"/>
        <property name="sun.boot.class.path" value="/usr/java/jdk1.8.0_51/jre/lib/resources.jar:/usr/java/jdk1.8.0_51/jre/lib/rt.jar:/usr/java/jdk1.8.0_51/jre/lib/sunrsasign.jar:/usr/java/jdk1.8.0_51/jre/lib/jsse.jar:/usr/java/jdk1.8.0_51/jre/lib/jce.jar:/usr/java/jdk1.8.0_51/jre/lib/charsets.jar:/usr/java/jdk1.8.0_51/jre/lib/jfr.jar:/usr/java/jdk1.8.0_51/jre/classes"/>
        <property name="java.vendor" value="Oracle Corporation"/>
        <property name="maven.home" value="/usr/local/apache-maven/apache-maven-3.0.4"/>
        <property name="file.separator" value="/"/>
        <property name="java.vendor.url.bug" value="http://bugreport.sun.com/bugreport/"/>
        <property name="sun.font.fontmanager" value="sun.awt.X11FontManager"/>
        <property name="sun.io.unicode.encoding" value="UnicodeLittle"/>
        <property name="sun.cpu.endian" value="little"/>
        <property name="https.proxyPort" value="80"/>
        <property name="exec.args" value="selenium.browser.size.w=1280 selenium.browser.size.h=960 capture.video=true capture.screenshots=true notification.type=swing notification.history=3 notification.font.size=15 job-release-selenium-tests.properties build.job=dcs_dcs.Release-Selenium-Tests build.number=289 target.release=16.2.3.0.0 timeout.build.buildqueue=1200 timeout.build.buildqueue.polling=60 -s BASE --tag base"/>
        <property name="sun.cpu.isalist" value=""/>
        <property name="test.selenium.browser.size.h" value="960"/>
        <property name="test.user.non-admin.name" value="tom.testsuite"/>
        <property name="test.https.proxyHost" value="www-proxy.us.oracle.com"/>
        <property name="test.user.admin.name" value="tina.testsuite"/>
        <property name="test.user.em-agent.password" value="Welcome1!"/>
        <property name="test.tag" value="base"/>
        <property name="test.user.em-agent.fullname" value="Alex Admin"/>
        <property name="test.selenium.port" value="44000"/>
        <property name="test.build.number" value="289"/>
        <property name="test.user.sdi-agent.enabled" value="true"/>
        <property name="test.timeout.assert.condition" value="30"/>
        <property name="test.target.version" value="{
  &quot;buildInformation&quot; : {
    &quot;gitCommitId&quot; : &quot;84b91eb9e1660e336bb9289583fdf62f88d10e16&quot;,
    &quot;gitCommitMessage&quot; : &quot;Bug 23012667 - Check for valid ACCS account in the same ID Domain\n&quot;,
    &quot;buildTime&quot; : &quot;05.04.2016 @ 21:54:38 PDT&quot;,
    &quot;buildUser&quot; : &quot;Code2Cloud Builder&quot;
  }
}"/>
        <property name="test.build.job" value="dcs_dcs.Release-Selenium-Tests"/>
        <property name="test.timeout.project.create" value="660"/>
        <property name="test.user.sdi-agent.name" value="alex.admin"/>
        <property name="test.selenium.browser" value="firefox"/>
        <property name="test.http.proxyPort" value="80"/>
        <property name="test.user.sdi-agent.password" value="Welcome1!"/>
        <property name="test.user.sdi-agent.fullname" value="Alex Admin"/>
        <property name="test.timeout.selenium.navigate" value="20"/>
        <property name="test.target.release" value="16.2.3.0.0"/>
        <property name="test.byom.ip" value="127.0.0.1"/>
        <property name="test.byom.port" value="8585"/>
        <property name="test.notification.type" value="swing"/>
        <property name="test.data.project.override" value=""/>
        <property name="test.timeout.selenium.find" value="1"/>
        <property name="test.user.em-agent.enabled" value="true"/>
        <property name="test.testEmptyOrg.db.id" value=""/>
        <property name="test.reviews.timeout.slowdown" value="0"/>
        <property name="test.http.noProxyHosts" value="localhost|127.0.0.1|*.local|*.oraclecorp.com|*.us.oracle.com"/>
        <property name="test.capture.video" value="true"/>
        <property name="test.user.non-admin.password" value="Welcome1!"/>
        <property name="test.user.non-admin.fullname" value="Tom Testsuite"/>
        <property name="test.user.admin.password" value="Welcome1!"/>
        <property name="test.notification.history" value="3"/>
        <property name="test.user.admin.fullname" value="Tina Testsuite"/>
        <property name="test.capture.screenshots" value="true"/>
        <property name="test.testEmptyOrg.db.connectString" value="jdbc:oracle:thin:@(DESCRIPTION=(ADDRESS=(PROTOCOL=TCP)(HOST=slc09iwb.us.oracle.com)(PORT=1521))(CONNECT_DATA=(SERVICE_NAME=dbpod)))"/>
        <property name="test.firefox.bin" value=""/>
        <property name="test.https.proxyPort" value="80"/>
        <property name="test.develop.offline" value="false"/>
        <property name="test.timeout.build.buildqueue.polling" value="60"/>
        <property name="test.output.dir" value="target/test-reports/"/>
        <property name="test.firefox.allowedHosts" value="localhost,localhost.localdomain"/>
        <property name="test.testEmptyOrg.db.schema" value="BV2RLPNYEWMR"/>
        <property name="test.web.url" value="http://ucf2c-dcs-release-hub1.opcdeveloper.oracleinternalucf2c.oraclecorp.com/qa-dev/"/>
        <property name="test.firefox.extensions" value=""/>
        <property name="test.testEmptyOrg.orgExistsCheck" value="false"/>
        <property name="test.data.dir" value="data/"/>
        <property name="test.notification.font.size" value="15"/>
        <property name="test.testEmptyOrg.service" value="devservice5"/>
        <property name="test.selenium.start.server" value="false"/>
        <property name="test.firefox.profile.path" value=""/>
        <property name="test.selenium.host" value="localhost"/>
        <property name="test.suite" value="BASE"/>
        <property name="test.tests" value=""/>
        <property name="test.user.admin.idm" value="dcsdevteam"/>
        <property name="test.http.proxyHost" value="www-proxy.us.oracle.com"/>
        <property name="test.testMethods" value=""/>
        <property name="test.reviews.dontDeleteEnviroment" value="false"/>
        <property name="test.selenium.browser.maximize" value="false"/>
        <property name="test.firefox.profile.name" value=""/>
        <property name="test.timeout.build.buildqueue" value="1200"/>
        <property name="test.user.em-agent.idm" value="dcsdevteam"/>
        <property name="test.selenium.remote" value="false"/>
        <property name="test.user.sdi-agent.idm" value="dcsdevteam"/>
        <property name="test.byom.authToken" value="123456"/>
        <property name="test.proxy.autodetect" value="false"/>
        <property name="test.testEmptyOrg.idm" value="dcsdevteam"/>
        <property name="test.user.non-admin.idm" value="dcsdevteam"/>
        <property name="test.data.tasks.useexisting" value="false"/>
        <property name="test.selenium.browser.size.w" value="1280"/>
        <property name="test.category" value="DEFAULT"/>
        <property name="test.user.em-agent.name" value="alex.admin"/>
        <property name="test.timeout.slowdown" value="0"/>
      </properties>
    <system-out>
2016-04-07 06:31:53,964 INFO  [oracle.clouddev.test.framework.rest.RestClient] [request#176] POST http://ucf2c-dcs-release-hub1.opcdeveloper.oracleinternalucf2c.oraclecorp.com/qa-dev/api/projects/search2 HTTP/1.1 (user: ADMIN(dcsdevteam/tina.testsuite/Welcome1!))
2016-04-07 06:31:53,964 DEBUG [oracle.clouddev.test.framework.rest.RestClient] [request#176] posted content:
{
  &quot;projectRelationship&quot; : &quot;ALL&quot;,
  &quot;organizationIdentifier&quot; : &quot;qa-dev&quot;,
  &quot;shallowCopy&quot; : false
}
2016-04-07 06:31:53,965 DEBUG [oracle.clouddev.test.framework.rest.RestClient] [request#176] cURL: curl -k -u tina.testsuite:Welcome1! -X POST &apos;http://ucf2c-dcs-release-hub1.opcdeveloper.oracleinternalucf2c.oraclecorp.com/qa-dev/api/projects/search2&apos; -H &apos;Content-Type: application/json; charset=UTF-8&apos; --data-binary &apos;{  &quot;projectRelationship&quot; : &quot;ALL&quot;,  &quot;organizationIdentifier&quot; : &quot;qa-dev&quot;,  &quot;shallowCopy&quot; : false}&apos;
2016-04-07 06:31:54,787 INFO  [oracle.clouddev.test.framework.rest.RestClient] [request#176] HTTP/1.1 200 OK
2016-04-07 06:31:54,787 DEBUG [oracle.clouddev.test.framework.rest.RestClient] [request#176] Content-Type: application/json;charset=UTF-8
2016-04-07 06:31:54,787 DEBUG [oracle.clouddev.test.framework.rest.RestClient] [request#176] Content-Length: -- no value --
2016-04-07 06:31:54,959 DEBUG [oracle.clouddev.test.selenium.junit.BrowserSession] navigating to project qa-dev_test-shared-project1-1460033913915 (http://ucf2c-dcs-release-hub1.opcdeveloper.oracleinternalucf2c.oraclecorp.com/qa-dev/#/projects/qa-dev_test-shared-project1-1460033913915)
2016-04-07 06:31:55,920 DEBUG [oracle.clouddev.test.selenium.components.AssertElement] Check condition (oracle.clouddev.test.selenium.components.Conditions$5@6b723040) for element [By.xpath: .//button[@id=&apos;odcs-project-selector&apos;]/span[1]] on http://ucf2c-dcs-release-hub1.opcdeveloper.oracleinternalucf2c.oraclecorp.com/qa-dev/#/projects/qa-dev_test-shared-project1-1460033913915.
2016-04-07 06:31:55,950 DEBUG [oracle.clouddev.test.selenium.components.AssertElement] Check condition (NOT (element is visible)) for element [By.id: page-provision] on http://ucf2c-dcs-release-hub1.opcdeveloper.oracleinternalucf2c.oraclecorp.com/qa-dev/#/projects/qa-dev_test-shared-project1-1460033913915.
2016-04-07 06:31:56,971 DEBUG [oracle.clouddev.test.selenium.components.AssertElement] Check condition (element is visible) for element [By.id: odcs-nav-tabs] on http://ucf2c-dcs-release-hub1.opcdeveloper.oracleinternalucf2c.oraclecorp.com/qa-dev/#/projects/qa-dev_test-shared-project1-1460033913915.
2016-04-07 06:31:56,995 DEBUG [oracle.clouddev.test.selenium.components.AssertElement] Check condition (element is visible) for element [By.xpath: .//a[@id=&apos;build&apos;] under [By.id: odcs-nav-tabs]] on http://ucf2c-dcs-release-hub1.opcdeveloper.oracleinternalucf2c.oraclecorp.com/qa-dev/#/projects/qa-dev_test-shared-project1-1460033913915.
2016-04-07 06:31:57,022 DEBUG [oracle.clouddev.test.selenium.components.AssertElement] Check condition (NOT (element has style class &apos;oj-disabled&apos;)) for element [By.xpath: .//a[@id=&apos;build&apos;] under [By.id: odcs-nav-tabs]] on http://ucf2c-dcs-release-hub1.opcdeveloper.oracleinternalucf2c.oraclecorp.com/qa-dev/#/projects/qa-dev_test-shared-project1-1460033913915.
2016-04-07 06:31:57,051 DEBUG [oracle.clouddev.test.selenium.components.AssertElement] Check condition (element is visible) for element [By.xpath: .//a[@id=&apos;build&apos;] under [By.id: odcs-nav-tabs]] on http://ucf2c-dcs-release-hub1.opcdeveloper.oracleinternalucf2c.oraclecorp.com/qa-dev/#/projects/qa-dev_test-shared-project1-1460033913915.
2016-04-07 06:31:57,330 DEBUG [oracle.clouddev.test.selenium.components.AssertElement] Check condition (element has style class &apos;oj-active&apos;) for element [By.xpath: .//a[@id=&apos;build&apos;] under [By.id: odcs-nav-tabs]] on http://ucf2c-dcs-release-hub1.opcdeveloper.oracleinternalucf2c.oraclecorp.com/qa-dev/#projects/qa-dev_test-shared-project1-1460033913915/build.
2016-04-07 06:31:57,682 DEBUG [oracle.clouddev.test.selenium.components.AssertElement] Check condition (element is visible) for element [By.xpath: .//a[@id=&apos;build&apos;] under [By.id: odcs-nav-tabs]] on http://ucf2c-dcs-release-hub1.opcdeveloper.oracleinternalucf2c.oraclecorp.com/qa-dev/#projects/qa-dev_test-shared-project1-1460033913915/build.
2016-04-07 06:31:57,791 INFO  [oracle.clouddev.test.selenium.tests.base.TestBuildPage] TestBuildPage.buildNowCopyJob
2016-04-07 06:31:57,791 INFO  [oracle.clouddev.test.selenium.tests.base.TestBuildPage] TestBuildPage.buildNowCopyJob entering _buildNow
2016-04-07 06:31:57,791 INFO  [oracle.clouddev.test.selenium.tests.base.TestBuildPage] Waiting for jobs page to present
2016-04-07 06:31:57,805 DEBUG [oracle.clouddev.test.selenium.components.AssertElement] Check condition (element is visible) for element [By.xpath: (//div[@id=&apos;page-jobs&apos;])] on http://ucf2c-dcs-release-hub1.opcdeveloper.oracleinternalucf2c.oraclecorp.com/qa-dev/#projects/qa-dev_test-shared-project1-1460033913915/build.
2016-04-07 06:31:57,827 DEBUG [oracle.clouddev.test.selenium.components.AssertElement] Check condition (element exists) for element [By.xpath: (//div[@id=&apos;page-jobs&apos;])] on http://ucf2c-dcs-release-hub1.opcdeveloper.oracleinternalucf2c.oraclecorp.com/qa-dev/#projects/qa-dev_test-shared-project1-1460033913915/build.
2016-04-07 06:31:57,833 INFO  [oracle.clouddev.test.selenium.tests.base.TestBuildPage] Checking jobs table for testCopyJob
2016-04-07 06:32:01,865 INFO  [oracle.clouddev.test.selenium.tests.base.TestBuildPage] Checking row #1
2016-04-07 06:32:03,926 INFO  [oracle.clouddev.test.selenium.tests.base.TestBuildPage] Checking row #2
2016-04-07 06:32:05,959 INFO  [oracle.clouddev.test.selenium.tests.base.TestBuildPage] Build Now job name: testCopyJob
2016-04-07 06:32:05,983 DEBUG [oracle.clouddev.test.selenium.components.AssertElement] Check condition (element is visible) for element [By.xpath: (//tbody/tr[2]/td[8]/div[3]/div[contains(@class, &apos;img-schedule&apos;)])] on http://ucf2c-dcs-release-hub1.opcdeveloper.oracleinternalucf2c.oraclecorp.com/qa-dev/#projects/qa-dev_test-shared-project1-1460033913915/build.
2016-04-07 06:32:06,309 INFO  [oracle.clouddev.test.selenium.tests.base.TestBuildPage] New Build start time: Thu Apr 07 06:32:06 PDT 2016
2016-04-07 06:32:06,310 INFO  [oracle.clouddev.test.selenium.tests.base.TestBuildPage] Wait for &apos;Queued&apos; to present
2016-04-07 06:32:06,330 DEBUG [oracle.clouddev.test.selenium.components.AssertElement] Check condition (element exists) for element [By.xpath: (//div[@id=&apos;queues&apos;]/table/tbody/tr/td/a[contains(text(),&apos;testCopyJob&apos;)])] on http://ucf2c-dcs-release-hub1.opcdeveloper.oracleinternalucf2c.oraclecorp.com/qa-dev/#projects/qa-dev_test-shared-project1-1460033913915/build.
2016-04-07 06:32:07,545 INFO  [oracle.clouddev.test.selenium.tests.base.TestBuildPage] Job queued
    </system-out>
    </testcase>
    <testcase classname="oracle.clouddev.test.selenium.tests.base.TestBuildPage" name="checkBuildCopyJob" time="80.492">
      <properties>
        <property name="java.runtime.name" value="Java(TM) SE Runtime Environment"/>
        <property name="exec.mainClass" value="oracle.clouddev.test.selenium.RunTests"/>
        <property name="sun.boot.library.path" value="/usr/java/jdk1.8.0_51/jre/lib/amd64"/>
        <property name="java.vm.version" value="25.51-b03"/>
        <property name="java.vm.vendor" value="Oracle Corporation"/>
        <property name="java.vendor.url" value="http://java.oracle.com/"/>
        <property name="guice.disable.misplaced.annotation.check" value="true"/>
        <property name="path.separator" value=":"/>
        <property name="java.vm.name" value="Java HotSpot(TM) 64-Bit Server VM"/>
        <property name="file.encoding.pkg" value="sun.io"/>
        <property name="user.country" value="US"/>
        <property name="sun.java.launcher" value="SUN_STANDARD"/>
        <property name="sun.os.patch.level" value="unknown"/>
        <property name="http.noProxyHosts" value="localhost|127.0.0.1|*.local|*.oraclecorp.com|*.us.oracle.com"/>
        <property name="java.vm.specification.name" value="Java Virtual Machine Specification"/>
        <property name="user.dir" value="/home/builder/hudson/workspace/dcs_dcs.Release-Selenium-Tests/selenium-tests"/>
        <property name="java.runtime.version" value="1.8.0_51-b16"/>
        <property name="java.awt.graphicsenv" value="sun.awt.X11GraphicsEnvironment"/>
        <property name="java.endorsed.dirs" value="/usr/java/jdk1.8.0_51/jre/lib/endorsed"/>
        <property name="os.arch" value="amd64"/>
        <property name="java.io.tmpdir" value="/tmp"/>
        <property name="line.separator" value="
"/>
        <property name="java.vm.specification.vendor" value="Oracle Corporation"/>
        <property name="https.proxyHost" value="www-proxy.us.oracle.com"/>
        <property name="os.name" value="Linux"/>
        <property name="classworlds.conf" value="/usr/local/apache-maven/apache-maven-3.0.4/bin/m2.conf"/>
        <property name="sun.jnu.encoding" value="UTF-8"/>
        <property name="http.proxyPort" value="80"/>
        <property name="java.library.path" value="/usr/java/packages/lib/amd64:/usr/lib64:/lib64:/lib:/usr/lib"/>
        <property name="sun.awt.enableExtraMouseButtons" value="true"/>
        <property name="java.specification.name" value="Java Platform API Specification"/>
        <property name="java.class.version" value="52.0"/>
        <property name="sun.management.compiler" value="HotSpot 64-Bit Tiered Compilers"/>
        <property name="os.version" value="3.8.13-55.1.1.el6uek.x86_64"/>
        <property name="user.home" value="/home/builder"/>
        <property name="user.timezone" value="PST8PDT"/>
        <property name="java.awt.printerjob" value="sun.print.PSPrinterJob"/>
        <property name="file.encoding" value="UTF-8"/>
        <property name="java.specification.version" value="1.8"/>
        <property name="java.class.path" value="/usr/local/apache-maven/apache-maven-3.0.4/boot/plexus-classworlds-2.4.jar"/>
        <property name="user.name" value="builder"/>
        <property name="java.vm.specification.version" value="1.8"/>
        <property name="sun.java.command" value="org.codehaus.plexus.classworlds.launcher.Launcher -f /home/c2c/hudson/workspace/dcs_dcs.Release-Selenium-Tests/selenium-tests/pom.xml --batch-mode exec:java -Dexec.mainClass=oracle.clouddev.test.selenium.RunTests -Dexec.args=selenium.browser.size.w=1280 selenium.browser.size.h=960 capture.video=true capture.screenshots=true notification.type=swing notification.history=3 notification.font.size=15 job-release-selenium-tests.properties build.job=dcs_dcs.Release-Selenium-Tests build.number=289 target.release=16.2.3.0.0 timeout.build.buildqueue=1200 timeout.build.buildqueue.polling=60 -s BASE --tag base"/>
        <property name="java.home" value="/usr/java/jdk1.8.0_51/jre"/>
        <property name="sun.arch.data.model" value="64"/>
        <property name="user.language" value="en"/>
        <property name="java.specification.vendor" value="Oracle Corporation"/>
        <property name="awt.toolkit" value="sun.awt.X11.XToolkit"/>
        <property name="java.vm.info" value="mixed mode"/>
        <property name="java.version" value="1.8.0_51"/>
        <property name="securerandom.source" value="file:/dev/./urandom"/>
        <property name="java.ext.dirs" value="/usr/java/jdk1.8.0_51/jre/lib/ext:/usr/java/packages/lib/ext"/>
        <property name="http.proxyHost" value="www-proxy.us.oracle.com"/>
        <property name="sun.boot.class.path" value="/usr/java/jdk1.8.0_51/jre/lib/resources.jar:/usr/java/jdk1.8.0_51/jre/lib/rt.jar:/usr/java/jdk1.8.0_51/jre/lib/sunrsasign.jar:/usr/java/jdk1.8.0_51/jre/lib/jsse.jar:/usr/java/jdk1.8.0_51/jre/lib/jce.jar:/usr/java/jdk1.8.0_51/jre/lib/charsets.jar:/usr/java/jdk1.8.0_51/jre/lib/jfr.jar:/usr/java/jdk1.8.0_51/jre/classes"/>
        <property name="java.vendor" value="Oracle Corporation"/>
        <property name="maven.home" value="/usr/local/apache-maven/apache-maven-3.0.4"/>
        <property name="file.separator" value="/"/>
        <property name="java.vendor.url.bug" value="http://bugreport.sun.com/bugreport/"/>
        <property name="sun.font.fontmanager" value="sun.awt.X11FontManager"/>
        <property name="sun.io.unicode.encoding" value="UnicodeLittle"/>
        <property name="sun.cpu.endian" value="little"/>
        <property name="https.proxyPort" value="80"/>
        <property name="exec.args" value="selenium.browser.size.w=1280 selenium.browser.size.h=960 capture.video=true capture.screenshots=true notification.type=swing notification.history=3 notification.font.size=15 job-release-selenium-tests.properties build.job=dcs_dcs.Release-Selenium-Tests build.number=289 target.release=16.2.3.0.0 timeout.build.buildqueue=1200 timeout.build.buildqueue.polling=60 -s BASE --tag base"/>
        <property name="sun.cpu.isalist" value=""/>
        <property name="test.selenium.browser.size.h" value="960"/>
        <property name="test.user.non-admin.name" value="tom.testsuite"/>
        <property name="test.https.proxyHost" value="www-proxy.us.oracle.com"/>
        <property name="test.user.admin.name" value="tina.testsuite"/>
        <property name="test.user.em-agent.password" value="Welcome1!"/>
        <property name="test.tag" value="base"/>
        <property name="test.user.em-agent.fullname" value="Alex Admin"/>
        <property name="test.selenium.port" value="44000"/>
        <property name="test.build.number" value="289"/>
        <property name="test.user.sdi-agent.enabled" value="true"/>
        <property name="test.timeout.assert.condition" value="30"/>
        <property name="test.target.version" value="{
  &quot;buildInformation&quot; : {
    &quot;gitCommitId&quot; : &quot;84b91eb9e1660e336bb9289583fdf62f88d10e16&quot;,
    &quot;gitCommitMessage&quot; : &quot;Bug 23012667 - Check for valid ACCS account in the same ID Domain\n&quot;,
    &quot;buildTime&quot; : &quot;05.04.2016 @ 21:54:38 PDT&quot;,
    &quot;buildUser&quot; : &quot;Code2Cloud Builder&quot;
  }
}"/>
        <property name="test.build.job" value="dcs_dcs.Release-Selenium-Tests"/>
        <property name="test.timeout.project.create" value="660"/>
        <property name="test.user.sdi-agent.name" value="alex.admin"/>
        <property name="test.selenium.browser" value="firefox"/>
        <property name="test.http.proxyPort" value="80"/>
        <property name="test.user.sdi-agent.password" value="Welcome1!"/>
        <property name="test.user.sdi-agent.fullname" value="Alex Admin"/>
        <property name="test.timeout.selenium.navigate" value="20"/>
        <property name="test.target.release" value="16.2.3.0.0"/>
        <property name="test.byom.ip" value="127.0.0.1"/>
        <property name="test.byom.port" value="8585"/>
        <property name="test.notification.type" value="swing"/>
        <property name="test.data.project.override" value=""/>
        <property name="test.timeout.selenium.find" value="1"/>
        <property name="test.user.em-agent.enabled" value="true"/>
        <property name="test.testEmptyOrg.db.id" value=""/>
        <property name="test.reviews.timeout.slowdown" value="0"/>
        <property name="test.http.noProxyHosts" value="localhost|127.0.0.1|*.local|*.oraclecorp.com|*.us.oracle.com"/>
        <property name="test.capture.video" value="true"/>
        <property name="test.user.non-admin.password" value="Welcome1!"/>
        <property name="test.user.non-admin.fullname" value="Tom Testsuite"/>
        <property name="test.user.admin.password" value="Welcome1!"/>
        <property name="test.notification.history" value="3"/>
        <property name="test.user.admin.fullname" value="Tina Testsuite"/>
        <property name="test.capture.screenshots" value="true"/>
        <property name="test.testEmptyOrg.db.connectString" value="jdbc:oracle:thin:@(DESCRIPTION=(ADDRESS=(PROTOCOL=TCP)(HOST=slc09iwb.us.oracle.com)(PORT=1521))(CONNECT_DATA=(SERVICE_NAME=dbpod)))"/>
        <property name="test.firefox.bin" value=""/>
        <property name="test.https.proxyPort" value="80"/>
        <property name="test.develop.offline" value="false"/>
        <property name="test.timeout.build.buildqueue.polling" value="60"/>
        <property name="test.output.dir" value="target/test-reports/"/>
        <property name="test.firefox.allowedHosts" value="localhost,localhost.localdomain"/>
        <property name="test.testEmptyOrg.db.schema" value="BV2RLPNYEWMR"/>
        <property name="test.web.url" value="http://ucf2c-dcs-release-hub1.opcdeveloper.oracleinternalucf2c.oraclecorp.com/qa-dev/"/>
        <property name="test.firefox.extensions" value=""/>
        <property name="test.testEmptyOrg.orgExistsCheck" value="false"/>
        <property name="test.data.dir" value="data/"/>
        <property name="test.notification.font.size" value="15"/>
        <property name="test.testEmptyOrg.service" value="devservice5"/>
        <property name="test.selenium.start.server" value="false"/>
        <property name="test.firefox.profile.path" value=""/>
        <property name="test.selenium.host" value="localhost"/>
        <property name="test.suite" value="BASE"/>
        <property name="test.tests" value=""/>
        <property name="test.user.admin.idm" value="dcsdevteam"/>
        <property name="test.http.proxyHost" value="www-proxy.us.oracle.com"/>
        <property name="test.testMethods" value=""/>
        <property name="test.reviews.dontDeleteEnviroment" value="false"/>
        <property name="test.selenium.browser.maximize" value="false"/>
        <property name="test.firefox.profile.name" value=""/>
        <property name="test.timeout.build.buildqueue" value="1200"/>
        <property name="test.user.em-agent.idm" value="dcsdevteam"/>
        <property name="test.selenium.remote" value="false"/>
        <property name="test.user.sdi-agent.idm" value="dcsdevteam"/>
        <property name="test.byom.authToken" value="123456"/>
        <property name="test.proxy.autodetect" value="false"/>
        <property name="test.testEmptyOrg.idm" value="dcsdevteam"/>
        <property name="test.user.non-admin.idm" value="dcsdevteam"/>
        <property name="test.data.tasks.useexisting" value="false"/>
        <property name="test.selenium.browser.size.w" value="1280"/>
        <property name="test.category" value="DEFAULT"/>
        <property name="test.user.em-agent.name" value="alex.admin"/>
        <property name="test.timeout.slowdown" value="0"/>
      </properties>
    <system-out>
2016-04-07 06:32:07,552 INFO  [oracle.clouddev.test.framework.rest.RestClient] [request#177] POST http://ucf2c-dcs-release-hub1.opcdeveloper.oracleinternalucf2c.oraclecorp.com/qa-dev/api/projects/search2 HTTP/1.1 (user: ADMIN(dcsdevteam/tina.testsuite/Welcome1!))
2016-04-07 06:32:07,552 DEBUG [oracle.clouddev.test.framework.rest.RestClient] [request#177] posted content:
{
  &quot;projectRelationship&quot; : &quot;ALL&quot;,
  &quot;organizationIdentifier&quot; : &quot;qa-dev&quot;,
  &quot;shallowCopy&quot; : false
}
2016-04-07 06:32:07,552 DEBUG [oracle.clouddev.test.framework.rest.RestClient] [request#177] cURL: curl -k -u tina.testsuite:Welcome1! -X POST &apos;http://ucf2c-dcs-release-hub1.opcdeveloper.oracleinternalucf2c.oraclecorp.com/qa-dev/api/projects/search2&apos; -H &apos;Content-Type: application/json; charset=UTF-8&apos; --data-binary &apos;{  &quot;projectRelationship&quot; : &quot;ALL&quot;,  &quot;organizationIdentifier&quot; : &quot;qa-dev&quot;,  &quot;shallowCopy&quot; : false}&apos;
2016-04-07 06:32:08,483 INFO  [oracle.clouddev.test.framework.rest.RestClient] [request#177] HTTP/1.1 200 OK
2016-04-07 06:32:08,484 DEBUG [oracle.clouddev.test.framework.rest.RestClient] [request#177] Content-Type: application/json;charset=UTF-8
2016-04-07 06:32:08,484 DEBUG [oracle.clouddev.test.framework.rest.RestClient] [request#177] Content-Length: -- no value --
2016-04-07 06:32:08,560 DEBUG [oracle.clouddev.test.selenium.junit.BrowserSession] navigating to project qa-dev_test-shared-project1-1460033913915 (http://ucf2c-dcs-release-hub1.opcdeveloper.oracleinternalucf2c.oraclecorp.com/qa-dev/#/projects/qa-dev_test-shared-project1-1460033913915)
2016-04-07 06:32:09,751 DEBUG [oracle.clouddev.test.selenium.components.AssertElement] Check condition (oracle.clouddev.test.selenium.components.Conditions$5@50f49f76) for element [By.xpath: .//button[@id=&apos;odcs-project-selector&apos;]/span[1]] on http://ucf2c-dcs-release-hub1.opcdeveloper.oracleinternalucf2c.oraclecorp.com/qa-dev/#/projects/qa-dev_test-shared-project1-1460033913915.
2016-04-07 06:32:09,934 DEBUG [oracle.clouddev.test.selenium.components.AssertElement] Check condition (NOT (element is visible)) for element [By.id: page-provision] on http://ucf2c-dcs-release-hub1.opcdeveloper.oracleinternalucf2c.oraclecorp.com/qa-dev/#/projects/qa-dev_test-shared-project1-1460033913915.
2016-04-07 06:32:11,089 DEBUG [oracle.clouddev.test.selenium.components.AssertElement] Check condition (element is visible) for element [By.id: odcs-nav-tabs] on http://ucf2c-dcs-release-hub1.opcdeveloper.oracleinternalucf2c.oraclecorp.com/qa-dev/#/projects/qa-dev_test-shared-project1-1460033913915.
2016-04-07 06:32:11,237 DEBUG [oracle.clouddev.test.selenium.components.AssertElement] Check condition (element is visible) for element [By.xpath: .//a[@id=&apos;build&apos;] under [By.id: odcs-nav-tabs]] on http://ucf2c-dcs-release-hub1.opcdeveloper.oracleinternalucf2c.oraclecorp.com/qa-dev/#/projects/qa-dev_test-shared-project1-1460033913915.
2016-04-07 06:32:11,394 DEBUG [oracle.clouddev.test.selenium.components.AssertElement] Check condition (NOT (element has style class &apos;oj-disabled&apos;)) for element [By.xpath: .//a[@id=&apos;build&apos;] under [By.id: odcs-nav-tabs]] on http://ucf2c-dcs-release-hub1.opcdeveloper.oracleinternalucf2c.oraclecorp.com/qa-dev/#/projects/qa-dev_test-shared-project1-1460033913915.
2016-04-07 06:32:11,463 DEBUG [oracle.clouddev.test.selenium.components.AssertElement] Check condition (element is visible) for element [By.xpath: .//a[@id=&apos;build&apos;] under [By.id: odcs-nav-tabs]] on http://ucf2c-dcs-release-hub1.opcdeveloper.oracleinternalucf2c.oraclecorp.com/qa-dev/#/projects/qa-dev_test-shared-project1-1460033913915.
2016-04-07 06:32:11,935 DEBUG [oracle.clouddev.test.selenium.components.AssertElement] Check condition (element has style class &apos;oj-active&apos;) for element [By.xpath: .//a[@id=&apos;build&apos;] under [By.id: odcs-nav-tabs]] on http://ucf2c-dcs-release-hub1.opcdeveloper.oracleinternalucf2c.oraclecorp.com/qa-dev/#projects/qa-dev_test-shared-project1-1460033913915/build.
2016-04-07 06:32:12,445 DEBUG [oracle.clouddev.test.selenium.components.AssertElement] Check condition (element is visible) for element [By.xpath: .//a[@id=&apos;build&apos;] under [By.id: odcs-nav-tabs]] on http://ucf2c-dcs-release-hub1.opcdeveloper.oracleinternalucf2c.oraclecorp.com/qa-dev/#projects/qa-dev_test-shared-project1-1460033913915/build.
2016-04-07 06:32:12,593 INFO  [oracle.clouddev.test.selenium.tests.base.TestBuildPage] TestBuildPage.checkBuildCopyJob
2016-04-07 06:32:12,593 INFO  [oracle.clouddev.test.selenium.tests.base.TestBuildPage] TestBuildPage.checkBuildCopyJob entering _checkStatusBuildJob
2016-04-07 06:32:12,593 INFO  [oracle.clouddev.test.selenium.tests.base.TestBuildPage] Waiting for jobs page to present
2016-04-07 06:32:12,605 DEBUG [oracle.clouddev.test.selenium.components.AssertElement] Check condition (element is visible) for element [By.xpath: (//div[@id=&apos;page-jobs&apos;])] on http://ucf2c-dcs-release-hub1.opcdeveloper.oracleinternalucf2c.oraclecorp.com/qa-dev/#projects/qa-dev_test-shared-project1-1460033913915/build.
2016-04-07 06:32:12,628 DEBUG [oracle.clouddev.test.selenium.components.AssertElement] Check condition (element exists) for element [By.xpath: (//div[@id=&apos;page-jobs&apos;])] on http://ucf2c-dcs-release-hub1.opcdeveloper.oracleinternalucf2c.oraclecorp.com/qa-dev/#projects/qa-dev_test-shared-project1-1460033913915/build.
2016-04-07 06:32:12,635 INFO  [oracle.clouddev.test.selenium.tests.base.TestBuildPage] Waiting for testCopyJob to disappear
2016-04-07 06:32:12,636 INFO  [oracle.clouddev.test.selenium.tests.base.TestBuildPage] Queued start time: Thu Apr 07 06:32:12 PDT 2016
2016-04-07 06:32:12,636 INFO  [oracle.clouddev.test.selenium.tests.base.TestBuildPage] ...duration timeout: 1200 seconds
2016-04-07 06:32:12,636 INFO  [oracle.clouddev.test.selenium.tests.base.TestBuildPage] ...polling duration timeout: 60 seconds
2016-04-07 06:33:13,688 INFO  [oracle.clouddev.test.selenium.tests.base.TestBuildPage] Execution end time: Thu Apr 07 06:33:13 PDT 2016
2016-04-07 06:33:13,688 INFO  [oracle.clouddev.test.selenium.tests.base.TestBuildPage] Duration queued/execution time: 61.05100 seconds
2016-04-07 06:33:13,688 INFO  [oracle.clouddev.test.selenium.tests.base.TestBuildPage] Waiting for job status...
2016-04-07 06:33:23,688 INFO  [oracle.clouddev.test.selenium.tests.base.TestBuildPage] TestBuildPage.checkBuildCopyJob entering _getJobRow(testCopyJob)
2016-04-07 06:33:23,713 DEBUG [oracle.clouddev.test.selenium.components.AssertElement] Check condition (element is visible) for element [By.xpath: (//table[@id=&apos;jobs-table-table&apos;])] on http://ucf2c-dcs-release-hub1.opcdeveloper.oracleinternalucf2c.oraclecorp.com/qa-dev/#projects/qa-dev_test-shared-project1-1460033913915/build.
2016-04-07 06:33:25,815 DEBUG [oracle.clouddev.test.selenium.components.AssertElement] Check condition (element is visible) for element [By.xpath: (//tbody/tr[1]/td[4]/a)] on http://ucf2c-dcs-release-hub1.opcdeveloper.oracleinternalucf2c.oraclecorp.com/qa-dev/#projects/qa-dev_test-shared-project1-1460033913915/build.
2016-04-07 06:33:25,922 DEBUG [oracle.clouddev.test.selenium.components.AssertElement] Check condition (element is visible) for element [By.xpath: (//tbody/tr[2]/td[4]/a)] on http://ucf2c-dcs-release-hub1.opcdeveloper.oracleinternalucf2c.oraclecorp.com/qa-dev/#projects/qa-dev_test-shared-project1-1460033913915/build.
2016-04-07 06:33:25,987 INFO  [oracle.clouddev.test.selenium.tests.base.TestBuildPage] Checking Status column
2016-04-07 06:33:28,005 DEBUG [oracle.clouddev.test.selenium.components.AssertElement] Check condition (element is visible) for element [By.xpath: (//table[@id=&apos;jobs-table-table&apos;]/tbody/tr[2][contains(td[4], &apos;testCopyJob&apos;)]/td[2]/div)] on http://ucf2c-dcs-release-hub1.opcdeveloper.oracleinternalucf2c.oraclecorp.com/qa-dev/#projects/qa-dev_test-shared-project1-1460033913915/build.
2016-04-07 06:33:28,037 INFO  [oracle.clouddev.test.selenium.tests.base.TestBuildPage] Status: img-status stat_checkmark_24_full
    </system-out>
    </testcase>
    <testcase classname="oracle.clouddev.test.selenium.tests.base.TestBuildPage" name="cancelNewJob" time="5.887">
      <properties>
        <property name="java.runtime.name" value="Java(TM) SE Runtime Environment"/>
        <property name="exec.mainClass" value="oracle.clouddev.test.selenium.RunTests"/>
        <property name="sun.boot.library.path" value="/usr/java/jdk1.8.0_51/jre/lib/amd64"/>
        <property name="java.vm.version" value="25.51-b03"/>
        <property name="java.vm.vendor" value="Oracle Corporation"/>
        <property name="java.vendor.url" value="http://java.oracle.com/"/>
        <property name="guice.disable.misplaced.annotation.check" value="true"/>
        <property name="path.separator" value=":"/>
        <property name="java.vm.name" value="Java HotSpot(TM) 64-Bit Server VM"/>
        <property name="file.encoding.pkg" value="sun.io"/>
        <property name="user.country" value="US"/>
        <property name="sun.java.launcher" value="SUN_STANDARD"/>
        <property name="sun.os.patch.level" value="unknown"/>
        <property name="http.noProxyHosts" value="localhost|127.0.0.1|*.local|*.oraclecorp.com|*.us.oracle.com"/>
        <property name="java.vm.specification.name" value="Java Virtual Machine Specification"/>
        <property name="user.dir" value="/home/builder/hudson/workspace/dcs_dcs.Release-Selenium-Tests/selenium-tests"/>
        <property name="java.runtime.version" value="1.8.0_51-b16"/>
        <property name="java.awt.graphicsenv" value="sun.awt.X11GraphicsEnvironment"/>
        <property name="java.endorsed.dirs" value="/usr/java/jdk1.8.0_51/jre/lib/endorsed"/>
        <property name="os.arch" value="amd64"/>
        <property name="java.io.tmpdir" value="/tmp"/>
        <property name="line.separator" value="
"/>
        <property name="java.vm.specification.vendor" value="Oracle Corporation"/>
        <property name="https.proxyHost" value="www-proxy.us.oracle.com"/>
        <property name="os.name" value="Linux"/>
        <property name="classworlds.conf" value="/usr/local/apache-maven/apache-maven-3.0.4/bin/m2.conf"/>
        <property name="sun.jnu.encoding" value="UTF-8"/>
        <property name="http.proxyPort" value="80"/>
        <property name="java.library.path" value="/usr/java/packages/lib/amd64:/usr/lib64:/lib64:/lib:/usr/lib"/>
        <property name="sun.awt.enableExtraMouseButtons" value="true"/>
        <property name="java.specification.name" value="Java Platform API Specification"/>
        <property name="java.class.version" value="52.0"/>
        <property name="sun.management.compiler" value="HotSpot 64-Bit Tiered Compilers"/>
        <property name="os.version" value="3.8.13-55.1.1.el6uek.x86_64"/>
        <property name="user.home" value="/home/builder"/>
        <property name="user.timezone" value="PST8PDT"/>
        <property name="java.awt.printerjob" value="sun.print.PSPrinterJob"/>
        <property name="file.encoding" value="UTF-8"/>
        <property name="java.specification.version" value="1.8"/>
        <property name="java.class.path" value="/usr/local/apache-maven/apache-maven-3.0.4/boot/plexus-classworlds-2.4.jar"/>
        <property name="user.name" value="builder"/>
        <property name="java.vm.specification.version" value="1.8"/>
        <property name="sun.java.command" value="org.codehaus.plexus.classworlds.launcher.Launcher -f /home/c2c/hudson/workspace/dcs_dcs.Release-Selenium-Tests/selenium-tests/pom.xml --batch-mode exec:java -Dexec.mainClass=oracle.clouddev.test.selenium.RunTests -Dexec.args=selenium.browser.size.w=1280 selenium.browser.size.h=960 capture.video=true capture.screenshots=true notification.type=swing notification.history=3 notification.font.size=15 job-release-selenium-tests.properties build.job=dcs_dcs.Release-Selenium-Tests build.number=289 target.release=16.2.3.0.0 timeout.build.buildqueue=1200 timeout.build.buildqueue.polling=60 -s BASE --tag base"/>
        <property name="java.home" value="/usr/java/jdk1.8.0_51/jre"/>
        <property name="sun.arch.data.model" value="64"/>
        <property name="user.language" value="en"/>
        <property name="java.specification.vendor" value="Oracle Corporation"/>
        <property name="awt.toolkit" value="sun.awt.X11.XToolkit"/>
        <property name="java.vm.info" value="mixed mode"/>
        <property name="java.version" value="1.8.0_51"/>
        <property name="securerandom.source" value="file:/dev/./urandom"/>
        <property name="java.ext.dirs" value="/usr/java/jdk1.8.0_51/jre/lib/ext:/usr/java/packages/lib/ext"/>
        <property name="http.proxyHost" value="www-proxy.us.oracle.com"/>
        <property name="sun.boot.class.path" value="/usr/java/jdk1.8.0_51/jre/lib/resources.jar:/usr/java/jdk1.8.0_51/jre/lib/rt.jar:/usr/java/jdk1.8.0_51/jre/lib/sunrsasign.jar:/usr/java/jdk1.8.0_51/jre/lib/jsse.jar:/usr/java/jdk1.8.0_51/jre/lib/jce.jar:/usr/java/jdk1.8.0_51/jre/lib/charsets.jar:/usr/java/jdk1.8.0_51/jre/lib/jfr.jar:/usr/java/jdk1.8.0_51/jre/classes"/>
        <property name="java.vendor" value="Oracle Corporation"/>
        <property name="maven.home" value="/usr/local/apache-maven/apache-maven-3.0.4"/>
        <property name="file.separator" value="/"/>
        <property name="java.vendor.url.bug" value="http://bugreport.sun.com/bugreport/"/>
        <property name="sun.font.fontmanager" value="sun.awt.X11FontManager"/>
        <property name="sun.io.unicode.encoding" value="UnicodeLittle"/>
        <property name="sun.cpu.endian" value="little"/>
        <property name="https.proxyPort" value="80"/>
        <property name="exec.args" value="selenium.browser.size.w=1280 selenium.browser.size.h=960 capture.video=true capture.screenshots=true notification.type=swing notification.history=3 notification.font.size=15 job-release-selenium-tests.properties build.job=dcs_dcs.Release-Selenium-Tests build.number=289 target.release=16.2.3.0.0 timeout.build.buildqueue=1200 timeout.build.buildqueue.polling=60 -s BASE --tag base"/>
        <property name="sun.cpu.isalist" value=""/>
        <property name="test.selenium.browser.size.h" value="960"/>
        <property name="test.user.non-admin.name" value="tom.testsuite"/>
        <property name="test.https.proxyHost" value="www-proxy.us.oracle.com"/>
        <property name="test.user.admin.name" value="tina.testsuite"/>
        <property name="test.user.em-agent.password" value="Welcome1!"/>
        <property name="test.tag" value="base"/>
        <property name="test.user.em-agent.fullname" value="Alex Admin"/>
        <property name="test.selenium.port" value="44000"/>
        <property name="test.build.number" value="289"/>
        <property name="test.user.sdi-agent.enabled" value="true"/>
        <property name="test.timeout.assert.condition" value="30"/>
        <property name="test.target.version" value="{
  &quot;buildInformation&quot; : {
    &quot;gitCommitId&quot; : &quot;84b91eb9e1660e336bb9289583fdf62f88d10e16&quot;,
    &quot;gitCommitMessage&quot; : &quot;Bug 23012667 - Check for valid ACCS account in the same ID Domain\n&quot;,
    &quot;buildTime&quot; : &quot;05.04.2016 @ 21:54:38 PDT&quot;,
    &quot;buildUser&quot; : &quot;Code2Cloud Builder&quot;
  }
}"/>
        <property name="test.build.job" value="dcs_dcs.Release-Selenium-Tests"/>
        <property name="test.timeout.project.create" value="660"/>
        <property name="test.user.sdi-agent.name" value="alex.admin"/>
        <property name="test.selenium.browser" value="firefox"/>
        <property name="test.http.proxyPort" value="80"/>
        <property name="test.user.sdi-agent.password" value="Welcome1!"/>
        <property name="test.user.sdi-agent.fullname" value="Alex Admin"/>
        <property name="test.timeout.selenium.navigate" value="20"/>
        <property name="test.target.release" value="16.2.3.0.0"/>
        <property name="test.byom.ip" value="127.0.0.1"/>
        <property name="test.byom.port" value="8585"/>
        <property name="test.notification.type" value="swing"/>
        <property name="test.data.project.override" value=""/>
        <property name="test.timeout.selenium.find" value="1"/>
        <property name="test.user.em-agent.enabled" value="true"/>
        <property name="test.testEmptyOrg.db.id" value=""/>
        <property name="test.reviews.timeout.slowdown" value="0"/>
        <property name="test.http.noProxyHosts" value="localhost|127.0.0.1|*.local|*.oraclecorp.com|*.us.oracle.com"/>
        <property name="test.capture.video" value="true"/>
        <property name="test.user.non-admin.password" value="Welcome1!"/>
        <property name="test.user.non-admin.fullname" value="Tom Testsuite"/>
        <property name="test.user.admin.password" value="Welcome1!"/>
        <property name="test.notification.history" value="3"/>
        <property name="test.user.admin.fullname" value="Tina Testsuite"/>
        <property name="test.capture.screenshots" value="true"/>
        <property name="test.testEmptyOrg.db.connectString" value="jdbc:oracle:thin:@(DESCRIPTION=(ADDRESS=(PROTOCOL=TCP)(HOST=slc09iwb.us.oracle.com)(PORT=1521))(CONNECT_DATA=(SERVICE_NAME=dbpod)))"/>
        <property name="test.firefox.bin" value=""/>
        <property name="test.https.proxyPort" value="80"/>
        <property name="test.develop.offline" value="false"/>
        <property name="test.timeout.build.buildqueue.polling" value="60"/>
        <property name="test.output.dir" value="target/test-reports/"/>
        <property name="test.firefox.allowedHosts" value="localhost,localhost.localdomain"/>
        <property name="test.testEmptyOrg.db.schema" value="BV2RLPNYEWMR"/>
        <property name="test.web.url" value="http://ucf2c-dcs-release-hub1.opcdeveloper.oracleinternalucf2c.oraclecorp.com/qa-dev/"/>
        <property name="test.firefox.extensions" value=""/>
        <property name="test.testEmptyOrg.orgExistsCheck" value="false"/>
        <property name="test.data.dir" value="data/"/>
        <property name="test.notification.font.size" value="15"/>
        <property name="test.testEmptyOrg.service" value="devservice5"/>
        <property name="test.selenium.start.server" value="false"/>
        <property name="test.firefox.profile.path" value=""/>
        <property name="test.selenium.host" value="localhost"/>
        <property name="test.suite" value="BASE"/>
        <property name="test.tests" value=""/>
        <property name="test.user.admin.idm" value="dcsdevteam"/>
        <property name="test.http.proxyHost" value="www-proxy.us.oracle.com"/>
        <property name="test.testMethods" value=""/>
        <property name="test.reviews.dontDeleteEnviroment" value="false"/>
        <property name="test.selenium.browser.maximize" value="false"/>
        <property name="test.firefox.profile.name" value=""/>
        <property name="test.timeout.build.buildqueue" value="1200"/>
        <property name="test.user.em-agent.idm" value="dcsdevteam"/>
        <property name="test.selenium.remote" value="false"/>
        <property name="test.user.sdi-agent.idm" value="dcsdevteam"/>
        <property name="test.byom.authToken" value="123456"/>
        <property name="test.proxy.autodetect" value="false"/>
        <property name="test.testEmptyOrg.idm" value="dcsdevteam"/>
        <property name="test.user.non-admin.idm" value="dcsdevteam"/>
        <property name="test.data.tasks.useexisting" value="false"/>
        <property name="test.selenium.browser.size.w" value="1280"/>
        <property name="test.category" value="DEFAULT"/>
        <property name="test.user.em-agent.name" value="alex.admin"/>
        <property name="test.timeout.slowdown" value="0"/>
      </properties>
    <system-out>
2016-04-07 06:33:28,043 INFO  [oracle.clouddev.test.framework.rest.RestClient] [request#178] POST http://ucf2c-dcs-release-hub1.opcdeveloper.oracleinternalucf2c.oraclecorp.com/qa-dev/api/projects/search2 HTTP/1.1 (user: ADMIN(dcsdevteam/tina.testsuite/Welcome1!))
2016-04-07 06:33:28,043 DEBUG [oracle.clouddev.test.framework.rest.RestClient] [request#178] posted content:
{
  &quot;projectRelationship&quot; : &quot;ALL&quot;,
  &quot;organizationIdentifier&quot; : &quot;qa-dev&quot;,
  &quot;shallowCopy&quot; : false
}
2016-04-07 06:33:28,043 DEBUG [oracle.clouddev.test.framework.rest.RestClient] [request#178] cURL: curl -k -u tina.testsuite:Welcome1! -X POST &apos;http://ucf2c-dcs-release-hub1.opcdeveloper.oracleinternalucf2c.oraclecorp.com/qa-dev/api/projects/search2&apos; -H &apos;Content-Type: application/json; charset=UTF-8&apos; --data-binary &apos;{  &quot;projectRelationship&quot; : &quot;ALL&quot;,  &quot;organizationIdentifier&quot; : &quot;qa-dev&quot;,  &quot;shallowCopy&quot; : false}&apos;
2016-04-07 06:33:29,314 INFO  [oracle.clouddev.test.framework.rest.RestClient] [request#178] HTTP/1.1 200 OK
2016-04-07 06:33:29,314 DEBUG [oracle.clouddev.test.framework.rest.RestClient] [request#178] Content-Type: application/json;charset=UTF-8
2016-04-07 06:33:29,314 DEBUG [oracle.clouddev.test.framework.rest.RestClient] [request#178] Content-Length: -- no value --
2016-04-07 06:33:29,410 DEBUG [oracle.clouddev.test.selenium.junit.BrowserSession] navigating to project qa-dev_test-shared-project1-1460033913915 (http://ucf2c-dcs-release-hub1.opcdeveloper.oracleinternalucf2c.oraclecorp.com/qa-dev/#/projects/qa-dev_test-shared-project1-1460033913915)
2016-04-07 06:33:30,784 DEBUG [oracle.clouddev.test.selenium.components.AssertElement] Check condition (oracle.clouddev.test.selenium.components.Conditions$5@3958ad5e) for element [By.xpath: .//button[@id=&apos;odcs-project-selector&apos;]/span[1]] on http://ucf2c-dcs-release-hub1.opcdeveloper.oracleinternalucf2c.oraclecorp.com/qa-dev/#/projects/qa-dev_test-shared-project1-1460033913915.
2016-04-07 06:33:30,816 DEBUG [oracle.clouddev.test.selenium.components.AssertElement] Check condition (NOT (element is visible)) for element [By.id: page-provision] on http://ucf2c-dcs-release-hub1.opcdeveloper.oracleinternalucf2c.oraclecorp.com/qa-dev/#/projects/qa-dev_test-shared-project1-1460033913915.
2016-04-07 06:33:31,838 DEBUG [oracle.clouddev.test.selenium.components.AssertElement] Check condition (element is visible) for element [By.id: odcs-nav-tabs] on http://ucf2c-dcs-release-hub1.opcdeveloper.oracleinternalucf2c.oraclecorp.com/qa-dev/#/projects/qa-dev_test-shared-project1-1460033913915.
2016-04-07 06:33:31,948 DEBUG [oracle.clouddev.test.selenium.components.AssertElement] Check condition (element is visible) for element [By.xpath: .//a[@id=&apos;build&apos;] under [By.id: odcs-nav-tabs]] on http://ucf2c-dcs-release-hub1.opcdeveloper.oracleinternalucf2c.oraclecorp.com/qa-dev/#/projects/qa-dev_test-shared-project1-1460033913915.
2016-04-07 06:33:32,055 DEBUG [oracle.clouddev.test.selenium.components.AssertElement] Check condition (NOT (element has style class &apos;oj-disabled&apos;)) for element [By.xpath: .//a[@id=&apos;build&apos;] under [By.id: odcs-nav-tabs]] on http://ucf2c-dcs-release-hub1.opcdeveloper.oracleinternalucf2c.oraclecorp.com/qa-dev/#/projects/qa-dev_test-shared-project1-1460033913915.
2016-04-07 06:33:32,250 DEBUG [oracle.clouddev.test.selenium.components.AssertElement] Check condition (element is visible) for element [By.xpath: .//a[@id=&apos;build&apos;] under [By.id: odcs-nav-tabs]] on http://ucf2c-dcs-release-hub1.opcdeveloper.oracleinternalucf2c.oraclecorp.com/qa-dev/#/projects/qa-dev_test-shared-project1-1460033913915.
2016-04-07 06:33:32,506 DEBUG [oracle.clouddev.test.selenium.components.AssertElement] Check condition (element has style class &apos;oj-active&apos;) for element [By.xpath: .//a[@id=&apos;build&apos;] under [By.id: odcs-nav-tabs]] on http://ucf2c-dcs-release-hub1.opcdeveloper.oracleinternalucf2c.oraclecorp.com/qa-dev/#projects/qa-dev_test-shared-project1-1460033913915/build.
2016-04-07 06:33:32,542 DEBUG [oracle.clouddev.test.selenium.components.AssertElement] Check condition (element is visible) for element [By.xpath: .//a[@id=&apos;build&apos;] under [By.id: odcs-nav-tabs]] on http://ucf2c-dcs-release-hub1.opcdeveloper.oracleinternalucf2c.oraclecorp.com/qa-dev/#projects/qa-dev_test-shared-project1-1460033913915/build.
2016-04-07 06:33:32,951 INFO  [oracle.clouddev.test.selenium.tests.base.TestBuildPage] TestBuildPage.cancelNewJob
2016-04-07 06:33:32,951 INFO  [oracle.clouddev.test.selenium.tests.base.TestBuildPage] Waiting for jobs page to present
2016-04-07 06:33:32,967 DEBUG [oracle.clouddev.test.selenium.components.AssertElement] Check condition (element is visible) for element [By.xpath: (//div[@id=&apos;page-jobs&apos;])] on http://ucf2c-dcs-release-hub1.opcdeveloper.oracleinternalucf2c.oraclecorp.com/qa-dev/#projects/qa-dev_test-shared-project1-1460033913915/build.
2016-04-07 06:33:32,991 DEBUG [oracle.clouddev.test.selenium.components.AssertElement] Check condition (element exists) for element [By.xpath: (//div[@id=&apos;page-jobs&apos;])] on http://ucf2c-dcs-release-hub1.opcdeveloper.oracleinternalucf2c.oraclecorp.com/qa-dev/#projects/qa-dev_test-shared-project1-1460033913915/build.
2016-04-07 06:33:33,007 DEBUG [oracle.clouddev.test.selenium.components.AssertElement] Check condition (element is visible) for element [By.id: newJob-button] on http://ucf2c-dcs-release-hub1.opcdeveloper.oracleinternalucf2c.oraclecorp.com/qa-dev/#projects/qa-dev_test-shared-project1-1460033913915/build.
2016-04-07 06:33:33,308 DEBUG [oracle.clouddev.test.selenium.components.AssertElement] Check condition (element is visible) for element [By.id: ojDialogWrapper-newJob] on http://ucf2c-dcs-release-hub1.opcdeveloper.oracleinternalucf2c.oraclecorp.com/qa-dev/#projects/qa-dev_test-shared-project1-1460033913915/build.
2016-04-07 06:33:33,325 INFO  [oracle.clouddev.test.selenium.tests.base.TestBuildPage] Enter Job name: testNewJob
2016-04-07 06:33:33,335 DEBUG [oracle.clouddev.test.selenium.components.AssertElement] Check condition (element is visible) for element [By.id: jobName] on http://ucf2c-dcs-release-hub1.opcdeveloper.oracleinternalucf2c.oraclecorp.com/qa-dev/#projects/qa-dev_test-shared-project1-1460033913915/build.
2016-04-07 06:33:33,357 DEBUG [oracle.clouddev.test.selenium.components.AssertElement] Check condition (element is visible) for element [By.id: jobName] on http://ucf2c-dcs-release-hub1.opcdeveloper.oracleinternalucf2c.oraclecorp.com/qa-dev/#projects/qa-dev_test-shared-project1-1460033913915/build.
2016-04-07 06:33:33,694 INFO  [oracle.clouddev.test.selenium.tests.base.TestBuildPage] Click on Cancel button
2016-04-07 06:33:33,706 DEBUG [oracle.clouddev.test.selenium.components.AssertElement] Check condition (element is visible) for element [By.xpath: (//button[@id=&apos;newJob-cancel-button&apos;])] on http://ucf2c-dcs-release-hub1.opcdeveloper.oracleinternalucf2c.oraclecorp.com/qa-dev/#projects/qa-dev_test-shared-project1-1460033913915/build.
    </system-out>
    </testcase>
    <testcase classname="oracle.clouddev.test.selenium.tests.base.TestBuildPage" name="createDeleteJob" time="16.337">
      <properties>
        <property name="java.runtime.name" value="Java(TM) SE Runtime Environment"/>
        <property name="exec.mainClass" value="oracle.clouddev.test.selenium.RunTests"/>
        <property name="sun.boot.library.path" value="/usr/java/jdk1.8.0_51/jre/lib/amd64"/>
        <property name="java.vm.version" value="25.51-b03"/>
        <property name="java.vm.vendor" value="Oracle Corporation"/>
        <property name="java.vendor.url" value="http://java.oracle.com/"/>
        <property name="guice.disable.misplaced.annotation.check" value="true"/>
        <property name="path.separator" value=":"/>
        <property name="java.vm.name" value="Java HotSpot(TM) 64-Bit Server VM"/>
        <property name="file.encoding.pkg" value="sun.io"/>
        <property name="user.country" value="US"/>
        <property name="sun.java.launcher" value="SUN_STANDARD"/>
        <property name="sun.os.patch.level" value="unknown"/>
        <property name="http.noProxyHosts" value="localhost|127.0.0.1|*.local|*.oraclecorp.com|*.us.oracle.com"/>
        <property name="java.vm.specification.name" value="Java Virtual Machine Specification"/>
        <property name="user.dir" value="/home/builder/hudson/workspace/dcs_dcs.Release-Selenium-Tests/selenium-tests"/>
        <property name="java.runtime.version" value="1.8.0_51-b16"/>
        <property name="java.awt.graphicsenv" value="sun.awt.X11GraphicsEnvironment"/>
        <property name="java.endorsed.dirs" value="/usr/java/jdk1.8.0_51/jre/lib/endorsed"/>
        <property name="os.arch" value="amd64"/>
        <property name="java.io.tmpdir" value="/tmp"/>
        <property name="line.separator" value="
"/>
        <property name="java.vm.specification.vendor" value="Oracle Corporation"/>
        <property name="https.proxyHost" value="www-proxy.us.oracle.com"/>
        <property name="os.name" value="Linux"/>
        <property name="classworlds.conf" value="/usr/local/apache-maven/apache-maven-3.0.4/bin/m2.conf"/>
        <property name="sun.jnu.encoding" value="UTF-8"/>
        <property name="http.proxyPort" value="80"/>
        <property name="java.library.path" value="/usr/java/packages/lib/amd64:/usr/lib64:/lib64:/lib:/usr/lib"/>
        <property name="sun.awt.enableExtraMouseButtons" value="true"/>
        <property name="java.specification.name" value="Java Platform API Specification"/>
        <property name="java.class.version" value="52.0"/>
        <property name="sun.management.compiler" value="HotSpot 64-Bit Tiered Compilers"/>
        <property name="os.version" value="3.8.13-55.1.1.el6uek.x86_64"/>
        <property name="user.home" value="/home/builder"/>
        <property name="user.timezone" value="PST8PDT"/>
        <property name="java.awt.printerjob" value="sun.print.PSPrinterJob"/>
        <property name="file.encoding" value="UTF-8"/>
        <property name="java.specification.version" value="1.8"/>
        <property name="java.class.path" value="/usr/local/apache-maven/apache-maven-3.0.4/boot/plexus-classworlds-2.4.jar"/>
        <property name="user.name" value="builder"/>
        <property name="java.vm.specification.version" value="1.8"/>
        <property name="sun.java.command" value="org.codehaus.plexus.classworlds.launcher.Launcher -f /home/c2c/hudson/workspace/dcs_dcs.Release-Selenium-Tests/selenium-tests/pom.xml --batch-mode exec:java -Dexec.mainClass=oracle.clouddev.test.selenium.RunTests -Dexec.args=selenium.browser.size.w=1280 selenium.browser.size.h=960 capture.video=true capture.screenshots=true notification.type=swing notification.history=3 notification.font.size=15 job-release-selenium-tests.properties build.job=dcs_dcs.Release-Selenium-Tests build.number=289 target.release=16.2.3.0.0 timeout.build.buildqueue=1200 timeout.build.buildqueue.polling=60 -s BASE --tag base"/>
        <property name="java.home" value="/usr/java/jdk1.8.0_51/jre"/>
        <property name="sun.arch.data.model" value="64"/>
        <property name="user.language" value="en"/>
        <property name="java.specification.vendor" value="Oracle Corporation"/>
        <property name="awt.toolkit" value="sun.awt.X11.XToolkit"/>
        <property name="java.vm.info" value="mixed mode"/>
        <property name="java.version" value="1.8.0_51"/>
        <property name="securerandom.source" value="file:/dev/./urandom"/>
        <property name="java.ext.dirs" value="/usr/java/jdk1.8.0_51/jre/lib/ext:/usr/java/packages/lib/ext"/>
        <property name="http.proxyHost" value="www-proxy.us.oracle.com"/>
        <property name="sun.boot.class.path" value="/usr/java/jdk1.8.0_51/jre/lib/resources.jar:/usr/java/jdk1.8.0_51/jre/lib/rt.jar:/usr/java/jdk1.8.0_51/jre/lib/sunrsasign.jar:/usr/java/jdk1.8.0_51/jre/lib/jsse.jar:/usr/java/jdk1.8.0_51/jre/lib/jce.jar:/usr/java/jdk1.8.0_51/jre/lib/charsets.jar:/usr/java/jdk1.8.0_51/jre/lib/jfr.jar:/usr/java/jdk1.8.0_51/jre/classes"/>
        <property name="java.vendor" value="Oracle Corporation"/>
        <property name="maven.home" value="/usr/local/apache-maven/apache-maven-3.0.4"/>
        <property name="file.separator" value="/"/>
        <property name="java.vendor.url.bug" value="http://bugreport.sun.com/bugreport/"/>
        <property name="sun.font.fontmanager" value="sun.awt.X11FontManager"/>
        <property name="sun.io.unicode.encoding" value="UnicodeLittle"/>
        <property name="sun.cpu.endian" value="little"/>
        <property name="https.proxyPort" value="80"/>
        <property name="exec.args" value="selenium.browser.size.w=1280 selenium.browser.size.h=960 capture.video=true capture.screenshots=true notification.type=swing notification.history=3 notification.font.size=15 job-release-selenium-tests.properties build.job=dcs_dcs.Release-Selenium-Tests build.number=289 target.release=16.2.3.0.0 timeout.build.buildqueue=1200 timeout.build.buildqueue.polling=60 -s BASE --tag base"/>
        <property name="sun.cpu.isalist" value=""/>
        <property name="test.selenium.browser.size.h" value="960"/>
        <property name="test.user.non-admin.name" value="tom.testsuite"/>
        <property name="test.https.proxyHost" value="www-proxy.us.oracle.com"/>
        <property name="test.user.admin.name" value="tina.testsuite"/>
        <property name="test.user.em-agent.password" value="Welcome1!"/>
        <property name="test.tag" value="base"/>
        <property name="test.user.em-agent.fullname" value="Alex Admin"/>
        <property name="test.selenium.port" value="44000"/>
        <property name="test.build.number" value="289"/>
        <property name="test.user.sdi-agent.enabled" value="true"/>
        <property name="test.timeout.assert.condition" value="30"/>
        <property name="test.target.version" value="{
  &quot;buildInformation&quot; : {
    &quot;gitCommitId&quot; : &quot;84b91eb9e1660e336bb9289583fdf62f88d10e16&quot;,
    &quot;gitCommitMessage&quot; : &quot;Bug 23012667 - Check for valid ACCS account in the same ID Domain\n&quot;,
    &quot;buildTime&quot; : &quot;05.04.2016 @ 21:54:38 PDT&quot;,
    &quot;buildUser&quot; : &quot;Code2Cloud Builder&quot;
  }
}"/>
        <property name="test.build.job" value="dcs_dcs.Release-Selenium-Tests"/>
        <property name="test.timeout.project.create" value="660"/>
        <property name="test.user.sdi-agent.name" value="alex.admin"/>
        <property name="test.selenium.browser" value="firefox"/>
        <property name="test.http.proxyPort" value="80"/>
        <property name="test.user.sdi-agent.password" value="Welcome1!"/>
        <property name="test.user.sdi-agent.fullname" value="Alex Admin"/>
        <property name="test.timeout.selenium.navigate" value="20"/>
        <property name="test.target.release" value="16.2.3.0.0"/>
        <property name="test.byom.ip" value="127.0.0.1"/>
        <property name="test.byom.port" value="8585"/>
        <property name="test.notification.type" value="swing"/>
        <property name="test.data.project.override" value=""/>
        <property name="test.timeout.selenium.find" value="1"/>
        <property name="test.user.em-agent.enabled" value="true"/>
        <property name="test.testEmptyOrg.db.id" value=""/>
        <property name="test.reviews.timeout.slowdown" value="0"/>
        <property name="test.http.noProxyHosts" value="localhost|127.0.0.1|*.local|*.oraclecorp.com|*.us.oracle.com"/>
        <property name="test.capture.video" value="true"/>
        <property name="test.user.non-admin.password" value="Welcome1!"/>
        <property name="test.user.non-admin.fullname" value="Tom Testsuite"/>
        <property name="test.user.admin.password" value="Welcome1!"/>
        <property name="test.notification.history" value="3"/>
        <property name="test.user.admin.fullname" value="Tina Testsuite"/>
        <property name="test.capture.screenshots" value="true"/>
        <property name="test.testEmptyOrg.db.connectString" value="jdbc:oracle:thin:@(DESCRIPTION=(ADDRESS=(PROTOCOL=TCP)(HOST=slc09iwb.us.oracle.com)(PORT=1521))(CONNECT_DATA=(SERVICE_NAME=dbpod)))"/>
        <property name="test.firefox.bin" value=""/>
        <property name="test.https.proxyPort" value="80"/>
        <property name="test.develop.offline" value="false"/>
        <property name="test.timeout.build.buildqueue.polling" value="60"/>
        <property name="test.output.dir" value="target/test-reports/"/>
        <property name="test.firefox.allowedHosts" value="localhost,localhost.localdomain"/>
        <property name="test.testEmptyOrg.db.schema" value="BV2RLPNYEWMR"/>
        <property name="test.web.url" value="http://ucf2c-dcs-release-hub1.opcdeveloper.oracleinternalucf2c.oraclecorp.com/qa-dev/"/>
        <property name="test.firefox.extensions" value=""/>
        <property name="test.testEmptyOrg.orgExistsCheck" value="false"/>
        <property name="test.data.dir" value="data/"/>
        <property name="test.notification.font.size" value="15"/>
        <property name="test.testEmptyOrg.service" value="devservice5"/>
        <property name="test.selenium.start.server" value="false"/>
        <property name="test.firefox.profile.path" value=""/>
        <property name="test.selenium.host" value="localhost"/>
        <property name="test.suite" value="BASE"/>
        <property name="test.tests" value=""/>
        <property name="test.user.admin.idm" value="dcsdevteam"/>
        <property name="test.http.proxyHost" value="www-proxy.us.oracle.com"/>
        <property name="test.testMethods" value=""/>
        <property name="test.reviews.dontDeleteEnviroment" value="false"/>
        <property name="test.selenium.browser.maximize" value="false"/>
        <property name="test.firefox.profile.name" value=""/>
        <property name="test.timeout.build.buildqueue" value="1200"/>
        <property name="test.user.em-agent.idm" value="dcsdevteam"/>
        <property name="test.selenium.remote" value="false"/>
        <property name="test.user.sdi-agent.idm" value="dcsdevteam"/>
        <property name="test.byom.authToken" value="123456"/>
        <property name="test.proxy.autodetect" value="false"/>
        <property name="test.testEmptyOrg.idm" value="dcsdevteam"/>
        <property name="test.user.non-admin.idm" value="dcsdevteam"/>
        <property name="test.data.tasks.useexisting" value="false"/>
        <property name="test.selenium.browser.size.w" value="1280"/>
        <property name="test.category" value="DEFAULT"/>
        <property name="test.user.em-agent.name" value="alex.admin"/>
        <property name="test.timeout.slowdown" value="0"/>
      </properties>
    <system-out>
2016-04-07 06:33:33,930 INFO  [oracle.clouddev.test.framework.rest.RestClient] [request#179] POST http://ucf2c-dcs-release-hub1.opcdeveloper.oracleinternalucf2c.oraclecorp.com/qa-dev/api/projects/search2 HTTP/1.1 (user: ADMIN(dcsdevteam/tina.testsuite/Welcome1!))
2016-04-07 06:33:33,930 DEBUG [oracle.clouddev.test.framework.rest.RestClient] [request#179] posted content:
{
  &quot;projectRelationship&quot; : &quot;ALL&quot;,
  &quot;organizationIdentifier&quot; : &quot;qa-dev&quot;,
  &quot;shallowCopy&quot; : false
}
2016-04-07 06:33:33,930 DEBUG [oracle.clouddev.test.framework.rest.RestClient] [request#179] cURL: curl -k -u tina.testsuite:Welcome1! -X POST &apos;http://ucf2c-dcs-release-hub1.opcdeveloper.oracleinternalucf2c.oraclecorp.com/qa-dev/api/projects/search2&apos; -H &apos;Content-Type: application/json; charset=UTF-8&apos; --data-binary &apos;{  &quot;projectRelationship&quot; : &quot;ALL&quot;,  &quot;organizationIdentifier&quot; : &quot;qa-dev&quot;,  &quot;shallowCopy&quot; : false}&apos;
2016-04-07 06:33:34,871 INFO  [oracle.clouddev.test.framework.rest.RestClient] [request#179] HTTP/1.1 200 OK
2016-04-07 06:33:34,871 DEBUG [oracle.clouddev.test.framework.rest.RestClient] [request#179] Content-Type: application/json;charset=UTF-8
2016-04-07 06:33:34,871 DEBUG [oracle.clouddev.test.framework.rest.RestClient] [request#179] Content-Length: -- no value --
2016-04-07 06:33:34,938 DEBUG [oracle.clouddev.test.selenium.junit.BrowserSession] navigating to project qa-dev_test-shared-project1-1460033913915 (http://ucf2c-dcs-release-hub1.opcdeveloper.oracleinternalucf2c.oraclecorp.com/qa-dev/#/projects/qa-dev_test-shared-project1-1460033913915)
2016-04-07 06:33:35,989 DEBUG [oracle.clouddev.test.selenium.components.AssertElement] Check condition (oracle.clouddev.test.selenium.components.Conditions$5@2e85e6e1) for element [By.xpath: .//button[@id=&apos;odcs-project-selector&apos;]/span[1]] on http://ucf2c-dcs-release-hub1.opcdeveloper.oracleinternalucf2c.oraclecorp.com/qa-dev/#/projects/qa-dev_test-shared-project1-1460033913915.
2016-04-07 06:33:36,029 DEBUG [oracle.clouddev.test.selenium.components.AssertElement] Check condition (NOT (element is visible)) for element [By.id: page-provision] on http://ucf2c-dcs-release-hub1.opcdeveloper.oracleinternalucf2c.oraclecorp.com/qa-dev/#/projects/qa-dev_test-shared-project1-1460033913915.
2016-04-07 06:33:37,087 DEBUG [oracle.clouddev.test.selenium.components.AssertElement] Check condition (element is visible) for element [By.id: odcs-nav-tabs] on http://ucf2c-dcs-release-hub1.opcdeveloper.oracleinternalucf2c.oraclecorp.com/qa-dev/#/projects/qa-dev_test-shared-project1-1460033913915.
2016-04-07 06:33:37,193 DEBUG [oracle.clouddev.test.selenium.components.AssertElement] Check condition (element is visible) for element [By.xpath: .//a[@id=&apos;build&apos;] under [By.id: odcs-nav-tabs]] on http://ucf2c-dcs-release-hub1.opcdeveloper.oracleinternalucf2c.oraclecorp.com/qa-dev/#/projects/qa-dev_test-shared-project1-1460033913915.
2016-04-07 06:33:37,311 DEBUG [oracle.clouddev.test.selenium.components.AssertElement] Check condition (NOT (element has style class &apos;oj-disabled&apos;)) for element [By.xpath: .//a[@id=&apos;build&apos;] under [By.id: odcs-nav-tabs]] on http://ucf2c-dcs-release-hub1.opcdeveloper.oracleinternalucf2c.oraclecorp.com/qa-dev/#/projects/qa-dev_test-shared-project1-1460033913915.
2016-04-07 06:33:37,427 DEBUG [oracle.clouddev.test.selenium.components.AssertElement] Check condition (element is visible) for element [By.xpath: .//a[@id=&apos;build&apos;] under [By.id: odcs-nav-tabs]] on http://ucf2c-dcs-release-hub1.opcdeveloper.oracleinternalucf2c.oraclecorp.com/qa-dev/#/projects/qa-dev_test-shared-project1-1460033913915.
2016-04-07 06:33:37,806 DEBUG [oracle.clouddev.test.selenium.components.AssertElement] Check condition (element has style class &apos;oj-active&apos;) for element [By.xpath: .//a[@id=&apos;build&apos;] under [By.id: odcs-nav-tabs]] on http://ucf2c-dcs-release-hub1.opcdeveloper.oracleinternalucf2c.oraclecorp.com/qa-dev/#projects/qa-dev_test-shared-project1-1460033913915/build.
2016-04-07 06:33:38,161 DEBUG [oracle.clouddev.test.selenium.components.AssertElement] Check condition (element is visible) for element [By.xpath: .//a[@id=&apos;build&apos;] under [By.id: odcs-nav-tabs]] on http://ucf2c-dcs-release-hub1.opcdeveloper.oracleinternalucf2c.oraclecorp.com/qa-dev/#projects/qa-dev_test-shared-project1-1460033913915/build.
2016-04-07 06:33:38,251 INFO  [oracle.clouddev.test.selenium.tests.base.TestBuildPage] TestBuildPage.createDeleteJob
2016-04-07 06:33:38,251 INFO  [oracle.clouddev.test.selenium.tests.base.TestBuildPage] TestBuildPage.createDeleteJob entering _createNewJob
2016-04-07 06:33:38,251 INFO  [oracle.clouddev.test.selenium.tests.base.TestBuildPage] Waiting for jobs page to present
2016-04-07 06:33:38,269 DEBUG [oracle.clouddev.test.selenium.components.AssertElement] Check condition (element is visible) for element [By.xpath: (//div[@id=&apos;page-jobs&apos;])] on http://ucf2c-dcs-release-hub1.opcdeveloper.oracleinternalucf2c.oraclecorp.com/qa-dev/#projects/qa-dev_test-shared-project1-1460033913915/build.
2016-04-07 06:33:38,293 DEBUG [oracle.clouddev.test.selenium.components.AssertElement] Check condition (element exists) for element [By.xpath: (//div[@id=&apos;page-jobs&apos;])] on http://ucf2c-dcs-release-hub1.opcdeveloper.oracleinternalucf2c.oraclecorp.com/qa-dev/#projects/qa-dev_test-shared-project1-1460033913915/build.
2016-04-07 06:33:38,300 INFO  [oracle.clouddev.test.selenium.tests.base.TestBuildPage] Waiting for New Job dialog to show up
2016-04-07 06:33:38,309 DEBUG [oracle.clouddev.test.selenium.components.AssertElement] Check condition (element is visible) for element [By.id: newJob-button] on http://ucf2c-dcs-release-hub1.opcdeveloper.oracleinternalucf2c.oraclecorp.com/qa-dev/#projects/qa-dev_test-shared-project1-1460033913915/build.
2016-04-07 06:33:38,604 DEBUG [oracle.clouddev.test.selenium.components.AssertElement] Check condition (element is visible) for element [By.id: ojDialogWrapper-newJob] on http://ucf2c-dcs-release-hub1.opcdeveloper.oracleinternalucf2c.oraclecorp.com/qa-dev/#projects/qa-dev_test-shared-project1-1460033913915/build.
2016-04-07 06:33:38,622 INFO  [oracle.clouddev.test.selenium.tests.base.TestBuildPage] Enter job name: testDeleteJob
2016-04-07 06:33:38,633 DEBUG [oracle.clouddev.test.selenium.components.AssertElement] Check condition (element is visible) for element [By.id: jobName] on http://ucf2c-dcs-release-hub1.opcdeveloper.oracleinternalucf2c.oraclecorp.com/qa-dev/#projects/qa-dev_test-shared-project1-1460033913915/build.
2016-04-07 06:33:38,662 DEBUG [oracle.clouddev.test.selenium.components.AssertElement] Check condition (element is visible) for element [By.id: jobName] on http://ucf2c-dcs-release-hub1.opcdeveloper.oracleinternalucf2c.oraclecorp.com/qa-dev/#projects/qa-dev_test-shared-project1-1460033913915/build.
2016-04-07 06:33:39,094 INFO  [oracle.clouddev.test.selenium.tests.base.TestBuildPage] Click on Save button
2016-04-07 06:33:39,104 DEBUG [oracle.clouddev.test.selenium.components.AssertElement] Check condition (element is visible) for element [By.xpath: (//button[@id=&apos;newJob-save-button&apos;])] on http://ucf2c-dcs-release-hub1.opcdeveloper.oracleinternalucf2c.oraclecorp.com/qa-dev/#projects/qa-dev_test-shared-project1-1460033913915/build.
2016-04-07 06:33:39,311 INFO  [oracle.clouddev.test.selenium.tests.base.TestBuildPage] Waiting for configure-tabs to present
2016-04-07 06:33:39,325 DEBUG [oracle.clouddev.test.selenium.components.AssertElement] Check condition (element is visible) for element [By.xpath: (//div[@id=&apos;configure-tabs&apos;])] on http://ucf2c-dcs-release-hub1.opcdeveloper.oracleinternalucf2c.oraclecorp.com/qa-dev/#projects/qa-dev_test-shared-project1-1460033913915/build.
2016-04-07 06:33:39,666 DEBUG [oracle.clouddev.test.selenium.components.AssertElement] Check condition (element exists) for element [By.xpath: (//div[@id=&apos;configure-tabs&apos;])] on http://ucf2c-dcs-release-hub1.opcdeveloper.oracleinternalucf2c.oraclecorp.com/qa-dev/#projects/qa-dev_test-shared-project1-1460033913915/build/job/qa-dev_test-shared-project1-1460033913915.testDeleteJob/configure?new.
2016-04-07 06:33:39,672 INFO  [oracle.clouddev.test.selenium.tests.base.TestBuildPage] Verify job created
2016-04-07 06:33:39,672 INFO  [oracle.clouddev.test.selenium.tests.base.TestBuildPage] Navigate to tabIndex: 1
2016-04-07 06:33:39,681 DEBUG [oracle.clouddev.test.selenium.components.AssertElement] Check condition (element is visible) for element [By.xpath: //div[@class=&apos;oj-tabs-conveyor&apos;]/ul/li[1]/div/a] on http://ucf2c-dcs-release-hub1.opcdeveloper.oracleinternalucf2c.oraclecorp.com/qa-dev/#projects/qa-dev_test-shared-project1-1460033913915/build/job/qa-dev_test-shared-project1-1460033913915.testDeleteJob/configure?new.
2016-04-07 06:33:39,708 DEBUG [oracle.clouddev.test.selenium.components.AssertElement] Check condition (element is visible) for element [By.xpath: //div[@class=&apos;oj-tabs-conveyor&apos;]/ul/li[1]/div/a] on http://ucf2c-dcs-release-hub1.opcdeveloper.oracleinternalucf2c.oraclecorp.com/qa-dev/#projects/qa-dev_test-shared-project1-1460033913915/build/job/qa-dev_test-shared-project1-1460033913915.testDeleteJob/configure?new.
2016-04-07 06:33:39,794 INFO  [oracle.clouddev.test.selenium.tests.base.TestBuildPage] Verify configure-tabs for page-configure-main
2016-04-07 06:33:39,804 DEBUG [oracle.clouddev.test.selenium.components.AssertElement] Check condition (element is visible) for element [By.id: page-configure-main] on http://ucf2c-dcs-release-hub1.opcdeveloper.oracleinternalucf2c.oraclecorp.com/qa-dev/#projects/qa-dev_test-shared-project1-1460033913915/build/job/qa-dev_test-shared-project1-1460033913915.testDeleteJob/configure?new.
2016-04-07 06:33:40,854 DEBUG [oracle.clouddev.test.selenium.components.AssertElement] Check condition (element exists) for element [By.id: page-configure-main] on http://ucf2c-dcs-release-hub1.opcdeveloper.oracleinternalucf2c.oraclecorp.com/qa-dev/#projects/qa-dev_test-shared-project1-1460033913915/build/job/qa-dev_test-shared-project1-1460033913915.testDeleteJob/configure?new.
2016-04-07 06:33:46,871 DEBUG [oracle.clouddev.test.selenium.components.AssertElement] Check condition (element is visible) for element [By.xpath: (//input[@id=&apos;jobName&apos;])] on http://ucf2c-dcs-release-hub1.opcdeveloper.oracleinternalucf2c.oraclecorp.com/qa-dev/#projects/qa-dev_test-shared-project1-1460033913915/build/job/qa-dev_test-shared-project1-1460033913915.testDeleteJob/configure?new.
2016-04-07 06:33:46,903 INFO  [oracle.clouddev.test.selenium.tests.base.TestBuildPage] Save Job Config
2016-04-07 06:33:46,912 DEBUG [oracle.clouddev.test.selenium.components.AssertElement] Check condition (element is visible) for element [By.xpath: (//button[@id=&apos;save-button&apos;])] on http://ucf2c-dcs-release-hub1.opcdeveloper.oracleinternalucf2c.oraclecorp.com/qa-dev/#projects/qa-dev_test-shared-project1-1460033913915/build/job/qa-dev_test-shared-project1-1460033913915.testDeleteJob/configure?new.
2016-04-07 06:33:46,939 DEBUG [oracle.clouddev.test.selenium.components.AssertElement] Check condition (element is visible) for element [By.xpath: (//button[@id=&apos;save-button&apos;])] on http://ucf2c-dcs-release-hub1.opcdeveloper.oracleinternalucf2c.oraclecorp.com/qa-dev/#projects/qa-dev_test-shared-project1-1460033913915/build/job/qa-dev_test-shared-project1-1460033913915.testDeleteJob/configure?new.
2016-04-07 06:33:47,139 INFO  [oracle.clouddev.test.selenium.tests.base.TestBuildPage] Waiting for job overview page to present
2016-04-07 06:33:47,148 DEBUG [oracle.clouddev.test.selenium.components.AssertElement] Check condition (element is visible) for element [By.xpath: (//div[@id=&apos;page-job&apos;])] on http://ucf2c-dcs-release-hub1.opcdeveloper.oracleinternalucf2c.oraclecorp.com/qa-dev/#projects/qa-dev_test-shared-project1-1460033913915/build/job/qa-dev_test-shared-project1-1460033913915.testDeleteJob/configure?new.
2016-04-07 06:33:50,201 DEBUG [oracle.clouddev.test.selenium.components.AssertElement] Check condition (element exists) for element [By.xpath: (//div[@id=&apos;page-job&apos;])] on http://ucf2c-dcs-release-hub1.opcdeveloper.oracleinternalucf2c.oraclecorp.com/qa-dev/#projects/qa-dev_test-shared-project1-1460033913915/build/job/qa-dev_test-shared-project1-1460033913915.testDeleteJob.
2016-04-07 06:33:50,207 INFO  [oracle.clouddev.test.selenium.tests.base.TestBuildPage] Verify job name: testDeleteJob
2016-04-07 06:33:50,217 DEBUG [oracle.clouddev.test.selenium.components.AssertElement] Check condition (element is visible) for element [By.tagName: h3] on http://ucf2c-dcs-release-hub1.opcdeveloper.oracleinternalucf2c.oraclecorp.com/qa-dev/#projects/qa-dev_test-shared-project1-1460033913915/build/job/qa-dev_test-shared-project1-1460033913915.testDeleteJob.
    </system-out>
    </testcase>
    <testcase classname="oracle.clouddev.test.selenium.tests.base.TestBuildPage" name="deleteJob" time="9.118">
      <properties>
        <property name="java.runtime.name" value="Java(TM) SE Runtime Environment"/>
        <property name="exec.mainClass" value="oracle.clouddev.test.selenium.RunTests"/>
        <property name="sun.boot.library.path" value="/usr/java/jdk1.8.0_51/jre/lib/amd64"/>
        <property name="java.vm.version" value="25.51-b03"/>
        <property name="java.vm.vendor" value="Oracle Corporation"/>
        <property name="java.vendor.url" value="http://java.oracle.com/"/>
        <property name="guice.disable.misplaced.annotation.check" value="true"/>
        <property name="path.separator" value=":"/>
        <property name="java.vm.name" value="Java HotSpot(TM) 64-Bit Server VM"/>
        <property name="file.encoding.pkg" value="sun.io"/>
        <property name="user.country" value="US"/>
        <property name="sun.java.launcher" value="SUN_STANDARD"/>
        <property name="sun.os.patch.level" value="unknown"/>
        <property name="http.noProxyHosts" value="localhost|127.0.0.1|*.local|*.oraclecorp.com|*.us.oracle.com"/>
        <property name="java.vm.specification.name" value="Java Virtual Machine Specification"/>
        <property name="user.dir" value="/home/builder/hudson/workspace/dcs_dcs.Release-Selenium-Tests/selenium-tests"/>
        <property name="java.runtime.version" value="1.8.0_51-b16"/>
        <property name="java.awt.graphicsenv" value="sun.awt.X11GraphicsEnvironment"/>
        <property name="java.endorsed.dirs" value="/usr/java/jdk1.8.0_51/jre/lib/endorsed"/>
        <property name="os.arch" value="amd64"/>
        <property name="java.io.tmpdir" value="/tmp"/>
        <property name="line.separator" value="
"/>
        <property name="java.vm.specification.vendor" value="Oracle Corporation"/>
        <property name="https.proxyHost" value="www-proxy.us.oracle.com"/>
        <property name="os.name" value="Linux"/>
        <property name="classworlds.conf" value="/usr/local/apache-maven/apache-maven-3.0.4/bin/m2.conf"/>
        <property name="sun.jnu.encoding" value="UTF-8"/>
        <property name="http.proxyPort" value="80"/>
        <property name="java.library.path" value="/usr/java/packages/lib/amd64:/usr/lib64:/lib64:/lib:/usr/lib"/>
        <property name="sun.awt.enableExtraMouseButtons" value="true"/>
        <property name="java.specification.name" value="Java Platform API Specification"/>
        <property name="java.class.version" value="52.0"/>
        <property name="sun.management.compiler" value="HotSpot 64-Bit Tiered Compilers"/>
        <property name="os.version" value="3.8.13-55.1.1.el6uek.x86_64"/>
        <property name="user.home" value="/home/builder"/>
        <property name="user.timezone" value="PST8PDT"/>
        <property name="java.awt.printerjob" value="sun.print.PSPrinterJob"/>
        <property name="file.encoding" value="UTF-8"/>
        <property name="java.specification.version" value="1.8"/>
        <property name="java.class.path" value="/usr/local/apache-maven/apache-maven-3.0.4/boot/plexus-classworlds-2.4.jar"/>
        <property name="user.name" value="builder"/>
        <property name="java.vm.specification.version" value="1.8"/>
        <property name="sun.java.command" value="org.codehaus.plexus.classworlds.launcher.Launcher -f /home/c2c/hudson/workspace/dcs_dcs.Release-Selenium-Tests/selenium-tests/pom.xml --batch-mode exec:java -Dexec.mainClass=oracle.clouddev.test.selenium.RunTests -Dexec.args=selenium.browser.size.w=1280 selenium.browser.size.h=960 capture.video=true capture.screenshots=true notification.type=swing notification.history=3 notification.font.size=15 job-release-selenium-tests.properties build.job=dcs_dcs.Release-Selenium-Tests build.number=289 target.release=16.2.3.0.0 timeout.build.buildqueue=1200 timeout.build.buildqueue.polling=60 -s BASE --tag base"/>
        <property name="java.home" value="/usr/java/jdk1.8.0_51/jre"/>
        <property name="sun.arch.data.model" value="64"/>
        <property name="user.language" value="en"/>
        <property name="java.specification.vendor" value="Oracle Corporation"/>
        <property name="awt.toolkit" value="sun.awt.X11.XToolkit"/>
        <property name="java.vm.info" value="mixed mode"/>
        <property name="java.version" value="1.8.0_51"/>
        <property name="securerandom.source" value="file:/dev/./urandom"/>
        <property name="java.ext.dirs" value="/usr/java/jdk1.8.0_51/jre/lib/ext:/usr/java/packages/lib/ext"/>
        <property name="http.proxyHost" value="www-proxy.us.oracle.com"/>
        <property name="sun.boot.class.path" value="/usr/java/jdk1.8.0_51/jre/lib/resources.jar:/usr/java/jdk1.8.0_51/jre/lib/rt.jar:/usr/java/jdk1.8.0_51/jre/lib/sunrsasign.jar:/usr/java/jdk1.8.0_51/jre/lib/jsse.jar:/usr/java/jdk1.8.0_51/jre/lib/jce.jar:/usr/java/jdk1.8.0_51/jre/lib/charsets.jar:/usr/java/jdk1.8.0_51/jre/lib/jfr.jar:/usr/java/jdk1.8.0_51/jre/classes"/>
        <property name="java.vendor" value="Oracle Corporation"/>
        <property name="maven.home" value="/usr/local/apache-maven/apache-maven-3.0.4"/>
        <property name="file.separator" value="/"/>
        <property name="java.vendor.url.bug" value="http://bugreport.sun.com/bugreport/"/>
        <property name="sun.font.fontmanager" value="sun.awt.X11FontManager"/>
        <property name="sun.io.unicode.encoding" value="UnicodeLittle"/>
        <property name="sun.cpu.endian" value="little"/>
        <property name="https.proxyPort" value="80"/>
        <property name="exec.args" value="selenium.browser.size.w=1280 selenium.browser.size.h=960 capture.video=true capture.screenshots=true notification.type=swing notification.history=3 notification.font.size=15 job-release-selenium-tests.properties build.job=dcs_dcs.Release-Selenium-Tests build.number=289 target.release=16.2.3.0.0 timeout.build.buildqueue=1200 timeout.build.buildqueue.polling=60 -s BASE --tag base"/>
        <property name="sun.cpu.isalist" value=""/>
        <property name="test.selenium.browser.size.h" value="960"/>
        <property name="test.user.non-admin.name" value="tom.testsuite"/>
        <property name="test.https.proxyHost" value="www-proxy.us.oracle.com"/>
        <property name="test.user.admin.name" value="tina.testsuite"/>
        <property name="test.user.em-agent.password" value="Welcome1!"/>
        <property name="test.tag" value="base"/>
        <property name="test.user.em-agent.fullname" value="Alex Admin"/>
        <property name="test.selenium.port" value="44000"/>
        <property name="test.build.number" value="289"/>
        <property name="test.user.sdi-agent.enabled" value="true"/>
        <property name="test.timeout.assert.condition" value="30"/>
        <property name="test.target.version" value="{
  &quot;buildInformation&quot; : {
    &quot;gitCommitId&quot; : &quot;84b91eb9e1660e336bb9289583fdf62f88d10e16&quot;,
    &quot;gitCommitMessage&quot; : &quot;Bug 23012667 - Check for valid ACCS account in the same ID Domain\n&quot;,
    &quot;buildTime&quot; : &quot;05.04.2016 @ 21:54:38 PDT&quot;,
    &quot;buildUser&quot; : &quot;Code2Cloud Builder&quot;
  }
}"/>
        <property name="test.build.job" value="dcs_dcs.Release-Selenium-Tests"/>
        <property name="test.timeout.project.create" value="660"/>
        <property name="test.user.sdi-agent.name" value="alex.admin"/>
        <property name="test.selenium.browser" value="firefox"/>
        <property name="test.http.proxyPort" value="80"/>
        <property name="test.user.sdi-agent.password" value="Welcome1!"/>
        <property name="test.user.sdi-agent.fullname" value="Alex Admin"/>
        <property name="test.timeout.selenium.navigate" value="20"/>
        <property name="test.target.release" value="16.2.3.0.0"/>
        <property name="test.byom.ip" value="127.0.0.1"/>
        <property name="test.byom.port" value="8585"/>
        <property name="test.notification.type" value="swing"/>
        <property name="test.data.project.override" value=""/>
        <property name="test.timeout.selenium.find" value="1"/>
        <property name="test.user.em-agent.enabled" value="true"/>
        <property name="test.testEmptyOrg.db.id" value=""/>
        <property name="test.reviews.timeout.slowdown" value="0"/>
        <property name="test.http.noProxyHosts" value="localhost|127.0.0.1|*.local|*.oraclecorp.com|*.us.oracle.com"/>
        <property name="test.capture.video" value="true"/>
        <property name="test.user.non-admin.password" value="Welcome1!"/>
        <property name="test.user.non-admin.fullname" value="Tom Testsuite"/>
        <property name="test.user.admin.password" value="Welcome1!"/>
        <property name="test.notification.history" value="3"/>
        <property name="test.user.admin.fullname" value="Tina Testsuite"/>
        <property name="test.capture.screenshots" value="true"/>
        <property name="test.testEmptyOrg.db.connectString" value="jdbc:oracle:thin:@(DESCRIPTION=(ADDRESS=(PROTOCOL=TCP)(HOST=slc09iwb.us.oracle.com)(PORT=1521))(CONNECT_DATA=(SERVICE_NAME=dbpod)))"/>
        <property name="test.firefox.bin" value=""/>
        <property name="test.https.proxyPort" value="80"/>
        <property name="test.develop.offline" value="false"/>
        <property name="test.timeout.build.buildqueue.polling" value="60"/>
        <property name="test.output.dir" value="target/test-reports/"/>
        <property name="test.firefox.allowedHosts" value="localhost,localhost.localdomain"/>
        <property name="test.testEmptyOrg.db.schema" value="BV2RLPNYEWMR"/>
        <property name="test.web.url" value="http://ucf2c-dcs-release-hub1.opcdeveloper.oracleinternalucf2c.oraclecorp.com/qa-dev/"/>
        <property name="test.firefox.extensions" value=""/>
        <property name="test.testEmptyOrg.orgExistsCheck" value="false"/>
        <property name="test.data.dir" value="data/"/>
        <property name="test.notification.font.size" value="15"/>
        <property name="test.testEmptyOrg.service" value="devservice5"/>
        <property name="test.selenium.start.server" value="false"/>
        <property name="test.firefox.profile.path" value=""/>
        <property name="test.selenium.host" value="localhost"/>
        <property name="test.suite" value="BASE"/>
        <property name="test.tests" value=""/>
        <property name="test.user.admin.idm" value="dcsdevteam"/>
        <property name="test.http.proxyHost" value="www-proxy.us.oracle.com"/>
        <property name="test.testMethods" value=""/>
        <property name="test.reviews.dontDeleteEnviroment" value="false"/>
        <property name="test.selenium.browser.maximize" value="false"/>
        <property name="test.firefox.profile.name" value=""/>
        <property name="test.timeout.build.buildqueue" value="1200"/>
        <property name="test.user.em-agent.idm" value="dcsdevteam"/>
        <property name="test.selenium.remote" value="false"/>
        <property name="test.user.sdi-agent.idm" value="dcsdevteam"/>
        <property name="test.byom.authToken" value="123456"/>
        <property name="test.proxy.autodetect" value="false"/>
        <property name="test.testEmptyOrg.idm" value="dcsdevteam"/>
        <property name="test.user.non-admin.idm" value="dcsdevteam"/>
        <property name="test.data.tasks.useexisting" value="false"/>
        <property name="test.selenium.browser.size.w" value="1280"/>
        <property name="test.category" value="DEFAULT"/>
        <property name="test.user.em-agent.name" value="alex.admin"/>
        <property name="test.timeout.slowdown" value="0"/>
      </properties>
    <system-out>
2016-04-07 06:33:50,270 INFO  [oracle.clouddev.test.framework.rest.RestClient] [request#180] POST http://ucf2c-dcs-release-hub1.opcdeveloper.oracleinternalucf2c.oraclecorp.com/qa-dev/api/projects/search2 HTTP/1.1 (user: ADMIN(dcsdevteam/tina.testsuite/Welcome1!))
2016-04-07 06:33:50,270 DEBUG [oracle.clouddev.test.framework.rest.RestClient] [request#180] posted content:
{
  &quot;projectRelationship&quot; : &quot;ALL&quot;,
  &quot;organizationIdentifier&quot; : &quot;qa-dev&quot;,
  &quot;shallowCopy&quot; : false
}
2016-04-07 06:33:50,270 DEBUG [oracle.clouddev.test.framework.rest.RestClient] [request#180] cURL: curl -k -u tina.testsuite:Welcome1! -X POST &apos;http://ucf2c-dcs-release-hub1.opcdeveloper.oracleinternalucf2c.oraclecorp.com/qa-dev/api/projects/search2&apos; -H &apos;Content-Type: application/json; charset=UTF-8&apos; --data-binary &apos;{  &quot;projectRelationship&quot; : &quot;ALL&quot;,  &quot;organizationIdentifier&quot; : &quot;qa-dev&quot;,  &quot;shallowCopy&quot; : false}&apos;
2016-04-07 06:33:51,241 INFO  [oracle.clouddev.test.framework.rest.RestClient] [request#180] HTTP/1.1 200 OK
2016-04-07 06:33:51,241 DEBUG [oracle.clouddev.test.framework.rest.RestClient] [request#180] Content-Type: application/json;charset=UTF-8
2016-04-07 06:33:51,241 DEBUG [oracle.clouddev.test.framework.rest.RestClient] [request#180] Content-Length: -- no value --
2016-04-07 06:33:51,305 DEBUG [oracle.clouddev.test.selenium.junit.BrowserSession] navigating to project qa-dev_test-shared-project1-1460033913915 (http://ucf2c-dcs-release-hub1.opcdeveloper.oracleinternalucf2c.oraclecorp.com/qa-dev/#/projects/qa-dev_test-shared-project1-1460033913915)
2016-04-07 06:33:52,127 DEBUG [oracle.clouddev.test.selenium.components.AssertElement] Check condition (oracle.clouddev.test.selenium.components.Conditions$5@4089acfc) for element [By.xpath: .//button[@id=&apos;odcs-project-selector&apos;]/span[1]] on http://ucf2c-dcs-release-hub1.opcdeveloper.oracleinternalucf2c.oraclecorp.com/qa-dev/#/projects/qa-dev_test-shared-project1-1460033913915.
2016-04-07 06:33:52,226 DEBUG [oracle.clouddev.test.selenium.components.AssertElement] Check condition (NOT (element is visible)) for element [By.id: page-provision] on http://ucf2c-dcs-release-hub1.opcdeveloper.oracleinternalucf2c.oraclecorp.com/qa-dev/#/projects/qa-dev_test-shared-project1-1460033913915.
2016-04-07 06:33:53,251 DEBUG [oracle.clouddev.test.selenium.components.AssertElement] Check condition (element is visible) for element [By.id: odcs-nav-tabs] on http://ucf2c-dcs-release-hub1.opcdeveloper.oracleinternalucf2c.oraclecorp.com/qa-dev/#/projects/qa-dev_test-shared-project1-1460033913915.
2016-04-07 06:33:53,270 DEBUG [oracle.clouddev.test.selenium.components.AssertElement] Check condition (element is visible) for element [By.xpath: .//a[@id=&apos;build&apos;] under [By.id: odcs-nav-tabs]] on http://ucf2c-dcs-release-hub1.opcdeveloper.oracleinternalucf2c.oraclecorp.com/qa-dev/#/projects/qa-dev_test-shared-project1-1460033913915.
2016-04-07 06:33:53,295 DEBUG [oracle.clouddev.test.selenium.components.AssertElement] Check condition (NOT (element has style class &apos;oj-disabled&apos;)) for element [By.xpath: .//a[@id=&apos;build&apos;] under [By.id: odcs-nav-tabs]] on http://ucf2c-dcs-release-hub1.opcdeveloper.oracleinternalucf2c.oraclecorp.com/qa-dev/#/projects/qa-dev_test-shared-project1-1460033913915.
2016-04-07 06:33:53,321 DEBUG [oracle.clouddev.test.selenium.components.AssertElement] Check condition (element is visible) for element [By.xpath: .//a[@id=&apos;build&apos;] under [By.id: odcs-nav-tabs]] on http://ucf2c-dcs-release-hub1.opcdeveloper.oracleinternalucf2c.oraclecorp.com/qa-dev/#/projects/qa-dev_test-shared-project1-1460033913915.
2016-04-07 06:33:53,575 DEBUG [oracle.clouddev.test.selenium.components.AssertElement] Check condition (element has style class &apos;oj-active&apos;) for element [By.xpath: .//a[@id=&apos;build&apos;] under [By.id: odcs-nav-tabs]] on http://ucf2c-dcs-release-hub1.opcdeveloper.oracleinternalucf2c.oraclecorp.com/qa-dev/#projects/qa-dev_test-shared-project1-1460033913915/build.
2016-04-07 06:33:53,920 DEBUG [oracle.clouddev.test.selenium.components.AssertElement] Check condition (element is visible) for element [By.xpath: .//a[@id=&apos;build&apos;] under [By.id: odcs-nav-tabs]] on http://ucf2c-dcs-release-hub1.opcdeveloper.oracleinternalucf2c.oraclecorp.com/qa-dev/#projects/qa-dev_test-shared-project1-1460033913915/build.
2016-04-07 06:33:54,007 INFO  [oracle.clouddev.test.selenium.tests.base.TestBuildPage] TestBuildPage.deleteJob
2016-04-07 06:33:54,007 INFO  [oracle.clouddev.test.selenium.tests.base.TestBuildPage] Waiting for jobs page to present
2016-04-07 06:33:54,016 DEBUG [oracle.clouddev.test.selenium.components.AssertElement] Check condition (element is visible) for element [By.xpath: (//div[@id=&apos;page-jobs&apos;])] on http://ucf2c-dcs-release-hub1.opcdeveloper.oracleinternalucf2c.oraclecorp.com/qa-dev/#projects/qa-dev_test-shared-project1-1460033913915/build.
2016-04-07 06:33:54,038 DEBUG [oracle.clouddev.test.selenium.components.AssertElement] Check condition (element exists) for element [By.xpath: (//div[@id=&apos;page-jobs&apos;])] on http://ucf2c-dcs-release-hub1.opcdeveloper.oracleinternalucf2c.oraclecorp.com/qa-dev/#projects/qa-dev_test-shared-project1-1460033913915/build.
2016-04-07 06:33:54,047 INFO  [oracle.clouddev.test.selenium.tests.base.TestBuildPage] Click and launch job page for testDeleteJob
2016-04-07 06:33:54,047 INFO  [oracle.clouddev.test.selenium.tests.base.TestBuildPage] TestBuildPage.deleteJob entering clickJob
2016-04-07 06:33:54,061 DEBUG [oracle.clouddev.test.selenium.components.AssertElement] Check condition (element is visible) for element [By.xpath: (//div[@id=&apos;page-jobs&apos;])] on http://ucf2c-dcs-release-hub1.opcdeveloper.oracleinternalucf2c.oraclecorp.com/qa-dev/#projects/qa-dev_test-shared-project1-1460033913915/build.
2016-04-07 06:33:54,089 INFO  [oracle.clouddev.test.selenium.tests.base.TestBuildPage] TestBuildPage.deleteJob entering _getJobRow(testDeleteJob)
2016-04-07 06:33:54,100 DEBUG [oracle.clouddev.test.selenium.components.AssertElement] Check condition (element is visible) for element [By.xpath: (//table[@id=&apos;jobs-table-table&apos;])] on http://ucf2c-dcs-release-hub1.opcdeveloper.oracleinternalucf2c.oraclecorp.com/qa-dev/#projects/qa-dev_test-shared-project1-1460033913915/build.
2016-04-07 06:33:56,147 DEBUG [oracle.clouddev.test.selenium.components.AssertElement] Check condition (element is visible) for element [By.xpath: (//tbody/tr[1]/td[4]/a)] on http://ucf2c-dcs-release-hub1.opcdeveloper.oracleinternalucf2c.oraclecorp.com/qa-dev/#projects/qa-dev_test-shared-project1-1460033913915/build.
2016-04-07 06:33:56,190 DEBUG [oracle.clouddev.test.selenium.components.AssertElement] Check condition (element is visible) for element [By.xpath: (//tbody/tr[2]/td[4]/a)] on http://ucf2c-dcs-release-hub1.opcdeveloper.oracleinternalucf2c.oraclecorp.com/qa-dev/#projects/qa-dev_test-shared-project1-1460033913915/build.
2016-04-07 06:33:56,235 DEBUG [oracle.clouddev.test.selenium.components.AssertElement] Check condition (element is visible) for element [By.xpath: (//tbody/tr[3]/td[4]/a)] on http://ucf2c-dcs-release-hub1.opcdeveloper.oracleinternalucf2c.oraclecorp.com/qa-dev/#projects/qa-dev_test-shared-project1-1460033913915/build.
2016-04-07 06:33:56,264 INFO  [oracle.clouddev.test.selenium.tests.base.TestBuildPage] Click on Build: testDeleteJob
2016-04-07 06:33:56,277 DEBUG [oracle.clouddev.test.selenium.components.AssertElement] Check condition (element is visible) for element [By.xpath: (//tbody/tr[3]/td[4]/a[contains(text(),&apos;testDeleteJob&apos;)])] on http://ucf2c-dcs-release-hub1.opcdeveloper.oracleinternalucf2c.oraclecorp.com/qa-dev/#projects/qa-dev_test-shared-project1-1460033913915/build.
2016-04-07 06:33:56,555 INFO  [oracle.clouddev.test.selenium.tests.base.TestBuildPage] Waiting for job page to present
2016-04-07 06:33:56,742 DEBUG [oracle.clouddev.test.selenium.components.AssertElement] Check condition (element is visible) for element [By.xpath: (//div[@id=&apos;page-job&apos;])] on http://ucf2c-dcs-release-hub1.opcdeveloper.oracleinternalucf2c.oraclecorp.com/qa-dev/#projects/qa-dev_test-shared-project1-1460033913915/build/job/qa-dev_test-shared-project1-1460033913915.testDeleteJob.
2016-04-07 06:33:56,766 DEBUG [oracle.clouddev.test.selenium.components.AssertElement] Check condition (element exists) for element [By.xpath: (//div[@id=&apos;page-job&apos;])] on http://ucf2c-dcs-release-hub1.opcdeveloper.oracleinternalucf2c.oraclecorp.com/qa-dev/#projects/qa-dev_test-shared-project1-1460033913915/build/job/qa-dev_test-shared-project1-1460033913915.testDeleteJob.
2016-04-07 06:33:56,773 INFO  [oracle.clouddev.test.selenium.tests.base.TestBuildPage] Click on Configure
2016-04-07 06:33:56,786 DEBUG [oracle.clouddev.test.selenium.components.AssertElement] Check condition (element is visible) for element [By.xpath: (//a[@id=&apos;job-configure-button&apos;])] on http://ucf2c-dcs-release-hub1.opcdeveloper.oracleinternalucf2c.oraclecorp.com/qa-dev/#projects/qa-dev_test-shared-project1-1460033913915/build/job/qa-dev_test-shared-project1-1460033913915.testDeleteJob.
2016-04-07 06:33:57,094 INFO  [oracle.clouddev.test.selenium.tests.base.TestBuildPage] Navigate to tabIndex: 1
2016-04-07 06:33:57,104 DEBUG [oracle.clouddev.test.selenium.components.AssertElement] Check condition (element is visible) for element [By.xpath: //div[@class=&apos;oj-tabs-conveyor&apos;]/ul/li[1]/div/a] on http://ucf2c-dcs-release-hub1.opcdeveloper.oracleinternalucf2c.oraclecorp.com/qa-dev/#projects/qa-dev_test-shared-project1-1460033913915/build/job/qa-dev_test-shared-project1-1460033913915.testDeleteJob/configure.
2016-04-07 06:33:57,130 DEBUG [oracle.clouddev.test.selenium.components.AssertElement] Check condition (element is visible) for element [By.xpath: //div[@class=&apos;oj-tabs-conveyor&apos;]/ul/li[1]/div/a] on http://ucf2c-dcs-release-hub1.opcdeveloper.oracleinternalucf2c.oraclecorp.com/qa-dev/#projects/qa-dev_test-shared-project1-1460033913915/build/job/qa-dev_test-shared-project1-1460033913915.testDeleteJob/configure.
2016-04-07 06:33:57,303 INFO  [oracle.clouddev.test.selenium.tests.base.TestBuildPage] Verify configure-tabs for page-configure-main
2016-04-07 06:33:57,387 DEBUG [oracle.clouddev.test.selenium.components.AssertElement] Check condition (element is visible) for element [By.id: page-configure-main] on http://ucf2c-dcs-release-hub1.opcdeveloper.oracleinternalucf2c.oraclecorp.com/qa-dev/#projects/qa-dev_test-shared-project1-1460033913915/build/job/qa-dev_test-shared-project1-1460033913915.testDeleteJob/configure.
2016-04-07 06:33:57,410 DEBUG [oracle.clouddev.test.selenium.components.AssertElement] Check condition (element exists) for element [By.id: page-configure-main] on http://ucf2c-dcs-release-hub1.opcdeveloper.oracleinternalucf2c.oraclecorp.com/qa-dev/#projects/qa-dev_test-shared-project1-1460033913915/build/job/qa-dev_test-shared-project1-1460033913915.testDeleteJob/configure.
2016-04-07 06:33:57,486 INFO  [oracle.clouddev.test.selenium.tests.base.TestBuildPage] Click on Cancel
2016-04-07 06:33:57,498 DEBUG [oracle.clouddev.test.selenium.components.AssertElement] Check condition (element is visible) for element [By.xpath: (//button[@id=&apos;cancel-button&apos;])] on http://ucf2c-dcs-release-hub1.opcdeveloper.oracleinternalucf2c.oraclecorp.com/qa-dev/#projects/qa-dev_test-shared-project1-1460033913915/build/job/qa-dev_test-shared-project1-1460033913915.testDeleteJob/configure.
2016-04-07 06:33:57,870 INFO  [oracle.clouddev.test.selenium.tests.base.TestBuildPage] Waiting for job page to present
2016-04-07 06:33:57,938 DEBUG [oracle.clouddev.test.selenium.components.AssertElement] Check condition (element is visible) for element [By.xpath: (//div[@id=&apos;page-job&apos;])] on http://ucf2c-dcs-release-hub1.opcdeveloper.oracleinternalucf2c.oraclecorp.com/qa-dev/#projects/qa-dev_test-shared-project1-1460033913915/build/job/qa-dev_test-shared-project1-1460033913915.testDeleteJob.
2016-04-07 06:33:57,972 DEBUG [oracle.clouddev.test.selenium.components.AssertElement] Check condition (element exists) for element [By.xpath: (//div[@id=&apos;page-job&apos;])] on http://ucf2c-dcs-release-hub1.opcdeveloper.oracleinternalucf2c.oraclecorp.com/qa-dev/#projects/qa-dev_test-shared-project1-1460033913915/build/job/qa-dev_test-shared-project1-1460033913915.testDeleteJob.
2016-04-07 06:33:58,053 INFO  [oracle.clouddev.test.selenium.tests.base.TestBuildPage] Click on Delete
2016-04-07 06:33:58,068 DEBUG [oracle.clouddev.test.selenium.components.AssertElement] Check condition (element is visible) for element [By.xpath: (//button[@id=&apos;job-delete-button&apos;])] on http://ucf2c-dcs-release-hub1.opcdeveloper.oracleinternalucf2c.oraclecorp.com/qa-dev/#projects/qa-dev_test-shared-project1-1460033913915/build/job/qa-dev_test-shared-project1-1460033913915.testDeleteJob.
2016-04-07 06:33:58,283 INFO  [oracle.clouddev.test.selenium.tests.base.TestBuildPage] Click on confirm delete
2016-04-07 06:33:58,293 DEBUG [oracle.clouddev.test.selenium.components.AssertElement] Check condition (element is visible) for element [By.xpath: (//input[@id=&apos;delete-job-dialog-check&apos;])] on http://ucf2c-dcs-release-hub1.opcdeveloper.oracleinternalucf2c.oraclecorp.com/qa-dev/#projects/qa-dev_test-shared-project1-1460033913915/build/job/qa-dev_test-shared-project1-1460033913915.testDeleteJob.
2016-04-07 06:33:58,458 INFO  [oracle.clouddev.test.selenium.tests.base.TestBuildPage] Delete Job
2016-04-07 06:33:58,468 DEBUG [oracle.clouddev.test.selenium.components.AssertElement] Check condition (element is visible) for element [By.xpath: (//button[@id=&apos;delete-job-button&apos;])] on http://ucf2c-dcs-release-hub1.opcdeveloper.oracleinternalucf2c.oraclecorp.com/qa-dev/#projects/qa-dev_test-shared-project1-1460033913915/build/job/qa-dev_test-shared-project1-1460033913915.testDeleteJob.
2016-04-07 06:33:58,688 INFO  [oracle.clouddev.test.selenium.tests.base.TestBuildPage] Navigate to jobs page
2016-04-07 06:33:58,697 DEBUG [oracle.clouddev.test.selenium.components.AssertElement] Check condition (element is visible) for element [By.xpath: (//div[@id=&apos;page-jobs&apos;])] on http://ucf2c-dcs-release-hub1.opcdeveloper.oracleinternalucf2c.oraclecorp.com/qa-dev/#projects/qa-dev_test-shared-project1-1460033913915/build/job/qa-dev_test-shared-project1-1460033913915.testDeleteJob.
2016-04-07 06:33:59,373 DEBUG [oracle.clouddev.test.selenium.components.AssertElement] Check condition (element exists) for element [By.xpath: (//div[@id=&apos;page-jobs&apos;])] on http://ucf2c-dcs-release-hub1.opcdeveloper.oracleinternalucf2c.oraclecorp.com/qa-dev/#projects/qa-dev_test-shared-project1-1460033913915/build.
    </system-out>
    </testcase>
    <testcase classname="oracle.clouddev.test.selenium.tests.base.TestBuildPage" name="checkJobDeleted" time="7.788">
      <properties>
        <property name="java.runtime.name" value="Java(TM) SE Runtime Environment"/>
        <property name="exec.mainClass" value="oracle.clouddev.test.selenium.RunTests"/>
        <property name="sun.boot.library.path" value="/usr/java/jdk1.8.0_51/jre/lib/amd64"/>
        <property name="java.vm.version" value="25.51-b03"/>
        <property name="java.vm.vendor" value="Oracle Corporation"/>
        <property name="java.vendor.url" value="http://java.oracle.com/"/>
        <property name="guice.disable.misplaced.annotation.check" value="true"/>
        <property name="path.separator" value=":"/>
        <property name="java.vm.name" value="Java HotSpot(TM) 64-Bit Server VM"/>
        <property name="file.encoding.pkg" value="sun.io"/>
        <property name="user.country" value="US"/>
        <property name="sun.java.launcher" value="SUN_STANDARD"/>
        <property name="sun.os.patch.level" value="unknown"/>
        <property name="http.noProxyHosts" value="localhost|127.0.0.1|*.local|*.oraclecorp.com|*.us.oracle.com"/>
        <property name="java.vm.specification.name" value="Java Virtual Machine Specification"/>
        <property name="user.dir" value="/home/builder/hudson/workspace/dcs_dcs.Release-Selenium-Tests/selenium-tests"/>
        <property name="java.runtime.version" value="1.8.0_51-b16"/>
        <property name="java.awt.graphicsenv" value="sun.awt.X11GraphicsEnvironment"/>
        <property name="java.endorsed.dirs" value="/usr/java/jdk1.8.0_51/jre/lib/endorsed"/>
        <property name="os.arch" value="amd64"/>
        <property name="java.io.tmpdir" value="/tmp"/>
        <property name="line.separator" value="
"/>
        <property name="java.vm.specification.vendor" value="Oracle Corporation"/>
        <property name="https.proxyHost" value="www-proxy.us.oracle.com"/>
        <property name="os.name" value="Linux"/>
        <property name="classworlds.conf" value="/usr/local/apache-maven/apache-maven-3.0.4/bin/m2.conf"/>
        <property name="sun.jnu.encoding" value="UTF-8"/>
        <property name="http.proxyPort" value="80"/>
        <property name="java.library.path" value="/usr/java/packages/lib/amd64:/usr/lib64:/lib64:/lib:/usr/lib"/>
        <property name="sun.awt.enableExtraMouseButtons" value="true"/>
        <property name="java.specification.name" value="Java Platform API Specification"/>
        <property name="java.class.version" value="52.0"/>
        <property name="sun.management.compiler" value="HotSpot 64-Bit Tiered Compilers"/>
        <property name="os.version" value="3.8.13-55.1.1.el6uek.x86_64"/>
        <property name="user.home" value="/home/builder"/>
        <property name="user.timezone" value="PST8PDT"/>
        <property name="java.awt.printerjob" value="sun.print.PSPrinterJob"/>
        <property name="file.encoding" value="UTF-8"/>
        <property name="java.specification.version" value="1.8"/>
        <property name="java.class.path" value="/usr/local/apache-maven/apache-maven-3.0.4/boot/plexus-classworlds-2.4.jar"/>
        <property name="user.name" value="builder"/>
        <property name="java.vm.specification.version" value="1.8"/>
        <property name="sun.java.command" value="org.codehaus.plexus.classworlds.launcher.Launcher -f /home/c2c/hudson/workspace/dcs_dcs.Release-Selenium-Tests/selenium-tests/pom.xml --batch-mode exec:java -Dexec.mainClass=oracle.clouddev.test.selenium.RunTests -Dexec.args=selenium.browser.size.w=1280 selenium.browser.size.h=960 capture.video=true capture.screenshots=true notification.type=swing notification.history=3 notification.font.size=15 job-release-selenium-tests.properties build.job=dcs_dcs.Release-Selenium-Tests build.number=289 target.release=16.2.3.0.0 timeout.build.buildqueue=1200 timeout.build.buildqueue.polling=60 -s BASE --tag base"/>
        <property name="java.home" value="/usr/java/jdk1.8.0_51/jre"/>
        <property name="sun.arch.data.model" value="64"/>
        <property name="user.language" value="en"/>
        <property name="java.specification.vendor" value="Oracle Corporation"/>
        <property name="awt.toolkit" value="sun.awt.X11.XToolkit"/>
        <property name="java.vm.info" value="mixed mode"/>
        <property name="java.version" value="1.8.0_51"/>
        <property name="securerandom.source" value="file:/dev/./urandom"/>
        <property name="java.ext.dirs" value="/usr/java/jdk1.8.0_51/jre/lib/ext:/usr/java/packages/lib/ext"/>
        <property name="http.proxyHost" value="www-proxy.us.oracle.com"/>
        <property name="sun.boot.class.path" value="/usr/java/jdk1.8.0_51/jre/lib/resources.jar:/usr/java/jdk1.8.0_51/jre/lib/rt.jar:/usr/java/jdk1.8.0_51/jre/lib/sunrsasign.jar:/usr/java/jdk1.8.0_51/jre/lib/jsse.jar:/usr/java/jdk1.8.0_51/jre/lib/jce.jar:/usr/java/jdk1.8.0_51/jre/lib/charsets.jar:/usr/java/jdk1.8.0_51/jre/lib/jfr.jar:/usr/java/jdk1.8.0_51/jre/classes"/>
        <property name="java.vendor" value="Oracle Corporation"/>
        <property name="maven.home" value="/usr/local/apache-maven/apache-maven-3.0.4"/>
        <property name="file.separator" value="/"/>
        <property name="java.vendor.url.bug" value="http://bugreport.sun.com/bugreport/"/>
        <property name="sun.font.fontmanager" value="sun.awt.X11FontManager"/>
        <property name="sun.io.unicode.encoding" value="UnicodeLittle"/>
        <property name="sun.cpu.endian" value="little"/>
        <property name="https.proxyPort" value="80"/>
        <property name="exec.args" value="selenium.browser.size.w=1280 selenium.browser.size.h=960 capture.video=true capture.screenshots=true notification.type=swing notification.history=3 notification.font.size=15 job-release-selenium-tests.properties build.job=dcs_dcs.Release-Selenium-Tests build.number=289 target.release=16.2.3.0.0 timeout.build.buildqueue=1200 timeout.build.buildqueue.polling=60 -s BASE --tag base"/>
        <property name="sun.cpu.isalist" value=""/>
        <property name="test.selenium.browser.size.h" value="960"/>
        <property name="test.user.non-admin.name" value="tom.testsuite"/>
        <property name="test.https.proxyHost" value="www-proxy.us.oracle.com"/>
        <property name="test.user.admin.name" value="tina.testsuite"/>
        <property name="test.user.em-agent.password" value="Welcome1!"/>
        <property name="test.tag" value="base"/>
        <property name="test.user.em-agent.fullname" value="Alex Admin"/>
        <property name="test.selenium.port" value="44000"/>
        <property name="test.build.number" value="289"/>
        <property name="test.user.sdi-agent.enabled" value="true"/>
        <property name="test.timeout.assert.condition" value="30"/>
        <property name="test.target.version" value="{
  &quot;buildInformation&quot; : {
    &quot;gitCommitId&quot; : &quot;84b91eb9e1660e336bb9289583fdf62f88d10e16&quot;,
    &quot;gitCommitMessage&quot; : &quot;Bug 23012667 - Check for valid ACCS account in the same ID Domain\n&quot;,
    &quot;buildTime&quot; : &quot;05.04.2016 @ 21:54:38 PDT&quot;,
    &quot;buildUser&quot; : &quot;Code2Cloud Builder&quot;
  }
}"/>
        <property name="test.build.job" value="dcs_dcs.Release-Selenium-Tests"/>
        <property name="test.timeout.project.create" value="660"/>
        <property name="test.user.sdi-agent.name" value="alex.admin"/>
        <property name="test.selenium.browser" value="firefox"/>
        <property name="test.http.proxyPort" value="80"/>
        <property name="test.user.sdi-agent.password" value="Welcome1!"/>
        <property name="test.user.sdi-agent.fullname" value="Alex Admin"/>
        <property name="test.timeout.selenium.navigate" value="20"/>
        <property name="test.target.release" value="16.2.3.0.0"/>
        <property name="test.byom.ip" value="127.0.0.1"/>
        <property name="test.byom.port" value="8585"/>
        <property name="test.notification.type" value="swing"/>
        <property name="test.data.project.override" value=""/>
        <property name="test.timeout.selenium.find" value="1"/>
        <property name="test.user.em-agent.enabled" value="true"/>
        <property name="test.testEmptyOrg.db.id" value=""/>
        <property name="test.reviews.timeout.slowdown" value="0"/>
        <property name="test.http.noProxyHosts" value="localhost|127.0.0.1|*.local|*.oraclecorp.com|*.us.oracle.com"/>
        <property name="test.capture.video" value="true"/>
        <property name="test.user.non-admin.password" value="Welcome1!"/>
        <property name="test.user.non-admin.fullname" value="Tom Testsuite"/>
        <property name="test.user.admin.password" value="Welcome1!"/>
        <property name="test.notification.history" value="3"/>
        <property name="test.user.admin.fullname" value="Tina Testsuite"/>
        <property name="test.capture.screenshots" value="true"/>
        <property name="test.testEmptyOrg.db.connectString" value="jdbc:oracle:thin:@(DESCRIPTION=(ADDRESS=(PROTOCOL=TCP)(HOST=slc09iwb.us.oracle.com)(PORT=1521))(CONNECT_DATA=(SERVICE_NAME=dbpod)))"/>
        <property name="test.firefox.bin" value=""/>
        <property name="test.https.proxyPort" value="80"/>
        <property name="test.develop.offline" value="false"/>
        <property name="test.timeout.build.buildqueue.polling" value="60"/>
        <property name="test.output.dir" value="target/test-reports/"/>
        <property name="test.firefox.allowedHosts" value="localhost,localhost.localdomain"/>
        <property name="test.testEmptyOrg.db.schema" value="BV2RLPNYEWMR"/>
        <property name="test.web.url" value="http://ucf2c-dcs-release-hub1.opcdeveloper.oracleinternalucf2c.oraclecorp.com/qa-dev/"/>
        <property name="test.firefox.extensions" value=""/>
        <property name="test.testEmptyOrg.orgExistsCheck" value="false"/>
        <property name="test.data.dir" value="data/"/>
        <property name="test.notification.font.size" value="15"/>
        <property name="test.testEmptyOrg.service" value="devservice5"/>
        <property name="test.selenium.start.server" value="false"/>
        <property name="test.firefox.profile.path" value=""/>
        <property name="test.selenium.host" value="localhost"/>
        <property name="test.suite" value="BASE"/>
        <property name="test.tests" value=""/>
        <property name="test.user.admin.idm" value="dcsdevteam"/>
        <property name="test.http.proxyHost" value="www-proxy.us.oracle.com"/>
        <property name="test.testMethods" value=""/>
        <property name="test.reviews.dontDeleteEnviroment" value="false"/>
        <property name="test.selenium.browser.maximize" value="false"/>
        <property name="test.firefox.profile.name" value=""/>
        <property name="test.timeout.build.buildqueue" value="1200"/>
        <property name="test.user.em-agent.idm" value="dcsdevteam"/>
        <property name="test.selenium.remote" value="false"/>
        <property name="test.user.sdi-agent.idm" value="dcsdevteam"/>
        <property name="test.byom.authToken" value="123456"/>
        <property name="test.proxy.autodetect" value="false"/>
        <property name="test.testEmptyOrg.idm" value="dcsdevteam"/>
        <property name="test.user.non-admin.idm" value="dcsdevteam"/>
        <property name="test.data.tasks.useexisting" value="false"/>
        <property name="test.selenium.browser.size.w" value="1280"/>
        <property name="test.category" value="DEFAULT"/>
        <property name="test.user.em-agent.name" value="alex.admin"/>
        <property name="test.timeout.slowdown" value="0"/>
      </properties>
    <system-out>
2016-04-07 06:33:59,385 INFO  [oracle.clouddev.test.framework.rest.RestClient] [request#181] POST http://ucf2c-dcs-release-hub1.opcdeveloper.oracleinternalucf2c.oraclecorp.com/qa-dev/api/projects/search2 HTTP/1.1 (user: ADMIN(dcsdevteam/tina.testsuite/Welcome1!))
2016-04-07 06:33:59,386 DEBUG [oracle.clouddev.test.framework.rest.RestClient] [request#181] posted content:
{
  &quot;projectRelationship&quot; : &quot;ALL&quot;,
  &quot;organizationIdentifier&quot; : &quot;qa-dev&quot;,
  &quot;shallowCopy&quot; : false
}
2016-04-07 06:33:59,386 DEBUG [oracle.clouddev.test.framework.rest.RestClient] [request#181] cURL: curl -k -u tina.testsuite:Welcome1! -X POST &apos;http://ucf2c-dcs-release-hub1.opcdeveloper.oracleinternalucf2c.oraclecorp.com/qa-dev/api/projects/search2&apos; -H &apos;Content-Type: application/json; charset=UTF-8&apos; --data-binary &apos;{  &quot;projectRelationship&quot; : &quot;ALL&quot;,  &quot;organizationIdentifier&quot; : &quot;qa-dev&quot;,  &quot;shallowCopy&quot; : false}&apos;
2016-04-07 06:34:00,422 INFO  [oracle.clouddev.test.framework.rest.RestClient] [request#181] HTTP/1.1 200 OK
2016-04-07 06:34:00,422 DEBUG [oracle.clouddev.test.framework.rest.RestClient] [request#181] Content-Type: application/json;charset=UTF-8
2016-04-07 06:34:00,422 DEBUG [oracle.clouddev.test.framework.rest.RestClient] [request#181] Content-Length: -- no value --
2016-04-07 06:34:00,503 DEBUG [oracle.clouddev.test.selenium.junit.BrowserSession] navigating to project qa-dev_test-shared-project1-1460033913915 (http://ucf2c-dcs-release-hub1.opcdeveloper.oracleinternalucf2c.oraclecorp.com/qa-dev/#/projects/qa-dev_test-shared-project1-1460033913915)
2016-04-07 06:34:02,100 DEBUG [oracle.clouddev.test.selenium.components.AssertElement] Check condition (oracle.clouddev.test.selenium.components.Conditions$5@4bf89700) for element [By.xpath: .//button[@id=&apos;odcs-project-selector&apos;]/span[1]] on http://ucf2c-dcs-release-hub1.opcdeveloper.oracleinternalucf2c.oraclecorp.com/qa-dev/#/projects/qa-dev_test-shared-project1-1460033913915.
2016-04-07 06:34:02,234 DEBUG [oracle.clouddev.test.selenium.components.AssertElement] Check condition (NOT (element is visible)) for element [By.id: page-provision] on http://ucf2c-dcs-release-hub1.opcdeveloper.oracleinternalucf2c.oraclecorp.com/qa-dev/#/projects/qa-dev_test-shared-project1-1460033913915.
2016-04-07 06:34:03,314 DEBUG [oracle.clouddev.test.selenium.components.AssertElement] Check condition (element is visible) for element [By.id: odcs-nav-tabs] on http://ucf2c-dcs-release-hub1.opcdeveloper.oracleinternalucf2c.oraclecorp.com/qa-dev/#/projects/qa-dev_test-shared-project1-1460033913915.
2016-04-07 06:34:03,369 DEBUG [oracle.clouddev.test.selenium.components.AssertElement] Check condition (element is visible) for element [By.xpath: .//a[@id=&apos;build&apos;] under [By.id: odcs-nav-tabs]] on http://ucf2c-dcs-release-hub1.opcdeveloper.oracleinternalucf2c.oraclecorp.com/qa-dev/#/projects/qa-dev_test-shared-project1-1460033913915.
2016-04-07 06:34:03,437 DEBUG [oracle.clouddev.test.selenium.components.AssertElement] Check condition (NOT (element has style class &apos;oj-disabled&apos;)) for element [By.xpath: .//a[@id=&apos;build&apos;] under [By.id: odcs-nav-tabs]] on http://ucf2c-dcs-release-hub1.opcdeveloper.oracleinternalucf2c.oraclecorp.com/qa-dev/#/projects/qa-dev_test-shared-project1-1460033913915.
2016-04-07 06:34:03,496 DEBUG [oracle.clouddev.test.selenium.components.AssertElement] Check condition (element is visible) for element [By.xpath: .//a[@id=&apos;build&apos;] under [By.id: odcs-nav-tabs]] on http://ucf2c-dcs-release-hub1.opcdeveloper.oracleinternalucf2c.oraclecorp.com/qa-dev/#/projects/qa-dev_test-shared-project1-1460033913915.
2016-04-07 06:34:03,973 DEBUG [oracle.clouddev.test.selenium.components.AssertElement] Check condition (element has style class &apos;oj-active&apos;) for element [By.xpath: .//a[@id=&apos;build&apos;] under [By.id: odcs-nav-tabs]] on http://ucf2c-dcs-release-hub1.opcdeveloper.oracleinternalucf2c.oraclecorp.com/qa-dev/#projects/qa-dev_test-shared-project1-1460033913915/build.
2016-04-07 06:34:04,474 DEBUG [oracle.clouddev.test.selenium.components.AssertElement] Check condition (element is visible) for element [By.xpath: .//a[@id=&apos;build&apos;] under [By.id: odcs-nav-tabs]] on http://ucf2c-dcs-release-hub1.opcdeveloper.oracleinternalucf2c.oraclecorp.com/qa-dev/#projects/qa-dev_test-shared-project1-1460033913915/build.
2016-04-07 06:34:04,739 INFO  [oracle.clouddev.test.selenium.tests.base.TestBuildPage] TestBuildPage.checkJobDeleted
2016-04-07 06:34:04,739 INFO  [oracle.clouddev.test.selenium.tests.base.TestBuildPage] Waiting for jobs page to present
2016-04-07 06:34:04,762 DEBUG [oracle.clouddev.test.selenium.components.AssertElement] Check condition (element is visible) for element [By.xpath: (//div[@id=&apos;page-jobs&apos;])] on http://ucf2c-dcs-release-hub1.opcdeveloper.oracleinternalucf2c.oraclecorp.com/qa-dev/#projects/qa-dev_test-shared-project1-1460033913915/build.
2016-04-07 06:34:04,804 DEBUG [oracle.clouddev.test.selenium.components.AssertElement] Check condition (element exists) for element [By.xpath: (//div[@id=&apos;page-jobs&apos;])] on http://ucf2c-dcs-release-hub1.opcdeveloper.oracleinternalucf2c.oraclecorp.com/qa-dev/#projects/qa-dev_test-shared-project1-1460033913915/build.
2016-04-07 06:34:04,826 INFO  [oracle.clouddev.test.selenium.tests.base.TestBuildPage] Checking jobs table for testDeleteJob
2016-04-07 06:34:04,826 INFO  [oracle.clouddev.test.selenium.tests.base.TestBuildPage] TestBuildPage.checkJobDeleted entering _getJobRow(testDeleteJob)
2016-04-07 06:34:04,851 DEBUG [oracle.clouddev.test.selenium.components.AssertElement] Check condition (element is visible) for element [By.xpath: (//table[@id=&apos;jobs-table-table&apos;])] on http://ucf2c-dcs-release-hub1.opcdeveloper.oracleinternalucf2c.oraclecorp.com/qa-dev/#projects/qa-dev_test-shared-project1-1460033913915/build.
2016-04-07 06:34:06,934 DEBUG [oracle.clouddev.test.selenium.components.AssertElement] Check condition (element is visible) for element [By.xpath: (//tbody/tr[1]/td[4]/a)] on http://ucf2c-dcs-release-hub1.opcdeveloper.oracleinternalucf2c.oraclecorp.com/qa-dev/#projects/qa-dev_test-shared-project1-1460033913915/build.
2016-04-07 06:34:07,023 DEBUG [oracle.clouddev.test.selenium.components.AssertElement] Check condition (element is visible) for element [By.xpath: (//tbody/tr[2]/td[4]/a)] on http://ucf2c-dcs-release-hub1.opcdeveloper.oracleinternalucf2c.oraclecorp.com/qa-dev/#projects/qa-dev_test-shared-project1-1460033913915/build.
2016-04-07 06:34:07,133 DEBUG [oracle.clouddev.test.selenium.components.AssertElement] Check condition (element is visible) for element [By.xpath: (//tbody/tr[3]/td[4]/a)] on http://ucf2c-dcs-release-hub1.opcdeveloper.oracleinternalucf2c.oraclecorp.com/qa-dev/#projects/qa-dev_test-shared-project1-1460033913915/build.
2016-04-07 06:34:07,169 INFO  [oracle.clouddev.test.selenium.tests.base.TestBuildPage] testDeleteJob has been deleted
    </system-out>
    </testcase>
    <testcase classname="oracle.clouddev.test.selenium.tests.base.TestBuildPage" name="createDeployArtifact" time="39.483">
      <properties>
        <property name="java.runtime.name" value="Java(TM) SE Runtime Environment"/>
        <property name="exec.mainClass" value="oracle.clouddev.test.selenium.RunTests"/>
        <property name="sun.boot.library.path" value="/usr/java/jdk1.8.0_51/jre/lib/amd64"/>
        <property name="java.vm.version" value="25.51-b03"/>
        <property name="java.vm.vendor" value="Oracle Corporation"/>
        <property name="java.vendor.url" value="http://java.oracle.com/"/>
        <property name="guice.disable.misplaced.annotation.check" value="true"/>
        <property name="path.separator" value=":"/>
        <property name="java.vm.name" value="Java HotSpot(TM) 64-Bit Server VM"/>
        <property name="file.encoding.pkg" value="sun.io"/>
        <property name="user.country" value="US"/>
        <property name="sun.java.launcher" value="SUN_STANDARD"/>
        <property name="sun.os.patch.level" value="unknown"/>
        <property name="http.noProxyHosts" value="localhost|127.0.0.1|*.local|*.oraclecorp.com|*.us.oracle.com"/>
        <property name="java.vm.specification.name" value="Java Virtual Machine Specification"/>
        <property name="user.dir" value="/home/builder/hudson/workspace/dcs_dcs.Release-Selenium-Tests/selenium-tests"/>
        <property name="java.runtime.version" value="1.8.0_51-b16"/>
        <property name="java.awt.graphicsenv" value="sun.awt.X11GraphicsEnvironment"/>
        <property name="java.endorsed.dirs" value="/usr/java/jdk1.8.0_51/jre/lib/endorsed"/>
        <property name="os.arch" value="amd64"/>
        <property name="java.io.tmpdir" value="/tmp"/>
        <property name="line.separator" value="
"/>
        <property name="java.vm.specification.vendor" value="Oracle Corporation"/>
        <property name="https.proxyHost" value="www-proxy.us.oracle.com"/>
        <property name="os.name" value="Linux"/>
        <property name="classworlds.conf" value="/usr/local/apache-maven/apache-maven-3.0.4/bin/m2.conf"/>
        <property name="sun.jnu.encoding" value="UTF-8"/>
        <property name="http.proxyPort" value="80"/>
        <property name="java.library.path" value="/usr/java/packages/lib/amd64:/usr/lib64:/lib64:/lib:/usr/lib"/>
        <property name="sun.awt.enableExtraMouseButtons" value="true"/>
        <property name="java.specification.name" value="Java Platform API Specification"/>
        <property name="java.class.version" value="52.0"/>
        <property name="sun.management.compiler" value="HotSpot 64-Bit Tiered Compilers"/>
        <property name="os.version" value="3.8.13-55.1.1.el6uek.x86_64"/>
        <property name="user.home" value="/home/builder"/>
        <property name="user.timezone" value="PST8PDT"/>
        <property name="java.awt.printerjob" value="sun.print.PSPrinterJob"/>
        <property name="file.encoding" value="UTF-8"/>
        <property name="java.specification.version" value="1.8"/>
        <property name="java.class.path" value="/usr/local/apache-maven/apache-maven-3.0.4/boot/plexus-classworlds-2.4.jar"/>
        <property name="user.name" value="builder"/>
        <property name="java.vm.specification.version" value="1.8"/>
        <property name="sun.java.command" value="org.codehaus.plexus.classworlds.launcher.Launcher -f /home/c2c/hudson/workspace/dcs_dcs.Release-Selenium-Tests/selenium-tests/pom.xml --batch-mode exec:java -Dexec.mainClass=oracle.clouddev.test.selenium.RunTests -Dexec.args=selenium.browser.size.w=1280 selenium.browser.size.h=960 capture.video=true capture.screenshots=true notification.type=swing notification.history=3 notification.font.size=15 job-release-selenium-tests.properties build.job=dcs_dcs.Release-Selenium-Tests build.number=289 target.release=16.2.3.0.0 timeout.build.buildqueue=1200 timeout.build.buildqueue.polling=60 -s BASE --tag base"/>
        <property name="java.home" value="/usr/java/jdk1.8.0_51/jre"/>
        <property name="sun.arch.data.model" value="64"/>
        <property name="user.language" value="en"/>
        <property name="java.specification.vendor" value="Oracle Corporation"/>
        <property name="awt.toolkit" value="sun.awt.X11.XToolkit"/>
        <property name="java.vm.info" value="mixed mode"/>
        <property name="java.version" value="1.8.0_51"/>
        <property name="securerandom.source" value="file:/dev/./urandom"/>
        <property name="java.ext.dirs" value="/usr/java/jdk1.8.0_51/jre/lib/ext:/usr/java/packages/lib/ext"/>
        <property name="http.proxyHost" value="www-proxy.us.oracle.com"/>
        <property name="sun.boot.class.path" value="/usr/java/jdk1.8.0_51/jre/lib/resources.jar:/usr/java/jdk1.8.0_51/jre/lib/rt.jar:/usr/java/jdk1.8.0_51/jre/lib/sunrsasign.jar:/usr/java/jdk1.8.0_51/jre/lib/jsse.jar:/usr/java/jdk1.8.0_51/jre/lib/jce.jar:/usr/java/jdk1.8.0_51/jre/lib/charsets.jar:/usr/java/jdk1.8.0_51/jre/lib/jfr.jar:/usr/java/jdk1.8.0_51/jre/classes"/>
        <property name="java.vendor" value="Oracle Corporation"/>
        <property name="maven.home" value="/usr/local/apache-maven/apache-maven-3.0.4"/>
        <property name="file.separator" value="/"/>
        <property name="java.vendor.url.bug" value="http://bugreport.sun.com/bugreport/"/>
        <property name="sun.font.fontmanager" value="sun.awt.X11FontManager"/>
        <property name="sun.io.unicode.encoding" value="UnicodeLittle"/>
        <property name="sun.cpu.endian" value="little"/>
        <property name="https.proxyPort" value="80"/>
        <property name="exec.args" value="selenium.browser.size.w=1280 selenium.browser.size.h=960 capture.video=true capture.screenshots=true notification.type=swing notification.history=3 notification.font.size=15 job-release-selenium-tests.properties build.job=dcs_dcs.Release-Selenium-Tests build.number=289 target.release=16.2.3.0.0 timeout.build.buildqueue=1200 timeout.build.buildqueue.polling=60 -s BASE --tag base"/>
        <property name="sun.cpu.isalist" value=""/>
        <property name="test.selenium.browser.size.h" value="960"/>
        <property name="test.user.non-admin.name" value="tom.testsuite"/>
        <property name="test.https.proxyHost" value="www-proxy.us.oracle.com"/>
        <property name="test.user.admin.name" value="tina.testsuite"/>
        <property name="test.user.em-agent.password" value="Welcome1!"/>
        <property name="test.tag" value="base"/>
        <property name="test.user.em-agent.fullname" value="Alex Admin"/>
        <property name="test.selenium.port" value="44000"/>
        <property name="test.build.number" value="289"/>
        <property name="test.user.sdi-agent.enabled" value="true"/>
        <property name="test.timeout.assert.condition" value="30"/>
        <property name="test.target.version" value="{
  &quot;buildInformation&quot; : {
    &quot;gitCommitId&quot; : &quot;84b91eb9e1660e336bb9289583fdf62f88d10e16&quot;,
    &quot;gitCommitMessage&quot; : &quot;Bug 23012667 - Check for valid ACCS account in the same ID Domain\n&quot;,
    &quot;buildTime&quot; : &quot;05.04.2016 @ 21:54:38 PDT&quot;,
    &quot;buildUser&quot; : &quot;Code2Cloud Builder&quot;
  }
}"/>
        <property name="test.build.job" value="dcs_dcs.Release-Selenium-Tests"/>
        <property name="test.timeout.project.create" value="660"/>
        <property name="test.user.sdi-agent.name" value="alex.admin"/>
        <property name="test.selenium.browser" value="firefox"/>
        <property name="test.http.proxyPort" value="80"/>
        <property name="test.user.sdi-agent.password" value="Welcome1!"/>
        <property name="test.user.sdi-agent.fullname" value="Alex Admin"/>
        <property name="test.timeout.selenium.navigate" value="20"/>
        <property name="test.target.release" value="16.2.3.0.0"/>
        <property name="test.byom.ip" value="127.0.0.1"/>
        <property name="test.byom.port" value="8585"/>
        <property name="test.notification.type" value="swing"/>
        <property name="test.data.project.override" value=""/>
        <property name="test.timeout.selenium.find" value="1"/>
        <property name="test.user.em-agent.enabled" value="true"/>
        <property name="test.testEmptyOrg.db.id" value=""/>
        <property name="test.reviews.timeout.slowdown" value="0"/>
        <property name="test.http.noProxyHosts" value="localhost|127.0.0.1|*.local|*.oraclecorp.com|*.us.oracle.com"/>
        <property name="test.capture.video" value="true"/>
        <property name="test.user.non-admin.password" value="Welcome1!"/>
        <property name="test.user.non-admin.fullname" value="Tom Testsuite"/>
        <property name="test.user.admin.password" value="Welcome1!"/>
        <property name="test.notification.history" value="3"/>
        <property name="test.user.admin.fullname" value="Tina Testsuite"/>
        <property name="test.capture.screenshots" value="true"/>
        <property name="test.testEmptyOrg.db.connectString" value="jdbc:oracle:thin:@(DESCRIPTION=(ADDRESS=(PROTOCOL=TCP)(HOST=slc09iwb.us.oracle.com)(PORT=1521))(CONNECT_DATA=(SERVICE_NAME=dbpod)))"/>
        <property name="test.firefox.bin" value=""/>
        <property name="test.https.proxyPort" value="80"/>
        <property name="test.develop.offline" value="false"/>
        <property name="test.timeout.build.buildqueue.polling" value="60"/>
        <property name="test.output.dir" value="target/test-reports/"/>
        <property name="test.firefox.allowedHosts" value="localhost,localhost.localdomain"/>
        <property name="test.testEmptyOrg.db.schema" value="BV2RLPNYEWMR"/>
        <property name="test.web.url" value="http://ucf2c-dcs-release-hub1.opcdeveloper.oracleinternalucf2c.oraclecorp.com/qa-dev/"/>
        <property name="test.firefox.extensions" value=""/>
        <property name="test.testEmptyOrg.orgExistsCheck" value="false"/>
        <property name="test.data.dir" value="data/"/>
        <property name="test.notification.font.size" value="15"/>
        <property name="test.testEmptyOrg.service" value="devservice5"/>
        <property name="test.selenium.start.server" value="false"/>
        <property name="test.firefox.profile.path" value=""/>
        <property name="test.selenium.host" value="localhost"/>
        <property name="test.suite" value="BASE"/>
        <property name="test.tests" value=""/>
        <property name="test.user.admin.idm" value="dcsdevteam"/>
        <property name="test.http.proxyHost" value="www-proxy.us.oracle.com"/>
        <property name="test.testMethods" value=""/>
        <property name="test.reviews.dontDeleteEnviroment" value="false"/>
        <property name="test.selenium.browser.maximize" value="false"/>
        <property name="test.firefox.profile.name" value=""/>
        <property name="test.timeout.build.buildqueue" value="1200"/>
        <property name="test.user.em-agent.idm" value="dcsdevteam"/>
        <property name="test.selenium.remote" value="false"/>
        <property name="test.user.sdi-agent.idm" value="dcsdevteam"/>
        <property name="test.byom.authToken" value="123456"/>
        <property name="test.proxy.autodetect" value="false"/>
        <property name="test.testEmptyOrg.idm" value="dcsdevteam"/>
        <property name="test.user.non-admin.idm" value="dcsdevteam"/>
        <property name="test.data.tasks.useexisting" value="false"/>
        <property name="test.selenium.browser.size.w" value="1280"/>
        <property name="test.category" value="DEFAULT"/>
        <property name="test.user.em-agent.name" value="alex.admin"/>
        <property name="test.timeout.slowdown" value="0"/>
      </properties>
    <system-out>
2016-04-07 06:34:07,175 INFO  [oracle.clouddev.test.framework.rest.RestClient] [request#182] POST http://ucf2c-dcs-release-hub1.opcdeveloper.oracleinternalucf2c.oraclecorp.com/qa-dev/api/projects/search2 HTTP/1.1 (user: ADMIN(dcsdevteam/tina.testsuite/Welcome1!))
2016-04-07 06:34:07,175 DEBUG [oracle.clouddev.test.framework.rest.RestClient] [request#182] posted content:
{
  &quot;projectRelationship&quot; : &quot;ALL&quot;,
  &quot;organizationIdentifier&quot; : &quot;qa-dev&quot;,
  &quot;shallowCopy&quot; : false
}
2016-04-07 06:34:07,175 DEBUG [oracle.clouddev.test.framework.rest.RestClient] [request#182] cURL: curl -k -u tina.testsuite:Welcome1! -X POST &apos;http://ucf2c-dcs-release-hub1.opcdeveloper.oracleinternalucf2c.oraclecorp.com/qa-dev/api/projects/search2&apos; -H &apos;Content-Type: application/json; charset=UTF-8&apos; --data-binary &apos;{  &quot;projectRelationship&quot; : &quot;ALL&quot;,  &quot;organizationIdentifier&quot; : &quot;qa-dev&quot;,  &quot;shallowCopy&quot; : false}&apos;
2016-04-07 06:34:08,186 INFO  [oracle.clouddev.test.framework.rest.RestClient] [request#182] HTTP/1.1 200 OK
2016-04-07 06:34:08,186 DEBUG [oracle.clouddev.test.framework.rest.RestClient] [request#182] Content-Type: application/json;charset=UTF-8
2016-04-07 06:34:08,186 DEBUG [oracle.clouddev.test.framework.rest.RestClient] [request#182] Content-Length: -- no value --
2016-04-07 06:34:08,291 DEBUG [oracle.clouddev.test.selenium.junit.BrowserSession] navigating to project qa-dev_test-shared-project1-1460033913915 (http://ucf2c-dcs-release-hub1.opcdeveloper.oracleinternalucf2c.oraclecorp.com/qa-dev/#/projects/qa-dev_test-shared-project1-1460033913915)
2016-04-07 06:34:09,542 DEBUG [oracle.clouddev.test.selenium.components.AssertElement] Check condition (oracle.clouddev.test.selenium.components.Conditions$5@50c087d7) for element [By.xpath: .//button[@id=&apos;odcs-project-selector&apos;]/span[1]] on http://ucf2c-dcs-release-hub1.opcdeveloper.oracleinternalucf2c.oraclecorp.com/qa-dev/#/projects/qa-dev_test-shared-project1-1460033913915.
2016-04-07 06:34:09,600 DEBUG [oracle.clouddev.test.selenium.components.AssertElement] Check condition (NOT (element is visible)) for element [By.id: page-provision] on http://ucf2c-dcs-release-hub1.opcdeveloper.oracleinternalucf2c.oraclecorp.com/qa-dev/#/projects/qa-dev_test-shared-project1-1460033913915.
2016-04-07 06:34:10,682 DEBUG [oracle.clouddev.test.selenium.components.AssertElement] Check condition (element is visible) for element [By.id: odcs-nav-tabs] on http://ucf2c-dcs-release-hub1.opcdeveloper.oracleinternalucf2c.oraclecorp.com/qa-dev/#/projects/qa-dev_test-shared-project1-1460033913915.
2016-04-07 06:34:10,825 DEBUG [oracle.clouddev.test.selenium.components.AssertElement] Check condition (element is visible) for element [By.xpath: .//a[@id=&apos;build&apos;] under [By.id: odcs-nav-tabs]] on http://ucf2c-dcs-release-hub1.opcdeveloper.oracleinternalucf2c.oraclecorp.com/qa-dev/#/projects/qa-dev_test-shared-project1-1460033913915.
2016-04-07 06:34:11,023 DEBUG [oracle.clouddev.test.selenium.components.AssertElement] Check condition (NOT (element has style class &apos;oj-disabled&apos;)) for element [By.xpath: .//a[@id=&apos;build&apos;] under [By.id: odcs-nav-tabs]] on http://ucf2c-dcs-release-hub1.opcdeveloper.oracleinternalucf2c.oraclecorp.com/qa-dev/#/projects/qa-dev_test-shared-project1-1460033913915.
2016-04-07 06:34:11,093 DEBUG [oracle.clouddev.test.selenium.components.AssertElement] Check condition (element is visible) for element [By.xpath: .//a[@id=&apos;build&apos;] under [By.id: odcs-nav-tabs]] on http://ucf2c-dcs-release-hub1.opcdeveloper.oracleinternalucf2c.oraclecorp.com/qa-dev/#/projects/qa-dev_test-shared-project1-1460033913915.
2016-04-07 06:34:11,389 DEBUG [oracle.clouddev.test.selenium.components.AssertElement] Check condition (element has style class &apos;oj-active&apos;) for element [By.xpath: .//a[@id=&apos;build&apos;] under [By.id: odcs-nav-tabs]] on http://ucf2c-dcs-release-hub1.opcdeveloper.oracleinternalucf2c.oraclecorp.com/qa-dev/#projects/qa-dev_test-shared-project1-1460033913915/build.
2016-04-07 06:34:11,823 DEBUG [oracle.clouddev.test.selenium.components.AssertElement] Check condition (element is visible) for element [By.xpath: .//a[@id=&apos;build&apos;] under [By.id: odcs-nav-tabs]] on http://ucf2c-dcs-release-hub1.opcdeveloper.oracleinternalucf2c.oraclecorp.com/qa-dev/#projects/qa-dev_test-shared-project1-1460033913915/build.
2016-04-07 06:34:11,966 INFO  [oracle.clouddev.test.selenium.tests.base.TestBuildPage] TestBuildPage.createDeployArtifact
2016-04-07 06:34:11,966 INFO  [oracle.clouddev.test.selenium.tests.base.TestBuildPage] TestBuildPage.createDeployArtifact entering createAdfBCApp
2016-04-07 06:34:11,966 INFO  [oracle.clouddev.test.selenium.tests.base.TestBuildPage] TestBuildPage.createDeployArtifact entering _getJobRow(AdfBcApp)
2016-04-07 06:34:11,985 DEBUG [oracle.clouddev.test.selenium.components.AssertElement] Check condition (element is visible) for element [By.xpath: (//table[@id=&apos;jobs-table-table&apos;])] on http://ucf2c-dcs-release-hub1.opcdeveloper.oracleinternalucf2c.oraclecorp.com/qa-dev/#projects/qa-dev_test-shared-project1-1460033913915/build.
2016-04-07 06:34:14,093 DEBUG [oracle.clouddev.test.selenium.components.AssertElement] Check condition (element is visible) for element [By.xpath: (//tbody/tr[1]/td[4]/a)] on http://ucf2c-dcs-release-hub1.opcdeveloper.oracleinternalucf2c.oraclecorp.com/qa-dev/#projects/qa-dev_test-shared-project1-1460033913915/build.
2016-04-07 06:34:14,191 DEBUG [oracle.clouddev.test.selenium.components.AssertElement] Check condition (element is visible) for element [By.xpath: (//tbody/tr[2]/td[4]/a)] on http://ucf2c-dcs-release-hub1.opcdeveloper.oracleinternalucf2c.oraclecorp.com/qa-dev/#projects/qa-dev_test-shared-project1-1460033913915/build.
2016-04-07 06:34:14,295 DEBUG [oracle.clouddev.test.selenium.components.AssertElement] Check condition (element is visible) for element [By.xpath: (//tbody/tr[3]/td[4]/a)] on http://ucf2c-dcs-release-hub1.opcdeveloper.oracleinternalucf2c.oraclecorp.com/qa-dev/#projects/qa-dev_test-shared-project1-1460033913915/build.
2016-04-07 06:34:14,369 INFO  [oracle.clouddev.test.selenium.tests.base.TestBuildPage] TestBuildPage.createDeployArtifact entering _createNewJob
2016-04-07 06:34:14,369 INFO  [oracle.clouddev.test.selenium.tests.base.TestBuildPage] Waiting for jobs page to present
2016-04-07 06:34:14,387 DEBUG [oracle.clouddev.test.selenium.components.AssertElement] Check condition (element is visible) for element [By.xpath: (//div[@id=&apos;page-jobs&apos;])] on http://ucf2c-dcs-release-hub1.opcdeveloper.oracleinternalucf2c.oraclecorp.com/qa-dev/#projects/qa-dev_test-shared-project1-1460033913915/build.
2016-04-07 06:34:14,431 DEBUG [oracle.clouddev.test.selenium.components.AssertElement] Check condition (element exists) for element [By.xpath: (//div[@id=&apos;page-jobs&apos;])] on http://ucf2c-dcs-release-hub1.opcdeveloper.oracleinternalucf2c.oraclecorp.com/qa-dev/#projects/qa-dev_test-shared-project1-1460033913915/build.
2016-04-07 06:34:14,442 INFO  [oracle.clouddev.test.selenium.tests.base.TestBuildPage] Waiting for New Job dialog to show up
2016-04-07 06:34:14,459 DEBUG [oracle.clouddev.test.selenium.components.AssertElement] Check condition (element is visible) for element [By.id: newJob-button] on http://ucf2c-dcs-release-hub1.opcdeveloper.oracleinternalucf2c.oraclecorp.com/qa-dev/#projects/qa-dev_test-shared-project1-1460033913915/build.
2016-04-07 06:34:14,986 DEBUG [oracle.clouddev.test.selenium.components.AssertElement] Check condition (element is visible) for element [By.id: ojDialogWrapper-newJob] on http://ucf2c-dcs-release-hub1.opcdeveloper.oracleinternalucf2c.oraclecorp.com/qa-dev/#projects/qa-dev_test-shared-project1-1460033913915/build.
2016-04-07 06:34:15,018 INFO  [oracle.clouddev.test.selenium.tests.base.TestBuildPage] Enter job name: AdfBcApp
2016-04-07 06:34:15,041 DEBUG [oracle.clouddev.test.selenium.components.AssertElement] Check condition (element is visible) for element [By.id: jobName] on http://ucf2c-dcs-release-hub1.opcdeveloper.oracleinternalucf2c.oraclecorp.com/qa-dev/#projects/qa-dev_test-shared-project1-1460033913915/build.
2016-04-07 06:34:15,089 DEBUG [oracle.clouddev.test.selenium.components.AssertElement] Check condition (element is visible) for element [By.id: jobName] on http://ucf2c-dcs-release-hub1.opcdeveloper.oracleinternalucf2c.oraclecorp.com/qa-dev/#projects/qa-dev_test-shared-project1-1460033913915/build.
2016-04-07 06:34:15,556 INFO  [oracle.clouddev.test.selenium.tests.base.TestBuildPage] Click on Save button
2016-04-07 06:34:15,646 DEBUG [oracle.clouddev.test.selenium.components.AssertElement] Check condition (element is visible) for element [By.xpath: (//button[@id=&apos;newJob-save-button&apos;])] on http://ucf2c-dcs-release-hub1.opcdeveloper.oracleinternalucf2c.oraclecorp.com/qa-dev/#projects/qa-dev_test-shared-project1-1460033913915/build.
2016-04-07 06:34:15,919 INFO  [oracle.clouddev.test.selenium.tests.base.TestBuildPage] Waiting for configure-tabs to present
2016-04-07 06:34:15,941 DEBUG [oracle.clouddev.test.selenium.components.AssertElement] Check condition (element is visible) for element [By.xpath: (//div[@id=&apos;configure-tabs&apos;])] on http://ucf2c-dcs-release-hub1.opcdeveloper.oracleinternalucf2c.oraclecorp.com/qa-dev/#projects/qa-dev_test-shared-project1-1460033913915/build.
2016-04-07 06:34:16,904 DEBUG [oracle.clouddev.test.selenium.components.AssertElement] Check condition (element exists) for element [By.xpath: (//div[@id=&apos;configure-tabs&apos;])] on http://ucf2c-dcs-release-hub1.opcdeveloper.oracleinternalucf2c.oraclecorp.com/qa-dev/#projects/qa-dev_test-shared-project1-1460033913915/build/job/qa-dev_test-shared-project1-1460033913915.AdfBcApp/configure?new.
2016-04-07 06:34:16,926 INFO  [oracle.clouddev.test.selenium.tests.base.TestBuildPage] Verify job created
2016-04-07 06:34:16,926 INFO  [oracle.clouddev.test.selenium.tests.base.TestBuildPage] Navigate to tabIndex: 1
2016-04-07 06:34:16,947 DEBUG [oracle.clouddev.test.selenium.components.AssertElement] Check condition (element is visible) for element [By.xpath: //div[@class=&apos;oj-tabs-conveyor&apos;]/ul/li[1]/div/a] on http://ucf2c-dcs-release-hub1.opcdeveloper.oracleinternalucf2c.oraclecorp.com/qa-dev/#projects/qa-dev_test-shared-project1-1460033913915/build/job/qa-dev_test-shared-project1-1460033913915.AdfBcApp/configure?new.
2016-04-07 06:34:16,987 DEBUG [oracle.clouddev.test.selenium.components.AssertElement] Check condition (element is visible) for element [By.xpath: //div[@class=&apos;oj-tabs-conveyor&apos;]/ul/li[1]/div/a] on http://ucf2c-dcs-release-hub1.opcdeveloper.oracleinternalucf2c.oraclecorp.com/qa-dev/#projects/qa-dev_test-shared-project1-1460033913915/build/job/qa-dev_test-shared-project1-1460033913915.AdfBcApp/configure?new.
2016-04-07 06:34:17,490 INFO  [oracle.clouddev.test.selenium.tests.base.TestBuildPage] Verify configure-tabs for page-configure-main
2016-04-07 06:34:17,516 DEBUG [oracle.clouddev.test.selenium.components.AssertElement] Check condition (element is visible) for element [By.id: page-configure-main] on http://ucf2c-dcs-release-hub1.opcdeveloper.oracleinternalucf2c.oraclecorp.com/qa-dev/#projects/qa-dev_test-shared-project1-1460033913915/build/job/qa-dev_test-shared-project1-1460033913915.AdfBcApp/configure?new.
2016-04-07 06:34:17,588 DEBUG [oracle.clouddev.test.selenium.components.AssertElement] Check condition (element exists) for element [By.id: page-configure-main] on http://ucf2c-dcs-release-hub1.opcdeveloper.oracleinternalucf2c.oraclecorp.com/qa-dev/#projects/qa-dev_test-shared-project1-1460033913915/build/job/qa-dev_test-shared-project1-1460033913915.AdfBcApp/configure?new.
2016-04-07 06:34:23,655 DEBUG [oracle.clouddev.test.selenium.components.AssertElement] Check condition (element is visible) for element [By.xpath: (//input[@id=&apos;jobName&apos;])] on http://ucf2c-dcs-release-hub1.opcdeveloper.oracleinternalucf2c.oraclecorp.com/qa-dev/#projects/qa-dev_test-shared-project1-1460033913915/build/job/qa-dev_test-shared-project1-1460033913915.AdfBcApp/configure?new.
2016-04-07 06:34:23,778 INFO  [oracle.clouddev.test.selenium.tests.base.TestBuildPage] TestBuildPage.createDeployArtifact entering _loadConfigurePage
2016-04-07 06:34:23,778 INFO  [oracle.clouddev.test.selenium.tests.base.TestBuildPage] Navigate to tabIndex: 1
2016-04-07 06:34:23,792 DEBUG [oracle.clouddev.test.selenium.components.AssertElement] Check condition (element is visible) for element [By.xpath: //div[@class=&apos;oj-tabs-conveyor&apos;]/ul/li[1]/div/a] on http://ucf2c-dcs-release-hub1.opcdeveloper.oracleinternalucf2c.oraclecorp.com/qa-dev/#projects/qa-dev_test-shared-project1-1460033913915/build/job/qa-dev_test-shared-project1-1460033913915.AdfBcApp/configure?new.
2016-04-07 06:34:23,910 DEBUG [oracle.clouddev.test.selenium.components.AssertElement] Check condition (element is visible) for element [By.xpath: //div[@class=&apos;oj-tabs-conveyor&apos;]/ul/li[1]/div/a] on http://ucf2c-dcs-release-hub1.opcdeveloper.oracleinternalucf2c.oraclecorp.com/qa-dev/#projects/qa-dev_test-shared-project1-1460033913915/build/job/qa-dev_test-shared-project1-1460033913915.AdfBcApp/configure?new.
2016-04-07 06:34:24,260 INFO  [oracle.clouddev.test.selenium.tests.base.TestBuildPage] Verify configure-tabs for page-configure-main
2016-04-07 06:34:24,280 DEBUG [oracle.clouddev.test.selenium.components.AssertElement] Check condition (element is visible) for element [By.id: page-configure-main] on http://ucf2c-dcs-release-hub1.opcdeveloper.oracleinternalucf2c.oraclecorp.com/qa-dev/#projects/qa-dev_test-shared-project1-1460033913915/build/job/qa-dev_test-shared-project1-1460033913915.AdfBcApp/configure?new.
2016-04-07 06:34:24,341 DEBUG [oracle.clouddev.test.selenium.components.AssertElement] Check condition (element exists) for element [By.id: page-configure-main] on http://ucf2c-dcs-release-hub1.opcdeveloper.oracleinternalucf2c.oraclecorp.com/qa-dev/#projects/qa-dev_test-shared-project1-1460033913915/build/job/qa-dev_test-shared-project1-1460033913915.AdfBcApp/configure?new.
2016-04-07 06:34:24,402 INFO  [oracle.clouddev.test.selenium.tests.base.TestBuildPage] Enter job description
2016-04-07 06:34:24,429 DEBUG [oracle.clouddev.test.selenium.components.AssertElement] Check condition (element is visible) for element [By.xpath: (//textarea[@id=&apos;jobDescription&apos;])] on http://ucf2c-dcs-release-hub1.opcdeveloper.oracleinternalucf2c.oraclecorp.com/qa-dev/#projects/qa-dev_test-shared-project1-1460033913915/build/job/qa-dev_test-shared-project1-1460033913915.AdfBcApp/configure?new.
2016-04-07 06:34:24,548 DEBUG [oracle.clouddev.test.selenium.components.AssertElement] Check condition (element is visible) for element [By.xpath: (//textarea[@id=&apos;jobDescription&apos;])] on http://ucf2c-dcs-release-hub1.opcdeveloper.oracleinternalucf2c.oraclecorp.com/qa-dev/#projects/qa-dev_test-shared-project1-1460033913915/build/job/qa-dev_test-shared-project1-1460033913915.AdfBcApp/configure?new.
2016-04-07 06:34:25,034 INFO  [oracle.clouddev.test.selenium.tests.base.TestBuildPage] TestBuildPage.createDeployArtifact entering _addAdfBCApp
2016-04-07 06:34:25,034 INFO  [oracle.clouddev.test.selenium.tests.base.TestBuildPage] Navigate to tabIndex: 3
2016-04-07 06:34:25,069 DEBUG [oracle.clouddev.test.selenium.components.AssertElement] Check condition (element is visible) for element [By.xpath: //div[@class=&apos;oj-tabs-conveyor&apos;]/ul/li[3]/div/a] on http://ucf2c-dcs-release-hub1.opcdeveloper.oracleinternalucf2c.oraclecorp.com/qa-dev/#projects/qa-dev_test-shared-project1-1460033913915/build/job/qa-dev_test-shared-project1-1460033913915.AdfBcApp/configure?new.
2016-04-07 06:34:25,258 DEBUG [oracle.clouddev.test.selenium.components.AssertElement] Check condition (element is visible) for element [By.xpath: //div[@class=&apos;oj-tabs-conveyor&apos;]/ul/li[3]/div/a] on http://ucf2c-dcs-release-hub1.opcdeveloper.oracleinternalucf2c.oraclecorp.com/qa-dev/#projects/qa-dev_test-shared-project1-1460033913915/build/job/qa-dev_test-shared-project1-1460033913915.AdfBcApp/configure?new.
2016-04-07 06:34:25,820 INFO  [oracle.clouddev.test.selenium.tests.base.TestBuildPage] Verify configure-tabs for page-configure-scm
2016-04-07 06:34:25,951 DEBUG [oracle.clouddev.test.selenium.components.AssertElement] Check condition (element is visible) for element [By.id: page-configure-scm] on http://ucf2c-dcs-release-hub1.opcdeveloper.oracleinternalucf2c.oraclecorp.com/qa-dev/#projects/qa-dev_test-shared-project1-1460033913915/build/job/qa-dev_test-shared-project1-1460033913915.AdfBcApp/configure?new.
2016-04-07 06:34:25,976 DEBUG [oracle.clouddev.test.selenium.components.AssertElement] Check condition (element exists) for element [By.id: page-configure-scm] on http://ucf2c-dcs-release-hub1.opcdeveloper.oracleinternalucf2c.oraclecorp.com/qa-dev/#projects/qa-dev_test-shared-project1-1460033913915/build/job/qa-dev_test-shared-project1-1460033913915.AdfBcApp/configure?new.
2016-04-07 06:34:25,982 INFO  [oracle.clouddev.test.selenium.tests.base.TestBuildPage] Click radio button Git
2016-04-07 06:34:25,995 DEBUG [oracle.clouddev.test.selenium.components.AssertElement] Check condition (element is visible) for element [By.xpath: (//input[@id=&apos;optGit&apos;])] on http://ucf2c-dcs-release-hub1.opcdeveloper.oracleinternalucf2c.oraclecorp.com/qa-dev/#projects/qa-dev_test-shared-project1-1460033913915/build/job/qa-dev_test-shared-project1-1460033913915.AdfBcApp/configure?new.
2016-04-07 06:34:26,395 INFO  [oracle.clouddev.test.selenium.tests.base.TestBuildPage] Check a new git URL added automatically
2016-04-07 06:34:26,481 DEBUG [oracle.clouddev.test.selenium.components.AssertElement] Check condition (element exists) for element [By.xpath: (//div[@id=&apos;ojChoiceId_urlRepository_1&apos;]/div/input)] on http://ucf2c-dcs-release-hub1.opcdeveloper.oracleinternalucf2c.oraclecorp.com/qa-dev/#projects/qa-dev_test-shared-project1-1460033913915/build/job/qa-dev_test-shared-project1-1460033913915.AdfBcApp/configure?new.
2016-04-07 06:34:26,492 INFO  [oracle.clouddev.test.selenium.tests.base.TestBuildPage] Click button Remove repo
2016-04-07 06:34:26,502 DEBUG [oracle.clouddev.test.selenium.components.AssertElement] Check condition (element is visible) for element [By.id: removeRepository] on http://ucf2c-dcs-release-hub1.opcdeveloper.oracleinternalucf2c.oraclecorp.com/qa-dev/#projects/qa-dev_test-shared-project1-1460033913915/build/job/qa-dev_test-shared-project1-1460033913915.AdfBcApp/configure?new.
2016-04-07 06:34:27,001 INFO  [oracle.clouddev.test.selenium.tests.base.TestBuildPage] Click radio button Git
2016-04-07 06:34:27,017 DEBUG [oracle.clouddev.test.selenium.components.AssertElement] Check condition (element is visible) for element [By.xpath: (//input[@id=&apos;optGit&apos;])] on http://ucf2c-dcs-release-hub1.opcdeveloper.oracleinternalucf2c.oraclecorp.com/qa-dev/#projects/qa-dev_test-shared-project1-1460033913915/build/job/qa-dev_test-shared-project1-1460033913915.AdfBcApp/configure?new.
2016-04-07 06:34:27,453 INFO  [oracle.clouddev.test.selenium.tests.base.TestBuildPage] Waiting for URL to present
2016-04-07 06:34:27,477 DEBUG [oracle.clouddev.test.selenium.components.AssertElement] Check condition (element is visible) for element [By.xpath: (//div[@id=&apos;ojChoiceId_urlRepository_1&apos;]/div/input)] on http://ucf2c-dcs-release-hub1.opcdeveloper.oracleinternalucf2c.oraclecorp.com/qa-dev/#projects/qa-dev_test-shared-project1-1460033913915/build/job/qa-dev_test-shared-project1-1460033913915.AdfBcApp/configure?new.
2016-04-07 06:34:27,539 DEBUG [oracle.clouddev.test.selenium.components.AssertElement] Check condition (element exists) for element [By.xpath: (//div[@id=&apos;ojChoiceId_urlRepository_1&apos;]/div/input)] on http://ucf2c-dcs-release-hub1.opcdeveloper.oracleinternalucf2c.oraclecorp.com/qa-dev/#projects/qa-dev_test-shared-project1-1460033913915/build/job/qa-dev_test-shared-project1-1460033913915.AdfBcApp/configure?new.
2016-04-07 06:34:27,563 INFO  [oracle.clouddev.test.selenium.tests.base.TestBuildPage] Click combobox URL
2016-04-07 06:34:27,577 DEBUG [oracle.clouddev.test.selenium.components.AssertElement] Check condition (element is visible) for element [By.xpath: (//div[@id=&apos;ojChoiceId_urlRepository_1&apos;]/div/input)] on http://ucf2c-dcs-release-hub1.opcdeveloper.oracleinternalucf2c.oraclecorp.com/qa-dev/#projects/qa-dev_test-shared-project1-1460033913915/build/job/qa-dev_test-shared-project1-1460033913915.AdfBcApp/configure?new.
2016-04-07 06:34:27,775 INFO  [oracle.clouddev.test.selenium.tests.base.TestBuildPage] Enter URL Repository: https://github.com/vimranga/devservice.git
2016-04-07 06:34:30,105 INFO  [oracle.clouddev.test.selenium.tests.base.TestBuildPage] Click button Add Branch
2016-04-07 06:34:32,138 DEBUG [oracle.clouddev.test.selenium.components.AssertElement] Check condition (element is visible) for element [By.xpath: (//button[@id=&apos;addBranch&apos;])] on http://ucf2c-dcs-release-hub1.opcdeveloper.oracleinternalucf2c.oraclecorp.com/qa-dev/#projects/qa-dev_test-shared-project1-1460033913915/build/job/qa-dev_test-shared-project1-1460033913915.AdfBcApp/configure?new.
2016-04-07 06:34:32,720 INFO  [oracle.clouddev.test.selenium.tests.base.TestBuildPage] Enter Branch Specifier: master
2016-04-07 06:34:34,728 INFO  [oracle.clouddev.test.selenium.tests.base.TestBuildPage] Click combobox Branch Specifier
2016-04-07 06:34:37,027 INFO  [oracle.clouddev.test.selenium.tests.base.TestBuildPage] Web URL: http://ucf2c-dcs-release-hub1.opcdeveloper.oracleinternalucf2c.oraclecorp.com/qa-dev/
2016-04-07 06:34:37,027 INFO  [oracle.clouddev.test.selenium.tests.base.TestBuildPage] Navigate to tabIndex: 6
2016-04-07 06:34:37,041 DEBUG [oracle.clouddev.test.selenium.components.AssertElement] Check condition (element is visible) for element [By.xpath: //div[@class=&apos;oj-tabs-conveyor&apos;]/ul/li[6]/div/a] on http://ucf2c-dcs-release-hub1.opcdeveloper.oracleinternalucf2c.oraclecorp.com/qa-dev/#projects/qa-dev_test-shared-project1-1460033913915/build/job/qa-dev_test-shared-project1-1460033913915.AdfBcApp/configure?new.
2016-04-07 06:34:37,071 DEBUG [oracle.clouddev.test.selenium.components.AssertElement] Check condition (element is visible) for element [By.xpath: //div[@class=&apos;oj-tabs-conveyor&apos;]/ul/li[6]/div/a] on http://ucf2c-dcs-release-hub1.opcdeveloper.oracleinternalucf2c.oraclecorp.com/qa-dev/#projects/qa-dev_test-shared-project1-1460033913915/build/job/qa-dev_test-shared-project1-1460033913915.AdfBcApp/configure?new.
2016-04-07 06:34:37,451 INFO  [oracle.clouddev.test.selenium.tests.base.TestBuildPage] Verify configure-tabs for page-configure-builder
2016-04-07 06:34:37,460 DEBUG [oracle.clouddev.test.selenium.components.AssertElement] Check condition (element is visible) for element [By.id: page-configure-builder] on http://ucf2c-dcs-release-hub1.opcdeveloper.oracleinternalucf2c.oraclecorp.com/qa-dev/#projects/qa-dev_test-shared-project1-1460033913915/build/job/qa-dev_test-shared-project1-1460033913915.AdfBcApp/configure?new.
2016-04-07 06:34:37,478 DEBUG [oracle.clouddev.test.selenium.components.AssertElement] Check condition (element exists) for element [By.id: page-configure-builder] on http://ucf2c-dcs-release-hub1.opcdeveloper.oracleinternalucf2c.oraclecorp.com/qa-dev/#projects/qa-dev_test-shared-project1-1460033913915/build/job/qa-dev_test-shared-project1-1460033913915.AdfBcApp/configure?new.
2016-04-07 06:34:37,482 INFO  [oracle.clouddev.test.selenium.tests.base.TestBuildPage] Add Build Step
2016-04-07 06:34:37,492 DEBUG [oracle.clouddev.test.selenium.components.AssertElement] Check condition (element is visible) for element [By.xpath: (//button[@id=&apos;addBuildStep&apos;])] on http://ucf2c-dcs-release-hub1.opcdeveloper.oracleinternalucf2c.oraclecorp.com/qa-dev/#projects/qa-dev_test-shared-project1-1460033913915/build/job/qa-dev_test-shared-project1-1460033913915.AdfBcApp/configure?new.
2016-04-07 06:34:37,527 DEBUG [oracle.clouddev.test.selenium.components.AssertElement] Check condition (element is visible) for element [By.xpath: (//button[@id=&apos;addBuildStep&apos;])] on http://ucf2c-dcs-release-hub1.opcdeveloper.oracleinternalucf2c.oraclecorp.com/qa-dev/#projects/qa-dev_test-shared-project1-1460033913915/build/job/qa-dev_test-shared-project1-1460033913915.AdfBcApp/configure?new.
2016-04-07 06:34:37,699 INFO  [oracle.clouddev.test.selenium.tests.base.TestBuildPage] Select Build Step-&gt;ant
2016-04-07 06:34:37,806 INFO  [oracle.clouddev.test.selenium.tests.base.TestBuildPage] Build Step: Execute shell
2016-04-07 06:34:37,824 INFO  [oracle.clouddev.test.selenium.tests.base.TestBuildPage] Build Step: Invoke Ant
2016-04-07 06:34:38,030 INFO  [oracle.clouddev.test.selenium.tests.base.TestBuildPage] Wait to click on Invoke Ant menu item
2016-04-07 06:34:40,311 INFO  [oracle.clouddev.test.selenium.tests.base.TestBuildPage] Navigate to tabIndex: 7
2016-04-07 06:34:40,323 DEBUG [oracle.clouddev.test.selenium.components.AssertElement] Check condition (element is visible) for element [By.xpath: //div[@class=&apos;oj-tabs-conveyor&apos;]/ul/li[7]/div/a] on http://ucf2c-dcs-release-hub1.opcdeveloper.oracleinternalucf2c.oraclecorp.com/qa-dev/#projects/qa-dev_test-shared-project1-1460033913915/build/job/qa-dev_test-shared-project1-1460033913915.AdfBcApp/configure?new.
2016-04-07 06:34:40,353 DEBUG [oracle.clouddev.test.selenium.components.AssertElement] Check condition (element is visible) for element [By.xpath: //div[@class=&apos;oj-tabs-conveyor&apos;]/ul/li[7]/div/a] on http://ucf2c-dcs-release-hub1.opcdeveloper.oracleinternalucf2c.oraclecorp.com/qa-dev/#projects/qa-dev_test-shared-project1-1460033913915/build/job/qa-dev_test-shared-project1-1460033913915.AdfBcApp/configure?new.
2016-04-07 06:34:40,910 INFO  [oracle.clouddev.test.selenium.tests.base.TestBuildPage] Verify configure-tabs for page-configure-postbuild
2016-04-07 06:34:40,921 DEBUG [oracle.clouddev.test.selenium.components.AssertElement] Check condition (element is visible) for element [By.id: page-configure-postbuild] on http://ucf2c-dcs-release-hub1.opcdeveloper.oracleinternalucf2c.oraclecorp.com/qa-dev/#projects/qa-dev_test-shared-project1-1460033913915/build/job/qa-dev_test-shared-project1-1460033913915.AdfBcApp/configure?new.
2016-04-07 06:34:40,948 DEBUG [oracle.clouddev.test.selenium.components.AssertElement] Check condition (element exists) for element [By.id: page-configure-postbuild] on http://ucf2c-dcs-release-hub1.opcdeveloper.oracleinternalucf2c.oraclecorp.com/qa-dev/#projects/qa-dev_test-shared-project1-1460033913915/build/job/qa-dev_test-shared-project1-1460033913915.AdfBcApp/configure?new.
2016-04-07 06:34:40,954 INFO  [oracle.clouddev.test.selenium.tests.base.TestBuildPage] Click checkbox artifact archiver
2016-04-07 06:34:42,969 DEBUG [oracle.clouddev.test.selenium.components.AssertElement] Check condition (element is visible) for element [By.xpath: (//input[@id=&apos;artifactArchiver&apos;])] on http://ucf2c-dcs-release-hub1.opcdeveloper.oracleinternalucf2c.oraclecorp.com/qa-dev/#projects/qa-dev_test-shared-project1-1460033913915/build/job/qa-dev_test-shared-project1-1460033913915.AdfBcApp/configure?new.
2016-04-07 06:34:43,159 INFO  [oracle.clouddev.test.selenium.tests.base.TestBuildPage] Enter Files To Archive
2016-04-07 06:34:45,383 INFO  [oracle.clouddev.test.selenium.tests.base.TestBuildPage] Save Job Config
2016-04-07 06:34:45,394 DEBUG [oracle.clouddev.test.selenium.components.AssertElement] Check condition (element is visible) for element [By.xpath: (//button[@id=&apos;save-button&apos;])] on http://ucf2c-dcs-release-hub1.opcdeveloper.oracleinternalucf2c.oraclecorp.com/qa-dev/#projects/qa-dev_test-shared-project1-1460033913915/build/job/qa-dev_test-shared-project1-1460033913915.AdfBcApp/configure?new.
2016-04-07 06:34:45,423 DEBUG [oracle.clouddev.test.selenium.components.AssertElement] Check condition (element is visible) for element [By.xpath: (//button[@id=&apos;save-button&apos;])] on http://ucf2c-dcs-release-hub1.opcdeveloper.oracleinternalucf2c.oraclecorp.com/qa-dev/#projects/qa-dev_test-shared-project1-1460033913915/build/job/qa-dev_test-shared-project1-1460033913915.AdfBcApp/configure?new.
2016-04-07 06:34:45,700 INFO  [oracle.clouddev.test.selenium.tests.base.TestBuildPage] Waiting for job overview page to present
2016-04-07 06:34:45,713 DEBUG [oracle.clouddev.test.selenium.components.AssertElement] Check condition (element is visible) for element [By.xpath: (//div[@id=&apos;page-job&apos;])] on http://ucf2c-dcs-release-hub1.opcdeveloper.oracleinternalucf2c.oraclecorp.com/qa-dev/#projects/qa-dev_test-shared-project1-1460033913915/build/job/qa-dev_test-shared-project1-1460033913915.AdfBcApp/configure?new.
2016-04-07 06:34:46,587 DEBUG [oracle.clouddev.test.selenium.components.AssertElement] Check condition (element exists) for element [By.xpath: (//div[@id=&apos;page-job&apos;])] on http://ucf2c-dcs-release-hub1.opcdeveloper.oracleinternalucf2c.oraclecorp.com/qa-dev/#projects/qa-dev_test-shared-project1-1460033913915/build/job/qa-dev_test-shared-project1-1460033913915.AdfBcApp.
2016-04-07 06:34:46,595 INFO  [oracle.clouddev.test.selenium.tests.base.TestBuildPage] Verify job name: AdfBcApp
2016-04-07 06:34:46,605 DEBUG [oracle.clouddev.test.selenium.components.AssertElement] Check condition (element is visible) for element [By.tagName: h3] on http://ucf2c-dcs-release-hub1.opcdeveloper.oracleinternalucf2c.oraclecorp.com/qa-dev/#projects/qa-dev_test-shared-project1-1460033913915/build/job/qa-dev_test-shared-project1-1460033913915.AdfBcApp.
    </system-out>
    </testcase>
    <testcase classname="oracle.clouddev.test.selenium.tests.base.TestBuildPage" name="buildDeployArtifact" time="13.641">
      <properties>
        <property name="java.runtime.name" value="Java(TM) SE Runtime Environment"/>
        <property name="exec.mainClass" value="oracle.clouddev.test.selenium.RunTests"/>
        <property name="sun.boot.library.path" value="/usr/java/jdk1.8.0_51/jre/lib/amd64"/>
        <property name="java.vm.version" value="25.51-b03"/>
        <property name="java.vm.vendor" value="Oracle Corporation"/>
        <property name="java.vendor.url" value="http://java.oracle.com/"/>
        <property name="guice.disable.misplaced.annotation.check" value="true"/>
        <property name="path.separator" value=":"/>
        <property name="java.vm.name" value="Java HotSpot(TM) 64-Bit Server VM"/>
        <property name="file.encoding.pkg" value="sun.io"/>
        <property name="user.country" value="US"/>
        <property name="sun.java.launcher" value="SUN_STANDARD"/>
        <property name="sun.os.patch.level" value="unknown"/>
        <property name="http.noProxyHosts" value="localhost|127.0.0.1|*.local|*.oraclecorp.com|*.us.oracle.com"/>
        <property name="java.vm.specification.name" value="Java Virtual Machine Specification"/>
        <property name="user.dir" value="/home/builder/hudson/workspace/dcs_dcs.Release-Selenium-Tests/selenium-tests"/>
        <property name="java.runtime.version" value="1.8.0_51-b16"/>
        <property name="java.awt.graphicsenv" value="sun.awt.X11GraphicsEnvironment"/>
        <property name="java.endorsed.dirs" value="/usr/java/jdk1.8.0_51/jre/lib/endorsed"/>
        <property name="os.arch" value="amd64"/>
        <property name="java.io.tmpdir" value="/tmp"/>
        <property name="line.separator" value="
"/>
        <property name="java.vm.specification.vendor" value="Oracle Corporation"/>
        <property name="https.proxyHost" value="www-proxy.us.oracle.com"/>
        <property name="os.name" value="Linux"/>
        <property name="classworlds.conf" value="/usr/local/apache-maven/apache-maven-3.0.4/bin/m2.conf"/>
        <property name="sun.jnu.encoding" value="UTF-8"/>
        <property name="http.proxyPort" value="80"/>
        <property name="java.library.path" value="/usr/java/packages/lib/amd64:/usr/lib64:/lib64:/lib:/usr/lib"/>
        <property name="sun.awt.enableExtraMouseButtons" value="true"/>
        <property name="java.specification.name" value="Java Platform API Specification"/>
        <property name="java.class.version" value="52.0"/>
        <property name="sun.management.compiler" value="HotSpot 64-Bit Tiered Compilers"/>
        <property name="os.version" value="3.8.13-55.1.1.el6uek.x86_64"/>
        <property name="user.home" value="/home/builder"/>
        <property name="user.timezone" value="PST8PDT"/>
        <property name="java.awt.printerjob" value="sun.print.PSPrinterJob"/>
        <property name="file.encoding" value="UTF-8"/>
        <property name="java.specification.version" value="1.8"/>
        <property name="java.class.path" value="/usr/local/apache-maven/apache-maven-3.0.4/boot/plexus-classworlds-2.4.jar"/>
        <property name="user.name" value="builder"/>
        <property name="java.vm.specification.version" value="1.8"/>
        <property name="sun.java.command" value="org.codehaus.plexus.classworlds.launcher.Launcher -f /home/c2c/hudson/workspace/dcs_dcs.Release-Selenium-Tests/selenium-tests/pom.xml --batch-mode exec:java -Dexec.mainClass=oracle.clouddev.test.selenium.RunTests -Dexec.args=selenium.browser.size.w=1280 selenium.browser.size.h=960 capture.video=true capture.screenshots=true notification.type=swing notification.history=3 notification.font.size=15 job-release-selenium-tests.properties build.job=dcs_dcs.Release-Selenium-Tests build.number=289 target.release=16.2.3.0.0 timeout.build.buildqueue=1200 timeout.build.buildqueue.polling=60 -s BASE --tag base"/>
        <property name="java.home" value="/usr/java/jdk1.8.0_51/jre"/>
        <property name="sun.arch.data.model" value="64"/>
        <property name="user.language" value="en"/>
        <property name="java.specification.vendor" value="Oracle Corporation"/>
        <property name="awt.toolkit" value="sun.awt.X11.XToolkit"/>
        <property name="java.vm.info" value="mixed mode"/>
        <property name="java.version" value="1.8.0_51"/>
        <property name="securerandom.source" value="file:/dev/./urandom"/>
        <property name="java.ext.dirs" value="/usr/java/jdk1.8.0_51/jre/lib/ext:/usr/java/packages/lib/ext"/>
        <property name="http.proxyHost" value="www-proxy.us.oracle.com"/>
        <property name="sun.boot.class.path" value="/usr/java/jdk1.8.0_51/jre/lib/resources.jar:/usr/java/jdk1.8.0_51/jre/lib/rt.jar:/usr/java/jdk1.8.0_51/jre/lib/sunrsasign.jar:/usr/java/jdk1.8.0_51/jre/lib/jsse.jar:/usr/java/jdk1.8.0_51/jre/lib/jce.jar:/usr/java/jdk1.8.0_51/jre/lib/charsets.jar:/usr/java/jdk1.8.0_51/jre/lib/jfr.jar:/usr/java/jdk1.8.0_51/jre/classes"/>
        <property name="java.vendor" value="Oracle Corporation"/>
        <property name="maven.home" value="/usr/local/apache-maven/apache-maven-3.0.4"/>
        <property name="file.separator" value="/"/>
        <property name="java.vendor.url.bug" value="http://bugreport.sun.com/bugreport/"/>
        <property name="sun.font.fontmanager" value="sun.awt.X11FontManager"/>
        <property name="sun.io.unicode.encoding" value="UnicodeLittle"/>
        <property name="sun.cpu.endian" value="little"/>
        <property name="https.proxyPort" value="80"/>
        <property name="exec.args" value="selenium.browser.size.w=1280 selenium.browser.size.h=960 capture.video=true capture.screenshots=true notification.type=swing notification.history=3 notification.font.size=15 job-release-selenium-tests.properties build.job=dcs_dcs.Release-Selenium-Tests build.number=289 target.release=16.2.3.0.0 timeout.build.buildqueue=1200 timeout.build.buildqueue.polling=60 -s BASE --tag base"/>
        <property name="sun.cpu.isalist" value=""/>
        <property name="test.selenium.browser.size.h" value="960"/>
        <property name="test.user.non-admin.name" value="tom.testsuite"/>
        <property name="test.https.proxyHost" value="www-proxy.us.oracle.com"/>
        <property name="test.user.admin.name" value="tina.testsuite"/>
        <property name="test.user.em-agent.password" value="Welcome1!"/>
        <property name="test.tag" value="base"/>
        <property name="test.user.em-agent.fullname" value="Alex Admin"/>
        <property name="test.selenium.port" value="44000"/>
        <property name="test.build.number" value="289"/>
        <property name="test.user.sdi-agent.enabled" value="true"/>
        <property name="test.timeout.assert.condition" value="30"/>
        <property name="test.target.version" value="{
  &quot;buildInformation&quot; : {
    &quot;gitCommitId&quot; : &quot;84b91eb9e1660e336bb9289583fdf62f88d10e16&quot;,
    &quot;gitCommitMessage&quot; : &quot;Bug 23012667 - Check for valid ACCS account in the same ID Domain\n&quot;,
    &quot;buildTime&quot; : &quot;05.04.2016 @ 21:54:38 PDT&quot;,
    &quot;buildUser&quot; : &quot;Code2Cloud Builder&quot;
  }
}"/>
        <property name="test.build.job" value="dcs_dcs.Release-Selenium-Tests"/>
        <property name="test.timeout.project.create" value="660"/>
        <property name="test.user.sdi-agent.name" value="alex.admin"/>
        <property name="test.selenium.browser" value="firefox"/>
        <property name="test.http.proxyPort" value="80"/>
        <property name="test.user.sdi-agent.password" value="Welcome1!"/>
        <property name="test.user.sdi-agent.fullname" value="Alex Admin"/>
        <property name="test.timeout.selenium.navigate" value="20"/>
        <property name="test.target.release" value="16.2.3.0.0"/>
        <property name="test.byom.ip" value="127.0.0.1"/>
        <property name="test.byom.port" value="8585"/>
        <property name="test.notification.type" value="swing"/>
        <property name="test.data.project.override" value=""/>
        <property name="test.timeout.selenium.find" value="1"/>
        <property name="test.user.em-agent.enabled" value="true"/>
        <property name="test.testEmptyOrg.db.id" value=""/>
        <property name="test.reviews.timeout.slowdown" value="0"/>
        <property name="test.http.noProxyHosts" value="localhost|127.0.0.1|*.local|*.oraclecorp.com|*.us.oracle.com"/>
        <property name="test.capture.video" value="true"/>
        <property name="test.user.non-admin.password" value="Welcome1!"/>
        <property name="test.user.non-admin.fullname" value="Tom Testsuite"/>
        <property name="test.user.admin.password" value="Welcome1!"/>
        <property name="test.notification.history" value="3"/>
        <property name="test.user.admin.fullname" value="Tina Testsuite"/>
        <property name="test.capture.screenshots" value="true"/>
        <property name="test.testEmptyOrg.db.connectString" value="jdbc:oracle:thin:@(DESCRIPTION=(ADDRESS=(PROTOCOL=TCP)(HOST=slc09iwb.us.oracle.com)(PORT=1521))(CONNECT_DATA=(SERVICE_NAME=dbpod)))"/>
        <property name="test.firefox.bin" value=""/>
        <property name="test.https.proxyPort" value="80"/>
        <property name="test.develop.offline" value="false"/>
        <property name="test.timeout.build.buildqueue.polling" value="60"/>
        <property name="test.output.dir" value="target/test-reports/"/>
        <property name="test.firefox.allowedHosts" value="localhost,localhost.localdomain"/>
        <property name="test.testEmptyOrg.db.schema" value="BV2RLPNYEWMR"/>
        <property name="test.web.url" value="http://ucf2c-dcs-release-hub1.opcdeveloper.oracleinternalucf2c.oraclecorp.com/qa-dev/"/>
        <property name="test.firefox.extensions" value=""/>
        <property name="test.testEmptyOrg.orgExistsCheck" value="false"/>
        <property name="test.data.dir" value="data/"/>
        <property name="test.notification.font.size" value="15"/>
        <property name="test.testEmptyOrg.service" value="devservice5"/>
        <property name="test.selenium.start.server" value="false"/>
        <property name="test.firefox.profile.path" value=""/>
        <property name="test.selenium.host" value="localhost"/>
        <property name="test.suite" value="BASE"/>
        <property name="test.tests" value=""/>
        <property name="test.user.admin.idm" value="dcsdevteam"/>
        <property name="test.http.proxyHost" value="www-proxy.us.oracle.com"/>
        <property name="test.testMethods" value=""/>
        <property name="test.reviews.dontDeleteEnviroment" value="false"/>
        <property name="test.selenium.browser.maximize" value="false"/>
        <property name="test.firefox.profile.name" value=""/>
        <property name="test.timeout.build.buildqueue" value="1200"/>
        <property name="test.user.em-agent.idm" value="dcsdevteam"/>
        <property name="test.selenium.remote" value="false"/>
        <property name="test.user.sdi-agent.idm" value="dcsdevteam"/>
        <property name="test.byom.authToken" value="123456"/>
        <property name="test.proxy.autodetect" value="false"/>
        <property name="test.testEmptyOrg.idm" value="dcsdevteam"/>
        <property name="test.user.non-admin.idm" value="dcsdevteam"/>
        <property name="test.data.tasks.useexisting" value="false"/>
        <property name="test.selenium.browser.size.w" value="1280"/>
        <property name="test.category" value="DEFAULT"/>
        <property name="test.user.em-agent.name" value="alex.admin"/>
        <property name="test.timeout.slowdown" value="0"/>
      </properties>
    <system-out>
2016-04-07 06:34:46,658 INFO  [oracle.clouddev.test.framework.rest.RestClient] [request#183] POST http://ucf2c-dcs-release-hub1.opcdeveloper.oracleinternalucf2c.oraclecorp.com/qa-dev/api/projects/search2 HTTP/1.1 (user: ADMIN(dcsdevteam/tina.testsuite/Welcome1!))
2016-04-07 06:34:46,658 DEBUG [oracle.clouddev.test.framework.rest.RestClient] [request#183] posted content:
{
  &quot;projectRelationship&quot; : &quot;ALL&quot;,
  &quot;organizationIdentifier&quot; : &quot;qa-dev&quot;,
  &quot;shallowCopy&quot; : false
}
2016-04-07 06:34:46,658 DEBUG [oracle.clouddev.test.framework.rest.RestClient] [request#183] cURL: curl -k -u tina.testsuite:Welcome1! -X POST &apos;http://ucf2c-dcs-release-hub1.opcdeveloper.oracleinternalucf2c.oraclecorp.com/qa-dev/api/projects/search2&apos; -H &apos;Content-Type: application/json; charset=UTF-8&apos; --data-binary &apos;{  &quot;projectRelationship&quot; : &quot;ALL&quot;,  &quot;organizationIdentifier&quot; : &quot;qa-dev&quot;,  &quot;shallowCopy&quot; : false}&apos;
2016-04-07 06:34:47,689 INFO  [oracle.clouddev.test.framework.rest.RestClient] [request#183] HTTP/1.1 200 OK
2016-04-07 06:34:47,689 DEBUG [oracle.clouddev.test.framework.rest.RestClient] [request#183] Content-Type: application/json;charset=UTF-8
2016-04-07 06:34:47,689 DEBUG [oracle.clouddev.test.framework.rest.RestClient] [request#183] Content-Length: -- no value --
2016-04-07 06:34:47,753 DEBUG [oracle.clouddev.test.selenium.junit.BrowserSession] navigating to project qa-dev_test-shared-project1-1460033913915 (http://ucf2c-dcs-release-hub1.opcdeveloper.oracleinternalucf2c.oraclecorp.com/qa-dev/#/projects/qa-dev_test-shared-project1-1460033913915)
2016-04-07 06:34:48,649 DEBUG [oracle.clouddev.test.selenium.components.AssertElement] Check condition (oracle.clouddev.test.selenium.components.Conditions$5@5023bd8b) for element [By.xpath: .//button[@id=&apos;odcs-project-selector&apos;]/span[1]] on http://ucf2c-dcs-release-hub1.opcdeveloper.oracleinternalucf2c.oraclecorp.com/qa-dev/#/projects/qa-dev_test-shared-project1-1460033913915.
2016-04-07 06:34:48,769 DEBUG [oracle.clouddev.test.selenium.components.AssertElement] Check condition (NOT (element is visible)) for element [By.id: page-provision] on http://ucf2c-dcs-release-hub1.opcdeveloper.oracleinternalucf2c.oraclecorp.com/qa-dev/#/projects/qa-dev_test-shared-project1-1460033913915.
2016-04-07 06:34:49,791 DEBUG [oracle.clouddev.test.selenium.components.AssertElement] Check condition (element is visible) for element [By.id: odcs-nav-tabs] on http://ucf2c-dcs-release-hub1.opcdeveloper.oracleinternalucf2c.oraclecorp.com/qa-dev/#/projects/qa-dev_test-shared-project1-1460033913915.
2016-04-07 06:34:49,809 DEBUG [oracle.clouddev.test.selenium.components.AssertElement] Check condition (element is visible) for element [By.xpath: .//a[@id=&apos;build&apos;] under [By.id: odcs-nav-tabs]] on http://ucf2c-dcs-release-hub1.opcdeveloper.oracleinternalucf2c.oraclecorp.com/qa-dev/#/projects/qa-dev_test-shared-project1-1460033913915.
2016-04-07 06:34:49,836 DEBUG [oracle.clouddev.test.selenium.components.AssertElement] Check condition (NOT (element has style class &apos;oj-disabled&apos;)) for element [By.xpath: .//a[@id=&apos;build&apos;] under [By.id: odcs-nav-tabs]] on http://ucf2c-dcs-release-hub1.opcdeveloper.oracleinternalucf2c.oraclecorp.com/qa-dev/#/projects/qa-dev_test-shared-project1-1460033913915.
2016-04-07 06:34:49,865 DEBUG [oracle.clouddev.test.selenium.components.AssertElement] Check condition (element is visible) for element [By.xpath: .//a[@id=&apos;build&apos;] under [By.id: odcs-nav-tabs]] on http://ucf2c-dcs-release-hub1.opcdeveloper.oracleinternalucf2c.oraclecorp.com/qa-dev/#/projects/qa-dev_test-shared-project1-1460033913915.
2016-04-07 06:34:50,056 DEBUG [oracle.clouddev.test.selenium.components.AssertElement] Check condition (element has style class &apos;oj-active&apos;) for element [By.xpath: .//a[@id=&apos;build&apos;] under [By.id: odcs-nav-tabs]] on http://ucf2c-dcs-release-hub1.opcdeveloper.oracleinternalucf2c.oraclecorp.com/qa-dev/#projects/qa-dev_test-shared-project1-1460033913915/build.
2016-04-07 06:34:50,093 DEBUG [oracle.clouddev.test.selenium.components.AssertElement] Check condition (element is visible) for element [By.xpath: .//a[@id=&apos;build&apos;] under [By.id: odcs-nav-tabs]] on http://ucf2c-dcs-release-hub1.opcdeveloper.oracleinternalucf2c.oraclecorp.com/qa-dev/#projects/qa-dev_test-shared-project1-1460033913915/build.
2016-04-07 06:34:50,494 INFO  [oracle.clouddev.test.selenium.tests.base.TestBuildPage] TestBuildPage.buildDeployArtifact
2016-04-07 06:34:50,494 INFO  [oracle.clouddev.test.selenium.tests.base.TestBuildPage] TestBuildPage.buildDeployArtifact entering buildNowDAdfBCApp
2016-04-07 06:34:50,494 INFO  [oracle.clouddev.test.selenium.tests.base.TestBuildPage] TestBuildPage.buildDeployArtifact entering _buildNow
2016-04-07 06:34:50,494 INFO  [oracle.clouddev.test.selenium.tests.base.TestBuildPage] Waiting for jobs page to present
2016-04-07 06:34:50,508 DEBUG [oracle.clouddev.test.selenium.components.AssertElement] Check condition (element is visible) for element [By.xpath: (//div[@id=&apos;page-jobs&apos;])] on http://ucf2c-dcs-release-hub1.opcdeveloper.oracleinternalucf2c.oraclecorp.com/qa-dev/#projects/qa-dev_test-shared-project1-1460033913915/build.
2016-04-07 06:34:50,529 DEBUG [oracle.clouddev.test.selenium.components.AssertElement] Check condition (element exists) for element [By.xpath: (//div[@id=&apos;page-jobs&apos;])] on http://ucf2c-dcs-release-hub1.opcdeveloper.oracleinternalucf2c.oraclecorp.com/qa-dev/#projects/qa-dev_test-shared-project1-1460033913915/build.
2016-04-07 06:34:50,535 INFO  [oracle.clouddev.test.selenium.tests.base.TestBuildPage] Checking jobs table for AdfBcApp
2016-04-07 06:34:54,561 INFO  [oracle.clouddev.test.selenium.tests.base.TestBuildPage] Checking row #1
2016-04-07 06:34:56,581 INFO  [oracle.clouddev.test.selenium.tests.base.TestBuildPage] Build Now job name: AdfBcApp
2016-04-07 06:34:56,593 DEBUG [oracle.clouddev.test.selenium.components.AssertElement] Check condition (element is visible) for element [By.xpath: (//tbody/tr[1]/td[8]/div[3]/div[contains(@class, &apos;img-schedule&apos;)])] on http://ucf2c-dcs-release-hub1.opcdeveloper.oracleinternalucf2c.oraclecorp.com/qa-dev/#projects/qa-dev_test-shared-project1-1460033913915/build.
2016-04-07 06:34:56,832 INFO  [oracle.clouddev.test.selenium.tests.base.TestBuildPage] New Build start time: Thu Apr 07 06:34:56 PDT 2016
2016-04-07 06:34:56,832 INFO  [oracle.clouddev.test.selenium.tests.base.TestBuildPage] Wait for &apos;Queued&apos; to present
2016-04-07 06:34:56,846 DEBUG [oracle.clouddev.test.selenium.components.AssertElement] Check condition (element exists) for element [By.xpath: (//div[@id=&apos;queues&apos;]/table/tbody/tr/td/a[contains(text(),&apos;AdfBcApp&apos;)])] on http://ucf2c-dcs-release-hub1.opcdeveloper.oracleinternalucf2c.oraclecorp.com/qa-dev/#projects/qa-dev_test-shared-project1-1460033913915/build.
2016-04-07 06:35:00,294 INFO  [oracle.clouddev.test.selenium.tests.base.TestBuildPage] Job queued
    </system-out>
    </testcase>
    <testcase classname="oracle.clouddev.test.selenium.tests.base.TestBuildPage" name="checkDeployArtifact" time="140.106">
      <properties>
        <property name="java.runtime.name" value="Java(TM) SE Runtime Environment"/>
        <property name="exec.mainClass" value="oracle.clouddev.test.selenium.RunTests"/>
        <property name="sun.boot.library.path" value="/usr/java/jdk1.8.0_51/jre/lib/amd64"/>
        <property name="java.vm.version" value="25.51-b03"/>
        <property name="java.vm.vendor" value="Oracle Corporation"/>
        <property name="java.vendor.url" value="http://java.oracle.com/"/>
        <property name="guice.disable.misplaced.annotation.check" value="true"/>
        <property name="path.separator" value=":"/>
        <property name="java.vm.name" value="Java HotSpot(TM) 64-Bit Server VM"/>
        <property name="file.encoding.pkg" value="sun.io"/>
        <property name="user.country" value="US"/>
        <property name="sun.java.launcher" value="SUN_STANDARD"/>
        <property name="sun.os.patch.level" value="unknown"/>
        <property name="http.noProxyHosts" value="localhost|127.0.0.1|*.local|*.oraclecorp.com|*.us.oracle.com"/>
        <property name="java.vm.specification.name" value="Java Virtual Machine Specification"/>
        <property name="user.dir" value="/home/builder/hudson/workspace/dcs_dcs.Release-Selenium-Tests/selenium-tests"/>
        <property name="java.runtime.version" value="1.8.0_51-b16"/>
        <property name="java.awt.graphicsenv" value="sun.awt.X11GraphicsEnvironment"/>
        <property name="java.endorsed.dirs" value="/usr/java/jdk1.8.0_51/jre/lib/endorsed"/>
        <property name="os.arch" value="amd64"/>
        <property name="java.io.tmpdir" value="/tmp"/>
        <property name="line.separator" value="
"/>
        <property name="java.vm.specification.vendor" value="Oracle Corporation"/>
        <property name="https.proxyHost" value="www-proxy.us.oracle.com"/>
        <property name="os.name" value="Linux"/>
        <property name="classworlds.conf" value="/usr/local/apache-maven/apache-maven-3.0.4/bin/m2.conf"/>
        <property name="sun.jnu.encoding" value="UTF-8"/>
        <property name="http.proxyPort" value="80"/>
        <property name="java.library.path" value="/usr/java/packages/lib/amd64:/usr/lib64:/lib64:/lib:/usr/lib"/>
        <property name="sun.awt.enableExtraMouseButtons" value="true"/>
        <property name="java.specification.name" value="Java Platform API Specification"/>
        <property name="java.class.version" value="52.0"/>
        <property name="sun.management.compiler" value="HotSpot 64-Bit Tiered Compilers"/>
        <property name="os.version" value="3.8.13-55.1.1.el6uek.x86_64"/>
        <property name="user.home" value="/home/builder"/>
        <property name="user.timezone" value="PST8PDT"/>
        <property name="java.awt.printerjob" value="sun.print.PSPrinterJob"/>
        <property name="file.encoding" value="UTF-8"/>
        <property name="java.specification.version" value="1.8"/>
        <property name="java.class.path" value="/usr/local/apache-maven/apache-maven-3.0.4/boot/plexus-classworlds-2.4.jar"/>
        <property name="user.name" value="builder"/>
        <property name="java.vm.specification.version" value="1.8"/>
        <property name="sun.java.command" value="org.codehaus.plexus.classworlds.launcher.Launcher -f /home/c2c/hudson/workspace/dcs_dcs.Release-Selenium-Tests/selenium-tests/pom.xml --batch-mode exec:java -Dexec.mainClass=oracle.clouddev.test.selenium.RunTests -Dexec.args=selenium.browser.size.w=1280 selenium.browser.size.h=960 capture.video=true capture.screenshots=true notification.type=swing notification.history=3 notification.font.size=15 job-release-selenium-tests.properties build.job=dcs_dcs.Release-Selenium-Tests build.number=289 target.release=16.2.3.0.0 timeout.build.buildqueue=1200 timeout.build.buildqueue.polling=60 -s BASE --tag base"/>
        <property name="java.home" value="/usr/java/jdk1.8.0_51/jre"/>
        <property name="sun.arch.data.model" value="64"/>
        <property name="user.language" value="en"/>
        <property name="java.specification.vendor" value="Oracle Corporation"/>
        <property name="awt.toolkit" value="sun.awt.X11.XToolkit"/>
        <property name="java.vm.info" value="mixed mode"/>
        <property name="java.version" value="1.8.0_51"/>
        <property name="securerandom.source" value="file:/dev/./urandom"/>
        <property name="java.ext.dirs" value="/usr/java/jdk1.8.0_51/jre/lib/ext:/usr/java/packages/lib/ext"/>
        <property name="http.proxyHost" value="www-proxy.us.oracle.com"/>
        <property name="sun.boot.class.path" value="/usr/java/jdk1.8.0_51/jre/lib/resources.jar:/usr/java/jdk1.8.0_51/jre/lib/rt.jar:/usr/java/jdk1.8.0_51/jre/lib/sunrsasign.jar:/usr/java/jdk1.8.0_51/jre/lib/jsse.jar:/usr/java/jdk1.8.0_51/jre/lib/jce.jar:/usr/java/jdk1.8.0_51/jre/lib/charsets.jar:/usr/java/jdk1.8.0_51/jre/lib/jfr.jar:/usr/java/jdk1.8.0_51/jre/classes"/>
        <property name="java.vendor" value="Oracle Corporation"/>
        <property name="maven.home" value="/usr/local/apache-maven/apache-maven-3.0.4"/>
        <property name="file.separator" value="/"/>
        <property name="java.vendor.url.bug" value="http://bugreport.sun.com/bugreport/"/>
        <property name="sun.font.fontmanager" value="sun.awt.X11FontManager"/>
        <property name="sun.io.unicode.encoding" value="UnicodeLittle"/>
        <property name="sun.cpu.endian" value="little"/>
        <property name="https.proxyPort" value="80"/>
        <property name="exec.args" value="selenium.browser.size.w=1280 selenium.browser.size.h=960 capture.video=true capture.screenshots=true notification.type=swing notification.history=3 notification.font.size=15 job-release-selenium-tests.properties build.job=dcs_dcs.Release-Selenium-Tests build.number=289 target.release=16.2.3.0.0 timeout.build.buildqueue=1200 timeout.build.buildqueue.polling=60 -s BASE --tag base"/>
        <property name="sun.cpu.isalist" value=""/>
        <property name="test.selenium.browser.size.h" value="960"/>
        <property name="test.user.non-admin.name" value="tom.testsuite"/>
        <property name="test.https.proxyHost" value="www-proxy.us.oracle.com"/>
        <property name="test.user.admin.name" value="tina.testsuite"/>
        <property name="test.user.em-agent.password" value="Welcome1!"/>
        <property name="test.tag" value="base"/>
        <property name="test.user.em-agent.fullname" value="Alex Admin"/>
        <property name="test.selenium.port" value="44000"/>
        <property name="test.build.number" value="289"/>
        <property name="test.user.sdi-agent.enabled" value="true"/>
        <property name="test.timeout.assert.condition" value="30"/>
        <property name="test.target.version" value="{
  &quot;buildInformation&quot; : {
    &quot;gitCommitId&quot; : &quot;84b91eb9e1660e336bb9289583fdf62f88d10e16&quot;,
    &quot;gitCommitMessage&quot; : &quot;Bug 23012667 - Check for valid ACCS account in the same ID Domain\n&quot;,
    &quot;buildTime&quot; : &quot;05.04.2016 @ 21:54:38 PDT&quot;,
    &quot;buildUser&quot; : &quot;Code2Cloud Builder&quot;
  }
}"/>
        <property name="test.build.job" value="dcs_dcs.Release-Selenium-Tests"/>
        <property name="test.timeout.project.create" value="660"/>
        <property name="test.user.sdi-agent.name" value="alex.admin"/>
        <property name="test.selenium.browser" value="firefox"/>
        <property name="test.http.proxyPort" value="80"/>
        <property name="test.user.sdi-agent.password" value="Welcome1!"/>
        <property name="test.user.sdi-agent.fullname" value="Alex Admin"/>
        <property name="test.timeout.selenium.navigate" value="20"/>
        <property name="test.target.release" value="16.2.3.0.0"/>
        <property name="test.byom.ip" value="127.0.0.1"/>
        <property name="test.byom.port" value="8585"/>
        <property name="test.notification.type" value="swing"/>
        <property name="test.data.project.override" value=""/>
        <property name="test.timeout.selenium.find" value="1"/>
        <property name="test.user.em-agent.enabled" value="true"/>
        <property name="test.testEmptyOrg.db.id" value=""/>
        <property name="test.reviews.timeout.slowdown" value="0"/>
        <property name="test.http.noProxyHosts" value="localhost|127.0.0.1|*.local|*.oraclecorp.com|*.us.oracle.com"/>
        <property name="test.capture.video" value="true"/>
        <property name="test.user.non-admin.password" value="Welcome1!"/>
        <property name="test.user.non-admin.fullname" value="Tom Testsuite"/>
        <property name="test.user.admin.password" value="Welcome1!"/>
        <property name="test.notification.history" value="3"/>
        <property name="test.user.admin.fullname" value="Tina Testsuite"/>
        <property name="test.capture.screenshots" value="true"/>
        <property name="test.testEmptyOrg.db.connectString" value="jdbc:oracle:thin:@(DESCRIPTION=(ADDRESS=(PROTOCOL=TCP)(HOST=slc09iwb.us.oracle.com)(PORT=1521))(CONNECT_DATA=(SERVICE_NAME=dbpod)))"/>
        <property name="test.firefox.bin" value=""/>
        <property name="test.https.proxyPort" value="80"/>
        <property name="test.develop.offline" value="false"/>
        <property name="test.timeout.build.buildqueue.polling" value="60"/>
        <property name="test.output.dir" value="target/test-reports/"/>
        <property name="test.firefox.allowedHosts" value="localhost,localhost.localdomain"/>
        <property name="test.testEmptyOrg.db.schema" value="BV2RLPNYEWMR"/>
        <property name="test.web.url" value="http://ucf2c-dcs-release-hub1.opcdeveloper.oracleinternalucf2c.oraclecorp.com/qa-dev/"/>
        <property name="test.firefox.extensions" value=""/>
        <property name="test.testEmptyOrg.orgExistsCheck" value="false"/>
        <property name="test.data.dir" value="data/"/>
        <property name="test.notification.font.size" value="15"/>
        <property name="test.testEmptyOrg.service" value="devservice5"/>
        <property name="test.selenium.start.server" value="false"/>
        <property name="test.firefox.profile.path" value=""/>
        <property name="test.selenium.host" value="localhost"/>
        <property name="test.suite" value="BASE"/>
        <property name="test.tests" value=""/>
        <property name="test.user.admin.idm" value="dcsdevteam"/>
        <property name="test.http.proxyHost" value="www-proxy.us.oracle.com"/>
        <property name="test.testMethods" value=""/>
        <property name="test.reviews.dontDeleteEnviroment" value="false"/>
        <property name="test.selenium.browser.maximize" value="false"/>
        <property name="test.firefox.profile.name" value=""/>
        <property name="test.timeout.build.buildqueue" value="1200"/>
        <property name="test.user.em-agent.idm" value="dcsdevteam"/>
        <property name="test.selenium.remote" value="false"/>
        <property name="test.user.sdi-agent.idm" value="dcsdevteam"/>
        <property name="test.byom.authToken" value="123456"/>
        <property name="test.proxy.autodetect" value="false"/>
        <property name="test.testEmptyOrg.idm" value="dcsdevteam"/>
        <property name="test.user.non-admin.idm" value="dcsdevteam"/>
        <property name="test.data.tasks.useexisting" value="false"/>
        <property name="test.selenium.browser.size.w" value="1280"/>
        <property name="test.category" value="DEFAULT"/>
        <property name="test.user.em-agent.name" value="alex.admin"/>
        <property name="test.timeout.slowdown" value="0"/>
      </properties>
    <system-out>
2016-04-07 06:35:00,300 INFO  [oracle.clouddev.test.framework.rest.RestClient] [request#184] POST http://ucf2c-dcs-release-hub1.opcdeveloper.oracleinternalucf2c.oraclecorp.com/qa-dev/api/projects/search2 HTTP/1.1 (user: ADMIN(dcsdevteam/tina.testsuite/Welcome1!))
2016-04-07 06:35:00,300 DEBUG [oracle.clouddev.test.framework.rest.RestClient] [request#184] posted content:
{
  &quot;projectRelationship&quot; : &quot;ALL&quot;,
  &quot;organizationIdentifier&quot; : &quot;qa-dev&quot;,
  &quot;shallowCopy&quot; : false
}
2016-04-07 06:35:00,300 DEBUG [oracle.clouddev.test.framework.rest.RestClient] [request#184] cURL: curl -k -u tina.testsuite:Welcome1! -X POST &apos;http://ucf2c-dcs-release-hub1.opcdeveloper.oracleinternalucf2c.oraclecorp.com/qa-dev/api/projects/search2&apos; -H &apos;Content-Type: application/json; charset=UTF-8&apos; --data-binary &apos;{  &quot;projectRelationship&quot; : &quot;ALL&quot;,  &quot;organizationIdentifier&quot; : &quot;qa-dev&quot;,  &quot;shallowCopy&quot; : false}&apos;
2016-04-07 06:35:01,275 INFO  [oracle.clouddev.test.framework.rest.RestClient] [request#184] HTTP/1.1 200 OK
2016-04-07 06:35:01,275 DEBUG [oracle.clouddev.test.framework.rest.RestClient] [request#184] Content-Type: application/json;charset=UTF-8
2016-04-07 06:35:01,275 DEBUG [oracle.clouddev.test.framework.rest.RestClient] [request#184] Content-Length: -- no value --
2016-04-07 06:35:01,358 DEBUG [oracle.clouddev.test.selenium.junit.BrowserSession] navigating to project qa-dev_test-shared-project1-1460033913915 (http://ucf2c-dcs-release-hub1.opcdeveloper.oracleinternalucf2c.oraclecorp.com/qa-dev/#/projects/qa-dev_test-shared-project1-1460033913915)
2016-04-07 06:35:02,210 DEBUG [oracle.clouddev.test.selenium.components.AssertElement] Check condition (oracle.clouddev.test.selenium.components.Conditions$5@1066919f) for element [By.xpath: .//button[@id=&apos;odcs-project-selector&apos;]/span[1]] on http://ucf2c-dcs-release-hub1.opcdeveloper.oracleinternalucf2c.oraclecorp.com/qa-dev/#/projects/qa-dev_test-shared-project1-1460033913915.
2016-04-07 06:35:02,247 DEBUG [oracle.clouddev.test.selenium.components.AssertElement] Check condition (NOT (element is visible)) for element [By.id: page-provision] on http://ucf2c-dcs-release-hub1.opcdeveloper.oracleinternalucf2c.oraclecorp.com/qa-dev/#/projects/qa-dev_test-shared-project1-1460033913915.
2016-04-07 06:35:03,358 DEBUG [oracle.clouddev.test.selenium.components.AssertElement] Check condition (element is visible) for element [By.id: odcs-nav-tabs] on http://ucf2c-dcs-release-hub1.opcdeveloper.oracleinternalucf2c.oraclecorp.com/qa-dev/#/projects/qa-dev_test-shared-project1-1460033913915.
2016-04-07 06:35:03,462 DEBUG [oracle.clouddev.test.selenium.components.AssertElement] Check condition (element is visible) for element [By.xpath: .//a[@id=&apos;build&apos;] under [By.id: odcs-nav-tabs]] on http://ucf2c-dcs-release-hub1.opcdeveloper.oracleinternalucf2c.oraclecorp.com/qa-dev/#/projects/qa-dev_test-shared-project1-1460033913915.
2016-04-07 06:35:03,586 DEBUG [oracle.clouddev.test.selenium.components.AssertElement] Check condition (NOT (element has style class &apos;oj-disabled&apos;)) for element [By.xpath: .//a[@id=&apos;build&apos;] under [By.id: odcs-nav-tabs]] on http://ucf2c-dcs-release-hub1.opcdeveloper.oracleinternalucf2c.oraclecorp.com/qa-dev/#/projects/qa-dev_test-shared-project1-1460033913915.
2016-04-07 06:35:03,705 DEBUG [oracle.clouddev.test.selenium.components.AssertElement] Check condition (element is visible) for element [By.xpath: .//a[@id=&apos;build&apos;] under [By.id: odcs-nav-tabs]] on http://ucf2c-dcs-release-hub1.opcdeveloper.oracleinternalucf2c.oraclecorp.com/qa-dev/#/projects/qa-dev_test-shared-project1-1460033913915.
2016-04-07 06:35:04,140 DEBUG [oracle.clouddev.test.selenium.components.AssertElement] Check condition (element has style class &apos;oj-active&apos;) for element [By.xpath: .//a[@id=&apos;build&apos;] under [By.id: odcs-nav-tabs]] on http://ucf2c-dcs-release-hub1.opcdeveloper.oracleinternalucf2c.oraclecorp.com/qa-dev/#projects/qa-dev_test-shared-project1-1460033913915/build.
2016-04-07 06:35:04,782 DEBUG [oracle.clouddev.test.selenium.components.AssertElement] Check condition (element is visible) for element [By.xpath: .//a[@id=&apos;build&apos;] under [By.id: odcs-nav-tabs]] on http://ucf2c-dcs-release-hub1.opcdeveloper.oracleinternalucf2c.oraclecorp.com/qa-dev/#projects/qa-dev_test-shared-project1-1460033913915/build.
2016-04-07 06:35:04,983 INFO  [oracle.clouddev.test.selenium.tests.base.TestBuildPage] TestBuildPage.checkDeployArtifact
2016-04-07 06:35:04,983 INFO  [oracle.clouddev.test.selenium.tests.base.TestBuildPage] TestBuildPage.checkDeployArtifact entering checkBuildAdfBCApp
2016-04-07 06:35:04,983 INFO  [oracle.clouddev.test.selenium.tests.base.TestBuildPage] TestBuildPage.checkDeployArtifact entering _checkStatusBuildJob
2016-04-07 06:35:04,983 INFO  [oracle.clouddev.test.selenium.tests.base.TestBuildPage] Waiting for jobs page to present
2016-04-07 06:35:05,001 DEBUG [oracle.clouddev.test.selenium.components.AssertElement] Check condition (element is visible) for element [By.xpath: (//div[@id=&apos;page-jobs&apos;])] on http://ucf2c-dcs-release-hub1.opcdeveloper.oracleinternalucf2c.oraclecorp.com/qa-dev/#projects/qa-dev_test-shared-project1-1460033913915/build.
2016-04-07 06:35:05,027 DEBUG [oracle.clouddev.test.selenium.components.AssertElement] Check condition (element exists) for element [By.xpath: (//div[@id=&apos;page-jobs&apos;])] on http://ucf2c-dcs-release-hub1.opcdeveloper.oracleinternalucf2c.oraclecorp.com/qa-dev/#projects/qa-dev_test-shared-project1-1460033913915/build.
2016-04-07 06:35:05,035 INFO  [oracle.clouddev.test.selenium.tests.base.TestBuildPage] Waiting for AdfBcApp to disappear
2016-04-07 06:35:05,035 INFO  [oracle.clouddev.test.selenium.tests.base.TestBuildPage] Queued start time: Thu Apr 07 06:35:05 PDT 2016
2016-04-07 06:35:05,035 INFO  [oracle.clouddev.test.selenium.tests.base.TestBuildPage] ...duration timeout: 1200 seconds
2016-04-07 06:35:05,035 INFO  [oracle.clouddev.test.selenium.tests.base.TestBuildPage] ...polling duration timeout: 60 seconds
2016-04-07 06:37:06,157 INFO  [oracle.clouddev.test.selenium.tests.base.TestBuildPage] Execution end time: Thu Apr 07 06:37:06 PDT 2016
2016-04-07 06:37:06,158 INFO  [oracle.clouddev.test.selenium.tests.base.TestBuildPage] Duration queued/execution time: 121.12200 seconds
2016-04-07 06:37:06,158 INFO  [oracle.clouddev.test.selenium.tests.base.TestBuildPage] Waiting for job status...
2016-04-07 06:37:16,158 INFO  [oracle.clouddev.test.selenium.tests.base.TestBuildPage] TestBuildPage.checkDeployArtifact entering _getJobRow(AdfBcApp)
2016-04-07 06:37:16,187 DEBUG [oracle.clouddev.test.selenium.components.AssertElement] Check condition (element is visible) for element [By.xpath: (//table[@id=&apos;jobs-table-table&apos;])] on http://ucf2c-dcs-release-hub1.opcdeveloper.oracleinternalucf2c.oraclecorp.com/qa-dev/#projects/qa-dev_test-shared-project1-1460033913915/build.
2016-04-07 06:37:18,279 DEBUG [oracle.clouddev.test.selenium.components.AssertElement] Check condition (element is visible) for element [By.xpath: (//tbody/tr[1]/td[4]/a)] on http://ucf2c-dcs-release-hub1.opcdeveloper.oracleinternalucf2c.oraclecorp.com/qa-dev/#projects/qa-dev_test-shared-project1-1460033913915/build.
2016-04-07 06:37:18,337 INFO  [oracle.clouddev.test.selenium.tests.base.TestBuildPage] Checking Status column
2016-04-07 06:37:20,346 DEBUG [oracle.clouddev.test.selenium.components.AssertElement] Check condition (element is visible) for element [By.xpath: (//table[@id=&apos;jobs-table-table&apos;]/tbody/tr[1][contains(td[4], &apos;AdfBcApp&apos;)]/td[2]/div)] on http://ucf2c-dcs-release-hub1.opcdeveloper.oracleinternalucf2c.oraclecorp.com/qa-dev/#projects/qa-dev_test-shared-project1-1460033913915/build.
2016-04-07 06:37:20,402 INFO  [oracle.clouddev.test.selenium.tests.base.TestBuildPage] Status: img-status stat_checkmark_24_full
    </system-out>
    </testcase>
    <testcase classname="oracle.clouddev.test.selenium.tests.base.TestBuildPage" name="_class_destroy_" time="0.000">
      <properties>
        <property name="java.runtime.name" value="Java(TM) SE Runtime Environment"/>
        <property name="exec.mainClass" value="oracle.clouddev.test.selenium.RunTests"/>
        <property name="sun.boot.library.path" value="/usr/java/jdk1.8.0_51/jre/lib/amd64"/>
        <property name="java.vm.version" value="25.51-b03"/>
        <property name="java.vm.vendor" value="Oracle Corporation"/>
        <property name="java.vendor.url" value="http://java.oracle.com/"/>
        <property name="guice.disable.misplaced.annotation.check" value="true"/>
        <property name="path.separator" value=":"/>
        <property name="java.vm.name" value="Java HotSpot(TM) 64-Bit Server VM"/>
        <property name="file.encoding.pkg" value="sun.io"/>
        <property name="user.country" value="US"/>
        <property name="sun.java.launcher" value="SUN_STANDARD"/>
        <property name="sun.os.patch.level" value="unknown"/>
        <property name="http.noProxyHosts" value="localhost|127.0.0.1|*.local|*.oraclecorp.com|*.us.oracle.com"/>
        <property name="java.vm.specification.name" value="Java Virtual Machine Specification"/>
        <property name="user.dir" value="/home/builder/hudson/workspace/dcs_dcs.Release-Selenium-Tests/selenium-tests"/>
        <property name="java.runtime.version" value="1.8.0_51-b16"/>
        <property name="java.awt.graphicsenv" value="sun.awt.X11GraphicsEnvironment"/>
        <property name="java.endorsed.dirs" value="/usr/java/jdk1.8.0_51/jre/lib/endorsed"/>
        <property name="os.arch" value="amd64"/>
        <property name="java.io.tmpdir" value="/tmp"/>
        <property name="line.separator" value="
"/>
        <property name="java.vm.specification.vendor" value="Oracle Corporation"/>
        <property name="https.proxyHost" value="www-proxy.us.oracle.com"/>
        <property name="os.name" value="Linux"/>
        <property name="classworlds.conf" value="/usr/local/apache-maven/apache-maven-3.0.4/bin/m2.conf"/>
        <property name="sun.jnu.encoding" value="UTF-8"/>
        <property name="http.proxyPort" value="80"/>
        <property name="java.library.path" value="/usr/java/packages/lib/amd64:/usr/lib64:/lib64:/lib:/usr/lib"/>
        <property name="sun.awt.enableExtraMouseButtons" value="true"/>
        <property name="java.specification.name" value="Java Platform API Specification"/>
        <property name="java.class.version" value="52.0"/>
        <property name="sun.management.compiler" value="HotSpot 64-Bit Tiered Compilers"/>
        <property name="os.version" value="3.8.13-55.1.1.el6uek.x86_64"/>
        <property name="user.home" value="/home/builder"/>
        <property name="user.timezone" value="PST8PDT"/>
        <property name="java.awt.printerjob" value="sun.print.PSPrinterJob"/>
        <property name="file.encoding" value="UTF-8"/>
        <property name="java.specification.version" value="1.8"/>
        <property name="java.class.path" value="/usr/local/apache-maven/apache-maven-3.0.4/boot/plexus-classworlds-2.4.jar"/>
        <property name="user.name" value="builder"/>
        <property name="java.vm.specification.version" value="1.8"/>
        <property name="sun.java.command" value="org.codehaus.plexus.classworlds.launcher.Launcher -f /home/c2c/hudson/workspace/dcs_dcs.Release-Selenium-Tests/selenium-tests/pom.xml --batch-mode exec:java -Dexec.mainClass=oracle.clouddev.test.selenium.RunTests -Dexec.args=selenium.browser.size.w=1280 selenium.browser.size.h=960 capture.video=true capture.screenshots=true notification.type=swing notification.history=3 notification.font.size=15 job-release-selenium-tests.properties build.job=dcs_dcs.Release-Selenium-Tests build.number=289 target.release=16.2.3.0.0 timeout.build.buildqueue=1200 timeout.build.buildqueue.polling=60 -s BASE --tag base"/>
        <property name="java.home" value="/usr/java/jdk1.8.0_51/jre"/>
        <property name="sun.arch.data.model" value="64"/>
        <property name="user.language" value="en"/>
        <property name="java.specification.vendor" value="Oracle Corporation"/>
        <property name="awt.toolkit" value="sun.awt.X11.XToolkit"/>
        <property name="java.vm.info" value="mixed mode"/>
        <property name="java.version" value="1.8.0_51"/>
        <property name="securerandom.source" value="file:/dev/./urandom"/>
        <property name="java.ext.dirs" value="/usr/java/jdk1.8.0_51/jre/lib/ext:/usr/java/packages/lib/ext"/>
        <property name="http.proxyHost" value="www-proxy.us.oracle.com"/>
        <property name="sun.boot.class.path" value="/usr/java/jdk1.8.0_51/jre/lib/resources.jar:/usr/java/jdk1.8.0_51/jre/lib/rt.jar:/usr/java/jdk1.8.0_51/jre/lib/sunrsasign.jar:/usr/java/jdk1.8.0_51/jre/lib/jsse.jar:/usr/java/jdk1.8.0_51/jre/lib/jce.jar:/usr/java/jdk1.8.0_51/jre/lib/charsets.jar:/usr/java/jdk1.8.0_51/jre/lib/jfr.jar:/usr/java/jdk1.8.0_51/jre/classes"/>
        <property name="java.vendor" value="Oracle Corporation"/>
        <property name="maven.home" value="/usr/local/apache-maven/apache-maven-3.0.4"/>
        <property name="file.separator" value="/"/>
        <property name="java.vendor.url.bug" value="http://bugreport.sun.com/bugreport/"/>
        <property name="sun.font.fontmanager" value="sun.awt.X11FontManager"/>
        <property name="sun.io.unicode.encoding" value="UnicodeLittle"/>
        <property name="sun.cpu.endian" value="little"/>
        <property name="https.proxyPort" value="80"/>
        <property name="exec.args" value="selenium.browser.size.w=1280 selenium.browser.size.h=960 capture.video=true capture.screenshots=true notification.type=swing notification.history=3 notification.font.size=15 job-release-selenium-tests.properties build.job=dcs_dcs.Release-Selenium-Tests build.number=289 target.release=16.2.3.0.0 timeout.build.buildqueue=1200 timeout.build.buildqueue.polling=60 -s BASE --tag base"/>
        <property name="sun.cpu.isalist" value=""/>
        <property name="test.selenium.browser.size.h" value="960"/>
        <property name="test.user.non-admin.name" value="tom.testsuite"/>
        <property name="test.https.proxyHost" value="www-proxy.us.oracle.com"/>
        <property name="test.user.admin.name" value="tina.testsuite"/>
        <property name="test.user.em-agent.password" value="Welcome1!"/>
        <property name="test.tag" value="base"/>
        <property name="test.user.em-agent.fullname" value="Alex Admin"/>
        <property name="test.selenium.port" value="44000"/>
        <property name="test.build.number" value="289"/>
        <property name="test.user.sdi-agent.enabled" value="true"/>
        <property name="test.timeout.assert.condition" value="30"/>
        <property name="test.target.version" value="{
  &quot;buildInformation&quot; : {
    &quot;gitCommitId&quot; : &quot;84b91eb9e1660e336bb9289583fdf62f88d10e16&quot;,
    &quot;gitCommitMessage&quot; : &quot;Bug 23012667 - Check for valid ACCS account in the same ID Domain\n&quot;,
    &quot;buildTime&quot; : &quot;05.04.2016 @ 21:54:38 PDT&quot;,
    &quot;buildUser&quot; : &quot;Code2Cloud Builder&quot;
  }
}"/>
        <property name="test.build.job" value="dcs_dcs.Release-Selenium-Tests"/>
        <property name="test.timeout.project.create" value="660"/>
        <property name="test.user.sdi-agent.name" value="alex.admin"/>
        <property name="test.selenium.browser" value="firefox"/>
        <property name="test.http.proxyPort" value="80"/>
        <property name="test.user.sdi-agent.password" value="Welcome1!"/>
        <property name="test.user.sdi-agent.fullname" value="Alex Admin"/>
        <property name="test.timeout.selenium.navigate" value="20"/>
        <property name="test.target.release" value="16.2.3.0.0"/>
        <property name="test.byom.ip" value="127.0.0.1"/>
        <property name="test.byom.port" value="8585"/>
        <property name="test.notification.type" value="swing"/>
        <property name="test.data.project.override" value=""/>
        <property name="test.timeout.selenium.find" value="1"/>
        <property name="test.user.em-agent.enabled" value="true"/>
        <property name="test.testEmptyOrg.db.id" value=""/>
        <property name="test.reviews.timeout.slowdown" value="0"/>
        <property name="test.http.noProxyHosts" value="localhost|127.0.0.1|*.local|*.oraclecorp.com|*.us.oracle.com"/>
        <property name="test.capture.video" value="true"/>
        <property name="test.user.non-admin.password" value="Welcome1!"/>
        <property name="test.user.non-admin.fullname" value="Tom Testsuite"/>
        <property name="test.user.admin.password" value="Welcome1!"/>
        <property name="test.notification.history" value="3"/>
        <property name="test.user.admin.fullname" value="Tina Testsuite"/>
        <property name="test.capture.screenshots" value="true"/>
        <property name="test.testEmptyOrg.db.connectString" value="jdbc:oracle:thin:@(DESCRIPTION=(ADDRESS=(PROTOCOL=TCP)(HOST=slc09iwb.us.oracle.com)(PORT=1521))(CONNECT_DATA=(SERVICE_NAME=dbpod)))"/>
        <property name="test.firefox.bin" value=""/>
        <property name="test.https.proxyPort" value="80"/>
        <property name="test.develop.offline" value="false"/>
        <property name="test.timeout.build.buildqueue.polling" value="60"/>
        <property name="test.output.dir" value="target/test-reports/"/>
        <property name="test.firefox.allowedHosts" value="localhost,localhost.localdomain"/>
        <property name="test.testEmptyOrg.db.schema" value="BV2RLPNYEWMR"/>
        <property name="test.web.url" value="http://ucf2c-dcs-release-hub1.opcdeveloper.oracleinternalucf2c.oraclecorp.com/qa-dev/"/>
        <property name="test.firefox.extensions" value=""/>
        <property name="test.testEmptyOrg.orgExistsCheck" value="false"/>
        <property name="test.data.dir" value="data/"/>
        <property name="test.notification.font.size" value="15"/>
        <property name="test.testEmptyOrg.service" value="devservice5"/>
        <property name="test.selenium.start.server" value="false"/>
        <property name="test.firefox.profile.path" value=""/>
        <property name="test.selenium.host" value="localhost"/>
        <property name="test.suite" value="BASE"/>
        <property name="test.tests" value=""/>
        <property name="test.user.admin.idm" value="dcsdevteam"/>
        <property name="test.http.proxyHost" value="www-proxy.us.oracle.com"/>
        <property name="test.testMethods" value=""/>
        <property name="test.reviews.dontDeleteEnviroment" value="false"/>
        <property name="test.selenium.browser.maximize" value="false"/>
        <property name="test.firefox.profile.name" value=""/>
        <property name="test.timeout.build.buildqueue" value="1200"/>
        <property name="test.user.em-agent.idm" value="dcsdevteam"/>
        <property name="test.selenium.remote" value="false"/>
        <property name="test.user.sdi-agent.idm" value="dcsdevteam"/>
        <property name="test.byom.authToken" value="123456"/>
        <property name="test.proxy.autodetect" value="false"/>
        <property name="test.testEmptyOrg.idm" value="dcsdevteam"/>
        <property name="test.user.non-admin.idm" value="dcsdevteam"/>
        <property name="test.data.tasks.useexisting" value="false"/>
        <property name="test.selenium.browser.size.w" value="1280"/>
        <property name="test.category" value="DEFAULT"/>
        <property name="test.user.em-agent.name" value="alex.admin"/>
        <property name="test.timeout.slowdown" value="0"/>
      </properties>
    </testcase>
  </testsuite>
