<?xml version="1.0" encoding="UTF-8"?>
  <testsuite name="oracle.clouddev.test.selenium.tests.base.TestHomePage" errors="0" test="10" failures="0" skipped="0" timestamp="20160407T061114-0700" time="4413.105">
    <testcase classname="oracle.clouddev.test.selenium.tests.base.TestHomePage" name="_class_init_" time="0.000">
      <properties>
        <property name="java.runtime.name" value="Java(TM) SE Runtime Environment"/>
        <property name="exec.mainClass" value="oracle.clouddev.test.selenium.RunTests"/>
        <property name="sun.boot.library.path" value="/usr/java/jdk1.8.0_51/jre/lib/amd64"/>
        <property name="java.vm.version" value="25.51-b03"/>
        <property name="java.vm.vendor" value="Oracle Corporation"/>
        <property name="java.vendor.url" value="http://java.oracle.com/"/>
        <property name="guice.disable.misplaced.annotation.check" value="true"/>
        <property name="path.separator" value=":"/>
        <property name="java.vm.name" value="Java HotSpot(TM) 64-Bit Server VM"/>
        <property name="file.encoding.pkg" value="sun.io"/>
        <property name="user.country" value="US"/>
        <property name="sun.java.launcher" value="SUN_STANDARD"/>
        <property name="sun.os.patch.level" value="unknown"/>
        <property name="http.noProxyHosts" value="localhost|127.0.0.1|*.local|*.oraclecorp.com|*.us.oracle.com"/>
        <property name="java.vm.specification.name" value="Java Virtual Machine Specification"/>
        <property name="user.dir" value="/home/builder/hudson/workspace/dcs_dcs.Release-Selenium-Tests/selenium-tests"/>
        <property name="java.runtime.version" value="1.8.0_51-b16"/>
        <property name="java.awt.graphicsenv" value="sun.awt.X11GraphicsEnvironment"/>
        <property name="java.endorsed.dirs" value="/usr/java/jdk1.8.0_51/jre/lib/endorsed"/>
        <property name="os.arch" value="amd64"/>
        <property name="java.io.tmpdir" value="/tmp"/>
        <property name="line.separator" value="
"/>
        <property name="java.vm.specification.vendor" value="Oracle Corporation"/>
        <property name="https.proxyHost" value="www-proxy.us.oracle.com"/>
        <property name="os.name" value="Linux"/>
        <property name="classworlds.conf" value="/usr/local/apache-maven/apache-maven-3.0.4/bin/m2.conf"/>
        <property name="sun.jnu.encoding" value="UTF-8"/>
        <property name="http.proxyPort" value="80"/>
        <property name="java.library.path" value="/usr/java/packages/lib/amd64:/usr/lib64:/lib64:/lib:/usr/lib"/>
        <property name="sun.awt.enableExtraMouseButtons" value="true"/>
        <property name="java.specification.name" value="Java Platform API Specification"/>
        <property name="java.class.version" value="52.0"/>
        <property name="sun.management.compiler" value="HotSpot 64-Bit Tiered Compilers"/>
        <property name="os.version" value="3.8.13-55.1.1.el6uek.x86_64"/>
        <property name="user.home" value="/home/builder"/>
        <property name="user.timezone" value="PST8PDT"/>
        <property name="java.awt.printerjob" value="sun.print.PSPrinterJob"/>
        <property name="file.encoding" value="UTF-8"/>
        <property name="java.specification.version" value="1.8"/>
        <property name="java.class.path" value="/usr/local/apache-maven/apache-maven-3.0.4/boot/plexus-classworlds-2.4.jar"/>
        <property name="user.name" value="builder"/>
        <property name="java.vm.specification.version" value="1.8"/>
        <property name="sun.java.command" value="org.codehaus.plexus.classworlds.launcher.Launcher -f /home/c2c/hudson/workspace/dcs_dcs.Release-Selenium-Tests/selenium-tests/pom.xml --batch-mode exec:java -Dexec.mainClass=oracle.clouddev.test.selenium.RunTests -Dexec.args=selenium.browser.size.w=1280 selenium.browser.size.h=960 capture.video=true capture.screenshots=true notification.type=swing notification.history=3 notification.font.size=15 job-release-selenium-tests.properties build.job=dcs_dcs.Release-Selenium-Tests build.number=289 target.release=16.2.3.0.0 timeout.build.buildqueue=1200 timeout.build.buildqueue.polling=60 -s BASE --tag base"/>
        <property name="java.home" value="/usr/java/jdk1.8.0_51/jre"/>
        <property name="sun.arch.data.model" value="64"/>
        <property name="user.language" value="en"/>
        <property name="java.specification.vendor" value="Oracle Corporation"/>
        <property name="awt.toolkit" value="sun.awt.X11.XToolkit"/>
        <property name="java.vm.info" value="mixed mode"/>
        <property name="java.version" value="1.8.0_51"/>
        <property name="securerandom.source" value="file:/dev/./urandom"/>
        <property name="java.ext.dirs" value="/usr/java/jdk1.8.0_51/jre/lib/ext:/usr/java/packages/lib/ext"/>
        <property name="http.proxyHost" value="www-proxy.us.oracle.com"/>
        <property name="sun.boot.class.path" value="/usr/java/jdk1.8.0_51/jre/lib/resources.jar:/usr/java/jdk1.8.0_51/jre/lib/rt.jar:/usr/java/jdk1.8.0_51/jre/lib/sunrsasign.jar:/usr/java/jdk1.8.0_51/jre/lib/jsse.jar:/usr/java/jdk1.8.0_51/jre/lib/jce.jar:/usr/java/jdk1.8.0_51/jre/lib/charsets.jar:/usr/java/jdk1.8.0_51/jre/lib/jfr.jar:/usr/java/jdk1.8.0_51/jre/classes"/>
        <property name="java.vendor" value="Oracle Corporation"/>
        <property name="maven.home" value="/usr/local/apache-maven/apache-maven-3.0.4"/>
        <property name="file.separator" value="/"/>
        <property name="java.vendor.url.bug" value="http://bugreport.sun.com/bugreport/"/>
        <property name="sun.font.fontmanager" value="sun.awt.X11FontManager"/>
        <property name="sun.io.unicode.encoding" value="UnicodeLittle"/>
        <property name="sun.cpu.endian" value="little"/>
        <property name="https.proxyPort" value="80"/>
        <property name="exec.args" value="selenium.browser.size.w=1280 selenium.browser.size.h=960 capture.video=true capture.screenshots=true notification.type=swing notification.history=3 notification.font.size=15 job-release-selenium-tests.properties build.job=dcs_dcs.Release-Selenium-Tests build.number=289 target.release=16.2.3.0.0 timeout.build.buildqueue=1200 timeout.build.buildqueue.polling=60 -s BASE --tag base"/>
        <property name="sun.cpu.isalist" value=""/>
        <property name="test.selenium.browser.size.h" value="960"/>
        <property name="test.user.non-admin.name" value="tom.testsuite"/>
        <property name="test.https.proxyHost" value="www-proxy.us.oracle.com"/>
        <property name="test.user.admin.name" value="tina.testsuite"/>
        <property name="test.user.em-agent.password" value="Welcome1!"/>
        <property name="test.tag" value="base"/>
        <property name="test.user.em-agent.fullname" value="Alex Admin"/>
        <property name="test.selenium.port" value="44000"/>
        <property name="test.build.number" value="289"/>
        <property name="test.user.sdi-agent.enabled" value="true"/>
        <property name="test.timeout.assert.condition" value="30"/>
        <property name="test.target.version" value="{
  &quot;buildInformation&quot; : {
    &quot;gitCommitId&quot; : &quot;84b91eb9e1660e336bb9289583fdf62f88d10e16&quot;,
    &quot;gitCommitMessage&quot; : &quot;Bug 23012667 - Check for valid ACCS account in the same ID Domain\n&quot;,
    &quot;buildTime&quot; : &quot;05.04.2016 @ 21:54:38 PDT&quot;,
    &quot;buildUser&quot; : &quot;Code2Cloud Builder&quot;
  }
}"/>
        <property name="test.build.job" value="dcs_dcs.Release-Selenium-Tests"/>
        <property name="test.timeout.project.create" value="660"/>
        <property name="test.user.sdi-agent.name" value="alex.admin"/>
        <property name="test.selenium.browser" value="firefox"/>
        <property name="test.http.proxyPort" value="80"/>
        <property name="test.user.sdi-agent.password" value="Welcome1!"/>
        <property name="test.user.sdi-agent.fullname" value="Alex Admin"/>
        <property name="test.timeout.selenium.navigate" value="20"/>
        <property name="test.target.release" value="16.2.3.0.0"/>
        <property name="test.byom.ip" value="127.0.0.1"/>
        <property name="test.byom.port" value="8585"/>
        <property name="test.notification.type" value="swing"/>
        <property name="test.data.project.override" value=""/>
        <property name="test.timeout.selenium.find" value="1"/>
        <property name="test.user.em-agent.enabled" value="true"/>
        <property name="test.testEmptyOrg.db.id" value=""/>
        <property name="test.reviews.timeout.slowdown" value="0"/>
        <property name="test.http.noProxyHosts" value="localhost|127.0.0.1|*.local|*.oraclecorp.com|*.us.oracle.com"/>
        <property name="test.capture.video" value="true"/>
        <property name="test.user.non-admin.password" value="Welcome1!"/>
        <property name="test.user.non-admin.fullname" value="Tom Testsuite"/>
        <property name="test.user.admin.password" value="Welcome1!"/>
        <property name="test.notification.history" value="3"/>
        <property name="test.user.admin.fullname" value="Tina Testsuite"/>
        <property name="test.capture.screenshots" value="true"/>
        <property name="test.testEmptyOrg.db.connectString" value="jdbc:oracle:thin:@(DESCRIPTION=(ADDRESS=(PROTOCOL=TCP)(HOST=slc09iwb.us.oracle.com)(PORT=1521))(CONNECT_DATA=(SERVICE_NAME=dbpod)))"/>
        <property name="test.firefox.bin" value=""/>
        <property name="test.https.proxyPort" value="80"/>
        <property name="test.develop.offline" value="false"/>
        <property name="test.timeout.build.buildqueue.polling" value="60"/>
        <property name="test.output.dir" value="target/test-reports/"/>
        <property name="test.firefox.allowedHosts" value="localhost,localhost.localdomain"/>
        <property name="test.testEmptyOrg.db.schema" value="BV2RLPNYEWMR"/>
        <property name="test.web.url" value="http://ucf2c-dcs-release-hub1.opcdeveloper.oracleinternalucf2c.oraclecorp.com/qa-dev/"/>
        <property name="test.firefox.extensions" value=""/>
        <property name="test.testEmptyOrg.orgExistsCheck" value="false"/>
        <property name="test.data.dir" value="data/"/>
        <property name="test.notification.font.size" value="15"/>
        <property name="test.testEmptyOrg.service" value="devservice5"/>
        <property name="test.selenium.start.server" value="false"/>
        <property name="test.firefox.profile.path" value=""/>
        <property name="test.selenium.host" value="localhost"/>
        <property name="test.suite" value="BASE"/>
        <property name="test.tests" value=""/>
        <property name="test.user.admin.idm" value="dcsdevteam"/>
        <property name="test.http.proxyHost" value="www-proxy.us.oracle.com"/>
        <property name="test.testMethods" value=""/>
        <property name="test.reviews.dontDeleteEnviroment" value="false"/>
        <property name="test.selenium.browser.maximize" value="false"/>
        <property name="test.firefox.profile.name" value=""/>
        <property name="test.timeout.build.buildqueue" value="1200"/>
        <property name="test.user.em-agent.idm" value="dcsdevteam"/>
        <property name="test.selenium.remote" value="false"/>
        <property name="test.user.sdi-agent.idm" value="dcsdevteam"/>
        <property name="test.byom.authToken" value="123456"/>
        <property name="test.proxy.autodetect" value="false"/>
        <property name="test.testEmptyOrg.idm" value="dcsdevteam"/>
        <property name="test.user.non-admin.idm" value="dcsdevteam"/>
        <property name="test.data.tasks.useexisting" value="false"/>
        <property name="test.selenium.browser.size.w" value="1280"/>
        <property name="test.category" value="DEFAULT"/>
        <property name="test.user.em-agent.name" value="alex.admin"/>
        <property name="test.timeout.slowdown" value="0"/>
      </properties>
    </testcase>
    <testcase classname="oracle.clouddev.test.selenium.tests.base.TestHomePage" name="testNewRepositoryDialogNonEmpty" time="9.070">
      <properties>
        <property name="java.runtime.name" value="Java(TM) SE Runtime Environment"/>
        <property name="exec.mainClass" value="oracle.clouddev.test.selenium.RunTests"/>
        <property name="sun.boot.library.path" value="/usr/java/jdk1.8.0_51/jre/lib/amd64"/>
        <property name="java.vm.version" value="25.51-b03"/>
        <property name="java.vm.vendor" value="Oracle Corporation"/>
        <property name="java.vendor.url" value="http://java.oracle.com/"/>
        <property name="guice.disable.misplaced.annotation.check" value="true"/>
        <property name="path.separator" value=":"/>
        <property name="java.vm.name" value="Java HotSpot(TM) 64-Bit Server VM"/>
        <property name="file.encoding.pkg" value="sun.io"/>
        <property name="user.country" value="US"/>
        <property name="sun.java.launcher" value="SUN_STANDARD"/>
        <property name="sun.os.patch.level" value="unknown"/>
        <property name="http.noProxyHosts" value="localhost|127.0.0.1|*.local|*.oraclecorp.com|*.us.oracle.com"/>
        <property name="java.vm.specification.name" value="Java Virtual Machine Specification"/>
        <property name="user.dir" value="/home/builder/hudson/workspace/dcs_dcs.Release-Selenium-Tests/selenium-tests"/>
        <property name="java.runtime.version" value="1.8.0_51-b16"/>
        <property name="java.awt.graphicsenv" value="sun.awt.X11GraphicsEnvironment"/>
        <property name="java.endorsed.dirs" value="/usr/java/jdk1.8.0_51/jre/lib/endorsed"/>
        <property name="os.arch" value="amd64"/>
        <property name="java.io.tmpdir" value="/tmp"/>
        <property name="line.separator" value="
"/>
        <property name="java.vm.specification.vendor" value="Oracle Corporation"/>
        <property name="https.proxyHost" value="www-proxy.us.oracle.com"/>
        <property name="os.name" value="Linux"/>
        <property name="classworlds.conf" value="/usr/local/apache-maven/apache-maven-3.0.4/bin/m2.conf"/>
        <property name="sun.jnu.encoding" value="UTF-8"/>
        <property name="http.proxyPort" value="80"/>
        <property name="java.library.path" value="/usr/java/packages/lib/amd64:/usr/lib64:/lib64:/lib:/usr/lib"/>
        <property name="sun.awt.enableExtraMouseButtons" value="true"/>
        <property name="java.specification.name" value="Java Platform API Specification"/>
        <property name="java.class.version" value="52.0"/>
        <property name="sun.management.compiler" value="HotSpot 64-Bit Tiered Compilers"/>
        <property name="os.version" value="3.8.13-55.1.1.el6uek.x86_64"/>
        <property name="user.home" value="/home/builder"/>
        <property name="user.timezone" value="PST8PDT"/>
        <property name="java.awt.printerjob" value="sun.print.PSPrinterJob"/>
        <property name="file.encoding" value="UTF-8"/>
        <property name="java.specification.version" value="1.8"/>
        <property name="java.class.path" value="/usr/local/apache-maven/apache-maven-3.0.4/boot/plexus-classworlds-2.4.jar"/>
        <property name="user.name" value="builder"/>
        <property name="java.vm.specification.version" value="1.8"/>
        <property name="sun.java.command" value="org.codehaus.plexus.classworlds.launcher.Launcher -f /home/c2c/hudson/workspace/dcs_dcs.Release-Selenium-Tests/selenium-tests/pom.xml --batch-mode exec:java -Dexec.mainClass=oracle.clouddev.test.selenium.RunTests -Dexec.args=selenium.browser.size.w=1280 selenium.browser.size.h=960 capture.video=true capture.screenshots=true notification.type=swing notification.history=3 notification.font.size=15 job-release-selenium-tests.properties build.job=dcs_dcs.Release-Selenium-Tests build.number=289 target.release=16.2.3.0.0 timeout.build.buildqueue=1200 timeout.build.buildqueue.polling=60 -s BASE --tag base"/>
        <property name="java.home" value="/usr/java/jdk1.8.0_51/jre"/>
        <property name="sun.arch.data.model" value="64"/>
        <property name="user.language" value="en"/>
        <property name="java.specification.vendor" value="Oracle Corporation"/>
        <property name="awt.toolkit" value="sun.awt.X11.XToolkit"/>
        <property name="java.vm.info" value="mixed mode"/>
        <property name="java.version" value="1.8.0_51"/>
        <property name="securerandom.source" value="file:/dev/./urandom"/>
        <property name="java.ext.dirs" value="/usr/java/jdk1.8.0_51/jre/lib/ext:/usr/java/packages/lib/ext"/>
        <property name="http.proxyHost" value="www-proxy.us.oracle.com"/>
        <property name="sun.boot.class.path" value="/usr/java/jdk1.8.0_51/jre/lib/resources.jar:/usr/java/jdk1.8.0_51/jre/lib/rt.jar:/usr/java/jdk1.8.0_51/jre/lib/sunrsasign.jar:/usr/java/jdk1.8.0_51/jre/lib/jsse.jar:/usr/java/jdk1.8.0_51/jre/lib/jce.jar:/usr/java/jdk1.8.0_51/jre/lib/charsets.jar:/usr/java/jdk1.8.0_51/jre/lib/jfr.jar:/usr/java/jdk1.8.0_51/jre/classes"/>
        <property name="java.vendor" value="Oracle Corporation"/>
        <property name="maven.home" value="/usr/local/apache-maven/apache-maven-3.0.4"/>
        <property name="file.separator" value="/"/>
        <property name="java.vendor.url.bug" value="http://bugreport.sun.com/bugreport/"/>
        <property name="sun.font.fontmanager" value="sun.awt.X11FontManager"/>
        <property name="sun.io.unicode.encoding" value="UnicodeLittle"/>
        <property name="sun.cpu.endian" value="little"/>
        <property name="https.proxyPort" value="80"/>
        <property name="exec.args" value="selenium.browser.size.w=1280 selenium.browser.size.h=960 capture.video=true capture.screenshots=true notification.type=swing notification.history=3 notification.font.size=15 job-release-selenium-tests.properties build.job=dcs_dcs.Release-Selenium-Tests build.number=289 target.release=16.2.3.0.0 timeout.build.buildqueue=1200 timeout.build.buildqueue.polling=60 -s BASE --tag base"/>
        <property name="sun.cpu.isalist" value=""/>
        <property name="test.selenium.browser.size.h" value="960"/>
        <property name="test.user.non-admin.name" value="tom.testsuite"/>
        <property name="test.https.proxyHost" value="www-proxy.us.oracle.com"/>
        <property name="test.user.admin.name" value="tina.testsuite"/>
        <property name="test.user.em-agent.password" value="Welcome1!"/>
        <property name="test.tag" value="base"/>
        <property name="test.user.em-agent.fullname" value="Alex Admin"/>
        <property name="test.selenium.port" value="44000"/>
        <property name="test.build.number" value="289"/>
        <property name="test.user.sdi-agent.enabled" value="true"/>
        <property name="test.timeout.assert.condition" value="30"/>
        <property name="test.target.version" value="{
  &quot;buildInformation&quot; : {
    &quot;gitCommitId&quot; : &quot;84b91eb9e1660e336bb9289583fdf62f88d10e16&quot;,
    &quot;gitCommitMessage&quot; : &quot;Bug 23012667 - Check for valid ACCS account in the same ID Domain\n&quot;,
    &quot;buildTime&quot; : &quot;05.04.2016 @ 21:54:38 PDT&quot;,
    &quot;buildUser&quot; : &quot;Code2Cloud Builder&quot;
  }
}"/>
        <property name="test.build.job" value="dcs_dcs.Release-Selenium-Tests"/>
        <property name="test.timeout.project.create" value="660"/>
        <property name="test.user.sdi-agent.name" value="alex.admin"/>
        <property name="test.selenium.browser" value="firefox"/>
        <property name="test.http.proxyPort" value="80"/>
        <property name="test.user.sdi-agent.password" value="Welcome1!"/>
        <property name="test.user.sdi-agent.fullname" value="Alex Admin"/>
        <property name="test.timeout.selenium.navigate" value="20"/>
        <property name="test.target.release" value="16.2.3.0.0"/>
        <property name="test.byom.ip" value="127.0.0.1"/>
        <property name="test.byom.port" value="8585"/>
        <property name="test.notification.type" value="swing"/>
        <property name="test.data.project.override" value=""/>
        <property name="test.timeout.selenium.find" value="1"/>
        <property name="test.user.em-agent.enabled" value="true"/>
        <property name="test.testEmptyOrg.db.id" value=""/>
        <property name="test.reviews.timeout.slowdown" value="0"/>
        <property name="test.http.noProxyHosts" value="localhost|127.0.0.1|*.local|*.oraclecorp.com|*.us.oracle.com"/>
        <property name="test.capture.video" value="true"/>
        <property name="test.user.non-admin.password" value="Welcome1!"/>
        <property name="test.user.non-admin.fullname" value="Tom Testsuite"/>
        <property name="test.user.admin.password" value="Welcome1!"/>
        <property name="test.notification.history" value="3"/>
        <property name="test.user.admin.fullname" value="Tina Testsuite"/>
        <property name="test.capture.screenshots" value="true"/>
        <property name="test.testEmptyOrg.db.connectString" value="jdbc:oracle:thin:@(DESCRIPTION=(ADDRESS=(PROTOCOL=TCP)(HOST=slc09iwb.us.oracle.com)(PORT=1521))(CONNECT_DATA=(SERVICE_NAME=dbpod)))"/>
        <property name="test.firefox.bin" value=""/>
        <property name="test.https.proxyPort" value="80"/>
        <property name="test.develop.offline" value="false"/>
        <property name="test.timeout.build.buildqueue.polling" value="60"/>
        <property name="test.output.dir" value="target/test-reports/"/>
        <property name="test.firefox.allowedHosts" value="localhost,localhost.localdomain"/>
        <property name="test.testEmptyOrg.db.schema" value="BV2RLPNYEWMR"/>
        <property name="test.web.url" value="http://ucf2c-dcs-release-hub1.opcdeveloper.oracleinternalucf2c.oraclecorp.com/qa-dev/"/>
        <property name="test.firefox.extensions" value=""/>
        <property name="test.testEmptyOrg.orgExistsCheck" value="false"/>
        <property name="test.data.dir" value="data/"/>
        <property name="test.notification.font.size" value="15"/>
        <property name="test.testEmptyOrg.service" value="devservice5"/>
        <property name="test.selenium.start.server" value="false"/>
        <property name="test.firefox.profile.path" value=""/>
        <property name="test.selenium.host" value="localhost"/>
        <property name="test.suite" value="BASE"/>
        <property name="test.tests" value=""/>
        <property name="test.user.admin.idm" value="dcsdevteam"/>
        <property name="test.http.proxyHost" value="www-proxy.us.oracle.com"/>
        <property name="test.testMethods" value=""/>
        <property name="test.reviews.dontDeleteEnviroment" value="false"/>
        <property name="test.selenium.browser.maximize" value="false"/>
        <property name="test.firefox.profile.name" value=""/>
        <property name="test.timeout.build.buildqueue" value="1200"/>
        <property name="test.user.em-agent.idm" value="dcsdevteam"/>
        <property name="test.selenium.remote" value="false"/>
        <property name="test.user.sdi-agent.idm" value="dcsdevteam"/>
        <property name="test.byom.authToken" value="123456"/>
        <property name="test.proxy.autodetect" value="false"/>
        <property name="test.testEmptyOrg.idm" value="dcsdevteam"/>
        <property name="test.user.non-admin.idm" value="dcsdevteam"/>
        <property name="test.data.tasks.useexisting" value="false"/>
        <property name="test.selenium.browser.size.w" value="1280"/>
        <property name="test.category" value="DEFAULT"/>
        <property name="test.user.em-agent.name" value="alex.admin"/>
        <property name="test.timeout.slowdown" value="0"/>
      </properties>
    <system-out>
2016-04-07 06:11:04,931 INFO  [oracle.clouddev.test.selenium.tests.base.TestHomePage] Go to the project home page
2016-04-07 06:11:04,931 DEBUG [oracle.clouddev.test.selenium.junit.BrowserSession] navigating to project qa-dev_test-shared-project1-1460033913915 (http://ucf2c-dcs-release-hub1.opcdeveloper.oracleinternalucf2c.oraclecorp.com/qa-dev/#/projects/qa-dev_test-shared-project1-1460033913915)
2016-04-07 06:11:04,972 DEBUG [oracle.clouddev.test.selenium.components.AssertElement] Check condition (oracle.clouddev.test.selenium.components.Conditions$5@6a8b8542) for element [By.xpath: .//button[@id=&apos;odcs-project-selector&apos;]/span[1]] on http://ucf2c-dcs-release-hub1.opcdeveloper.oracleinternalucf2c.oraclecorp.com/qa-dev/#/projects/qa-dev_test-shared-project1-1460033913915.
2016-04-07 06:11:06,249 DEBUG [oracle.clouddev.test.selenium.components.AssertElement] Check condition (NOT (element is visible)) for element [By.id: page-provision] on http://ucf2c-dcs-release-hub1.opcdeveloper.oracleinternalucf2c.oraclecorp.com/qa-dev/#/projects/qa-dev_test-shared-project1-1460033913915.
2016-04-07 06:11:07,258 INFO  [oracle.clouddev.test.selenium.tests.base.TestHomePage] Waiting for the activites to be loaded...
2016-04-07 06:11:07,269 DEBUG [oracle.clouddev.test.selenium.components.AssertElement] Check condition (element is visible) for element [By.xpath: .//div[@id=&apos;activities-filter-button&apos;]] on http://ucf2c-dcs-release-hub1.opcdeveloper.oracleinternalucf2c.oraclecorp.com/qa-dev/#/projects/qa-dev_test-shared-project1-1460033913915.
2016-04-07 06:11:07,298 DEBUG [oracle.clouddev.test.selenium.components.AssertElement] Check condition (element is visible) for element [By.xpath: .//*[(self::button or self::a or self::input) and @id=&apos;new-repo-green-button&apos;]] on http://ucf2c-dcs-release-hub1.opcdeveloper.oracleinternalucf2c.oraclecorp.com/qa-dev/#/projects/qa-dev_test-shared-project1-1460033913915.
2016-04-07 06:11:07,339 DEBUG [oracle.clouddev.test.selenium.components.AssertElement] Check condition (element has style class &apos;oj-enabled&apos;) for element [By.xpath: .//*[(self::button or self::a or self::input) and @id=&apos;new-repo-green-button&apos;]] on http://ucf2c-dcs-release-hub1.opcdeveloper.oracleinternalucf2c.oraclecorp.com/qa-dev/#/projects/qa-dev_test-shared-project1-1460033913915.
2016-04-07 06:11:07,902 DEBUG [oracle.clouddev.test.selenium.components.AssertElement] Check condition (element is visible) for element [By.xpath: .//div[contains(@class,&apos;oj-dialog&apos;)]/div[@id=&apos;repository-dialog&apos;]/..] on http://ucf2c-dcs-release-hub1.opcdeveloper.oracleinternalucf2c.oraclecorp.com/qa-dev/#/projects/qa-dev_test-shared-project1-1460033913915.
2016-04-07 06:11:07,933 DEBUG [oracle.clouddev.test.selenium.components.AssertElement] Check condition (element is visible) for element [By.xpath: .//input[@id=&apos;repo-name&apos;] under [By.xpath: .//div[contains(@class,&apos;oj-dialog&apos;)]/div[@id=&apos;repository-dialog&apos;]/..]] on http://ucf2c-dcs-release-hub1.opcdeveloper.oracleinternalucf2c.oraclecorp.com/qa-dev/#/projects/qa-dev_test-shared-project1-1460033913915.
2016-04-07 06:11:07,975 DEBUG [oracle.clouddev.test.selenium.components.AssertElement] Check condition (NOT (element is readonly)) for element [By.xpath: .//input[@id=&apos;repo-name&apos;] under [By.xpath: .//div[contains(@class,&apos;oj-dialog&apos;)]/div[@id=&apos;repository-dialog&apos;]/..]] on http://ucf2c-dcs-release-hub1.opcdeveloper.oracleinternalucf2c.oraclecorp.com/qa-dev/#/projects/qa-dev_test-shared-project1-1460033913915.
2016-04-07 06:11:08,015 DEBUG [oracle.clouddev.test.selenium.components.AssertElement] Check condition (element is visible) for element [By.xpath: .//input[@id=&apos;repo-name&apos;] under [By.xpath: .//div[contains(@class,&apos;oj-dialog&apos;)]/div[@id=&apos;repository-dialog&apos;]/..]] on http://ucf2c-dcs-release-hub1.opcdeveloper.oracleinternalucf2c.oraclecorp.com/qa-dev/#/projects/qa-dev_test-shared-project1-1460033913915.
2016-04-07 06:11:08,414 DEBUG [oracle.clouddev.test.selenium.components.AssertElement] Check condition (element is visible) for element [By.xpath: .//textarea[@id=&apos;repo-description&apos;] under [By.xpath: .//div[contains(@class,&apos;oj-dialog&apos;)]/div[@id=&apos;repository-dialog&apos;]/..]] on http://ucf2c-dcs-release-hub1.opcdeveloper.oracleinternalucf2c.oraclecorp.com/qa-dev/#/projects/qa-dev_test-shared-project1-1460033913915.
2016-04-07 06:11:08,456 DEBUG [oracle.clouddev.test.selenium.components.AssertElement] Check condition (element is visible) for element [By.xpath: .//textarea[@id=&apos;repo-description&apos;] under [By.xpath: .//div[contains(@class,&apos;oj-dialog&apos;)]/div[@id=&apos;repository-dialog&apos;]/..]] on http://ucf2c-dcs-release-hub1.opcdeveloper.oracleinternalucf2c.oraclecorp.com/qa-dev/#/projects/qa-dev_test-shared-project1-1460033913915.
2016-04-07 06:11:08,866 DEBUG [oracle.clouddev.test.selenium.components.AssertElement] Check condition (element is visible) for element [By.xpath: .//div[@id=&apos;repo-initial-radio&apos;] under [By.xpath: .//div[contains(@class,&apos;oj-dialog&apos;)]/div[@id=&apos;repository-dialog&apos;]/..]] on http://ucf2c-dcs-release-hub1.opcdeveloper.oracleinternalucf2c.oraclecorp.com/qa-dev/#/projects/qa-dev_test-shared-project1-1460033913915.
2016-04-07 06:11:08,904 DEBUG [oracle.clouddev.test.selenium.components.AssertElement] Check condition (element is visible) for element [By.xpath: .//input[@id=&apos;repo-initial-readme&apos;] under [By.xpath: .//div[@id=&apos;repo-initial-radio&apos;] under [By.xpath: .//div[contains(@class,&apos;oj-dialog&apos;)]/div[@id=&apos;repository-dialog&apos;]/..]]] on http://ucf2c-dcs-release-hub1.opcdeveloper.oracleinternalucf2c.oraclecorp.com/qa-dev/#/projects/qa-dev_test-shared-project1-1460033913915.
2016-04-07 06:11:08,949 DEBUG [oracle.clouddev.test.selenium.components.AssertElement] Check condition (checkbox is checked) for element [By.xpath: .//input[@id=&apos;repo-initial-readme&apos;] under [By.xpath: .//div[@id=&apos;repo-initial-radio&apos;] under [By.xpath: .//div[contains(@class,&apos;oj-dialog&apos;)]/div[@id=&apos;repository-dialog&apos;]/..]]] on http://ucf2c-dcs-release-hub1.opcdeveloper.oracleinternalucf2c.oraclecorp.com/qa-dev/#/projects/qa-dev_test-shared-project1-1460033913915.
2016-04-07 06:11:08,999 DEBUG [oracle.clouddev.test.selenium.components.AssertElement] Check condition (element is visible) for element [By.xpath: .//input[@id=&apos;repo-initial-readme&apos;] under [By.xpath: .//div[@id=&apos;repo-initial-radio&apos;] under [By.xpath: .//div[contains(@class,&apos;oj-dialog&apos;)]/div[@id=&apos;repository-dialog&apos;]/..]]] on http://ucf2c-dcs-release-hub1.opcdeveloper.oracleinternalucf2c.oraclecorp.com/qa-dev/#/projects/qa-dev_test-shared-project1-1460033913915.
2016-04-07 06:11:09,265 DEBUG [oracle.clouddev.test.selenium.components.AssertElement] Check condition (element is visible) for element [By.xpath: .//*[(self::button or self::a or self::input) and @id=&apos;repo-button-create&apos;] under [By.xpath: .//div[contains(@class,&apos;oj-dialog&apos;)]/div[@id=&apos;repository-dialog&apos;]/..]] on http://ucf2c-dcs-release-hub1.opcdeveloper.oracleinternalucf2c.oraclecorp.com/qa-dev/#/projects/qa-dev_test-shared-project1-1460033913915.
2016-04-07 06:11:09,312 DEBUG [oracle.clouddev.test.selenium.components.AssertElement] Check condition (element has style class &apos;oj-enabled&apos;) for element [By.xpath: .//*[(self::button or self::a or self::input) and @id=&apos;repo-button-create&apos;] under [By.xpath: .//div[contains(@class,&apos;oj-dialog&apos;)]/div[@id=&apos;repository-dialog&apos;]/..]] on http://ucf2c-dcs-release-hub1.opcdeveloper.oracleinternalucf2c.oraclecorp.com/qa-dev/#/projects/qa-dev_test-shared-project1-1460033913915.
2016-04-07 06:11:09,396 DEBUG [oracle.clouddev.test.selenium.components.AssertElement] Check condition (element is visible) for element [By.xpath: .//*[(self::button or self::a or self::input) and @id=&apos;repo-button-create&apos;] under [By.xpath: .//div[contains(@class,&apos;oj-dialog&apos;)]/div[@id=&apos;repository-dialog&apos;]/..]] on http://ucf2c-dcs-release-hub1.opcdeveloper.oracleinternalucf2c.oraclecorp.com/qa-dev/#/projects/qa-dev_test-shared-project1-1460033913915.
2016-04-07 06:11:09,437 DEBUG [oracle.clouddev.test.selenium.components.AssertElement] Check condition (element has style class &apos;oj-enabled&apos;) for element [By.xpath: .//*[(self::button or self::a or self::input) and @id=&apos;repo-button-create&apos;] under [By.xpath: .//div[contains(@class,&apos;oj-dialog&apos;)]/div[@id=&apos;repository-dialog&apos;]/..]] on http://ucf2c-dcs-release-hub1.opcdeveloper.oracleinternalucf2c.oraclecorp.com/qa-dev/#/projects/qa-dev_test-shared-project1-1460033913915.
2016-04-07 06:11:09,909 DEBUG [oracle.clouddev.test.selenium.components.AssertElement] Check condition (NOT (element is visible)) for element [By.xpath: .//div[contains(@class,&apos;oj-dialog&apos;)]/div[@id=&apos;repository-dialog&apos;]/..] on http://ucf2c-dcs-release-hub1.opcdeveloper.oracleinternalucf2c.oraclecorp.com/qa-dev/#/projects/qa-dev_test-shared-project1-1460033913915.
2016-04-07 06:11:12,015 DEBUG [oracle.clouddev.test.selenium.components.AssertElement] Check condition (element is visible) for element [By.id: scm-content] on http://ucf2c-dcs-release-hub1.opcdeveloper.oracleinternalucf2c.oraclecorp.com/qa-dev/#projects/qa-dev_test-shared-project1-1460033913915/scm/qa-test-repo1460034664931.git/tree?revision=master.
2016-04-07 06:11:12,688 INFO  [oracle.clouddev.test.selenium.tests.base.TestHomePage] Check if README.md exists in the browse page
    </system-out>
    </testcase>
    <testcase classname="oracle.clouddev.test.selenium.tests.base.TestHomePage" name="testActivityStream" time="4.171">
      <properties>
        <property name="java.runtime.name" value="Java(TM) SE Runtime Environment"/>
        <property name="exec.mainClass" value="oracle.clouddev.test.selenium.RunTests"/>
        <property name="sun.boot.library.path" value="/usr/java/jdk1.8.0_51/jre/lib/amd64"/>
        <property name="java.vm.version" value="25.51-b03"/>
        <property name="java.vm.vendor" value="Oracle Corporation"/>
        <property name="java.vendor.url" value="http://java.oracle.com/"/>
        <property name="guice.disable.misplaced.annotation.check" value="true"/>
        <property name="path.separator" value=":"/>
        <property name="java.vm.name" value="Java HotSpot(TM) 64-Bit Server VM"/>
        <property name="file.encoding.pkg" value="sun.io"/>
        <property name="user.country" value="US"/>
        <property name="sun.java.launcher" value="SUN_STANDARD"/>
        <property name="sun.os.patch.level" value="unknown"/>
        <property name="http.noProxyHosts" value="localhost|127.0.0.1|*.local|*.oraclecorp.com|*.us.oracle.com"/>
        <property name="java.vm.specification.name" value="Java Virtual Machine Specification"/>
        <property name="user.dir" value="/home/builder/hudson/workspace/dcs_dcs.Release-Selenium-Tests/selenium-tests"/>
        <property name="java.runtime.version" value="1.8.0_51-b16"/>
        <property name="java.awt.graphicsenv" value="sun.awt.X11GraphicsEnvironment"/>
        <property name="java.endorsed.dirs" value="/usr/java/jdk1.8.0_51/jre/lib/endorsed"/>
        <property name="os.arch" value="amd64"/>
        <property name="java.io.tmpdir" value="/tmp"/>
        <property name="line.separator" value="
"/>
        <property name="java.vm.specification.vendor" value="Oracle Corporation"/>
        <property name="https.proxyHost" value="www-proxy.us.oracle.com"/>
        <property name="os.name" value="Linux"/>
        <property name="classworlds.conf" value="/usr/local/apache-maven/apache-maven-3.0.4/bin/m2.conf"/>
        <property name="sun.jnu.encoding" value="UTF-8"/>
        <property name="http.proxyPort" value="80"/>
        <property name="java.library.path" value="/usr/java/packages/lib/amd64:/usr/lib64:/lib64:/lib:/usr/lib"/>
        <property name="sun.awt.enableExtraMouseButtons" value="true"/>
        <property name="java.specification.name" value="Java Platform API Specification"/>
        <property name="java.class.version" value="52.0"/>
        <property name="sun.management.compiler" value="HotSpot 64-Bit Tiered Compilers"/>
        <property name="os.version" value="3.8.13-55.1.1.el6uek.x86_64"/>
        <property name="user.home" value="/home/builder"/>
        <property name="user.timezone" value="PST8PDT"/>
        <property name="java.awt.printerjob" value="sun.print.PSPrinterJob"/>
        <property name="file.encoding" value="UTF-8"/>
        <property name="java.specification.version" value="1.8"/>
        <property name="java.class.path" value="/usr/local/apache-maven/apache-maven-3.0.4/boot/plexus-classworlds-2.4.jar"/>
        <property name="user.name" value="builder"/>
        <property name="java.vm.specification.version" value="1.8"/>
        <property name="sun.java.command" value="org.codehaus.plexus.classworlds.launcher.Launcher -f /home/c2c/hudson/workspace/dcs_dcs.Release-Selenium-Tests/selenium-tests/pom.xml --batch-mode exec:java -Dexec.mainClass=oracle.clouddev.test.selenium.RunTests -Dexec.args=selenium.browser.size.w=1280 selenium.browser.size.h=960 capture.video=true capture.screenshots=true notification.type=swing notification.history=3 notification.font.size=15 job-release-selenium-tests.properties build.job=dcs_dcs.Release-Selenium-Tests build.number=289 target.release=16.2.3.0.0 timeout.build.buildqueue=1200 timeout.build.buildqueue.polling=60 -s BASE --tag base"/>
        <property name="java.home" value="/usr/java/jdk1.8.0_51/jre"/>
        <property name="sun.arch.data.model" value="64"/>
        <property name="user.language" value="en"/>
        <property name="java.specification.vendor" value="Oracle Corporation"/>
        <property name="awt.toolkit" value="sun.awt.X11.XToolkit"/>
        <property name="java.vm.info" value="mixed mode"/>
        <property name="java.version" value="1.8.0_51"/>
        <property name="securerandom.source" value="file:/dev/./urandom"/>
        <property name="java.ext.dirs" value="/usr/java/jdk1.8.0_51/jre/lib/ext:/usr/java/packages/lib/ext"/>
        <property name="http.proxyHost" value="www-proxy.us.oracle.com"/>
        <property name="sun.boot.class.path" value="/usr/java/jdk1.8.0_51/jre/lib/resources.jar:/usr/java/jdk1.8.0_51/jre/lib/rt.jar:/usr/java/jdk1.8.0_51/jre/lib/sunrsasign.jar:/usr/java/jdk1.8.0_51/jre/lib/jsse.jar:/usr/java/jdk1.8.0_51/jre/lib/jce.jar:/usr/java/jdk1.8.0_51/jre/lib/charsets.jar:/usr/java/jdk1.8.0_51/jre/lib/jfr.jar:/usr/java/jdk1.8.0_51/jre/classes"/>
        <property name="java.vendor" value="Oracle Corporation"/>
        <property name="maven.home" value="/usr/local/apache-maven/apache-maven-3.0.4"/>
        <property name="file.separator" value="/"/>
        <property name="java.vendor.url.bug" value="http://bugreport.sun.com/bugreport/"/>
        <property name="sun.font.fontmanager" value="sun.awt.X11FontManager"/>
        <property name="sun.io.unicode.encoding" value="UnicodeLittle"/>
        <property name="sun.cpu.endian" value="little"/>
        <property name="https.proxyPort" value="80"/>
        <property name="exec.args" value="selenium.browser.size.w=1280 selenium.browser.size.h=960 capture.video=true capture.screenshots=true notification.type=swing notification.history=3 notification.font.size=15 job-release-selenium-tests.properties build.job=dcs_dcs.Release-Selenium-Tests build.number=289 target.release=16.2.3.0.0 timeout.build.buildqueue=1200 timeout.build.buildqueue.polling=60 -s BASE --tag base"/>
        <property name="sun.cpu.isalist" value=""/>
        <property name="test.selenium.browser.size.h" value="960"/>
        <property name="test.user.non-admin.name" value="tom.testsuite"/>
        <property name="test.https.proxyHost" value="www-proxy.us.oracle.com"/>
        <property name="test.user.admin.name" value="tina.testsuite"/>
        <property name="test.user.em-agent.password" value="Welcome1!"/>
        <property name="test.tag" value="base"/>
        <property name="test.user.em-agent.fullname" value="Alex Admin"/>
        <property name="test.selenium.port" value="44000"/>
        <property name="test.build.number" value="289"/>
        <property name="test.user.sdi-agent.enabled" value="true"/>
        <property name="test.timeout.assert.condition" value="30"/>
        <property name="test.target.version" value="{
  &quot;buildInformation&quot; : {
    &quot;gitCommitId&quot; : &quot;84b91eb9e1660e336bb9289583fdf62f88d10e16&quot;,
    &quot;gitCommitMessage&quot; : &quot;Bug 23012667 - Check for valid ACCS account in the same ID Domain\n&quot;,
    &quot;buildTime&quot; : &quot;05.04.2016 @ 21:54:38 PDT&quot;,
    &quot;buildUser&quot; : &quot;Code2Cloud Builder&quot;
  }
}"/>
        <property name="test.build.job" value="dcs_dcs.Release-Selenium-Tests"/>
        <property name="test.timeout.project.create" value="660"/>
        <property name="test.user.sdi-agent.name" value="alex.admin"/>
        <property name="test.selenium.browser" value="firefox"/>
        <property name="test.http.proxyPort" value="80"/>
        <property name="test.user.sdi-agent.password" value="Welcome1!"/>
        <property name="test.user.sdi-agent.fullname" value="Alex Admin"/>
        <property name="test.timeout.selenium.navigate" value="20"/>
        <property name="test.target.release" value="16.2.3.0.0"/>
        <property name="test.byom.ip" value="127.0.0.1"/>
        <property name="test.byom.port" value="8585"/>
        <property name="test.notification.type" value="swing"/>
        <property name="test.data.project.override" value=""/>
        <property name="test.timeout.selenium.find" value="1"/>
        <property name="test.user.em-agent.enabled" value="true"/>
        <property name="test.testEmptyOrg.db.id" value=""/>
        <property name="test.reviews.timeout.slowdown" value="0"/>
        <property name="test.http.noProxyHosts" value="localhost|127.0.0.1|*.local|*.oraclecorp.com|*.us.oracle.com"/>
        <property name="test.capture.video" value="true"/>
        <property name="test.user.non-admin.password" value="Welcome1!"/>
        <property name="test.user.non-admin.fullname" value="Tom Testsuite"/>
        <property name="test.user.admin.password" value="Welcome1!"/>
        <property name="test.notification.history" value="3"/>
        <property name="test.user.admin.fullname" value="Tina Testsuite"/>
        <property name="test.capture.screenshots" value="true"/>
        <property name="test.testEmptyOrg.db.connectString" value="jdbc:oracle:thin:@(DESCRIPTION=(ADDRESS=(PROTOCOL=TCP)(HOST=slc09iwb.us.oracle.com)(PORT=1521))(CONNECT_DATA=(SERVICE_NAME=dbpod)))"/>
        <property name="test.firefox.bin" value=""/>
        <property name="test.https.proxyPort" value="80"/>
        <property name="test.develop.offline" value="false"/>
        <property name="test.timeout.build.buildqueue.polling" value="60"/>
        <property name="test.output.dir" value="target/test-reports/"/>
        <property name="test.firefox.allowedHosts" value="localhost,localhost.localdomain"/>
        <property name="test.testEmptyOrg.db.schema" value="BV2RLPNYEWMR"/>
        <property name="test.web.url" value="http://ucf2c-dcs-release-hub1.opcdeveloper.oracleinternalucf2c.oraclecorp.com/qa-dev/"/>
        <property name="test.firefox.extensions" value=""/>
        <property name="test.testEmptyOrg.orgExistsCheck" value="false"/>
        <property name="test.data.dir" value="data/"/>
        <property name="test.notification.font.size" value="15"/>
        <property name="test.testEmptyOrg.service" value="devservice5"/>
        <property name="test.selenium.start.server" value="false"/>
        <property name="test.firefox.profile.path" value=""/>
        <property name="test.selenium.host" value="localhost"/>
        <property name="test.suite" value="BASE"/>
        <property name="test.tests" value=""/>
        <property name="test.user.admin.idm" value="dcsdevteam"/>
        <property name="test.http.proxyHost" value="www-proxy.us.oracle.com"/>
        <property name="test.testMethods" value=""/>
        <property name="test.reviews.dontDeleteEnviroment" value="false"/>
        <property name="test.selenium.browser.maximize" value="false"/>
        <property name="test.firefox.profile.name" value=""/>
        <property name="test.timeout.build.buildqueue" value="1200"/>
        <property name="test.user.em-agent.idm" value="dcsdevteam"/>
        <property name="test.selenium.remote" value="false"/>
        <property name="test.user.sdi-agent.idm" value="dcsdevteam"/>
        <property name="test.byom.authToken" value="123456"/>
        <property name="test.proxy.autodetect" value="false"/>
        <property name="test.testEmptyOrg.idm" value="dcsdevteam"/>
        <property name="test.user.non-admin.idm" value="dcsdevteam"/>
        <property name="test.data.tasks.useexisting" value="false"/>
        <property name="test.selenium.browser.size.w" value="1280"/>
        <property name="test.category" value="DEFAULT"/>
        <property name="test.user.em-agent.name" value="alex.admin"/>
        <property name="test.timeout.slowdown" value="0"/>
      </properties>
    <system-out>
2016-04-07 06:11:14,003 INFO  [oracle.clouddev.test.selenium.util.RestRepositoryBuilder] Get repository list: http://ucf2c-dcs-release-hub1.opcdeveloper.oracleinternalucf2c.oraclecorp.com/qa-dev/s/qa-dev_test-shared-project1-1460033913915/scm/api/repository/
2016-04-07 06:11:14,009 INFO  [oracle.clouddev.test.framework.rest.RestClient] [request#40] GET http://ucf2c-dcs-release-hub1.opcdeveloper.oracleinternalucf2c.oraclecorp.com/qa-dev/s/qa-dev_test-shared-project1-1460033913915/scm/api/repository/ HTTP/1.1 (user: ADMIN(dcsdevteam/tina.testsuite/Welcome1!))
2016-04-07 06:11:14,009 DEBUG [oracle.clouddev.test.framework.rest.RestClient] [request#40] cURL: curl -k -u tina.testsuite:Welcome1! -X GET &apos;http://ucf2c-dcs-release-hub1.opcdeveloper.oracleinternalucf2c.oraclecorp.com/qa-dev/s/qa-dev_test-shared-project1-1460033913915/scm/api/repository/&apos;
2016-04-07 06:11:14,055 INFO  [oracle.clouddev.test.framework.rest.RestClient] [request#40] HTTP/1.1 200 OK
2016-04-07 06:11:14,055 DEBUG [oracle.clouddev.test.framework.rest.RestClient] [request#40] Content-Type: application/json;charset=UTF-8
2016-04-07 06:11:14,055 DEBUG [oracle.clouddev.test.framework.rest.RestClient] [request#40] Content-Length: 1107
2016-04-07 06:11:14,056 DEBUG [oracle.clouddev.test.framework.rest.ResponseProcessors$ResponseParserAdapter] [request#40] Received data:{
  &quot;scmRepositoryList&quot; : [ {
    &quot;name&quot; : &quot;qa-test-repo1460034664931.git&quot;,
    &quot;url&quot; : &quot;http://ucf2c-dcs-release-hub1.opcdeveloper.oracleinternalucf2c.oraclecorp.com/qa-dev/s/qa-dev_test-shared-project1-1460033913915/scm/qa-test-repo1460034664931.git&quot;,
    &quot;type&quot; : &quot;GIT&quot;,
    &quot;scmLocation&quot; : &quot;CODE2CLOUD&quot;,
    &quot;alternateUrl&quot; : &quot;ssh://ucf2c-dcs-release-hub1.opcdeveloper.oracleinternalucf2c.oraclecorp.com:2222/qa-dev_test-shared-project1-1460033913915/qa-test-repo1460034664931.git&quot;,
    &quot;branches&quot; : [ &quot;master&quot; ],
    &quot;tags&quot; : [ ],
    &quot;description&quot; : &quot;Description qa-test-repo1460034664931&quot;,
    &quot;importInProgress&quot; : false,
    &quot;head&quot; : &quot;master&quot;
  }, {
    &quot;name&quot; : &quot;test-shared-project1-1460033913915.git&quot;,
    &quot;url&quot; : &quot;http://ucf2c-dcs-release-hub1.opcdeveloper.oracleinternalucf2c.oraclecorp.com/qa-dev/s/qa-dev_test-shared-project1-1460033913915/scm/test-shared-project1-1460033913915.git&quot;,
    &quot;type&quot; : &quot;GIT&quot;,
    &quot;scmLocation&quot; : &quot;CODE2CLOUD&quot;,
    &quot;alternateUrl&quot; : &quot;ssh://ucf2c-dcs-release-hub1.opcdeveloper.oracleinternalucf2c.oraclecorp.com:2222/qa-dev_test-shared-project1-1460033913915/test-shared-project1-1460033913915.git&quot;,
    &quot;branches&quot; : [ ],
    &quot;tags&quot; : [ ],
    &quot;description&quot; : null,
    &quot;importInProgress&quot; : false,
    &quot;head&quot; : &quot;master&quot;
  } ]
}
2016-04-07 06:11:14,057 INFO  [oracle.clouddev.test.selenium.util.RestRepositoryBuilder] creating new repository test-repo1460034674003.git in projectqa-dev_test-shared-project1-1460033913915
2016-04-07 06:11:14,058 INFO  [oracle.clouddev.test.selenium.util.RestRepositoryBuilder] Create a new repository test-repo1460034674003.git : http://ucf2c-dcs-release-hub1.opcdeveloper.oracleinternalucf2c.oraclecorp.com/qa-dev/s/qa-dev_test-shared-project1-1460033913915/scm/api/repository/
2016-04-07 06:11:14,064 INFO  [oracle.clouddev.test.framework.rest.RestClient] [request#41] POST http://ucf2c-dcs-release-hub1.opcdeveloper.oracleinternalucf2c.oraclecorp.com/qa-dev/s/qa-dev_test-shared-project1-1460033913915/scm/api/repository/ HTTP/1.1 (user: ADMIN(dcsdevteam/tina.testsuite/Welcome1!))
2016-04-07 06:11:14,064 DEBUG [oracle.clouddev.test.framework.rest.RestClient] [request#41] posted content:
{
  &quot;scmLocation&quot; : &quot;CODE2CLOUD&quot;,
  &quot;name&quot; : &quot;test-repo1460034674003.git&quot;,
  &quot;description&quot; : &quot;Description test-repo1460034674003.git&quot;,
  &quot;type&quot; : &quot;GIT&quot;,
  &quot;branches&quot; : [ ],
  &quot;tags&quot; : [ ]
}
2016-04-07 06:11:14,064 DEBUG [oracle.clouddev.test.framework.rest.RestClient] [request#41] cURL: curl -k -u tina.testsuite:Welcome1! -X POST &apos;http://ucf2c-dcs-release-hub1.opcdeveloper.oracleinternalucf2c.oraclecorp.com/qa-dev/s/qa-dev_test-shared-project1-1460033913915/scm/api/repository/&apos; -H &apos;Content-Type: application/json; charset=UTF-8&apos; --data-binary &apos;{  &quot;scmLocation&quot; : &quot;CODE2CLOUD&quot;,  &quot;name&quot; : &quot;test-repo1460034674003.git&quot;,  &quot;description&quot; : &quot;Description test-repo1460034674003.git&quot;,  &quot;type&quot; : &quot;GIT&quot;,  &quot;branches&quot; : [ ],  &quot;tags&quot; : [ ]}&apos;
2016-04-07 06:11:14,318 INFO  [oracle.clouddev.test.framework.rest.RestClient] [request#41] HTTP/1.1 200 OK
2016-04-07 06:11:14,318 DEBUG [oracle.clouddev.test.framework.rest.RestClient] [request#41] Content-Type: application/json;charset=UTF-8
2016-04-07 06:11:14,318 DEBUG [oracle.clouddev.test.framework.rest.RestClient] [request#41] Content-Length: 547
2016-04-07 06:11:14,318 DEBUG [oracle.clouddev.test.framework.rest.ResponseProcessors$ResponseParserAdapter] [request#41] Received data:{
  &quot;scmRepository&quot; : {
    &quot;name&quot; : &quot;test-repo1460034674003.git&quot;,
    &quot;url&quot; : &quot;http://ucf2c-dcs-release-hub1.opcdeveloper.oracleinternalucf2c.oraclecorp.com/qa-dev/s/qa-dev_test-shared-project1-1460033913915/scm/test-repo1460034674003.git&quot;,
    &quot;type&quot; : &quot;GIT&quot;,
    &quot;scmLocation&quot; : &quot;CODE2CLOUD&quot;,
    &quot;alternateUrl&quot; : &quot;ssh://ucf2c-dcs-release-hub1.opcdeveloper.oracleinternalucf2c.oraclecorp.com:2222/qa-dev_test-shared-project1-1460033913915/test-repo1460034674003.git&quot;,
    &quot;branches&quot; : [ ],
    &quot;tags&quot; : [ ],
    &quot;description&quot; : &quot;Description test-repo1460034674003.git&quot;,
    &quot;importInProgress&quot; : false,
    &quot;head&quot; : null
  }
}
2016-04-07 06:11:14,319 INFO  [oracle.clouddev.test.selenium.util.RestRepositoryBuilder] Initialize repository test-repo1460034674003.git in projectqa-dev_test-shared-project1-1460033913915
2016-04-07 06:11:14,319 INFO  [oracle.clouddev.test.selenium.util.RestRepositoryBuilder] Initiliaze repository : test-repo1460034674003.git : http://ucf2c-dcs-release-hub1.opcdeveloper.oracleinternalucf2c.oraclecorp.com/qa-dev/s/qa-dev_test-shared-project1-1460033913915/scm/api/repository/init
2016-04-07 06:11:14,327 INFO  [oracle.clouddev.test.framework.rest.RestClient] [request#42] POST http://ucf2c-dcs-release-hub1.opcdeveloper.oracleinternalucf2c.oraclecorp.com/qa-dev/s/qa-dev_test-shared-project1-1460033913915/scm/api/repository/init HTTP/1.1 (user: ADMIN(dcsdevteam/tina.testsuite/Welcome1!))
2016-04-07 06:11:14,327 DEBUG [oracle.clouddev.test.framework.rest.RestClient] [request#42] posted content:
{
  &quot;authorEmail&quot; : &quot;&quot;,
  &quot;commitMessage&quot; : &quot;Initial Commit for test-repo1460034674003.git&quot;,
  &quot;authorName&quot; : &quot;Tina Testsuite&quot;,
  &quot;repository&quot; : &quot;test-repo1460034674003.git&quot;
}
2016-04-07 06:11:14,327 DEBUG [oracle.clouddev.test.framework.rest.RestClient] [request#42] cURL: curl -k -u tina.testsuite:Welcome1! -X POST &apos;http://ucf2c-dcs-release-hub1.opcdeveloper.oracleinternalucf2c.oraclecorp.com/qa-dev/s/qa-dev_test-shared-project1-1460033913915/scm/api/repository/init&apos; -H &apos;Content-Type: application/json; charset=UTF-8&apos; --data-binary &apos;{  &quot;authorEmail&quot; : &quot;&quot;,  &quot;commitMessage&quot; : &quot;Initial Commit for test-repo1460034674003.git&quot;,  &quot;authorName&quot; : &quot;Tina Testsuite&quot;,  &quot;repository&quot; : &quot;test-repo1460034674003.git&quot;}&apos;
2016-04-07 06:11:14,512 INFO  [oracle.clouddev.test.framework.rest.RestClient] [request#42] HTTP/1.1 200 OK
2016-04-07 06:11:14,512 DEBUG [oracle.clouddev.test.framework.rest.RestClient] [request#42] Content-Type: application/json;charset=UTF-8
2016-04-07 06:11:14,512 DEBUG [oracle.clouddev.test.framework.rest.RestClient] [request#42] Content-Length: 2
2016-04-07 06:11:14,513 DEBUG [oracle.clouddev.test.framework.rest.ResponseProcessors$ResponseParserAdapter] [request#42] Received data:{
}
2016-04-07 06:11:14,513 INFO  [oracle.clouddev.test.selenium.util.RestRepositoryBuilder] Get repository list: http://ucf2c-dcs-release-hub1.opcdeveloper.oracleinternalucf2c.oraclecorp.com/qa-dev/s/qa-dev_test-shared-project1-1460033913915/scm/api/repository/
2016-04-07 06:11:14,517 INFO  [oracle.clouddev.test.framework.rest.RestClient] [request#43] GET http://ucf2c-dcs-release-hub1.opcdeveloper.oracleinternalucf2c.oraclecorp.com/qa-dev/s/qa-dev_test-shared-project1-1460033913915/scm/api/repository/ HTTP/1.1 (user: ADMIN(dcsdevteam/tina.testsuite/Welcome1!))
2016-04-07 06:11:14,517 DEBUG [oracle.clouddev.test.framework.rest.RestClient] [request#43] cURL: curl -k -u tina.testsuite:Welcome1! -X GET &apos;http://ucf2c-dcs-release-hub1.opcdeveloper.oracleinternalucf2c.oraclecorp.com/qa-dev/s/qa-dev_test-shared-project1-1460033913915/scm/api/repository/&apos;
2016-04-07 06:11:14,571 INFO  [oracle.clouddev.test.framework.rest.RestClient] [request#43] HTTP/1.1 200 OK
2016-04-07 06:11:14,571 DEBUG [oracle.clouddev.test.framework.rest.RestClient] [request#43] Content-Type: application/json;charset=UTF-8
2016-04-07 06:11:14,571 DEBUG [oracle.clouddev.test.framework.rest.RestClient] [request#43] Content-Length: 1649
2016-04-07 06:11:14,572 DEBUG [oracle.clouddev.test.framework.rest.ResponseProcessors$ResponseParserAdapter] [request#43] Received data:{
  &quot;scmRepositoryList&quot; : [ {
    &quot;name&quot; : &quot;qa-test-repo1460034664931.git&quot;,
    &quot;url&quot; : &quot;http://ucf2c-dcs-release-hub1.opcdeveloper.oracleinternalucf2c.oraclecorp.com/qa-dev/s/qa-dev_test-shared-project1-1460033913915/scm/qa-test-repo1460034664931.git&quot;,
    &quot;type&quot; : &quot;GIT&quot;,
    &quot;scmLocation&quot; : &quot;CODE2CLOUD&quot;,
    &quot;alternateUrl&quot; : &quot;ssh://ucf2c-dcs-release-hub1.opcdeveloper.oracleinternalucf2c.oraclecorp.com:2222/qa-dev_test-shared-project1-1460033913915/qa-test-repo1460034664931.git&quot;,
    &quot;branches&quot; : [ &quot;master&quot; ],
    &quot;tags&quot; : [ ],
    &quot;description&quot; : &quot;Description qa-test-repo1460034664931&quot;,
    &quot;importInProgress&quot; : false,
    &quot;head&quot; : &quot;master&quot;
  }, {
    &quot;name&quot; : &quot;test-repo1460034674003.git&quot;,
    &quot;url&quot; : &quot;http://ucf2c-dcs-release-hub1.opcdeveloper.oracleinternalucf2c.oraclecorp.com/qa-dev/s/qa-dev_test-shared-project1-1460033913915/scm/test-repo1460034674003.git&quot;,
    &quot;type&quot; : &quot;GIT&quot;,
    &quot;scmLocation&quot; : &quot;CODE2CLOUD&quot;,
    &quot;alternateUrl&quot; : &quot;ssh://ucf2c-dcs-release-hub1.opcdeveloper.oracleinternalucf2c.oraclecorp.com:2222/qa-dev_test-shared-project1-1460033913915/test-repo1460034674003.git&quot;,
    &quot;branches&quot; : [ &quot;master&quot; ],
    &quot;tags&quot; : [ ],
    &quot;description&quot; : &quot;Description test-repo1460034674003.git&quot;,
    &quot;importInProgress&quot; : false,
    &quot;head&quot; : &quot;master&quot;
  }, {
    &quot;name&quot; : &quot;test-shared-project1-1460033913915.git&quot;,
    &quot;url&quot; : &quot;http://ucf2c-dcs-release-hub1.opcdeveloper.oracleinternalucf2c.oraclecorp.com/qa-dev/s/qa-dev_test-shared-project1-1460033913915/scm/test-shared-project1-1460033913915.git&quot;,
    &quot;type&quot; : &quot;GIT&quot;,
    &quot;scmLocation&quot; : &quot;CODE2CLOUD&quot;,
    &quot;alternateUrl&quot; : &quot;ssh://ucf2c-dcs-release-hub1.opcdeveloper.oracleinternalucf2c.oraclecorp.com:2222/qa-dev_test-shared-project1-1460033913915/test-shared-project1-1460033913915.git&quot;,
    &quot;branches&quot; : [ ],
    &quot;tags&quot; : [ ],
    &quot;description&quot; : null,
    &quot;importInProgress&quot; : false,
    &quot;head&quot; : &quot;master&quot;
  } ]
}
2016-04-07 06:11:14,572 DEBUG [oracle.clouddev.test.selenium.junit.BrowserSession] navigating to project qa-dev_test-shared-project1-1460033913915 (http://ucf2c-dcs-release-hub1.opcdeveloper.oracleinternalucf2c.oraclecorp.com/qa-dev/#/projects/qa-dev_test-shared-project1-1460033913915)
2016-04-07 06:11:16,941 DEBUG [oracle.clouddev.test.selenium.components.AssertElement] Check condition (oracle.clouddev.test.selenium.components.Conditions$5@5c74f178) for element [By.xpath: .//button[@id=&apos;odcs-project-selector&apos;]/span[1]] on http://ucf2c-dcs-release-hub1.opcdeveloper.oracleinternalucf2c.oraclecorp.com/qa-dev/#/projects/qa-dev_test-shared-project1-1460033913915.
2016-04-07 06:11:17,076 DEBUG [oracle.clouddev.test.selenium.components.AssertElement] Check condition (NOT (element is visible)) for element [By.id: page-provision] on http://ucf2c-dcs-release-hub1.opcdeveloper.oracleinternalucf2c.oraclecorp.com/qa-dev/#/projects/qa-dev_test-shared-project1-1460033913915.
2016-04-07 06:11:18,086 INFO  [oracle.clouddev.test.selenium.tests.base.TestHomePage] Check if new repo activity is shown in the activity stream
2016-04-07 06:11:18,113 DEBUG [oracle.clouddev.test.selenium.components.AssertElement] Check condition (element is visible) for element [By.xpath: id(&apos;activity-content&apos;)//a[contains(text(),&apos;test-repo1460034674003.git&apos;)]] on http://ucf2c-dcs-release-hub1.opcdeveloper.oracleinternalucf2c.oraclecorp.com/qa-dev/#/projects/qa-dev_test-shared-project1-1460033913915.
    </system-out>
    </testcase>
    <testcase classname="oracle.clouddev.test.selenium.tests.base.TestHomePage" name="testRespositoryLinksToBrowsePage" time="6.799">
      <properties>
        <property name="java.runtime.name" value="Java(TM) SE Runtime Environment"/>
        <property name="exec.mainClass" value="oracle.clouddev.test.selenium.RunTests"/>
        <property name="sun.boot.library.path" value="/usr/java/jdk1.8.0_51/jre/lib/amd64"/>
        <property name="java.vm.version" value="25.51-b03"/>
        <property name="java.vm.vendor" value="Oracle Corporation"/>
        <property name="java.vendor.url" value="http://java.oracle.com/"/>
        <property name="guice.disable.misplaced.annotation.check" value="true"/>
        <property name="path.separator" value=":"/>
        <property name="java.vm.name" value="Java HotSpot(TM) 64-Bit Server VM"/>
        <property name="file.encoding.pkg" value="sun.io"/>
        <property name="user.country" value="US"/>
        <property name="sun.java.launcher" value="SUN_STANDARD"/>
        <property name="sun.os.patch.level" value="unknown"/>
        <property name="http.noProxyHosts" value="localhost|127.0.0.1|*.local|*.oraclecorp.com|*.us.oracle.com"/>
        <property name="java.vm.specification.name" value="Java Virtual Machine Specification"/>
        <property name="user.dir" value="/home/builder/hudson/workspace/dcs_dcs.Release-Selenium-Tests/selenium-tests"/>
        <property name="java.runtime.version" value="1.8.0_51-b16"/>
        <property name="java.awt.graphicsenv" value="sun.awt.X11GraphicsEnvironment"/>
        <property name="java.endorsed.dirs" value="/usr/java/jdk1.8.0_51/jre/lib/endorsed"/>
        <property name="os.arch" value="amd64"/>
        <property name="java.io.tmpdir" value="/tmp"/>
        <property name="line.separator" value="
"/>
        <property name="java.vm.specification.vendor" value="Oracle Corporation"/>
        <property name="https.proxyHost" value="www-proxy.us.oracle.com"/>
        <property name="os.name" value="Linux"/>
        <property name="classworlds.conf" value="/usr/local/apache-maven/apache-maven-3.0.4/bin/m2.conf"/>
        <property name="sun.jnu.encoding" value="UTF-8"/>
        <property name="http.proxyPort" value="80"/>
        <property name="java.library.path" value="/usr/java/packages/lib/amd64:/usr/lib64:/lib64:/lib:/usr/lib"/>
        <property name="sun.awt.enableExtraMouseButtons" value="true"/>
        <property name="java.specification.name" value="Java Platform API Specification"/>
        <property name="java.class.version" value="52.0"/>
        <property name="sun.management.compiler" value="HotSpot 64-Bit Tiered Compilers"/>
        <property name="os.version" value="3.8.13-55.1.1.el6uek.x86_64"/>
        <property name="user.home" value="/home/builder"/>
        <property name="user.timezone" value="PST8PDT"/>
        <property name="java.awt.printerjob" value="sun.print.PSPrinterJob"/>
        <property name="file.encoding" value="UTF-8"/>
        <property name="java.specification.version" value="1.8"/>
        <property name="java.class.path" value="/usr/local/apache-maven/apache-maven-3.0.4/boot/plexus-classworlds-2.4.jar"/>
        <property name="user.name" value="builder"/>
        <property name="java.vm.specification.version" value="1.8"/>
        <property name="sun.java.command" value="org.codehaus.plexus.classworlds.launcher.Launcher -f /home/c2c/hudson/workspace/dcs_dcs.Release-Selenium-Tests/selenium-tests/pom.xml --batch-mode exec:java -Dexec.mainClass=oracle.clouddev.test.selenium.RunTests -Dexec.args=selenium.browser.size.w=1280 selenium.browser.size.h=960 capture.video=true capture.screenshots=true notification.type=swing notification.history=3 notification.font.size=15 job-release-selenium-tests.properties build.job=dcs_dcs.Release-Selenium-Tests build.number=289 target.release=16.2.3.0.0 timeout.build.buildqueue=1200 timeout.build.buildqueue.polling=60 -s BASE --tag base"/>
        <property name="java.home" value="/usr/java/jdk1.8.0_51/jre"/>
        <property name="sun.arch.data.model" value="64"/>
        <property name="user.language" value="en"/>
        <property name="java.specification.vendor" value="Oracle Corporation"/>
        <property name="awt.toolkit" value="sun.awt.X11.XToolkit"/>
        <property name="java.vm.info" value="mixed mode"/>
        <property name="java.version" value="1.8.0_51"/>
        <property name="securerandom.source" value="file:/dev/./urandom"/>
        <property name="java.ext.dirs" value="/usr/java/jdk1.8.0_51/jre/lib/ext:/usr/java/packages/lib/ext"/>
        <property name="http.proxyHost" value="www-proxy.us.oracle.com"/>
        <property name="sun.boot.class.path" value="/usr/java/jdk1.8.0_51/jre/lib/resources.jar:/usr/java/jdk1.8.0_51/jre/lib/rt.jar:/usr/java/jdk1.8.0_51/jre/lib/sunrsasign.jar:/usr/java/jdk1.8.0_51/jre/lib/jsse.jar:/usr/java/jdk1.8.0_51/jre/lib/jce.jar:/usr/java/jdk1.8.0_51/jre/lib/charsets.jar:/usr/java/jdk1.8.0_51/jre/lib/jfr.jar:/usr/java/jdk1.8.0_51/jre/classes"/>
        <property name="java.vendor" value="Oracle Corporation"/>
        <property name="maven.home" value="/usr/local/apache-maven/apache-maven-3.0.4"/>
        <property name="file.separator" value="/"/>
        <property name="java.vendor.url.bug" value="http://bugreport.sun.com/bugreport/"/>
        <property name="sun.font.fontmanager" value="sun.awt.X11FontManager"/>
        <property name="sun.io.unicode.encoding" value="UnicodeLittle"/>
        <property name="sun.cpu.endian" value="little"/>
        <property name="https.proxyPort" value="80"/>
        <property name="exec.args" value="selenium.browser.size.w=1280 selenium.browser.size.h=960 capture.video=true capture.screenshots=true notification.type=swing notification.history=3 notification.font.size=15 job-release-selenium-tests.properties build.job=dcs_dcs.Release-Selenium-Tests build.number=289 target.release=16.2.3.0.0 timeout.build.buildqueue=1200 timeout.build.buildqueue.polling=60 -s BASE --tag base"/>
        <property name="sun.cpu.isalist" value=""/>
        <property name="test.selenium.browser.size.h" value="960"/>
        <property name="test.user.non-admin.name" value="tom.testsuite"/>
        <property name="test.https.proxyHost" value="www-proxy.us.oracle.com"/>
        <property name="test.user.admin.name" value="tina.testsuite"/>
        <property name="test.user.em-agent.password" value="Welcome1!"/>
        <property name="test.tag" value="base"/>
        <property name="test.user.em-agent.fullname" value="Alex Admin"/>
        <property name="test.selenium.port" value="44000"/>
        <property name="test.build.number" value="289"/>
        <property name="test.user.sdi-agent.enabled" value="true"/>
        <property name="test.timeout.assert.condition" value="30"/>
        <property name="test.target.version" value="{
  &quot;buildInformation&quot; : {
    &quot;gitCommitId&quot; : &quot;84b91eb9e1660e336bb9289583fdf62f88d10e16&quot;,
    &quot;gitCommitMessage&quot; : &quot;Bug 23012667 - Check for valid ACCS account in the same ID Domain\n&quot;,
    &quot;buildTime&quot; : &quot;05.04.2016 @ 21:54:38 PDT&quot;,
    &quot;buildUser&quot; : &quot;Code2Cloud Builder&quot;
  }
}"/>
        <property name="test.build.job" value="dcs_dcs.Release-Selenium-Tests"/>
        <property name="test.timeout.project.create" value="660"/>
        <property name="test.user.sdi-agent.name" value="alex.admin"/>
        <property name="test.selenium.browser" value="firefox"/>
        <property name="test.http.proxyPort" value="80"/>
        <property name="test.user.sdi-agent.password" value="Welcome1!"/>
        <property name="test.user.sdi-agent.fullname" value="Alex Admin"/>
        <property name="test.timeout.selenium.navigate" value="20"/>
        <property name="test.target.release" value="16.2.3.0.0"/>
        <property name="test.byom.ip" value="127.0.0.1"/>
        <property name="test.byom.port" value="8585"/>
        <property name="test.notification.type" value="swing"/>
        <property name="test.data.project.override" value=""/>
        <property name="test.timeout.selenium.find" value="1"/>
        <property name="test.user.em-agent.enabled" value="true"/>
        <property name="test.testEmptyOrg.db.id" value=""/>
        <property name="test.reviews.timeout.slowdown" value="0"/>
        <property name="test.http.noProxyHosts" value="localhost|127.0.0.1|*.local|*.oraclecorp.com|*.us.oracle.com"/>
        <property name="test.capture.video" value="true"/>
        <property name="test.user.non-admin.password" value="Welcome1!"/>
        <property name="test.user.non-admin.fullname" value="Tom Testsuite"/>
        <property name="test.user.admin.password" value="Welcome1!"/>
        <property name="test.notification.history" value="3"/>
        <property name="test.user.admin.fullname" value="Tina Testsuite"/>
        <property name="test.capture.screenshots" value="true"/>
        <property name="test.testEmptyOrg.db.connectString" value="jdbc:oracle:thin:@(DESCRIPTION=(ADDRESS=(PROTOCOL=TCP)(HOST=slc09iwb.us.oracle.com)(PORT=1521))(CONNECT_DATA=(SERVICE_NAME=dbpod)))"/>
        <property name="test.firefox.bin" value=""/>
        <property name="test.https.proxyPort" value="80"/>
        <property name="test.develop.offline" value="false"/>
        <property name="test.timeout.build.buildqueue.polling" value="60"/>
        <property name="test.output.dir" value="target/test-reports/"/>
        <property name="test.firefox.allowedHosts" value="localhost,localhost.localdomain"/>
        <property name="test.testEmptyOrg.db.schema" value="BV2RLPNYEWMR"/>
        <property name="test.web.url" value="http://ucf2c-dcs-release-hub1.opcdeveloper.oracleinternalucf2c.oraclecorp.com/qa-dev/"/>
        <property name="test.firefox.extensions" value=""/>
        <property name="test.testEmptyOrg.orgExistsCheck" value="false"/>
        <property name="test.data.dir" value="data/"/>
        <property name="test.notification.font.size" value="15"/>
        <property name="test.testEmptyOrg.service" value="devservice5"/>
        <property name="test.selenium.start.server" value="false"/>
        <property name="test.firefox.profile.path" value=""/>
        <property name="test.selenium.host" value="localhost"/>
        <property name="test.suite" value="BASE"/>
        <property name="test.tests" value=""/>
        <property name="test.user.admin.idm" value="dcsdevteam"/>
        <property name="test.http.proxyHost" value="www-proxy.us.oracle.com"/>
        <property name="test.testMethods" value=""/>
        <property name="test.reviews.dontDeleteEnviroment" value="false"/>
        <property name="test.selenium.browser.maximize" value="false"/>
        <property name="test.firefox.profile.name" value=""/>
        <property name="test.timeout.build.buildqueue" value="1200"/>
        <property name="test.user.em-agent.idm" value="dcsdevteam"/>
        <property name="test.selenium.remote" value="false"/>
        <property name="test.user.sdi-agent.idm" value="dcsdevteam"/>
        <property name="test.byom.authToken" value="123456"/>
        <property name="test.proxy.autodetect" value="false"/>
        <property name="test.testEmptyOrg.idm" value="dcsdevteam"/>
        <property name="test.user.non-admin.idm" value="dcsdevteam"/>
        <property name="test.data.tasks.useexisting" value="false"/>
        <property name="test.selenium.browser.size.w" value="1280"/>
        <property name="test.category" value="DEFAULT"/>
        <property name="test.user.em-agent.name" value="alex.admin"/>
        <property name="test.timeout.slowdown" value="0"/>
      </properties>
    <system-out>
2016-04-07 06:11:18,174 INFO  [oracle.clouddev.test.selenium.util.RestRepositoryBuilder] Get repository list: http://ucf2c-dcs-release-hub1.opcdeveloper.oracleinternalucf2c.oraclecorp.com/qa-dev/s/qa-dev_test-shared-project1-1460033913915/scm/api/repository/
2016-04-07 06:11:18,178 INFO  [oracle.clouddev.test.framework.rest.RestClient] [request#44] GET http://ucf2c-dcs-release-hub1.opcdeveloper.oracleinternalucf2c.oraclecorp.com/qa-dev/s/qa-dev_test-shared-project1-1460033913915/scm/api/repository/ HTTP/1.1 (user: ADMIN(dcsdevteam/tina.testsuite/Welcome1!))
2016-04-07 06:11:18,178 DEBUG [oracle.clouddev.test.framework.rest.RestClient] [request#44] cURL: curl -k -u tina.testsuite:Welcome1! -X GET &apos;http://ucf2c-dcs-release-hub1.opcdeveloper.oracleinternalucf2c.oraclecorp.com/qa-dev/s/qa-dev_test-shared-project1-1460033913915/scm/api/repository/&apos;
2016-04-07 06:11:18,240 INFO  [oracle.clouddev.test.framework.rest.RestClient] [request#44] HTTP/1.1 200 OK
2016-04-07 06:11:18,241 DEBUG [oracle.clouddev.test.framework.rest.RestClient] [request#44] Content-Type: application/json;charset=UTF-8
2016-04-07 06:11:18,241 DEBUG [oracle.clouddev.test.framework.rest.RestClient] [request#44] Content-Length: 1649
2016-04-07 06:11:18,241 DEBUG [oracle.clouddev.test.framework.rest.ResponseProcessors$ResponseParserAdapter] [request#44] Received data:{
  &quot;scmRepositoryList&quot; : [ {
    &quot;name&quot; : &quot;qa-test-repo1460034664931.git&quot;,
    &quot;url&quot; : &quot;http://ucf2c-dcs-release-hub1.opcdeveloper.oracleinternalucf2c.oraclecorp.com/qa-dev/s/qa-dev_test-shared-project1-1460033913915/scm/qa-test-repo1460034664931.git&quot;,
    &quot;type&quot; : &quot;GIT&quot;,
    &quot;scmLocation&quot; : &quot;CODE2CLOUD&quot;,
    &quot;alternateUrl&quot; : &quot;ssh://ucf2c-dcs-release-hub1.opcdeveloper.oracleinternalucf2c.oraclecorp.com:2222/qa-dev_test-shared-project1-1460033913915/qa-test-repo1460034664931.git&quot;,
    &quot;branches&quot; : [ &quot;master&quot; ],
    &quot;tags&quot; : [ ],
    &quot;description&quot; : &quot;Description qa-test-repo1460034664931&quot;,
    &quot;importInProgress&quot; : false,
    &quot;head&quot; : &quot;master&quot;
  }, {
    &quot;name&quot; : &quot;test-repo1460034674003.git&quot;,
    &quot;url&quot; : &quot;http://ucf2c-dcs-release-hub1.opcdeveloper.oracleinternalucf2c.oraclecorp.com/qa-dev/s/qa-dev_test-shared-project1-1460033913915/scm/test-repo1460034674003.git&quot;,
    &quot;type&quot; : &quot;GIT&quot;,
    &quot;scmLocation&quot; : &quot;CODE2CLOUD&quot;,
    &quot;alternateUrl&quot; : &quot;ssh://ucf2c-dcs-release-hub1.opcdeveloper.oracleinternalucf2c.oraclecorp.com:2222/qa-dev_test-shared-project1-1460033913915/test-repo1460034674003.git&quot;,
    &quot;branches&quot; : [ &quot;master&quot; ],
    &quot;tags&quot; : [ ],
    &quot;description&quot; : &quot;Description test-repo1460034674003.git&quot;,
    &quot;importInProgress&quot; : false,
    &quot;head&quot; : &quot;master&quot;
  }, {
    &quot;name&quot; : &quot;test-shared-project1-1460033913915.git&quot;,
    &quot;url&quot; : &quot;http://ucf2c-dcs-release-hub1.opcdeveloper.oracleinternalucf2c.oraclecorp.com/qa-dev/s/qa-dev_test-shared-project1-1460033913915/scm/test-shared-project1-1460033913915.git&quot;,
    &quot;type&quot; : &quot;GIT&quot;,
    &quot;scmLocation&quot; : &quot;CODE2CLOUD&quot;,
    &quot;alternateUrl&quot; : &quot;ssh://ucf2c-dcs-release-hub1.opcdeveloper.oracleinternalucf2c.oraclecorp.com:2222/qa-dev_test-shared-project1-1460033913915/test-shared-project1-1460033913915.git&quot;,
    &quot;branches&quot; : [ ],
    &quot;tags&quot; : [ ],
    &quot;description&quot; : null,
    &quot;importInProgress&quot; : false,
    &quot;head&quot; : &quot;master&quot;
  } ]
}
2016-04-07 06:11:18,241 INFO  [oracle.clouddev.test.selenium.util.RestRepositoryBuilder] creating new repository test-repo1460034678174.git in projectqa-dev_test-shared-project1-1460033913915
2016-04-07 06:11:18,241 INFO  [oracle.clouddev.test.selenium.util.RestRepositoryBuilder] Create a new repository test-repo1460034678174.git : http://ucf2c-dcs-release-hub1.opcdeveloper.oracleinternalucf2c.oraclecorp.com/qa-dev/s/qa-dev_test-shared-project1-1460033913915/scm/api/repository/
2016-04-07 06:11:18,246 INFO  [oracle.clouddev.test.framework.rest.RestClient] [request#45] POST http://ucf2c-dcs-release-hub1.opcdeveloper.oracleinternalucf2c.oraclecorp.com/qa-dev/s/qa-dev_test-shared-project1-1460033913915/scm/api/repository/ HTTP/1.1 (user: ADMIN(dcsdevteam/tina.testsuite/Welcome1!))
2016-04-07 06:11:18,246 DEBUG [oracle.clouddev.test.framework.rest.RestClient] [request#45] posted content:
{
  &quot;scmLocation&quot; : &quot;CODE2CLOUD&quot;,
  &quot;name&quot; : &quot;test-repo1460034678174.git&quot;,
  &quot;description&quot; : &quot;Description test-repo1460034678174.git&quot;,
  &quot;type&quot; : &quot;GIT&quot;,
  &quot;branches&quot; : [ ],
  &quot;tags&quot; : [ ]
}
2016-04-07 06:11:18,246 DEBUG [oracle.clouddev.test.framework.rest.RestClient] [request#45] cURL: curl -k -u tina.testsuite:Welcome1! -X POST &apos;http://ucf2c-dcs-release-hub1.opcdeveloper.oracleinternalucf2c.oraclecorp.com/qa-dev/s/qa-dev_test-shared-project1-1460033913915/scm/api/repository/&apos; -H &apos;Content-Type: application/json; charset=UTF-8&apos; --data-binary &apos;{  &quot;scmLocation&quot; : &quot;CODE2CLOUD&quot;,  &quot;name&quot; : &quot;test-repo1460034678174.git&quot;,  &quot;description&quot; : &quot;Description test-repo1460034678174.git&quot;,  &quot;type&quot; : &quot;GIT&quot;,  &quot;branches&quot; : [ ],  &quot;tags&quot; : [ ]}&apos;
2016-04-07 06:11:18,471 INFO  [oracle.clouddev.test.framework.rest.RestClient] [request#45] HTTP/1.1 200 OK
2016-04-07 06:11:18,471 DEBUG [oracle.clouddev.test.framework.rest.RestClient] [request#45] Content-Type: application/json;charset=UTF-8
2016-04-07 06:11:18,471 DEBUG [oracle.clouddev.test.framework.rest.RestClient] [request#45] Content-Length: 547
2016-04-07 06:11:18,471 DEBUG [oracle.clouddev.test.framework.rest.ResponseProcessors$ResponseParserAdapter] [request#45] Received data:{
  &quot;scmRepository&quot; : {
    &quot;name&quot; : &quot;test-repo1460034678174.git&quot;,
    &quot;url&quot; : &quot;http://ucf2c-dcs-release-hub1.opcdeveloper.oracleinternalucf2c.oraclecorp.com/qa-dev/s/qa-dev_test-shared-project1-1460033913915/scm/test-repo1460034678174.git&quot;,
    &quot;type&quot; : &quot;GIT&quot;,
    &quot;scmLocation&quot; : &quot;CODE2CLOUD&quot;,
    &quot;alternateUrl&quot; : &quot;ssh://ucf2c-dcs-release-hub1.opcdeveloper.oracleinternalucf2c.oraclecorp.com:2222/qa-dev_test-shared-project1-1460033913915/test-repo1460034678174.git&quot;,
    &quot;branches&quot; : [ ],
    &quot;tags&quot; : [ ],
    &quot;description&quot; : &quot;Description test-repo1460034678174.git&quot;,
    &quot;importInProgress&quot; : false,
    &quot;head&quot; : null
  }
}
2016-04-07 06:11:18,471 INFO  [oracle.clouddev.test.selenium.util.RestRepositoryBuilder] Get repository list: http://ucf2c-dcs-release-hub1.opcdeveloper.oracleinternalucf2c.oraclecorp.com/qa-dev/s/qa-dev_test-shared-project1-1460033913915/scm/api/repository/
2016-04-07 06:11:18,476 INFO  [oracle.clouddev.test.framework.rest.RestClient] [request#46] GET http://ucf2c-dcs-release-hub1.opcdeveloper.oracleinternalucf2c.oraclecorp.com/qa-dev/s/qa-dev_test-shared-project1-1460033913915/scm/api/repository/ HTTP/1.1 (user: ADMIN(dcsdevteam/tina.testsuite/Welcome1!))
2016-04-07 06:11:18,476 DEBUG [oracle.clouddev.test.framework.rest.RestClient] [request#46] cURL: curl -k -u tina.testsuite:Welcome1! -X GET &apos;http://ucf2c-dcs-release-hub1.opcdeveloper.oracleinternalucf2c.oraclecorp.com/qa-dev/s/qa-dev_test-shared-project1-1460033913915/scm/api/repository/&apos;
2016-04-07 06:11:18,538 INFO  [oracle.clouddev.test.framework.rest.RestClient] [request#46] HTTP/1.1 200 OK
2016-04-07 06:11:18,538 DEBUG [oracle.clouddev.test.framework.rest.RestClient] [request#46] Content-Type: application/json;charset=UTF-8
2016-04-07 06:11:18,538 DEBUG [oracle.clouddev.test.framework.rest.RestClient] [request#46] Content-Length: 2183
2016-04-07 06:11:18,538 DEBUG [oracle.clouddev.test.framework.rest.ResponseProcessors$ResponseParserAdapter] [request#46] Received data:{
  &quot;scmRepositoryList&quot; : [ {
    &quot;name&quot; : &quot;qa-test-repo1460034664931.git&quot;,
    &quot;url&quot; : &quot;http://ucf2c-dcs-release-hub1.opcdeveloper.oracleinternalucf2c.oraclecorp.com/qa-dev/s/qa-dev_test-shared-project1-1460033913915/scm/qa-test-repo1460034664931.git&quot;,
    &quot;type&quot; : &quot;GIT&quot;,
    &quot;scmLocation&quot; : &quot;CODE2CLOUD&quot;,
    &quot;alternateUrl&quot; : &quot;ssh://ucf2c-dcs-release-hub1.opcdeveloper.oracleinternalucf2c.oraclecorp.com:2222/qa-dev_test-shared-project1-1460033913915/qa-test-repo1460034664931.git&quot;,
    &quot;branches&quot; : [ &quot;master&quot; ],
    &quot;tags&quot; : [ ],
    &quot;description&quot; : &quot;Description qa-test-repo1460034664931&quot;,
    &quot;importInProgress&quot; : false,
    &quot;head&quot; : &quot;master&quot;
  }, {
    &quot;name&quot; : &quot;test-repo1460034674003.git&quot;,
    &quot;url&quot; : &quot;http://ucf2c-dcs-release-hub1.opcdeveloper.oracleinternalucf2c.oraclecorp.com/qa-dev/s/qa-dev_test-shared-project1-1460033913915/scm/test-repo1460034674003.git&quot;,
    &quot;type&quot; : &quot;GIT&quot;,
    &quot;scmLocation&quot; : &quot;CODE2CLOUD&quot;,
    &quot;alternateUrl&quot; : &quot;ssh://ucf2c-dcs-release-hub1.opcdeveloper.oracleinternalucf2c.oraclecorp.com:2222/qa-dev_test-shared-project1-1460033913915/test-repo1460034674003.git&quot;,
    &quot;branches&quot; : [ &quot;master&quot; ],
    &quot;tags&quot; : [ ],
    &quot;description&quot; : &quot;Description test-repo1460034674003.git&quot;,
    &quot;importInProgress&quot; : false,
    &quot;head&quot; : &quot;master&quot;
  }, {
    &quot;name&quot; : &quot;test-repo1460034678174.git&quot;,
    &quot;url&quot; : &quot;http://ucf2c-dcs-release-hub1.opcdeveloper.oracleinternalucf2c.oraclecorp.com/qa-dev/s/qa-dev_test-shared-project1-1460033913915/scm/test-repo1460034678174.git&quot;,
    &quot;type&quot; : &quot;GIT&quot;,
    &quot;scmLocation&quot; : &quot;CODE2CLOUD&quot;,
    &quot;alternateUrl&quot; : &quot;ssh://ucf2c-dcs-release-hub1.opcdeveloper.oracleinternalucf2c.oraclecorp.com:2222/qa-dev_test-shared-project1-1460033913915/test-repo1460034678174.git&quot;,
    &quot;branches&quot; : [ ],
    &quot;tags&quot; : [ ],
    &quot;description&quot; : &quot;Description test-repo1460034678174.git&quot;,
    &quot;importInProgress&quot; : false,
    &quot;head&quot; : &quot;master&quot;
  }, {
    &quot;name&quot; : &quot;test-shared-project1-1460033913915.git&quot;,
    &quot;url&quot; : &quot;http://ucf2c-dcs-release-hub1.opcdeveloper.oracleinternalucf2c.oraclecorp.com/qa-dev/s/qa-dev_test-shared-project1-1460033913915/scm/test-shared-project1-1460033913915.git&quot;,
    &quot;type&quot; : &quot;GIT&quot;,
    &quot;scmLocation&quot; : &quot;CODE2CLOUD&quot;,
    &quot;alternateUrl&quot; : &quot;ssh://ucf2c-dcs-release-hub1.opcdeveloper.oracleinternalucf2c.oraclecorp.com:2222/qa-dev_test-shared-project1-1460033913915/test-shared-project1-1460033913915.git&quot;,
    &quot;branches&quot; : [ ],
    &quot;tags&quot; : [ ],
    &quot;description&quot; : null,
    &quot;importInProgress&quot; : false,
    &quot;head&quot; : &quot;master&quot;
  } ]
}
2016-04-07 06:11:18,538 DEBUG [oracle.clouddev.test.selenium.junit.BrowserSession] navigating to project qa-dev_test-shared-project1-1460033913915 (http://ucf2c-dcs-release-hub1.opcdeveloper.oracleinternalucf2c.oraclecorp.com/qa-dev/#/projects/qa-dev_test-shared-project1-1460033913915)
2016-04-07 06:11:18,594 DEBUG [oracle.clouddev.test.selenium.components.AssertElement] Check condition (oracle.clouddev.test.selenium.components.Conditions$5@452363c3) for element [By.xpath: .//button[@id=&apos;odcs-project-selector&apos;]/span[1]] on http://ucf2c-dcs-release-hub1.opcdeveloper.oracleinternalucf2c.oraclecorp.com/qa-dev/#/projects/qa-dev_test-shared-project1-1460033913915.
2016-04-07 06:11:18,656 DEBUG [oracle.clouddev.test.selenium.components.AssertElement] Check condition (NOT (element is visible)) for element [By.id: page-provision] on http://ucf2c-dcs-release-hub1.opcdeveloper.oracleinternalucf2c.oraclecorp.com/qa-dev/#/projects/qa-dev_test-shared-project1-1460033913915.
2016-04-07 06:11:23,854 DEBUG [oracle.clouddev.test.selenium.components.AssertElement] Check condition (element is visible) for element [By.xpath: id(&apos;repos-container&apos;)//a[contains(text(),&apos;test-repo1460034678174.git&apos;)]] on http://ucf2c-dcs-release-hub1.opcdeveloper.oracleinternalucf2c.oraclecorp.com/qa-dev/#/projects/qa-dev_test-shared-project1-1460033913915.
    </system-out>
    </testcase>
    <testcase classname="oracle.clouddev.test.selenium.tests.base.TestHomePage" name="testMavenRespositoryLinksToBrowsePage" time="10.535">
      <properties>
        <property name="java.runtime.name" value="Java(TM) SE Runtime Environment"/>
        <property name="exec.mainClass" value="oracle.clouddev.test.selenium.RunTests"/>
        <property name="sun.boot.library.path" value="/usr/java/jdk1.8.0_51/jre/lib/amd64"/>
        <property name="java.vm.version" value="25.51-b03"/>
        <property name="java.vm.vendor" value="Oracle Corporation"/>
        <property name="java.vendor.url" value="http://java.oracle.com/"/>
        <property name="guice.disable.misplaced.annotation.check" value="true"/>
        <property name="path.separator" value=":"/>
        <property name="java.vm.name" value="Java HotSpot(TM) 64-Bit Server VM"/>
        <property name="file.encoding.pkg" value="sun.io"/>
        <property name="user.country" value="US"/>
        <property name="sun.java.launcher" value="SUN_STANDARD"/>
        <property name="sun.os.patch.level" value="unknown"/>
        <property name="http.noProxyHosts" value="localhost|127.0.0.1|*.local|*.oraclecorp.com|*.us.oracle.com"/>
        <property name="java.vm.specification.name" value="Java Virtual Machine Specification"/>
        <property name="user.dir" value="/home/builder/hudson/workspace/dcs_dcs.Release-Selenium-Tests/selenium-tests"/>
        <property name="java.runtime.version" value="1.8.0_51-b16"/>
        <property name="java.awt.graphicsenv" value="sun.awt.X11GraphicsEnvironment"/>
        <property name="java.endorsed.dirs" value="/usr/java/jdk1.8.0_51/jre/lib/endorsed"/>
        <property name="os.arch" value="amd64"/>
        <property name="java.io.tmpdir" value="/tmp"/>
        <property name="line.separator" value="
"/>
        <property name="java.vm.specification.vendor" value="Oracle Corporation"/>
        <property name="https.proxyHost" value="www-proxy.us.oracle.com"/>
        <property name="os.name" value="Linux"/>
        <property name="classworlds.conf" value="/usr/local/apache-maven/apache-maven-3.0.4/bin/m2.conf"/>
        <property name="sun.jnu.encoding" value="UTF-8"/>
        <property name="http.proxyPort" value="80"/>
        <property name="java.library.path" value="/usr/java/packages/lib/amd64:/usr/lib64:/lib64:/lib:/usr/lib"/>
        <property name="sun.awt.enableExtraMouseButtons" value="true"/>
        <property name="java.specification.name" value="Java Platform API Specification"/>
        <property name="java.class.version" value="52.0"/>
        <property name="sun.management.compiler" value="HotSpot 64-Bit Tiered Compilers"/>
        <property name="os.version" value="3.8.13-55.1.1.el6uek.x86_64"/>
        <property name="user.home" value="/home/builder"/>
        <property name="user.timezone" value="PST8PDT"/>
        <property name="java.awt.printerjob" value="sun.print.PSPrinterJob"/>
        <property name="file.encoding" value="UTF-8"/>
        <property name="java.specification.version" value="1.8"/>
        <property name="java.class.path" value="/usr/local/apache-maven/apache-maven-3.0.4/boot/plexus-classworlds-2.4.jar"/>
        <property name="user.name" value="builder"/>
        <property name="java.vm.specification.version" value="1.8"/>
        <property name="sun.java.command" value="org.codehaus.plexus.classworlds.launcher.Launcher -f /home/c2c/hudson/workspace/dcs_dcs.Release-Selenium-Tests/selenium-tests/pom.xml --batch-mode exec:java -Dexec.mainClass=oracle.clouddev.test.selenium.RunTests -Dexec.args=selenium.browser.size.w=1280 selenium.browser.size.h=960 capture.video=true capture.screenshots=true notification.type=swing notification.history=3 notification.font.size=15 job-release-selenium-tests.properties build.job=dcs_dcs.Release-Selenium-Tests build.number=289 target.release=16.2.3.0.0 timeout.build.buildqueue=1200 timeout.build.buildqueue.polling=60 -s BASE --tag base"/>
        <property name="java.home" value="/usr/java/jdk1.8.0_51/jre"/>
        <property name="sun.arch.data.model" value="64"/>
        <property name="user.language" value="en"/>
        <property name="java.specification.vendor" value="Oracle Corporation"/>
        <property name="awt.toolkit" value="sun.awt.X11.XToolkit"/>
        <property name="java.vm.info" value="mixed mode"/>
        <property name="java.version" value="1.8.0_51"/>
        <property name="securerandom.source" value="file:/dev/./urandom"/>
        <property name="java.ext.dirs" value="/usr/java/jdk1.8.0_51/jre/lib/ext:/usr/java/packages/lib/ext"/>
        <property name="http.proxyHost" value="www-proxy.us.oracle.com"/>
        <property name="sun.boot.class.path" value="/usr/java/jdk1.8.0_51/jre/lib/resources.jar:/usr/java/jdk1.8.0_51/jre/lib/rt.jar:/usr/java/jdk1.8.0_51/jre/lib/sunrsasign.jar:/usr/java/jdk1.8.0_51/jre/lib/jsse.jar:/usr/java/jdk1.8.0_51/jre/lib/jce.jar:/usr/java/jdk1.8.0_51/jre/lib/charsets.jar:/usr/java/jdk1.8.0_51/jre/lib/jfr.jar:/usr/java/jdk1.8.0_51/jre/classes"/>
        <property name="java.vendor" value="Oracle Corporation"/>
        <property name="maven.home" value="/usr/local/apache-maven/apache-maven-3.0.4"/>
        <property name="file.separator" value="/"/>
        <property name="java.vendor.url.bug" value="http://bugreport.sun.com/bugreport/"/>
        <property name="sun.font.fontmanager" value="sun.awt.X11FontManager"/>
        <property name="sun.io.unicode.encoding" value="UnicodeLittle"/>
        <property name="sun.cpu.endian" value="little"/>
        <property name="https.proxyPort" value="80"/>
        <property name="exec.args" value="selenium.browser.size.w=1280 selenium.browser.size.h=960 capture.video=true capture.screenshots=true notification.type=swing notification.history=3 notification.font.size=15 job-release-selenium-tests.properties build.job=dcs_dcs.Release-Selenium-Tests build.number=289 target.release=16.2.3.0.0 timeout.build.buildqueue=1200 timeout.build.buildqueue.polling=60 -s BASE --tag base"/>
        <property name="sun.cpu.isalist" value=""/>
        <property name="test.selenium.browser.size.h" value="960"/>
        <property name="test.user.non-admin.name" value="tom.testsuite"/>
        <property name="test.https.proxyHost" value="www-proxy.us.oracle.com"/>
        <property name="test.user.admin.name" value="tina.testsuite"/>
        <property name="test.user.em-agent.password" value="Welcome1!"/>
        <property name="test.tag" value="base"/>
        <property name="test.user.em-agent.fullname" value="Alex Admin"/>
        <property name="test.selenium.port" value="44000"/>
        <property name="test.build.number" value="289"/>
        <property name="test.user.sdi-agent.enabled" value="true"/>
        <property name="test.timeout.assert.condition" value="30"/>
        <property name="test.target.version" value="{
  &quot;buildInformation&quot; : {
    &quot;gitCommitId&quot; : &quot;84b91eb9e1660e336bb9289583fdf62f88d10e16&quot;,
    &quot;gitCommitMessage&quot; : &quot;Bug 23012667 - Check for valid ACCS account in the same ID Domain\n&quot;,
    &quot;buildTime&quot; : &quot;05.04.2016 @ 21:54:38 PDT&quot;,
    &quot;buildUser&quot; : &quot;Code2Cloud Builder&quot;
  }
}"/>
        <property name="test.build.job" value="dcs_dcs.Release-Selenium-Tests"/>
        <property name="test.timeout.project.create" value="660"/>
        <property name="test.user.sdi-agent.name" value="alex.admin"/>
        <property name="test.selenium.browser" value="firefox"/>
        <property name="test.http.proxyPort" value="80"/>
        <property name="test.user.sdi-agent.password" value="Welcome1!"/>
        <property name="test.user.sdi-agent.fullname" value="Alex Admin"/>
        <property name="test.timeout.selenium.navigate" value="20"/>
        <property name="test.target.release" value="16.2.3.0.0"/>
        <property name="test.byom.ip" value="127.0.0.1"/>
        <property name="test.byom.port" value="8585"/>
        <property name="test.notification.type" value="swing"/>
        <property name="test.data.project.override" value=""/>
        <property name="test.timeout.selenium.find" value="1"/>
        <property name="test.user.em-agent.enabled" value="true"/>
        <property name="test.testEmptyOrg.db.id" value=""/>
        <property name="test.reviews.timeout.slowdown" value="0"/>
        <property name="test.http.noProxyHosts" value="localhost|127.0.0.1|*.local|*.oraclecorp.com|*.us.oracle.com"/>
        <property name="test.capture.video" value="true"/>
        <property name="test.user.non-admin.password" value="Welcome1!"/>
        <property name="test.user.non-admin.fullname" value="Tom Testsuite"/>
        <property name="test.user.admin.password" value="Welcome1!"/>
        <property name="test.notification.history" value="3"/>
        <property name="test.user.admin.fullname" value="Tina Testsuite"/>
        <property name="test.capture.screenshots" value="true"/>
        <property name="test.testEmptyOrg.db.connectString" value="jdbc:oracle:thin:@(DESCRIPTION=(ADDRESS=(PROTOCOL=TCP)(HOST=slc09iwb.us.oracle.com)(PORT=1521))(CONNECT_DATA=(SERVICE_NAME=dbpod)))"/>
        <property name="test.firefox.bin" value=""/>
        <property name="test.https.proxyPort" value="80"/>
        <property name="test.develop.offline" value="false"/>
        <property name="test.timeout.build.buildqueue.polling" value="60"/>
        <property name="test.output.dir" value="target/test-reports/"/>
        <property name="test.firefox.allowedHosts" value="localhost,localhost.localdomain"/>
        <property name="test.testEmptyOrg.db.schema" value="BV2RLPNYEWMR"/>
        <property name="test.web.url" value="http://ucf2c-dcs-release-hub1.opcdeveloper.oracleinternalucf2c.oraclecorp.com/qa-dev/"/>
        <property name="test.firefox.extensions" value=""/>
        <property name="test.testEmptyOrg.orgExistsCheck" value="false"/>
        <property name="test.data.dir" value="data/"/>
        <property name="test.notification.font.size" value="15"/>
        <property name="test.testEmptyOrg.service" value="devservice5"/>
        <property name="test.selenium.start.server" value="false"/>
        <property name="test.firefox.profile.path" value=""/>
        <property name="test.selenium.host" value="localhost"/>
        <property name="test.suite" value="BASE"/>
        <property name="test.tests" value=""/>
        <property name="test.user.admin.idm" value="dcsdevteam"/>
        <property name="test.http.proxyHost" value="www-proxy.us.oracle.com"/>
        <property name="test.testMethods" value=""/>
        <property name="test.reviews.dontDeleteEnviroment" value="false"/>
        <property name="test.selenium.browser.maximize" value="false"/>
        <property name="test.firefox.profile.name" value=""/>
        <property name="test.timeout.build.buildqueue" value="1200"/>
        <property name="test.user.em-agent.idm" value="dcsdevteam"/>
        <property name="test.selenium.remote" value="false"/>
        <property name="test.user.sdi-agent.idm" value="dcsdevteam"/>
        <property name="test.byom.authToken" value="123456"/>
        <property name="test.proxy.autodetect" value="false"/>
        <property name="test.testEmptyOrg.idm" value="dcsdevteam"/>
        <property name="test.user.non-admin.idm" value="dcsdevteam"/>
        <property name="test.data.tasks.useexisting" value="false"/>
        <property name="test.selenium.browser.size.w" value="1280"/>
        <property name="test.category" value="DEFAULT"/>
        <property name="test.user.em-agent.name" value="alex.admin"/>
        <property name="test.timeout.slowdown" value="0"/>
      </properties>
    <system-out>
2016-04-07 06:11:24,974 DEBUG [oracle.clouddev.test.selenium.junit.BrowserSession] navigating to project qa-dev_test-shared-project1-1460033913915 (http://ucf2c-dcs-release-hub1.opcdeveloper.oracleinternalucf2c.oraclecorp.com/qa-dev/#/projects/qa-dev_test-shared-project1-1460033913915)
2016-04-07 06:11:27,067 DEBUG [oracle.clouddev.test.selenium.components.AssertElement] Check condition (oracle.clouddev.test.selenium.components.Conditions$5@32f0b366) for element [By.xpath: .//button[@id=&apos;odcs-project-selector&apos;]/span[1]] on http://ucf2c-dcs-release-hub1.opcdeveloper.oracleinternalucf2c.oraclecorp.com/qa-dev/#/projects/qa-dev_test-shared-project1-1460033913915.
2016-04-07 06:11:27,131 DEBUG [oracle.clouddev.test.selenium.components.AssertElement] Check condition (NOT (element is visible)) for element [By.id: page-provision] on http://ucf2c-dcs-release-hub1.opcdeveloper.oracleinternalucf2c.oraclecorp.com/qa-dev/#/projects/qa-dev_test-shared-project1-1460033913915.
2016-04-07 06:11:31,959 DEBUG [oracle.clouddev.test.selenium.components.AssertElement] Check condition (element is visible) for element [By.xpath: id(&apos;maven-container&apos;)//a[contains(text(), &apos;Maven&apos;)]] on http://ucf2c-dcs-release-hub1.opcdeveloper.oracleinternalucf2c.oraclecorp.com/qa-dev/#/projects/qa-dev_test-shared-project1-1460033913915.
    </system-out>
    </testcase>
    <testcase classname="oracle.clouddev.test.selenium.tests.base.TestHomePage" name="testNewRepositoryDialogEmpty" time="18.979">
      <properties>
        <property name="java.runtime.name" value="Java(TM) SE Runtime Environment"/>
        <property name="exec.mainClass" value="oracle.clouddev.test.selenium.RunTests"/>
        <property name="sun.boot.library.path" value="/usr/java/jdk1.8.0_51/jre/lib/amd64"/>
        <property name="java.vm.version" value="25.51-b03"/>
        <property name="java.vm.vendor" value="Oracle Corporation"/>
        <property name="java.vendor.url" value="http://java.oracle.com/"/>
        <property name="guice.disable.misplaced.annotation.check" value="true"/>
        <property name="path.separator" value=":"/>
        <property name="java.vm.name" value="Java HotSpot(TM) 64-Bit Server VM"/>
        <property name="file.encoding.pkg" value="sun.io"/>
        <property name="user.country" value="US"/>
        <property name="sun.java.launcher" value="SUN_STANDARD"/>
        <property name="sun.os.patch.level" value="unknown"/>
        <property name="http.noProxyHosts" value="localhost|127.0.0.1|*.local|*.oraclecorp.com|*.us.oracle.com"/>
        <property name="java.vm.specification.name" value="Java Virtual Machine Specification"/>
        <property name="user.dir" value="/home/builder/hudson/workspace/dcs_dcs.Release-Selenium-Tests/selenium-tests"/>
        <property name="java.runtime.version" value="1.8.0_51-b16"/>
        <property name="java.awt.graphicsenv" value="sun.awt.X11GraphicsEnvironment"/>
        <property name="java.endorsed.dirs" value="/usr/java/jdk1.8.0_51/jre/lib/endorsed"/>
        <property name="os.arch" value="amd64"/>
        <property name="java.io.tmpdir" value="/tmp"/>
        <property name="line.separator" value="
"/>
        <property name="java.vm.specification.vendor" value="Oracle Corporation"/>
        <property name="https.proxyHost" value="www-proxy.us.oracle.com"/>
        <property name="os.name" value="Linux"/>
        <property name="classworlds.conf" value="/usr/local/apache-maven/apache-maven-3.0.4/bin/m2.conf"/>
        <property name="sun.jnu.encoding" value="UTF-8"/>
        <property name="http.proxyPort" value="80"/>
        <property name="java.library.path" value="/usr/java/packages/lib/amd64:/usr/lib64:/lib64:/lib:/usr/lib"/>
        <property name="sun.awt.enableExtraMouseButtons" value="true"/>
        <property name="java.specification.name" value="Java Platform API Specification"/>
        <property name="java.class.version" value="52.0"/>
        <property name="sun.management.compiler" value="HotSpot 64-Bit Tiered Compilers"/>
        <property name="os.version" value="3.8.13-55.1.1.el6uek.x86_64"/>
        <property name="user.home" value="/home/builder"/>
        <property name="user.timezone" value="PST8PDT"/>
        <property name="java.awt.printerjob" value="sun.print.PSPrinterJob"/>
        <property name="file.encoding" value="UTF-8"/>
        <property name="java.specification.version" value="1.8"/>
        <property name="java.class.path" value="/usr/local/apache-maven/apache-maven-3.0.4/boot/plexus-classworlds-2.4.jar"/>
        <property name="user.name" value="builder"/>
        <property name="java.vm.specification.version" value="1.8"/>
        <property name="sun.java.command" value="org.codehaus.plexus.classworlds.launcher.Launcher -f /home/c2c/hudson/workspace/dcs_dcs.Release-Selenium-Tests/selenium-tests/pom.xml --batch-mode exec:java -Dexec.mainClass=oracle.clouddev.test.selenium.RunTests -Dexec.args=selenium.browser.size.w=1280 selenium.browser.size.h=960 capture.video=true capture.screenshots=true notification.type=swing notification.history=3 notification.font.size=15 job-release-selenium-tests.properties build.job=dcs_dcs.Release-Selenium-Tests build.number=289 target.release=16.2.3.0.0 timeout.build.buildqueue=1200 timeout.build.buildqueue.polling=60 -s BASE --tag base"/>
        <property name="java.home" value="/usr/java/jdk1.8.0_51/jre"/>
        <property name="sun.arch.data.model" value="64"/>
        <property name="user.language" value="en"/>
        <property name="java.specification.vendor" value="Oracle Corporation"/>
        <property name="awt.toolkit" value="sun.awt.X11.XToolkit"/>
        <property name="java.vm.info" value="mixed mode"/>
        <property name="java.version" value="1.8.0_51"/>
        <property name="securerandom.source" value="file:/dev/./urandom"/>
        <property name="java.ext.dirs" value="/usr/java/jdk1.8.0_51/jre/lib/ext:/usr/java/packages/lib/ext"/>
        <property name="http.proxyHost" value="www-proxy.us.oracle.com"/>
        <property name="sun.boot.class.path" value="/usr/java/jdk1.8.0_51/jre/lib/resources.jar:/usr/java/jdk1.8.0_51/jre/lib/rt.jar:/usr/java/jdk1.8.0_51/jre/lib/sunrsasign.jar:/usr/java/jdk1.8.0_51/jre/lib/jsse.jar:/usr/java/jdk1.8.0_51/jre/lib/jce.jar:/usr/java/jdk1.8.0_51/jre/lib/charsets.jar:/usr/java/jdk1.8.0_51/jre/lib/jfr.jar:/usr/java/jdk1.8.0_51/jre/classes"/>
        <property name="java.vendor" value="Oracle Corporation"/>
        <property name="maven.home" value="/usr/local/apache-maven/apache-maven-3.0.4"/>
        <property name="file.separator" value="/"/>
        <property name="java.vendor.url.bug" value="http://bugreport.sun.com/bugreport/"/>
        <property name="sun.font.fontmanager" value="sun.awt.X11FontManager"/>
        <property name="sun.io.unicode.encoding" value="UnicodeLittle"/>
        <property name="sun.cpu.endian" value="little"/>
        <property name="https.proxyPort" value="80"/>
        <property name="exec.args" value="selenium.browser.size.w=1280 selenium.browser.size.h=960 capture.video=true capture.screenshots=true notification.type=swing notification.history=3 notification.font.size=15 job-release-selenium-tests.properties build.job=dcs_dcs.Release-Selenium-Tests build.number=289 target.release=16.2.3.0.0 timeout.build.buildqueue=1200 timeout.build.buildqueue.polling=60 -s BASE --tag base"/>
        <property name="sun.cpu.isalist" value=""/>
        <property name="test.selenium.browser.size.h" value="960"/>
        <property name="test.user.non-admin.name" value="tom.testsuite"/>
        <property name="test.https.proxyHost" value="www-proxy.us.oracle.com"/>
        <property name="test.user.admin.name" value="tina.testsuite"/>
        <property name="test.user.em-agent.password" value="Welcome1!"/>
        <property name="test.tag" value="base"/>
        <property name="test.user.em-agent.fullname" value="Alex Admin"/>
        <property name="test.selenium.port" value="44000"/>
        <property name="test.build.number" value="289"/>
        <property name="test.user.sdi-agent.enabled" value="true"/>
        <property name="test.timeout.assert.condition" value="30"/>
        <property name="test.target.version" value="{
  &quot;buildInformation&quot; : {
    &quot;gitCommitId&quot; : &quot;84b91eb9e1660e336bb9289583fdf62f88d10e16&quot;,
    &quot;gitCommitMessage&quot; : &quot;Bug 23012667 - Check for valid ACCS account in the same ID Domain\n&quot;,
    &quot;buildTime&quot; : &quot;05.04.2016 @ 21:54:38 PDT&quot;,
    &quot;buildUser&quot; : &quot;Code2Cloud Builder&quot;
  }
}"/>
        <property name="test.build.job" value="dcs_dcs.Release-Selenium-Tests"/>
        <property name="test.timeout.project.create" value="660"/>
        <property name="test.user.sdi-agent.name" value="alex.admin"/>
        <property name="test.selenium.browser" value="firefox"/>
        <property name="test.http.proxyPort" value="80"/>
        <property name="test.user.sdi-agent.password" value="Welcome1!"/>
        <property name="test.user.sdi-agent.fullname" value="Alex Admin"/>
        <property name="test.timeout.selenium.navigate" value="20"/>
        <property name="test.target.release" value="16.2.3.0.0"/>
        <property name="test.byom.ip" value="127.0.0.1"/>
        <property name="test.byom.port" value="8585"/>
        <property name="test.notification.type" value="swing"/>
        <property name="test.data.project.override" value=""/>
        <property name="test.timeout.selenium.find" value="1"/>
        <property name="test.user.em-agent.enabled" value="true"/>
        <property name="test.testEmptyOrg.db.id" value=""/>
        <property name="test.reviews.timeout.slowdown" value="0"/>
        <property name="test.http.noProxyHosts" value="localhost|127.0.0.1|*.local|*.oraclecorp.com|*.us.oracle.com"/>
        <property name="test.capture.video" value="true"/>
        <property name="test.user.non-admin.password" value="Welcome1!"/>
        <property name="test.user.non-admin.fullname" value="Tom Testsuite"/>
        <property name="test.user.admin.password" value="Welcome1!"/>
        <property name="test.notification.history" value="3"/>
        <property name="test.user.admin.fullname" value="Tina Testsuite"/>
        <property name="test.capture.screenshots" value="true"/>
        <property name="test.testEmptyOrg.db.connectString" value="jdbc:oracle:thin:@(DESCRIPTION=(ADDRESS=(PROTOCOL=TCP)(HOST=slc09iwb.us.oracle.com)(PORT=1521))(CONNECT_DATA=(SERVICE_NAME=dbpod)))"/>
        <property name="test.firefox.bin" value=""/>
        <property name="test.https.proxyPort" value="80"/>
        <property name="test.develop.offline" value="false"/>
        <property name="test.timeout.build.buildqueue.polling" value="60"/>
        <property name="test.output.dir" value="target/test-reports/"/>
        <property name="test.firefox.allowedHosts" value="localhost,localhost.localdomain"/>
        <property name="test.testEmptyOrg.db.schema" value="BV2RLPNYEWMR"/>
        <property name="test.web.url" value="http://ucf2c-dcs-release-hub1.opcdeveloper.oracleinternalucf2c.oraclecorp.com/qa-dev/"/>
        <property name="test.firefox.extensions" value=""/>
        <property name="test.testEmptyOrg.orgExistsCheck" value="false"/>
        <property name="test.data.dir" value="data/"/>
        <property name="test.notification.font.size" value="15"/>
        <property name="test.testEmptyOrg.service" value="devservice5"/>
        <property name="test.selenium.start.server" value="false"/>
        <property name="test.firefox.profile.path" value=""/>
        <property name="test.selenium.host" value="localhost"/>
        <property name="test.suite" value="BASE"/>
        <property name="test.tests" value=""/>
        <property name="test.user.admin.idm" value="dcsdevteam"/>
        <property name="test.http.proxyHost" value="www-proxy.us.oracle.com"/>
        <property name="test.testMethods" value=""/>
        <property name="test.reviews.dontDeleteEnviroment" value="false"/>
        <property name="test.selenium.browser.maximize" value="false"/>
        <property name="test.firefox.profile.name" value=""/>
        <property name="test.timeout.build.buildqueue" value="1200"/>
        <property name="test.user.em-agent.idm" value="dcsdevteam"/>
        <property name="test.selenium.remote" value="false"/>
        <property name="test.user.sdi-agent.idm" value="dcsdevteam"/>
        <property name="test.byom.authToken" value="123456"/>
        <property name="test.proxy.autodetect" value="false"/>
        <property name="test.testEmptyOrg.idm" value="dcsdevteam"/>
        <property name="test.user.non-admin.idm" value="dcsdevteam"/>
        <property name="test.data.tasks.useexisting" value="false"/>
        <property name="test.selenium.browser.size.w" value="1280"/>
        <property name="test.category" value="DEFAULT"/>
        <property name="test.user.em-agent.name" value="alex.admin"/>
        <property name="test.timeout.slowdown" value="0"/>
      </properties>
    <system-out>
2016-04-07 06:11:35,509 INFO  [oracle.clouddev.test.selenium.tests.base.TestHomePage] Go to the project home page
2016-04-07 06:11:35,509 DEBUG [oracle.clouddev.test.selenium.junit.BrowserSession] navigating to project qa-dev_test-shared-project1-1460033913915 (http://ucf2c-dcs-release-hub1.opcdeveloper.oracleinternalucf2c.oraclecorp.com/qa-dev/#/projects/qa-dev_test-shared-project1-1460033913915)
2016-04-07 06:11:36,955 DEBUG [oracle.clouddev.test.selenium.components.AssertElement] Check condition (oracle.clouddev.test.selenium.components.Conditions$5@69971def) for element [By.xpath: .//button[@id=&apos;odcs-project-selector&apos;]/span[1]] on http://ucf2c-dcs-release-hub1.opcdeveloper.oracleinternalucf2c.oraclecorp.com/qa-dev/#/projects/qa-dev_test-shared-project1-1460033913915.
2016-04-07 06:11:37,040 DEBUG [oracle.clouddev.test.selenium.components.AssertElement] Check condition (NOT (element is visible)) for element [By.id: page-provision] on http://ucf2c-dcs-release-hub1.opcdeveloper.oracleinternalucf2c.oraclecorp.com/qa-dev/#/projects/qa-dev_test-shared-project1-1460033913915.
2016-04-07 06:11:38,049 INFO  [oracle.clouddev.test.selenium.tests.base.TestHomePage] Waiting for the activites to be loaded...
2016-04-07 06:11:38,112 DEBUG [oracle.clouddev.test.selenium.components.AssertElement] Check condition (element is visible) for element [By.xpath: .//div[@id=&apos;activities-filter-button&apos;]] on http://ucf2c-dcs-release-hub1.opcdeveloper.oracleinternalucf2c.oraclecorp.com/qa-dev/#/projects/qa-dev_test-shared-project1-1460033913915.
2016-04-07 06:11:38,217 DEBUG [oracle.clouddev.test.selenium.components.AssertElement] Check condition (element is visible) for element [By.xpath: .//*[(self::button or self::a or self::input) and @id=&apos;new-repo-green-button&apos;]] on http://ucf2c-dcs-release-hub1.opcdeveloper.oracleinternalucf2c.oraclecorp.com/qa-dev/#/projects/qa-dev_test-shared-project1-1460033913915.
2016-04-07 06:11:38,254 DEBUG [oracle.clouddev.test.selenium.components.AssertElement] Check condition (element has style class &apos;oj-enabled&apos;) for element [By.xpath: .//*[(self::button or self::a or self::input) and @id=&apos;new-repo-green-button&apos;]] on http://ucf2c-dcs-release-hub1.opcdeveloper.oracleinternalucf2c.oraclecorp.com/qa-dev/#/projects/qa-dev_test-shared-project1-1460033913915.
2016-04-07 06:11:38,946 DEBUG [oracle.clouddev.test.selenium.components.AssertElement] Check condition (element is visible) for element [By.xpath: .//div[contains(@class,&apos;oj-dialog&apos;)]/div[@id=&apos;repository-dialog&apos;]/..] on http://ucf2c-dcs-release-hub1.opcdeveloper.oracleinternalucf2c.oraclecorp.com/qa-dev/#/projects/qa-dev_test-shared-project1-1460033913915.
2016-04-07 06:11:38,972 DEBUG [oracle.clouddev.test.selenium.components.AssertElement] Check condition (element is visible) for element [By.xpath: .//input[@id=&apos;repo-name&apos;] under [By.xpath: .//div[contains(@class,&apos;oj-dialog&apos;)]/div[@id=&apos;repository-dialog&apos;]/..]] on http://ucf2c-dcs-release-hub1.opcdeveloper.oracleinternalucf2c.oraclecorp.com/qa-dev/#/projects/qa-dev_test-shared-project1-1460033913915.
2016-04-07 06:11:39,005 DEBUG [oracle.clouddev.test.selenium.components.AssertElement] Check condition (NOT (element is readonly)) for element [By.xpath: .//input[@id=&apos;repo-name&apos;] under [By.xpath: .//div[contains(@class,&apos;oj-dialog&apos;)]/div[@id=&apos;repository-dialog&apos;]/..]] on http://ucf2c-dcs-release-hub1.opcdeveloper.oracleinternalucf2c.oraclecorp.com/qa-dev/#/projects/qa-dev_test-shared-project1-1460033913915.
2016-04-07 06:11:39,035 DEBUG [oracle.clouddev.test.selenium.components.AssertElement] Check condition (element is visible) for element [By.xpath: .//input[@id=&apos;repo-name&apos;] under [By.xpath: .//div[contains(@class,&apos;oj-dialog&apos;)]/div[@id=&apos;repository-dialog&apos;]/..]] on http://ucf2c-dcs-release-hub1.opcdeveloper.oracleinternalucf2c.oraclecorp.com/qa-dev/#/projects/qa-dev_test-shared-project1-1460033913915.
2016-04-07 06:11:39,661 DEBUG [oracle.clouddev.test.selenium.components.AssertElement] Check condition (element is visible) for element [By.xpath: .//textarea[@id=&apos;repo-description&apos;] under [By.xpath: .//div[contains(@class,&apos;oj-dialog&apos;)]/div[@id=&apos;repository-dialog&apos;]/..]] on http://ucf2c-dcs-release-hub1.opcdeveloper.oracleinternalucf2c.oraclecorp.com/qa-dev/#/projects/qa-dev_test-shared-project1-1460033913915.
2016-04-07 06:11:39,725 DEBUG [oracle.clouddev.test.selenium.components.AssertElement] Check condition (element is visible) for element [By.xpath: .//textarea[@id=&apos;repo-description&apos;] under [By.xpath: .//div[contains(@class,&apos;oj-dialog&apos;)]/div[@id=&apos;repository-dialog&apos;]/..]] on http://ucf2c-dcs-release-hub1.opcdeveloper.oracleinternalucf2c.oraclecorp.com/qa-dev/#/projects/qa-dev_test-shared-project1-1460033913915.
2016-04-07 06:11:40,431 DEBUG [oracle.clouddev.test.selenium.components.AssertElement] Check condition (element is visible) for element [By.xpath: .//div[@id=&apos;repo-initial-radio&apos;] under [By.xpath: .//div[contains(@class,&apos;oj-dialog&apos;)]/div[@id=&apos;repository-dialog&apos;]/..]] on http://ucf2c-dcs-release-hub1.opcdeveloper.oracleinternalucf2c.oraclecorp.com/qa-dev/#/projects/qa-dev_test-shared-project1-1460033913915.
2016-04-07 06:11:40,499 DEBUG [oracle.clouddev.test.selenium.components.AssertElement] Check condition (element is visible) for element [By.xpath: .//input[@id=&apos;repo-initial-readme&apos;] under [By.xpath: .//div[@id=&apos;repo-initial-radio&apos;] under [By.xpath: .//div[contains(@class,&apos;oj-dialog&apos;)]/div[@id=&apos;repository-dialog&apos;]/..]]] on http://ucf2c-dcs-release-hub1.opcdeveloper.oracleinternalucf2c.oraclecorp.com/qa-dev/#/projects/qa-dev_test-shared-project1-1460033913915.
2016-04-07 06:11:40,587 DEBUG [oracle.clouddev.test.selenium.components.AssertElement] Check condition (checkbox is checked) for element [By.xpath: .//input[@id=&apos;repo-initial-readme&apos;] under [By.xpath: .//div[@id=&apos;repo-initial-radio&apos;] under [By.xpath: .//div[contains(@class,&apos;oj-dialog&apos;)]/div[@id=&apos;repository-dialog&apos;]/..]]] on http://ucf2c-dcs-release-hub1.opcdeveloper.oracleinternalucf2c.oraclecorp.com/qa-dev/#/projects/qa-dev_test-shared-project1-1460033913915.
2016-04-07 06:11:40,653 DEBUG [oracle.clouddev.test.selenium.components.AssertElement] Check condition (element is visible) for element [By.xpath: .//input[@id=&apos;repo-initial-empty&apos;] under [By.xpath: .//div[@id=&apos;repo-initial-radio&apos;] under [By.xpath: .//div[contains(@class,&apos;oj-dialog&apos;)]/div[@id=&apos;repository-dialog&apos;]/..]]] on http://ucf2c-dcs-release-hub1.opcdeveloper.oracleinternalucf2c.oraclecorp.com/qa-dev/#/projects/qa-dev_test-shared-project1-1460033913915.
2016-04-07 06:11:40,737 DEBUG [oracle.clouddev.test.selenium.components.AssertElement] Check condition (NOT (checkbox is checked)) for element [By.xpath: .//input[@id=&apos;repo-initial-empty&apos;] under [By.xpath: .//div[@id=&apos;repo-initial-radio&apos;] under [By.xpath: .//div[contains(@class,&apos;oj-dialog&apos;)]/div[@id=&apos;repository-dialog&apos;]/..]]] on http://ucf2c-dcs-release-hub1.opcdeveloper.oracleinternalucf2c.oraclecorp.com/qa-dev/#/projects/qa-dev_test-shared-project1-1460033913915.
2016-04-07 06:11:40,805 DEBUG [oracle.clouddev.test.selenium.components.AssertElement] Check condition (element is visible) for element [By.xpath: .//input[@id=&apos;repo-initial-empty&apos;] under [By.xpath: .//div[@id=&apos;repo-initial-radio&apos;] under [By.xpath: .//div[contains(@class,&apos;oj-dialog&apos;)]/div[@id=&apos;repository-dialog&apos;]/..]]] on http://ucf2c-dcs-release-hub1.opcdeveloper.oracleinternalucf2c.oraclecorp.com/qa-dev/#/projects/qa-dev_test-shared-project1-1460033913915.
2016-04-07 06:11:41,054 DEBUG [oracle.clouddev.test.selenium.components.AssertElement] Check condition (element is visible) for element [By.xpath: .//*[(self::button or self::a or self::input) and @id=&apos;repo-button-create&apos;] under [By.xpath: .//div[contains(@class,&apos;oj-dialog&apos;)]/div[@id=&apos;repository-dialog&apos;]/..]] on http://ucf2c-dcs-release-hub1.opcdeveloper.oracleinternalucf2c.oraclecorp.com/qa-dev/#/projects/qa-dev_test-shared-project1-1460033913915.
2016-04-07 06:11:41,106 DEBUG [oracle.clouddev.test.selenium.components.AssertElement] Check condition (element has style class &apos;oj-enabled&apos;) for element [By.xpath: .//*[(self::button or self::a or self::input) and @id=&apos;repo-button-create&apos;] under [By.xpath: .//div[contains(@class,&apos;oj-dialog&apos;)]/div[@id=&apos;repository-dialog&apos;]/..]] on http://ucf2c-dcs-release-hub1.opcdeveloper.oracleinternalucf2c.oraclecorp.com/qa-dev/#/projects/qa-dev_test-shared-project1-1460033913915.
2016-04-07 06:11:41,144 DEBUG [oracle.clouddev.test.selenium.components.AssertElement] Check condition (element is visible) for element [By.xpath: .//*[(self::button or self::a or self::input) and @id=&apos;repo-button-create&apos;] under [By.xpath: .//div[contains(@class,&apos;oj-dialog&apos;)]/div[@id=&apos;repository-dialog&apos;]/..]] on http://ucf2c-dcs-release-hub1.opcdeveloper.oracleinternalucf2c.oraclecorp.com/qa-dev/#/projects/qa-dev_test-shared-project1-1460033913915.
2016-04-07 06:11:41,182 DEBUG [oracle.clouddev.test.selenium.components.AssertElement] Check condition (element has style class &apos;oj-enabled&apos;) for element [By.xpath: .//*[(self::button or self::a or self::input) and @id=&apos;repo-button-create&apos;] under [By.xpath: .//div[contains(@class,&apos;oj-dialog&apos;)]/div[@id=&apos;repository-dialog&apos;]/..]] on http://ucf2c-dcs-release-hub1.opcdeveloper.oracleinternalucf2c.oraclecorp.com/qa-dev/#/projects/qa-dev_test-shared-project1-1460033913915.
2016-04-07 06:11:41,604 DEBUG [oracle.clouddev.test.selenium.components.AssertElement] Check condition (NOT (element is visible)) for element [By.xpath: .//div[contains(@class,&apos;oj-dialog&apos;)]/div[@id=&apos;repository-dialog&apos;]/..] on http://ucf2c-dcs-release-hub1.opcdeveloper.oracleinternalucf2c.oraclecorp.com/qa-dev/#/projects/qa-dev_test-shared-project1-1460033913915.
2016-04-07 06:11:43,697 DEBUG [oracle.clouddev.test.selenium.components.AssertElement] Check condition (element is visible) for element [By.id: scm-content] on http://ucf2c-dcs-release-hub1.opcdeveloper.oracleinternalucf2c.oraclecorp.com/qa-dev/#projects/qa-dev_test-shared-project1-1460033913915/scm/qa-test-repo1460034695509.git/tree?revision=.
2016-04-07 06:11:43,730 INFO  [oracle.clouddev.test.selenium.tests.base.TestHomePage] Go to the project home page
2016-04-07 06:11:43,730 DEBUG [oracle.clouddev.test.selenium.junit.BrowserSession] navigating to project qa-dev_test-shared-project1-1460033913915 (http://ucf2c-dcs-release-hub1.opcdeveloper.oracleinternalucf2c.oraclecorp.com/qa-dev/#/projects/qa-dev_test-shared-project1-1460033913915)
2016-04-07 06:11:45,376 DEBUG [oracle.clouddev.test.selenium.components.AssertElement] Check condition (oracle.clouddev.test.selenium.components.Conditions$5@a1a2477) for element [By.xpath: .//button[@id=&apos;odcs-project-selector&apos;]/span[1]] on http://ucf2c-dcs-release-hub1.opcdeveloper.oracleinternalucf2c.oraclecorp.com/qa-dev/#/projects/qa-dev_test-shared-project1-1460033913915.
2016-04-07 06:11:45,423 DEBUG [oracle.clouddev.test.selenium.components.AssertElement] Check condition (NOT (element is visible)) for element [By.id: page-provision] on http://ucf2c-dcs-release-hub1.opcdeveloper.oracleinternalucf2c.oraclecorp.com/qa-dev/#/projects/qa-dev_test-shared-project1-1460033913915.
2016-04-07 06:11:46,633 INFO  [oracle.clouddev.test.selenium.tests.base.TestHomePage] Waiting for the activites to be loaded...
2016-04-07 06:11:46,773 DEBUG [oracle.clouddev.test.selenium.components.AssertElement] Check condition (element is visible) for element [By.xpath: .//div[@id=&apos;activities-filter-button&apos;]] on http://ucf2c-dcs-release-hub1.opcdeveloper.oracleinternalucf2c.oraclecorp.com/qa-dev/#/projects/qa-dev_test-shared-project1-1460033913915.
2016-04-07 06:11:46,846 DEBUG [oracle.clouddev.test.selenium.components.AssertElement] Check condition (element is visible) for element [By.xpath: .//*[(self::button or self::a or self::input) and @id=&apos;new-repo-green-button&apos;]] on http://ucf2c-dcs-release-hub1.opcdeveloper.oracleinternalucf2c.oraclecorp.com/qa-dev/#/projects/qa-dev_test-shared-project1-1460033913915.
2016-04-07 06:11:46,896 DEBUG [oracle.clouddev.test.selenium.components.AssertElement] Check condition (element has style class &apos;oj-enabled&apos;) for element [By.xpath: .//*[(self::button or self::a or self::input) and @id=&apos;new-repo-green-button&apos;]] on http://ucf2c-dcs-release-hub1.opcdeveloper.oracleinternalucf2c.oraclecorp.com/qa-dev/#/projects/qa-dev_test-shared-project1-1460033913915.
2016-04-07 06:11:47,603 DEBUG [oracle.clouddev.test.selenium.components.AssertElement] Check condition (element is visible) for element [By.xpath: .//div[contains(@class,&apos;oj-dialog&apos;)]/div[@id=&apos;repository-dialog&apos;]/..] on http://ucf2c-dcs-release-hub1.opcdeveloper.oracleinternalucf2c.oraclecorp.com/qa-dev/#/projects/qa-dev_test-shared-project1-1460033913915.
2016-04-07 06:11:47,627 DEBUG [oracle.clouddev.test.selenium.components.AssertElement] Check condition (element is visible) for element [By.xpath: .//input[@id=&apos;repo-name&apos;] under [By.xpath: .//div[contains(@class,&apos;oj-dialog&apos;)]/div[@id=&apos;repository-dialog&apos;]/..]] on http://ucf2c-dcs-release-hub1.opcdeveloper.oracleinternalucf2c.oraclecorp.com/qa-dev/#/projects/qa-dev_test-shared-project1-1460033913915.
2016-04-07 06:11:47,691 DEBUG [oracle.clouddev.test.selenium.components.AssertElement] Check condition (NOT (element is readonly)) for element [By.xpath: .//input[@id=&apos;repo-name&apos;] under [By.xpath: .//div[contains(@class,&apos;oj-dialog&apos;)]/div[@id=&apos;repository-dialog&apos;]/..]] on http://ucf2c-dcs-release-hub1.opcdeveloper.oracleinternalucf2c.oraclecorp.com/qa-dev/#/projects/qa-dev_test-shared-project1-1460033913915.
2016-04-07 06:11:47,752 DEBUG [oracle.clouddev.test.selenium.components.AssertElement] Check condition (element is visible) for element [By.xpath: .//input[@id=&apos;repo-name&apos;] under [By.xpath: .//div[contains(@class,&apos;oj-dialog&apos;)]/div[@id=&apos;repository-dialog&apos;]/..]] on http://ucf2c-dcs-release-hub1.opcdeveloper.oracleinternalucf2c.oraclecorp.com/qa-dev/#/projects/qa-dev_test-shared-project1-1460033913915.
2016-04-07 06:11:48,288 DEBUG [oracle.clouddev.test.selenium.components.AssertElement] Check condition (element is visible) for element [By.xpath: .//textarea[@id=&apos;repo-description&apos;] under [By.xpath: .//div[contains(@class,&apos;oj-dialog&apos;)]/div[@id=&apos;repository-dialog&apos;]/..]] on http://ucf2c-dcs-release-hub1.opcdeveloper.oracleinternalucf2c.oraclecorp.com/qa-dev/#/projects/qa-dev_test-shared-project1-1460033913915.
2016-04-07 06:11:48,346 DEBUG [oracle.clouddev.test.selenium.components.AssertElement] Check condition (element is visible) for element [By.xpath: .//textarea[@id=&apos;repo-description&apos;] under [By.xpath: .//div[contains(@class,&apos;oj-dialog&apos;)]/div[@id=&apos;repository-dialog&apos;]/..]] on http://ucf2c-dcs-release-hub1.opcdeveloper.oracleinternalucf2c.oraclecorp.com/qa-dev/#/projects/qa-dev_test-shared-project1-1460033913915.
2016-04-07 06:11:48,863 DEBUG [oracle.clouddev.test.selenium.components.AssertElement] Check condition (element is visible) for element [By.xpath: .//div[@id=&apos;repo-initial-radio&apos;] under [By.xpath: .//div[contains(@class,&apos;oj-dialog&apos;)]/div[@id=&apos;repository-dialog&apos;]/..]] on http://ucf2c-dcs-release-hub1.opcdeveloper.oracleinternalucf2c.oraclecorp.com/qa-dev/#/projects/qa-dev_test-shared-project1-1460033913915.
2016-04-07 06:11:48,927 DEBUG [oracle.clouddev.test.selenium.components.AssertElement] Check condition (element is visible) for element [By.xpath: .//input[@id=&apos;repo-initial-readme&apos;] under [By.xpath: .//div[@id=&apos;repo-initial-radio&apos;] under [By.xpath: .//div[contains(@class,&apos;oj-dialog&apos;)]/div[@id=&apos;repository-dialog&apos;]/..]]] on http://ucf2c-dcs-release-hub1.opcdeveloper.oracleinternalucf2c.oraclecorp.com/qa-dev/#/projects/qa-dev_test-shared-project1-1460033913915.
2016-04-07 06:11:49,060 DEBUG [oracle.clouddev.test.selenium.components.AssertElement] Check condition (checkbox is checked) for element [By.xpath: .//input[@id=&apos;repo-initial-readme&apos;] under [By.xpath: .//div[@id=&apos;repo-initial-radio&apos;] under [By.xpath: .//div[contains(@class,&apos;oj-dialog&apos;)]/div[@id=&apos;repository-dialog&apos;]/..]]] on http://ucf2c-dcs-release-hub1.opcdeveloper.oracleinternalucf2c.oraclecorp.com/qa-dev/#/projects/qa-dev_test-shared-project1-1460033913915.
2016-04-07 06:11:49,101 DEBUG [oracle.clouddev.test.selenium.components.AssertElement] Check condition (element is visible) for element [By.xpath: .//input[@id=&apos;repo-initial-empty&apos;] under [By.xpath: .//div[@id=&apos;repo-initial-radio&apos;] under [By.xpath: .//div[contains(@class,&apos;oj-dialog&apos;)]/div[@id=&apos;repository-dialog&apos;]/..]]] on http://ucf2c-dcs-release-hub1.opcdeveloper.oracleinternalucf2c.oraclecorp.com/qa-dev/#/projects/qa-dev_test-shared-project1-1460033913915.
2016-04-07 06:11:49,146 DEBUG [oracle.clouddev.test.selenium.components.AssertElement] Check condition (NOT (checkbox is checked)) for element [By.xpath: .//input[@id=&apos;repo-initial-empty&apos;] under [By.xpath: .//div[@id=&apos;repo-initial-radio&apos;] under [By.xpath: .//div[contains(@class,&apos;oj-dialog&apos;)]/div[@id=&apos;repository-dialog&apos;]/..]]] on http://ucf2c-dcs-release-hub1.opcdeveloper.oracleinternalucf2c.oraclecorp.com/qa-dev/#/projects/qa-dev_test-shared-project1-1460033913915.
2016-04-07 06:11:49,224 DEBUG [oracle.clouddev.test.selenium.components.AssertElement] Check condition (element is visible) for element [By.xpath: .//input[@id=&apos;repo-initial-empty&apos;] under [By.xpath: .//div[@id=&apos;repo-initial-radio&apos;] under [By.xpath: .//div[contains(@class,&apos;oj-dialog&apos;)]/div[@id=&apos;repository-dialog&apos;]/..]]] on http://ucf2c-dcs-release-hub1.opcdeveloper.oracleinternalucf2c.oraclecorp.com/qa-dev/#/projects/qa-dev_test-shared-project1-1460033913915.
2016-04-07 06:11:49,458 DEBUG [oracle.clouddev.test.selenium.components.AssertElement] Check condition (element is visible) for element [By.xpath: .//*[(self::button or self::a or self::input) and @id=&apos;repo-button-create&apos;] under [By.xpath: .//div[contains(@class,&apos;oj-dialog&apos;)]/div[@id=&apos;repository-dialog&apos;]/..]] on http://ucf2c-dcs-release-hub1.opcdeveloper.oracleinternalucf2c.oraclecorp.com/qa-dev/#/projects/qa-dev_test-shared-project1-1460033913915.
2016-04-07 06:11:49,495 DEBUG [oracle.clouddev.test.selenium.components.AssertElement] Check condition (element has style class &apos;oj-enabled&apos;) for element [By.xpath: .//*[(self::button or self::a or self::input) and @id=&apos;repo-button-create&apos;] under [By.xpath: .//div[contains(@class,&apos;oj-dialog&apos;)]/div[@id=&apos;repository-dialog&apos;]/..]] on http://ucf2c-dcs-release-hub1.opcdeveloper.oracleinternalucf2c.oraclecorp.com/qa-dev/#/projects/qa-dev_test-shared-project1-1460033913915.
2016-04-07 06:11:49,528 DEBUG [oracle.clouddev.test.selenium.components.AssertElement] Check condition (element is visible) for element [By.xpath: .//*[(self::button or self::a or self::input) and @id=&apos;repo-button-create&apos;] under [By.xpath: .//div[contains(@class,&apos;oj-dialog&apos;)]/div[@id=&apos;repository-dialog&apos;]/..]] on http://ucf2c-dcs-release-hub1.opcdeveloper.oracleinternalucf2c.oraclecorp.com/qa-dev/#/projects/qa-dev_test-shared-project1-1460033913915.
2016-04-07 06:11:49,564 DEBUG [oracle.clouddev.test.selenium.components.AssertElement] Check condition (element has style class &apos;oj-enabled&apos;) for element [By.xpath: .//*[(self::button or self::a or self::input) and @id=&apos;repo-button-create&apos;] under [By.xpath: .//div[contains(@class,&apos;oj-dialog&apos;)]/div[@id=&apos;repository-dialog&apos;]/..]] on http://ucf2c-dcs-release-hub1.opcdeveloper.oracleinternalucf2c.oraclecorp.com/qa-dev/#/projects/qa-dev_test-shared-project1-1460033913915.
2016-04-07 06:11:49,849 DEBUG [oracle.clouddev.test.selenium.components.AssertElement] Check condition (NOT (element is visible)) for element [By.xpath: .//div[contains(@class,&apos;oj-dialog&apos;)]/div[@id=&apos;repository-dialog&apos;]/..] on http://ucf2c-dcs-release-hub1.opcdeveloper.oracleinternalucf2c.oraclecorp.com/qa-dev/#/projects/qa-dev_test-shared-project1-1460033913915.
2016-04-07 06:11:52,109 DEBUG [oracle.clouddev.test.selenium.components.AssertElement] Check condition (element is visible) for element [By.id: scm-content] on http://ucf2c-dcs-release-hub1.opcdeveloper.oracleinternalucf2c.oraclecorp.com/qa-dev/#projects/qa-dev_test-shared-project1-1460033913915/scm/qa-test-repo1460034703730.git/tree?revision=.
2016-04-07 06:11:52,128 INFO  [oracle.clouddev.test.selenium.tests.base.TestHomePage] Check if the empty page is showing
2016-04-07 06:11:52,147 INFO  [oracle.clouddev.test.selenium.tests.base.TestHomePage] Switch to the home page
2016-04-07 06:11:52,147 DEBUG [oracle.clouddev.test.selenium.junit.BrowserSession] navigating to project qa-dev_test-shared-project1-1460033913915 (http://ucf2c-dcs-release-hub1.opcdeveloper.oracleinternalucf2c.oraclecorp.com/qa-dev/#/projects/qa-dev_test-shared-project1-1460033913915)
2016-04-07 06:11:53,370 DEBUG [oracle.clouddev.test.selenium.components.AssertElement] Check condition (oracle.clouddev.test.selenium.components.Conditions$5@1ea6c4a4) for element [By.xpath: .//button[@id=&apos;odcs-project-selector&apos;]/span[1]] on http://ucf2c-dcs-release-hub1.opcdeveloper.oracleinternalucf2c.oraclecorp.com/qa-dev/#/projects/qa-dev_test-shared-project1-1460033913915.
2016-04-07 06:11:53,410 DEBUG [oracle.clouddev.test.selenium.components.AssertElement] Check condition (NOT (element is visible)) for element [By.id: page-provision] on http://ucf2c-dcs-release-hub1.opcdeveloper.oracleinternalucf2c.oraclecorp.com/qa-dev/#/projects/qa-dev_test-shared-project1-1460033913915.
2016-04-07 06:11:54,420 INFO  [oracle.clouddev.test.selenium.tests.base.TestHomePage] Check if in the to home page
2016-04-07 06:11:54,440 INFO  [oracle.clouddev.test.selenium.tests.base.TestHomePage] Waiting for the activites to be loaded...
2016-04-07 06:11:54,457 DEBUG [oracle.clouddev.test.selenium.components.AssertElement] Check condition (element is visible) for element [By.xpath: .//div[@id=&apos;activities-filter-button&apos;]] on http://ucf2c-dcs-release-hub1.opcdeveloper.oracleinternalucf2c.oraclecorp.com/qa-dev/#/projects/qa-dev_test-shared-project1-1460033913915.
    </system-out>
    </testcase>
    <testcase classname="oracle.clouddev.test.selenium.tests.base.TestHomePage" name="testCreateRepositoryRestAPI" time="6.015">
      <properties>
        <property name="java.runtime.name" value="Java(TM) SE Runtime Environment"/>
        <property name="exec.mainClass" value="oracle.clouddev.test.selenium.RunTests"/>
        <property name="sun.boot.library.path" value="/usr/java/jdk1.8.0_51/jre/lib/amd64"/>
        <property name="java.vm.version" value="25.51-b03"/>
        <property name="java.vm.vendor" value="Oracle Corporation"/>
        <property name="java.vendor.url" value="http://java.oracle.com/"/>
        <property name="guice.disable.misplaced.annotation.check" value="true"/>
        <property name="path.separator" value=":"/>
        <property name="java.vm.name" value="Java HotSpot(TM) 64-Bit Server VM"/>
        <property name="file.encoding.pkg" value="sun.io"/>
        <property name="user.country" value="US"/>
        <property name="sun.java.launcher" value="SUN_STANDARD"/>
        <property name="sun.os.patch.level" value="unknown"/>
        <property name="http.noProxyHosts" value="localhost|127.0.0.1|*.local|*.oraclecorp.com|*.us.oracle.com"/>
        <property name="java.vm.specification.name" value="Java Virtual Machine Specification"/>
        <property name="user.dir" value="/home/builder/hudson/workspace/dcs_dcs.Release-Selenium-Tests/selenium-tests"/>
        <property name="java.runtime.version" value="1.8.0_51-b16"/>
        <property name="java.awt.graphicsenv" value="sun.awt.X11GraphicsEnvironment"/>
        <property name="java.endorsed.dirs" value="/usr/java/jdk1.8.0_51/jre/lib/endorsed"/>
        <property name="os.arch" value="amd64"/>
        <property name="java.io.tmpdir" value="/tmp"/>
        <property name="line.separator" value="
"/>
        <property name="java.vm.specification.vendor" value="Oracle Corporation"/>
        <property name="https.proxyHost" value="www-proxy.us.oracle.com"/>
        <property name="os.name" value="Linux"/>
        <property name="classworlds.conf" value="/usr/local/apache-maven/apache-maven-3.0.4/bin/m2.conf"/>
        <property name="sun.jnu.encoding" value="UTF-8"/>
        <property name="http.proxyPort" value="80"/>
        <property name="java.library.path" value="/usr/java/packages/lib/amd64:/usr/lib64:/lib64:/lib:/usr/lib"/>
        <property name="sun.awt.enableExtraMouseButtons" value="true"/>
        <property name="java.specification.name" value="Java Platform API Specification"/>
        <property name="java.class.version" value="52.0"/>
        <property name="sun.management.compiler" value="HotSpot 64-Bit Tiered Compilers"/>
        <property name="os.version" value="3.8.13-55.1.1.el6uek.x86_64"/>
        <property name="user.home" value="/home/builder"/>
        <property name="user.timezone" value="PST8PDT"/>
        <property name="java.awt.printerjob" value="sun.print.PSPrinterJob"/>
        <property name="file.encoding" value="UTF-8"/>
        <property name="java.specification.version" value="1.8"/>
        <property name="java.class.path" value="/usr/local/apache-maven/apache-maven-3.0.4/boot/plexus-classworlds-2.4.jar"/>
        <property name="user.name" value="builder"/>
        <property name="java.vm.specification.version" value="1.8"/>
        <property name="sun.java.command" value="org.codehaus.plexus.classworlds.launcher.Launcher -f /home/c2c/hudson/workspace/dcs_dcs.Release-Selenium-Tests/selenium-tests/pom.xml --batch-mode exec:java -Dexec.mainClass=oracle.clouddev.test.selenium.RunTests -Dexec.args=selenium.browser.size.w=1280 selenium.browser.size.h=960 capture.video=true capture.screenshots=true notification.type=swing notification.history=3 notification.font.size=15 job-release-selenium-tests.properties build.job=dcs_dcs.Release-Selenium-Tests build.number=289 target.release=16.2.3.0.0 timeout.build.buildqueue=1200 timeout.build.buildqueue.polling=60 -s BASE --tag base"/>
        <property name="java.home" value="/usr/java/jdk1.8.0_51/jre"/>
        <property name="sun.arch.data.model" value="64"/>
        <property name="user.language" value="en"/>
        <property name="java.specification.vendor" value="Oracle Corporation"/>
        <property name="awt.toolkit" value="sun.awt.X11.XToolkit"/>
        <property name="java.vm.info" value="mixed mode"/>
        <property name="java.version" value="1.8.0_51"/>
        <property name="securerandom.source" value="file:/dev/./urandom"/>
        <property name="java.ext.dirs" value="/usr/java/jdk1.8.0_51/jre/lib/ext:/usr/java/packages/lib/ext"/>
        <property name="http.proxyHost" value="www-proxy.us.oracle.com"/>
        <property name="sun.boot.class.path" value="/usr/java/jdk1.8.0_51/jre/lib/resources.jar:/usr/java/jdk1.8.0_51/jre/lib/rt.jar:/usr/java/jdk1.8.0_51/jre/lib/sunrsasign.jar:/usr/java/jdk1.8.0_51/jre/lib/jsse.jar:/usr/java/jdk1.8.0_51/jre/lib/jce.jar:/usr/java/jdk1.8.0_51/jre/lib/charsets.jar:/usr/java/jdk1.8.0_51/jre/lib/jfr.jar:/usr/java/jdk1.8.0_51/jre/classes"/>
        <property name="java.vendor" value="Oracle Corporation"/>
        <property name="maven.home" value="/usr/local/apache-maven/apache-maven-3.0.4"/>
        <property name="file.separator" value="/"/>
        <property name="java.vendor.url.bug" value="http://bugreport.sun.com/bugreport/"/>
        <property name="sun.font.fontmanager" value="sun.awt.X11FontManager"/>
        <property name="sun.io.unicode.encoding" value="UnicodeLittle"/>
        <property name="sun.cpu.endian" value="little"/>
        <property name="https.proxyPort" value="80"/>
        <property name="exec.args" value="selenium.browser.size.w=1280 selenium.browser.size.h=960 capture.video=true capture.screenshots=true notification.type=swing notification.history=3 notification.font.size=15 job-release-selenium-tests.properties build.job=dcs_dcs.Release-Selenium-Tests build.number=289 target.release=16.2.3.0.0 timeout.build.buildqueue=1200 timeout.build.buildqueue.polling=60 -s BASE --tag base"/>
        <property name="sun.cpu.isalist" value=""/>
        <property name="test.selenium.browser.size.h" value="960"/>
        <property name="test.user.non-admin.name" value="tom.testsuite"/>
        <property name="test.https.proxyHost" value="www-proxy.us.oracle.com"/>
        <property name="test.user.admin.name" value="tina.testsuite"/>
        <property name="test.user.em-agent.password" value="Welcome1!"/>
        <property name="test.tag" value="base"/>
        <property name="test.user.em-agent.fullname" value="Alex Admin"/>
        <property name="test.selenium.port" value="44000"/>
        <property name="test.build.number" value="289"/>
        <property name="test.user.sdi-agent.enabled" value="true"/>
        <property name="test.timeout.assert.condition" value="30"/>
        <property name="test.target.version" value="{
  &quot;buildInformation&quot; : {
    &quot;gitCommitId&quot; : &quot;84b91eb9e1660e336bb9289583fdf62f88d10e16&quot;,
    &quot;gitCommitMessage&quot; : &quot;Bug 23012667 - Check for valid ACCS account in the same ID Domain\n&quot;,
    &quot;buildTime&quot; : &quot;05.04.2016 @ 21:54:38 PDT&quot;,
    &quot;buildUser&quot; : &quot;Code2Cloud Builder&quot;
  }
}"/>
        <property name="test.build.job" value="dcs_dcs.Release-Selenium-Tests"/>
        <property name="test.timeout.project.create" value="660"/>
        <property name="test.user.sdi-agent.name" value="alex.admin"/>
        <property name="test.selenium.browser" value="firefox"/>
        <property name="test.http.proxyPort" value="80"/>
        <property name="test.user.sdi-agent.password" value="Welcome1!"/>
        <property name="test.user.sdi-agent.fullname" value="Alex Admin"/>
        <property name="test.timeout.selenium.navigate" value="20"/>
        <property name="test.target.release" value="16.2.3.0.0"/>
        <property name="test.byom.ip" value="127.0.0.1"/>
        <property name="test.byom.port" value="8585"/>
        <property name="test.notification.type" value="swing"/>
        <property name="test.data.project.override" value=""/>
        <property name="test.timeout.selenium.find" value="1"/>
        <property name="test.user.em-agent.enabled" value="true"/>
        <property name="test.testEmptyOrg.db.id" value=""/>
        <property name="test.reviews.timeout.slowdown" value="0"/>
        <property name="test.http.noProxyHosts" value="localhost|127.0.0.1|*.local|*.oraclecorp.com|*.us.oracle.com"/>
        <property name="test.capture.video" value="true"/>
        <property name="test.user.non-admin.password" value="Welcome1!"/>
        <property name="test.user.non-admin.fullname" value="Tom Testsuite"/>
        <property name="test.user.admin.password" value="Welcome1!"/>
        <property name="test.notification.history" value="3"/>
        <property name="test.user.admin.fullname" value="Tina Testsuite"/>
        <property name="test.capture.screenshots" value="true"/>
        <property name="test.testEmptyOrg.db.connectString" value="jdbc:oracle:thin:@(DESCRIPTION=(ADDRESS=(PROTOCOL=TCP)(HOST=slc09iwb.us.oracle.com)(PORT=1521))(CONNECT_DATA=(SERVICE_NAME=dbpod)))"/>
        <property name="test.firefox.bin" value=""/>
        <property name="test.https.proxyPort" value="80"/>
        <property name="test.develop.offline" value="false"/>
        <property name="test.timeout.build.buildqueue.polling" value="60"/>
        <property name="test.output.dir" value="target/test-reports/"/>
        <property name="test.firefox.allowedHosts" value="localhost,localhost.localdomain"/>
        <property name="test.testEmptyOrg.db.schema" value="BV2RLPNYEWMR"/>
        <property name="test.web.url" value="http://ucf2c-dcs-release-hub1.opcdeveloper.oracleinternalucf2c.oraclecorp.com/qa-dev/"/>
        <property name="test.firefox.extensions" value=""/>
        <property name="test.testEmptyOrg.orgExistsCheck" value="false"/>
        <property name="test.data.dir" value="data/"/>
        <property name="test.notification.font.size" value="15"/>
        <property name="test.testEmptyOrg.service" value="devservice5"/>
        <property name="test.selenium.start.server" value="false"/>
        <property name="test.firefox.profile.path" value=""/>
        <property name="test.selenium.host" value="localhost"/>
        <property name="test.suite" value="BASE"/>
        <property name="test.tests" value=""/>
        <property name="test.user.admin.idm" value="dcsdevteam"/>
        <property name="test.http.proxyHost" value="www-proxy.us.oracle.com"/>
        <property name="test.testMethods" value=""/>
        <property name="test.reviews.dontDeleteEnviroment" value="false"/>
        <property name="test.selenium.browser.maximize" value="false"/>
        <property name="test.firefox.profile.name" value=""/>
        <property name="test.timeout.build.buildqueue" value="1200"/>
        <property name="test.user.em-agent.idm" value="dcsdevteam"/>
        <property name="test.selenium.remote" value="false"/>
        <property name="test.user.sdi-agent.idm" value="dcsdevteam"/>
        <property name="test.byom.authToken" value="123456"/>
        <property name="test.proxy.autodetect" value="false"/>
        <property name="test.testEmptyOrg.idm" value="dcsdevteam"/>
        <property name="test.user.non-admin.idm" value="dcsdevteam"/>
        <property name="test.data.tasks.useexisting" value="false"/>
        <property name="test.selenium.browser.size.w" value="1280"/>
        <property name="test.category" value="DEFAULT"/>
        <property name="test.user.em-agent.name" value="alex.admin"/>
        <property name="test.timeout.slowdown" value="0"/>
      </properties>
    <system-out>
2016-04-07 06:11:54,489 INFO  [oracle.clouddev.test.selenium.tests.base.TestHomePage] Rest API, Create new repository with deafault setting and unique name, empty repository
2016-04-07 06:11:54,489 INFO  [oracle.clouddev.test.selenium.util.RestRepositoryBuilder] Get repository list: http://ucf2c-dcs-release-hub1.opcdeveloper.oracleinternalucf2c.oraclecorp.com/qa-dev/s/qa-dev_test-shared-project1-1460033913915/scm/api/repository/
2016-04-07 06:11:54,495 INFO  [oracle.clouddev.test.framework.rest.RestClient] [request#47] GET http://ucf2c-dcs-release-hub1.opcdeveloper.oracleinternalucf2c.oraclecorp.com/qa-dev/s/qa-dev_test-shared-project1-1460033913915/scm/api/repository/ HTTP/1.1 (user: ADMIN(dcsdevteam/tina.testsuite/Welcome1!))
2016-04-07 06:11:54,496 DEBUG [oracle.clouddev.test.framework.rest.RestClient] [request#47] cURL: curl -k -u tina.testsuite:Welcome1! -X GET &apos;http://ucf2c-dcs-release-hub1.opcdeveloper.oracleinternalucf2c.oraclecorp.com/qa-dev/s/qa-dev_test-shared-project1-1460033913915/scm/api/repository/&apos;
2016-04-07 06:11:54,603 INFO  [oracle.clouddev.test.framework.rest.RestClient] [request#47] HTTP/1.1 200 OK
2016-04-07 06:11:54,604 DEBUG [oracle.clouddev.test.framework.rest.RestClient] [request#47] Content-Type: application/json;charset=UTF-8
2016-04-07 06:11:54,604 DEBUG [oracle.clouddev.test.framework.rest.RestClient] [request#47] Content-Length: 3267
2016-04-07 06:11:54,604 DEBUG [oracle.clouddev.test.framework.rest.ResponseProcessors$ResponseParserAdapter] [request#47] Received data:{
  &quot;scmRepositoryList&quot; : [ {
    &quot;name&quot; : &quot;qa-test-repo1460034664931.git&quot;,
    &quot;url&quot; : &quot;http://ucf2c-dcs-release-hub1.opcdeveloper.oracleinternalucf2c.oraclecorp.com/qa-dev/s/qa-dev_test-shared-project1-1460033913915/scm/qa-test-repo1460034664931.git&quot;,
    &quot;type&quot; : &quot;GIT&quot;,
    &quot;scmLocation&quot; : &quot;CODE2CLOUD&quot;,
    &quot;alternateUrl&quot; : &quot;ssh://ucf2c-dcs-release-hub1.opcdeveloper.oracleinternalucf2c.oraclecorp.com:2222/qa-dev_test-shared-project1-1460033913915/qa-test-repo1460034664931.git&quot;,
    &quot;branches&quot; : [ &quot;master&quot; ],
    &quot;tags&quot; : [ ],
    &quot;description&quot; : &quot;Description qa-test-repo1460034664931&quot;,
    &quot;importInProgress&quot; : false,
    &quot;head&quot; : &quot;master&quot;
  }, {
    &quot;name&quot; : &quot;qa-test-repo1460034695509.git&quot;,
    &quot;url&quot; : &quot;http://ucf2c-dcs-release-hub1.opcdeveloper.oracleinternalucf2c.oraclecorp.com/qa-dev/s/qa-dev_test-shared-project1-1460033913915/scm/qa-test-repo1460034695509.git&quot;,
    &quot;type&quot; : &quot;GIT&quot;,
    &quot;scmLocation&quot; : &quot;CODE2CLOUD&quot;,
    &quot;alternateUrl&quot; : &quot;ssh://ucf2c-dcs-release-hub1.opcdeveloper.oracleinternalucf2c.oraclecorp.com:2222/qa-dev_test-shared-project1-1460033913915/qa-test-repo1460034695509.git&quot;,
    &quot;branches&quot; : [ ],
    &quot;tags&quot; : [ ],
    &quot;description&quot; : &quot;Description qa-test-repo1460034695509&quot;,
    &quot;importInProgress&quot; : false,
    &quot;head&quot; : &quot;master&quot;
  }, {
    &quot;name&quot; : &quot;qa-test-repo1460034703730.git&quot;,
    &quot;url&quot; : &quot;http://ucf2c-dcs-release-hub1.opcdeveloper.oracleinternalucf2c.oraclecorp.com/qa-dev/s/qa-dev_test-shared-project1-1460033913915/scm/qa-test-repo1460034703730.git&quot;,
    &quot;type&quot; : &quot;GIT&quot;,
    &quot;scmLocation&quot; : &quot;CODE2CLOUD&quot;,
    &quot;alternateUrl&quot; : &quot;ssh://ucf2c-dcs-release-hub1.opcdeveloper.oracleinternalucf2c.oraclecorp.com:2222/qa-dev_test-shared-project1-1460033913915/qa-test-repo1460034703730.git&quot;,
    &quot;branches&quot; : [ ],
    &quot;tags&quot; : [ ],
    &quot;description&quot; : &quot;Description qa-test-repo1460034703730&quot;,
    &quot;importInProgress&quot; : false,
    &quot;head&quot; : &quot;master&quot;
  }, {
    &quot;name&quot; : &quot;test-repo1460034674003.git&quot;,
    &quot;url&quot; : &quot;http://ucf2c-dcs-release-hub1.opcdeveloper.oracleinternalucf2c.oraclecorp.com/qa-dev/s/qa-dev_test-shared-project1-1460033913915/scm/test-repo1460034674003.git&quot;,
    &quot;type&quot; : &quot;GIT&quot;,
    &quot;scmLocation&quot; : &quot;CODE2CLOUD&quot;,
    &quot;alternateUrl&quot; : &quot;ssh://ucf2c-dcs-release-hub1.opcdeveloper.oracleinternalucf2c.oraclecorp.com:2222/qa-dev_test-shared-project1-1460033913915/test-repo1460034674003.git&quot;,
    &quot;branches&quot; : [ &quot;master&quot; ],
    &quot;tags&quot; : [ ],
    &quot;description&quot; : &quot;Description test-repo1460034674003.git&quot;,
    &quot;importInProgress&quot; : false,
    &quot;head&quot; : &quot;master&quot;
  }, {
    &quot;name&quot; : &quot;test-repo1460034678174.git&quot;,
    &quot;url&quot; : &quot;http://ucf2c-dcs-release-hub1.opcdeveloper.oracleinternalucf2c.oraclecorp.com/qa-dev/s/qa-dev_test-shared-project1-1460033913915/scm/test-repo1460034678174.git&quot;,
    &quot;type&quot; : &quot;GIT&quot;,
    &quot;scmLocation&quot; : &quot;CODE2CLOUD&quot;,
    &quot;alternateUrl&quot; : &quot;ssh://ucf2c-dcs-release-hub1.opcdeveloper.oracleinternalucf2c.oraclecorp.com:2222/qa-dev_test-shared-project1-1460033913915/test-repo1460034678174.git&quot;,
    &quot;branches&quot; : [ ],
    &quot;tags&quot; : [ ],
    &quot;description&quot; : &quot;Description test-repo1460034678174.git&quot;,
    &quot;importInProgress&quot; : false,
    &quot;head&quot; : &quot;master&quot;
  }, {
    &quot;name&quot; : &quot;test-shared-project1-1460033913915.git&quot;,
    &quot;url&quot; : &quot;http://ucf2c-dcs-release-hub1.opcdeveloper.oracleinternalucf2c.oraclecorp.com/qa-dev/s/qa-dev_test-shared-project1-1460033913915/scm/test-shared-project1-1460033913915.git&quot;,
    &quot;type&quot; : &quot;GIT&quot;,
    &quot;scmLocation&quot; : &quot;CODE2CLOUD&quot;,
    &quot;alternateUrl&quot; : &quot;ssh://ucf2c-dcs-release-hub1.opcdeveloper.oracleinternalucf2c.oraclecorp.com:2222/qa-dev_test-shared-project1-1460033913915/test-shared-project1-1460033913915.git&quot;,
    &quot;branches&quot; : [ ],
    &quot;tags&quot; : [ ],
    &quot;description&quot; : null,
    &quot;importInProgress&quot; : false,
    &quot;head&quot; : &quot;master&quot;
  } ]
}
2016-04-07 06:11:54,604 INFO  [oracle.clouddev.test.selenium.util.RestRepositoryBuilder] creating new repository test-repo1460034714489.git in projectqa-dev_test-shared-project1-1460033913915
2016-04-07 06:11:54,604 INFO  [oracle.clouddev.test.selenium.util.RestRepositoryBuilder] Create a new repository test-repo1460034714489.git : http://ucf2c-dcs-release-hub1.opcdeveloper.oracleinternalucf2c.oraclecorp.com/qa-dev/s/qa-dev_test-shared-project1-1460033913915/scm/api/repository/
2016-04-07 06:11:54,609 INFO  [oracle.clouddev.test.framework.rest.RestClient] [request#48] POST http://ucf2c-dcs-release-hub1.opcdeveloper.oracleinternalucf2c.oraclecorp.com/qa-dev/s/qa-dev_test-shared-project1-1460033913915/scm/api/repository/ HTTP/1.1 (user: ADMIN(dcsdevteam/tina.testsuite/Welcome1!))
2016-04-07 06:11:54,609 DEBUG [oracle.clouddev.test.framework.rest.RestClient] [request#48] posted content:
{
  &quot;scmLocation&quot; : &quot;CODE2CLOUD&quot;,
  &quot;name&quot; : &quot;test-repo1460034714489.git&quot;,
  &quot;description&quot; : &quot;Description test-repo1460034714489.git&quot;,
  &quot;type&quot; : &quot;GIT&quot;,
  &quot;branches&quot; : [ ],
  &quot;tags&quot; : [ ]
}
2016-04-07 06:11:54,609 DEBUG [oracle.clouddev.test.framework.rest.RestClient] [request#48] cURL: curl -k -u tina.testsuite:Welcome1! -X POST &apos;http://ucf2c-dcs-release-hub1.opcdeveloper.oracleinternalucf2c.oraclecorp.com/qa-dev/s/qa-dev_test-shared-project1-1460033913915/scm/api/repository/&apos; -H &apos;Content-Type: application/json; charset=UTF-8&apos; --data-binary &apos;{  &quot;scmLocation&quot; : &quot;CODE2CLOUD&quot;,  &quot;name&quot; : &quot;test-repo1460034714489.git&quot;,  &quot;description&quot; : &quot;Description test-repo1460034714489.git&quot;,  &quot;type&quot; : &quot;GIT&quot;,  &quot;branches&quot; : [ ],  &quot;tags&quot; : [ ]}&apos;
2016-04-07 06:11:55,031 INFO  [oracle.clouddev.test.framework.rest.RestClient] [request#48] HTTP/1.1 200 OK
2016-04-07 06:11:55,031 DEBUG [oracle.clouddev.test.framework.rest.RestClient] [request#48] Content-Type: application/json;charset=UTF-8
2016-04-07 06:11:55,031 DEBUG [oracle.clouddev.test.framework.rest.RestClient] [request#48] Content-Length: 547
2016-04-07 06:11:55,032 DEBUG [oracle.clouddev.test.framework.rest.ResponseProcessors$ResponseParserAdapter] [request#48] Received data:{
  &quot;scmRepository&quot; : {
    &quot;name&quot; : &quot;test-repo1460034714489.git&quot;,
    &quot;url&quot; : &quot;http://ucf2c-dcs-release-hub1.opcdeveloper.oracleinternalucf2c.oraclecorp.com/qa-dev/s/qa-dev_test-shared-project1-1460033913915/scm/test-repo1460034714489.git&quot;,
    &quot;type&quot; : &quot;GIT&quot;,
    &quot;scmLocation&quot; : &quot;CODE2CLOUD&quot;,
    &quot;alternateUrl&quot; : &quot;ssh://ucf2c-dcs-release-hub1.opcdeveloper.oracleinternalucf2c.oraclecorp.com:2222/qa-dev_test-shared-project1-1460033913915/test-repo1460034714489.git&quot;,
    &quot;branches&quot; : [ ],
    &quot;tags&quot; : [ ],
    &quot;description&quot; : &quot;Description test-repo1460034714489.git&quot;,
    &quot;importInProgress&quot; : false,
    &quot;head&quot; : null
  }
}
2016-04-07 06:11:55,032 INFO  [oracle.clouddev.test.selenium.util.RestRepositoryBuilder] Get repository list: http://ucf2c-dcs-release-hub1.opcdeveloper.oracleinternalucf2c.oraclecorp.com/qa-dev/s/qa-dev_test-shared-project1-1460033913915/scm/api/repository/
2016-04-07 06:11:55,036 INFO  [oracle.clouddev.test.framework.rest.RestClient] [request#49] GET http://ucf2c-dcs-release-hub1.opcdeveloper.oracleinternalucf2c.oraclecorp.com/qa-dev/s/qa-dev_test-shared-project1-1460033913915/scm/api/repository/ HTTP/1.1 (user: ADMIN(dcsdevteam/tina.testsuite/Welcome1!))
2016-04-07 06:11:55,036 DEBUG [oracle.clouddev.test.framework.rest.RestClient] [request#49] cURL: curl -k -u tina.testsuite:Welcome1! -X GET &apos;http://ucf2c-dcs-release-hub1.opcdeveloper.oracleinternalucf2c.oraclecorp.com/qa-dev/s/qa-dev_test-shared-project1-1460033913915/scm/api/repository/&apos;
2016-04-07 06:11:55,112 INFO  [oracle.clouddev.test.framework.rest.RestClient] [request#49] HTTP/1.1 200 OK
2016-04-07 06:11:55,112 DEBUG [oracle.clouddev.test.framework.rest.RestClient] [request#49] Content-Type: application/json;charset=UTF-8
2016-04-07 06:11:55,112 DEBUG [oracle.clouddev.test.framework.rest.RestClient] [request#49] Content-Length: 3801
2016-04-07 06:11:55,114 DEBUG [oracle.clouddev.test.framework.rest.ResponseProcessors$ResponseParserAdapter] [request#49] Received data:{
  &quot;scmRepositoryList&quot; : [ {
    &quot;name&quot; : &quot;qa-test-repo1460034664931.git&quot;,
    &quot;url&quot; : &quot;http://ucf2c-dcs-release-hub1.opcdeveloper.oracleinternalucf2c.oraclecorp.com/qa-dev/s/qa-dev_test-shared-project1-1460033913915/scm/qa-test-repo1460034664931.git&quot;,
    &quot;type&quot; : &quot;GIT&quot;,
    &quot;scmLocation&quot; : &quot;CODE2CLOUD&quot;,
    &quot;alternateUrl&quot; : &quot;ssh://ucf2c-dcs-release-hub1.opcdeveloper.oracleinternalucf2c.oraclecorp.com:2222/qa-dev_test-shared-project1-1460033913915/qa-test-repo1460034664931.git&quot;,
    &quot;branches&quot; : [ &quot;master&quot; ],
    &quot;tags&quot; : [ ],
    &quot;description&quot; : &quot;Description qa-test-repo1460034664931&quot;,
    &quot;importInProgress&quot; : false,
    &quot;head&quot; : &quot;master&quot;
  }, {
    &quot;name&quot; : &quot;qa-test-repo1460034695509.git&quot;,
    &quot;url&quot; : &quot;http://ucf2c-dcs-release-hub1.opcdeveloper.oracleinternalucf2c.oraclecorp.com/qa-dev/s/qa-dev_test-shared-project1-1460033913915/scm/qa-test-repo1460034695509.git&quot;,
    &quot;type&quot; : &quot;GIT&quot;,
    &quot;scmLocation&quot; : &quot;CODE2CLOUD&quot;,
    &quot;alternateUrl&quot; : &quot;ssh://ucf2c-dcs-release-hub1.opcdeveloper.oracleinternalucf2c.oraclecorp.com:2222/qa-dev_test-shared-project1-1460033913915/qa-test-repo1460034695509.git&quot;,
    &quot;branches&quot; : [ ],
    &quot;tags&quot; : [ ],
    &quot;description&quot; : &quot;Description qa-test-repo1460034695509&quot;,
    &quot;importInProgress&quot; : false,
    &quot;head&quot; : &quot;master&quot;
  }, {
    &quot;name&quot; : &quot;qa-test-repo1460034703730.git&quot;,
    &quot;url&quot; : &quot;http://ucf2c-dcs-release-hub1.opcdeveloper.oracleinternalucf2c.oraclecorp.com/qa-dev/s/qa-dev_test-shared-project1-1460033913915/scm/qa-test-repo1460034703730.git&quot;,
    &quot;type&quot; : &quot;GIT&quot;,
    &quot;scmLocation&quot; : &quot;CODE2CLOUD&quot;,
    &quot;alternateUrl&quot; : &quot;ssh://ucf2c-dcs-release-hub1.opcdeveloper.oracleinternalucf2c.oraclecorp.com:2222/qa-dev_test-shared-project1-1460033913915/qa-test-repo1460034703730.git&quot;,
    &quot;branches&quot; : [ ],
    &quot;tags&quot; : [ ],
    &quot;description&quot; : &quot;Description qa-test-repo1460034703730&quot;,
    &quot;importInProgress&quot; : false,
    &quot;head&quot; : &quot;master&quot;
  }, {
    &quot;name&quot; : &quot;test-repo1460034674003.git&quot;,
    &quot;url&quot; : &quot;http://ucf2c-dcs-release-hub1.opcdeveloper.oracleinternalucf2c.oraclecorp.com/qa-dev/s/qa-dev_test-shared-project1-1460033913915/scm/test-repo1460034674003.git&quot;,
    &quot;type&quot; : &quot;GIT&quot;,
    &quot;scmLocation&quot; : &quot;CODE2CLOUD&quot;,
    &quot;alternateUrl&quot; : &quot;ssh://ucf2c-dcs-release-hub1.opcdeveloper.oracleinternalucf2c.oraclecorp.com:2222/qa-dev_test-shared-project1-1460033913915/test-repo1460034674003.git&quot;,
    &quot;branches&quot; : [ &quot;master&quot; ],
    &quot;tags&quot; : [ ],
    &quot;description&quot; : &quot;Description test-repo1460034674003.git&quot;,
    &quot;importInProgress&quot; : false,
    &quot;head&quot; : &quot;master&quot;
  }, {
    &quot;name&quot; : &quot;test-repo1460034678174.git&quot;,
    &quot;url&quot; : &quot;http://ucf2c-dcs-release-hub1.opcdeveloper.oracleinternalucf2c.oraclecorp.com/qa-dev/s/qa-dev_test-shared-project1-1460033913915/scm/test-repo1460034678174.git&quot;,
    &quot;type&quot; : &quot;GIT&quot;,
    &quot;scmLocation&quot; : &quot;CODE2CLOUD&quot;,
    &quot;alternateUrl&quot; : &quot;ssh://ucf2c-dcs-release-hub1.opcdeveloper.oracleinternalucf2c.oraclecorp.com:2222/qa-dev_test-shared-project1-1460033913915/test-repo1460034678174.git&quot;,
    &quot;branches&quot; : [ ],
    &quot;tags&quot; : [ ],
    &quot;description&quot; : &quot;Description test-repo1460034678174.git&quot;,
    &quot;importInProgress&quot; : false,
    &quot;head&quot; : &quot;master&quot;
  }, {
    &quot;name&quot; : &quot;test-repo1460034714489.git&quot;,
    &quot;url&quot; : &quot;http://ucf2c-dcs-release-hub1.opcdeveloper.oracleinternalucf2c.oraclecorp.com/qa-dev/s/qa-dev_test-shared-project1-1460033913915/scm/test-repo1460034714489.git&quot;,
    &quot;type&quot; : &quot;GIT&quot;,
    &quot;scmLocation&quot; : &quot;CODE2CLOUD&quot;,
    &quot;alternateUrl&quot; : &quot;ssh://ucf2c-dcs-release-hub1.opcdeveloper.oracleinternalucf2c.oraclecorp.com:2222/qa-dev_test-shared-project1-1460033913915/test-repo1460034714489.git&quot;,
    &quot;branches&quot; : [ ],
    &quot;tags&quot; : [ ],
    &quot;description&quot; : &quot;Description test-repo1460034714489.git&quot;,
    &quot;importInProgress&quot; : false,
    &quot;head&quot; : &quot;master&quot;
  }, {
    &quot;name&quot; : &quot;test-shared-project1-1460033913915.git&quot;,
    &quot;url&quot; : &quot;http://ucf2c-dcs-release-hub1.opcdeveloper.oracleinternalucf2c.oraclecorp.com/qa-dev/s/qa-dev_test-shared-project1-1460033913915/scm/test-shared-project1-1460033913915.git&quot;,
    &quot;type&quot; : &quot;GIT&quot;,
    &quot;scmLocation&quot; : &quot;CODE2CLOUD&quot;,
    &quot;alternateUrl&quot; : &quot;ssh://ucf2c-dcs-release-hub1.opcdeveloper.oracleinternalucf2c.oraclecorp.com:2222/qa-dev_test-shared-project1-1460033913915/test-shared-project1-1460033913915.git&quot;,
    &quot;branches&quot; : [ ],
    &quot;tags&quot; : [ ],
    &quot;description&quot; : null,
    &quot;importInProgress&quot; : false,
    &quot;head&quot; : &quot;master&quot;
  } ]
}
2016-04-07 06:11:55,115 INFO  [oracle.clouddev.test.selenium.tests.base.TestHomePage] Rest API, Create new repository with deafault setting and unique name
2016-04-07 06:11:55,115 INFO  [oracle.clouddev.test.selenium.util.RestRepositoryBuilder] Get repository list: http://ucf2c-dcs-release-hub1.opcdeveloper.oracleinternalucf2c.oraclecorp.com/qa-dev/s/qa-dev_test-shared-project1-1460033913915/scm/api/repository/
2016-04-07 06:11:55,120 INFO  [oracle.clouddev.test.framework.rest.RestClient] [request#50] GET http://ucf2c-dcs-release-hub1.opcdeveloper.oracleinternalucf2c.oraclecorp.com/qa-dev/s/qa-dev_test-shared-project1-1460033913915/scm/api/repository/ HTTP/1.1 (user: ADMIN(dcsdevteam/tina.testsuite/Welcome1!))
2016-04-07 06:11:55,120 DEBUG [oracle.clouddev.test.framework.rest.RestClient] [request#50] cURL: curl -k -u tina.testsuite:Welcome1! -X GET &apos;http://ucf2c-dcs-release-hub1.opcdeveloper.oracleinternalucf2c.oraclecorp.com/qa-dev/s/qa-dev_test-shared-project1-1460033913915/scm/api/repository/&apos;
2016-04-07 06:11:55,187 INFO  [oracle.clouddev.test.framework.rest.RestClient] [request#50] HTTP/1.1 200 OK
2016-04-07 06:11:55,187 DEBUG [oracle.clouddev.test.framework.rest.RestClient] [request#50] Content-Type: application/json;charset=UTF-8
2016-04-07 06:11:55,187 DEBUG [oracle.clouddev.test.framework.rest.RestClient] [request#50] Content-Length: 3801
2016-04-07 06:11:55,191 DEBUG [oracle.clouddev.test.framework.rest.ResponseProcessors$ResponseParserAdapter] [request#50] Received data:{
  &quot;scmRepositoryList&quot; : [ {
    &quot;name&quot; : &quot;qa-test-repo1460034664931.git&quot;,
    &quot;url&quot; : &quot;http://ucf2c-dcs-release-hub1.opcdeveloper.oracleinternalucf2c.oraclecorp.com/qa-dev/s/qa-dev_test-shared-project1-1460033913915/scm/qa-test-repo1460034664931.git&quot;,
    &quot;type&quot; : &quot;GIT&quot;,
    &quot;scmLocation&quot; : &quot;CODE2CLOUD&quot;,
    &quot;alternateUrl&quot; : &quot;ssh://ucf2c-dcs-release-hub1.opcdeveloper.oracleinternalucf2c.oraclecorp.com:2222/qa-dev_test-shared-project1-1460033913915/qa-test-repo1460034664931.git&quot;,
    &quot;branches&quot; : [ &quot;master&quot; ],
    &quot;tags&quot; : [ ],
    &quot;description&quot; : &quot;Description qa-test-repo1460034664931&quot;,
    &quot;importInProgress&quot; : false,
    &quot;head&quot; : &quot;master&quot;
  }, {
    &quot;name&quot; : &quot;qa-test-repo1460034695509.git&quot;,
    &quot;url&quot; : &quot;http://ucf2c-dcs-release-hub1.opcdeveloper.oracleinternalucf2c.oraclecorp.com/qa-dev/s/qa-dev_test-shared-project1-1460033913915/scm/qa-test-repo1460034695509.git&quot;,
    &quot;type&quot; : &quot;GIT&quot;,
    &quot;scmLocation&quot; : &quot;CODE2CLOUD&quot;,
    &quot;alternateUrl&quot; : &quot;ssh://ucf2c-dcs-release-hub1.opcdeveloper.oracleinternalucf2c.oraclecorp.com:2222/qa-dev_test-shared-project1-1460033913915/qa-test-repo1460034695509.git&quot;,
    &quot;branches&quot; : [ ],
    &quot;tags&quot; : [ ],
    &quot;description&quot; : &quot;Description qa-test-repo1460034695509&quot;,
    &quot;importInProgress&quot; : false,
    &quot;head&quot; : &quot;master&quot;
  }, {
    &quot;name&quot; : &quot;qa-test-repo1460034703730.git&quot;,
    &quot;url&quot; : &quot;http://ucf2c-dcs-release-hub1.opcdeveloper.oracleinternalucf2c.oraclecorp.com/qa-dev/s/qa-dev_test-shared-project1-1460033913915/scm/qa-test-repo1460034703730.git&quot;,
    &quot;type&quot; : &quot;GIT&quot;,
    &quot;scmLocation&quot; : &quot;CODE2CLOUD&quot;,
    &quot;alternateUrl&quot; : &quot;ssh://ucf2c-dcs-release-hub1.opcdeveloper.oracleinternalucf2c.oraclecorp.com:2222/qa-dev_test-shared-project1-1460033913915/qa-test-repo1460034703730.git&quot;,
    &quot;branches&quot; : [ ],
    &quot;tags&quot; : [ ],
    &quot;description&quot; : &quot;Description qa-test-repo1460034703730&quot;,
    &quot;importInProgress&quot; : false,
    &quot;head&quot; : &quot;master&quot;
  }, {
    &quot;name&quot; : &quot;test-repo1460034674003.git&quot;,
    &quot;url&quot; : &quot;http://ucf2c-dcs-release-hub1.opcdeveloper.oracleinternalucf2c.oraclecorp.com/qa-dev/s/qa-dev_test-shared-project1-1460033913915/scm/test-repo1460034674003.git&quot;,
    &quot;type&quot; : &quot;GIT&quot;,
    &quot;scmLocation&quot; : &quot;CODE2CLOUD&quot;,
    &quot;alternateUrl&quot; : &quot;ssh://ucf2c-dcs-release-hub1.opcdeveloper.oracleinternalucf2c.oraclecorp.com:2222/qa-dev_test-shared-project1-1460033913915/test-repo1460034674003.git&quot;,
    &quot;branches&quot; : [ &quot;master&quot; ],
    &quot;tags&quot; : [ ],
    &quot;description&quot; : &quot;Description test-repo1460034674003.git&quot;,
    &quot;importInProgress&quot; : false,
    &quot;head&quot; : &quot;master&quot;
  }, {
    &quot;name&quot; : &quot;test-repo1460034678174.git&quot;,
    &quot;url&quot; : &quot;http://ucf2c-dcs-release-hub1.opcdeveloper.oracleinternalucf2c.oraclecorp.com/qa-dev/s/qa-dev_test-shared-project1-1460033913915/scm/test-repo1460034678174.git&quot;,
    &quot;type&quot; : &quot;GIT&quot;,
    &quot;scmLocation&quot; : &quot;CODE2CLOUD&quot;,
    &quot;alternateUrl&quot; : &quot;ssh://ucf2c-dcs-release-hub1.opcdeveloper.oracleinternalucf2c.oraclecorp.com:2222/qa-dev_test-shared-project1-1460033913915/test-repo1460034678174.git&quot;,
    &quot;branches&quot; : [ ],
    &quot;tags&quot; : [ ],
    &quot;description&quot; : &quot;Description test-repo1460034678174.git&quot;,
    &quot;importInProgress&quot; : false,
    &quot;head&quot; : &quot;master&quot;
  }, {
    &quot;name&quot; : &quot;test-repo1460034714489.git&quot;,
    &quot;url&quot; : &quot;http://ucf2c-dcs-release-hub1.opcdeveloper.oracleinternalucf2c.oraclecorp.com/qa-dev/s/qa-dev_test-shared-project1-1460033913915/scm/test-repo1460034714489.git&quot;,
    &quot;type&quot; : &quot;GIT&quot;,
    &quot;scmLocation&quot; : &quot;CODE2CLOUD&quot;,
    &quot;alternateUrl&quot; : &quot;ssh://ucf2c-dcs-release-hub1.opcdeveloper.oracleinternalucf2c.oraclecorp.com:2222/qa-dev_test-shared-project1-1460033913915/test-repo1460034714489.git&quot;,
    &quot;branches&quot; : [ ],
    &quot;tags&quot; : [ ],
    &quot;description&quot; : &quot;Description test-repo1460034714489.git&quot;,
    &quot;importInProgress&quot; : false,
    &quot;head&quot; : &quot;master&quot;
  }, {
    &quot;name&quot; : &quot;test-shared-project1-1460033913915.git&quot;,
    &quot;url&quot; : &quot;http://ucf2c-dcs-release-hub1.opcdeveloper.oracleinternalucf2c.oraclecorp.com/qa-dev/s/qa-dev_test-shared-project1-1460033913915/scm/test-shared-project1-1460033913915.git&quot;,
    &quot;type&quot; : &quot;GIT&quot;,
    &quot;scmLocation&quot; : &quot;CODE2CLOUD&quot;,
    &quot;alternateUrl&quot; : &quot;ssh://ucf2c-dcs-release-hub1.opcdeveloper.oracleinternalucf2c.oraclecorp.com:2222/qa-dev_test-shared-project1-1460033913915/test-shared-project1-1460033913915.git&quot;,
    &quot;branches&quot; : [ ],
    &quot;tags&quot; : [ ],
    &quot;description&quot; : null,
    &quot;importInProgress&quot; : false,
    &quot;head&quot; : &quot;master&quot;
  } ]
}
2016-04-07 06:11:55,192 INFO  [oracle.clouddev.test.selenium.util.RestRepositoryBuilder] creating new repository test-repo1460034715115.git in projectqa-dev_test-shared-project1-1460033913915
2016-04-07 06:11:55,193 INFO  [oracle.clouddev.test.selenium.util.RestRepositoryBuilder] Create a new repository test-repo1460034715115.git : http://ucf2c-dcs-release-hub1.opcdeveloper.oracleinternalucf2c.oraclecorp.com/qa-dev/s/qa-dev_test-shared-project1-1460033913915/scm/api/repository/
2016-04-07 06:11:55,198 INFO  [oracle.clouddev.test.framework.rest.RestClient] [request#51] POST http://ucf2c-dcs-release-hub1.opcdeveloper.oracleinternalucf2c.oraclecorp.com/qa-dev/s/qa-dev_test-shared-project1-1460033913915/scm/api/repository/ HTTP/1.1 (user: ADMIN(dcsdevteam/tina.testsuite/Welcome1!))
2016-04-07 06:11:55,198 DEBUG [oracle.clouddev.test.framework.rest.RestClient] [request#51] posted content:
{
  &quot;scmLocation&quot; : &quot;CODE2CLOUD&quot;,
  &quot;name&quot; : &quot;test-repo1460034715115.git&quot;,
  &quot;description&quot; : &quot;Description test-repo1460034715115.git&quot;,
  &quot;type&quot; : &quot;GIT&quot;,
  &quot;branches&quot; : [ ],
  &quot;tags&quot; : [ ]
}
2016-04-07 06:11:55,198 DEBUG [oracle.clouddev.test.framework.rest.RestClient] [request#51] cURL: curl -k -u tina.testsuite:Welcome1! -X POST &apos;http://ucf2c-dcs-release-hub1.opcdeveloper.oracleinternalucf2c.oraclecorp.com/qa-dev/s/qa-dev_test-shared-project1-1460033913915/scm/api/repository/&apos; -H &apos;Content-Type: application/json; charset=UTF-8&apos; --data-binary &apos;{  &quot;scmLocation&quot; : &quot;CODE2CLOUD&quot;,  &quot;name&quot; : &quot;test-repo1460034715115.git&quot;,  &quot;description&quot; : &quot;Description test-repo1460034715115.git&quot;,  &quot;type&quot; : &quot;GIT&quot;,  &quot;branches&quot; : [ ],  &quot;tags&quot; : [ ]}&apos;
2016-04-07 06:11:55,411 INFO  [oracle.clouddev.test.framework.rest.RestClient] [request#51] HTTP/1.1 200 OK
2016-04-07 06:11:55,411 DEBUG [oracle.clouddev.test.framework.rest.RestClient] [request#51] Content-Type: application/json;charset=UTF-8
2016-04-07 06:11:55,411 DEBUG [oracle.clouddev.test.framework.rest.RestClient] [request#51] Content-Length: 547
2016-04-07 06:11:55,412 DEBUG [oracle.clouddev.test.framework.rest.ResponseProcessors$ResponseParserAdapter] [request#51] Received data:{
  &quot;scmRepository&quot; : {
    &quot;name&quot; : &quot;test-repo1460034715115.git&quot;,
    &quot;url&quot; : &quot;http://ucf2c-dcs-release-hub1.opcdeveloper.oracleinternalucf2c.oraclecorp.com/qa-dev/s/qa-dev_test-shared-project1-1460033913915/scm/test-repo1460034715115.git&quot;,
    &quot;type&quot; : &quot;GIT&quot;,
    &quot;scmLocation&quot; : &quot;CODE2CLOUD&quot;,
    &quot;alternateUrl&quot; : &quot;ssh://ucf2c-dcs-release-hub1.opcdeveloper.oracleinternalucf2c.oraclecorp.com:2222/qa-dev_test-shared-project1-1460033913915/test-repo1460034715115.git&quot;,
    &quot;branches&quot; : [ ],
    &quot;tags&quot; : [ ],
    &quot;description&quot; : &quot;Description test-repo1460034715115.git&quot;,
    &quot;importInProgress&quot; : false,
    &quot;head&quot; : null
  }
}
2016-04-07 06:11:55,412 INFO  [oracle.clouddev.test.selenium.util.RestRepositoryBuilder] Initialize repository test-repo1460034715115.git in projectqa-dev_test-shared-project1-1460033913915
2016-04-07 06:11:55,413 INFO  [oracle.clouddev.test.selenium.util.RestRepositoryBuilder] Initiliaze repository : test-repo1460034715115.git : http://ucf2c-dcs-release-hub1.opcdeveloper.oracleinternalucf2c.oraclecorp.com/qa-dev/s/qa-dev_test-shared-project1-1460033913915/scm/api/repository/init
2016-04-07 06:11:55,424 INFO  [oracle.clouddev.test.framework.rest.RestClient] [request#52] POST http://ucf2c-dcs-release-hub1.opcdeveloper.oracleinternalucf2c.oraclecorp.com/qa-dev/s/qa-dev_test-shared-project1-1460033913915/scm/api/repository/init HTTP/1.1 (user: ADMIN(dcsdevteam/tina.testsuite/Welcome1!))
2016-04-07 06:11:55,424 DEBUG [oracle.clouddev.test.framework.rest.RestClient] [request#52] posted content:
{
  &quot;authorEmail&quot; : &quot;&quot;,
  &quot;commitMessage&quot; : &quot;Initial Commit for test-repo1460034715115.git&quot;,
  &quot;authorName&quot; : &quot;Tina Testsuite&quot;,
  &quot;repository&quot; : &quot;test-repo1460034715115.git&quot;
}
2016-04-07 06:11:55,424 DEBUG [oracle.clouddev.test.framework.rest.RestClient] [request#52] cURL: curl -k -u tina.testsuite:Welcome1! -X POST &apos;http://ucf2c-dcs-release-hub1.opcdeveloper.oracleinternalucf2c.oraclecorp.com/qa-dev/s/qa-dev_test-shared-project1-1460033913915/scm/api/repository/init&apos; -H &apos;Content-Type: application/json; charset=UTF-8&apos; --data-binary &apos;{  &quot;authorEmail&quot; : &quot;&quot;,  &quot;commitMessage&quot; : &quot;Initial Commit for test-repo1460034715115.git&quot;,  &quot;authorName&quot; : &quot;Tina Testsuite&quot;,  &quot;repository&quot; : &quot;test-repo1460034715115.git&quot;}&apos;
2016-04-07 06:11:55,673 INFO  [oracle.clouddev.test.framework.rest.RestClient] [request#52] HTTP/1.1 200 OK
2016-04-07 06:11:55,673 DEBUG [oracle.clouddev.test.framework.rest.RestClient] [request#52] Content-Type: application/json;charset=UTF-8
2016-04-07 06:11:55,673 DEBUG [oracle.clouddev.test.framework.rest.RestClient] [request#52] Content-Length: 2
2016-04-07 06:11:55,674 DEBUG [oracle.clouddev.test.framework.rest.ResponseProcessors$ResponseParserAdapter] [request#52] Received data:{
}
2016-04-07 06:11:55,674 INFO  [oracle.clouddev.test.selenium.util.RestRepositoryBuilder] Get repository list: http://ucf2c-dcs-release-hub1.opcdeveloper.oracleinternalucf2c.oraclecorp.com/qa-dev/s/qa-dev_test-shared-project1-1460033913915/scm/api/repository/
2016-04-07 06:11:55,679 INFO  [oracle.clouddev.test.framework.rest.RestClient] [request#53] GET http://ucf2c-dcs-release-hub1.opcdeveloper.oracleinternalucf2c.oraclecorp.com/qa-dev/s/qa-dev_test-shared-project1-1460033913915/scm/api/repository/ HTTP/1.1 (user: ADMIN(dcsdevteam/tina.testsuite/Welcome1!))
2016-04-07 06:11:55,679 DEBUG [oracle.clouddev.test.framework.rest.RestClient] [request#53] cURL: curl -k -u tina.testsuite:Welcome1! -X GET &apos;http://ucf2c-dcs-release-hub1.opcdeveloper.oracleinternalucf2c.oraclecorp.com/qa-dev/s/qa-dev_test-shared-project1-1460033913915/scm/api/repository/&apos;
2016-04-07 06:11:55,747 INFO  [oracle.clouddev.test.framework.rest.RestClient] [request#53] HTTP/1.1 200 OK
2016-04-07 06:11:55,747 DEBUG [oracle.clouddev.test.framework.rest.RestClient] [request#53] Content-Type: application/json;charset=UTF-8
2016-04-07 06:11:55,747 DEBUG [oracle.clouddev.test.framework.rest.RestClient] [request#53] Content-Length: 4343
2016-04-07 06:11:55,749 DEBUG [oracle.clouddev.test.framework.rest.ResponseProcessors$ResponseParserAdapter] [request#53] Received data:{
  &quot;scmRepositoryList&quot; : [ {
    &quot;name&quot; : &quot;qa-test-repo1460034664931.git&quot;,
    &quot;url&quot; : &quot;http://ucf2c-dcs-release-hub1.opcdeveloper.oracleinternalucf2c.oraclecorp.com/qa-dev/s/qa-dev_test-shared-project1-1460033913915/scm/qa-test-repo1460034664931.git&quot;,
    &quot;type&quot; : &quot;GIT&quot;,
    &quot;scmLocation&quot; : &quot;CODE2CLOUD&quot;,
    &quot;alternateUrl&quot; : &quot;ssh://ucf2c-dcs-release-hub1.opcdeveloper.oracleinternalucf2c.oraclecorp.com:2222/qa-dev_test-shared-project1-1460033913915/qa-test-repo1460034664931.git&quot;,
    &quot;branches&quot; : [ &quot;master&quot; ],
    &quot;tags&quot; : [ ],
    &quot;description&quot; : &quot;Description qa-test-repo1460034664931&quot;,
    &quot;importInProgress&quot; : false,
    &quot;head&quot; : &quot;master&quot;
  }, {
    &quot;name&quot; : &quot;qa-test-repo1460034695509.git&quot;,
    &quot;url&quot; : &quot;http://ucf2c-dcs-release-hub1.opcdeveloper.oracleinternalucf2c.oraclecorp.com/qa-dev/s/qa-dev_test-shared-project1-1460033913915/scm/qa-test-repo1460034695509.git&quot;,
    &quot;type&quot; : &quot;GIT&quot;,
    &quot;scmLocation&quot; : &quot;CODE2CLOUD&quot;,
    &quot;alternateUrl&quot; : &quot;ssh://ucf2c-dcs-release-hub1.opcdeveloper.oracleinternalucf2c.oraclecorp.com:2222/qa-dev_test-shared-project1-1460033913915/qa-test-repo1460034695509.git&quot;,
    &quot;branches&quot; : [ ],
    &quot;tags&quot; : [ ],
    &quot;description&quot; : &quot;Description qa-test-repo1460034695509&quot;,
    &quot;importInProgress&quot; : false,
    &quot;head&quot; : &quot;master&quot;
  }, {
    &quot;name&quot; : &quot;qa-test-repo1460034703730.git&quot;,
    &quot;url&quot; : &quot;http://ucf2c-dcs-release-hub1.opcdeveloper.oracleinternalucf2c.oraclecorp.com/qa-dev/s/qa-dev_test-shared-project1-1460033913915/scm/qa-test-repo1460034703730.git&quot;,
    &quot;type&quot; : &quot;GIT&quot;,
    &quot;scmLocation&quot; : &quot;CODE2CLOUD&quot;,
    &quot;alternateUrl&quot; : &quot;ssh://ucf2c-dcs-release-hub1.opcdeveloper.oracleinternalucf2c.oraclecorp.com:2222/qa-dev_test-shared-project1-1460033913915/qa-test-repo1460034703730.git&quot;,
    &quot;branches&quot; : [ ],
    &quot;tags&quot; : [ ],
    &quot;description&quot; : &quot;Description qa-test-repo1460034703730&quot;,
    &quot;importInProgress&quot; : false,
    &quot;head&quot; : &quot;master&quot;
  }, {
    &quot;name&quot; : &quot;test-repo1460034674003.git&quot;,
    &quot;url&quot; : &quot;http://ucf2c-dcs-release-hub1.opcdeveloper.oracleinternalucf2c.oraclecorp.com/qa-dev/s/qa-dev_test-shared-project1-1460033913915/scm/test-repo1460034674003.git&quot;,
    &quot;type&quot; : &quot;GIT&quot;,
    &quot;scmLocation&quot; : &quot;CODE2CLOUD&quot;,
    &quot;alternateUrl&quot; : &quot;ssh://ucf2c-dcs-release-hub1.opcdeveloper.oracleinternalucf2c.oraclecorp.com:2222/qa-dev_test-shared-project1-1460033913915/test-repo1460034674003.git&quot;,
    &quot;branches&quot; : [ &quot;master&quot; ],
    &quot;tags&quot; : [ ],
    &quot;description&quot; : &quot;Description test-repo1460034674003.git&quot;,
    &quot;importInProgress&quot; : false,
    &quot;head&quot; : &quot;master&quot;
  }, {
    &quot;name&quot; : &quot;test-repo1460034678174.git&quot;,
    &quot;url&quot; : &quot;http://ucf2c-dcs-release-hub1.opcdeveloper.oracleinternalucf2c.oraclecorp.com/qa-dev/s/qa-dev_test-shared-project1-1460033913915/scm/test-repo1460034678174.git&quot;,
    &quot;type&quot; : &quot;GIT&quot;,
    &quot;scmLocation&quot; : &quot;CODE2CLOUD&quot;,
    &quot;alternateUrl&quot; : &quot;ssh://ucf2c-dcs-release-hub1.opcdeveloper.oracleinternalucf2c.oraclecorp.com:2222/qa-dev_test-shared-project1-1460033913915/test-repo1460034678174.git&quot;,
    &quot;branches&quot; : [ ],
    &quot;tags&quot; : [ ],
    &quot;description&quot; : &quot;Description test-repo1460034678174.git&quot;,
    &quot;importInProgress&quot; : false,
    &quot;head&quot; : &quot;master&quot;
  }, {
    &quot;name&quot; : &quot;test-repo1460034714489.git&quot;,
    &quot;url&quot; : &quot;http://ucf2c-dcs-release-hub1.opcdeveloper.oracleinternalucf2c.oraclecorp.com/qa-dev/s/qa-dev_test-shared-project1-1460033913915/scm/test-repo1460034714489.git&quot;,
    &quot;type&quot; : &quot;GIT&quot;,
    &quot;scmLocation&quot; : &quot;CODE2CLOUD&quot;,
    &quot;alternateUrl&quot; : &quot;ssh://ucf2c-dcs-release-hub1.opcdeveloper.oracleinternalucf2c.oraclecorp.com:2222/qa-dev_test-shared-project1-1460033913915/test-repo1460034714489.git&quot;,
    &quot;branches&quot; : [ ],
    &quot;tags&quot; : [ ],
    &quot;description&quot; : &quot;Description test-repo1460034714489.git&quot;,
    &quot;importInProgress&quot; : false,
    &quot;head&quot; : &quot;master&quot;
  }, {
    &quot;name&quot; : &quot;test-repo1460034715115.git&quot;,
    &quot;url&quot; : &quot;http://ucf2c-dcs-release-hub1.opcdeveloper.oracleinternalucf2c.oraclecorp.com/qa-dev/s/qa-dev_test-shared-project1-1460033913915/scm/test-repo1460034715115.git&quot;,
    &quot;type&quot; : &quot;GIT&quot;,
    &quot;scmLocation&quot; : &quot;CODE2CLOUD&quot;,
    &quot;alternateUrl&quot; : &quot;ssh://ucf2c-dcs-release-hub1.opcdeveloper.oracleinternalucf2c.oraclecorp.com:2222/qa-dev_test-shared-project1-1460033913915/test-repo1460034715115.git&quot;,
    &quot;branches&quot; : [ &quot;master&quot; ],
    &quot;tags&quot; : [ ],
    &quot;description&quot; : &quot;Description test-repo1460034715115.git&quot;,
    &quot;importInProgress&quot; : false,
    &quot;head&quot; : &quot;master&quot;
  }, {
    &quot;name&quot; : &quot;test-shared-project1-1460033913915.git&quot;,
    &quot;url&quot; : &quot;http://ucf2c-dcs-release-hub1.opcdeveloper.oracleinternalucf2c.oraclecorp.com/qa-dev/s/qa-dev_test-shared-project1-1460033913915/scm/test-shared-project1-1460033913915.git&quot;,
    &quot;type&quot; : &quot;GIT&quot;,
    &quot;scmLocation&quot; : &quot;CODE2CLOUD&quot;,
    &quot;alternateUrl&quot; : &quot;ssh://ucf2c-dcs-release-hub1.opcdeveloper.oracleinternalucf2c.oraclecorp.com:2222/qa-dev_test-shared-project1-1460033913915/test-shared-project1-1460033913915.git&quot;,
    &quot;branches&quot; : [ ],
    &quot;tags&quot; : [ ],
    &quot;description&quot; : null,
    &quot;importInProgress&quot; : false,
    &quot;head&quot; : &quot;master&quot;
  } ]
}
2016-04-07 06:11:55,749 INFO  [oracle.clouddev.test.selenium.tests.base.TestHomePage] Navigate to repository browse code page [empty]
2016-04-07 06:11:55,749 DEBUG [oracle.clouddev.test.selenium.util.RepositoryUtilities] navigating to repository test-repo1460034714489.git (http://ucf2c-dcs-release-hub1.opcdeveloper.oracleinternalucf2c.oraclecorp.com/qa-dev/#/projects/qa-dev_test-shared-project1-1460033913915/scm/test-repo1460034714489.git/tree?revision=)
2016-04-07 06:11:56,128 DEBUG [oracle.clouddev.test.selenium.components.AssertElement] Check condition (element is visible) for element [By.id: scm-content] on http://ucf2c-dcs-release-hub1.opcdeveloper.oracleinternalucf2c.oraclecorp.com/qa-dev/#/projects/qa-dev_test-shared-project1-1460033913915/scm/test-repo1460034714489.git/tree?revision=.
2016-04-07 06:11:56,146 INFO  [oracle.clouddev.test.selenium.tests.base.TestHomePage] Navigate to repository browse code page [non empty]
2016-04-07 06:11:56,146 DEBUG [oracle.clouddev.test.selenium.util.RepositoryUtilities] navigating to repository test-repo1460034715115.git (http://ucf2c-dcs-release-hub1.opcdeveloper.oracleinternalucf2c.oraclecorp.com/qa-dev/#/projects/qa-dev_test-shared-project1-1460033913915/scm/test-repo1460034715115.git/tree?revision=master)
2016-04-07 06:11:56,455 DEBUG [oracle.clouddev.test.selenium.components.AssertElement] Check condition (element is visible) for element [By.id: scm-content] on http://ucf2c-dcs-release-hub1.opcdeveloper.oracleinternalucf2c.oraclecorp.com/qa-dev/#/projects/qa-dev_test-shared-project1-1460033913915/scm/test-repo1460034715115.git/tree?revision=master.
2016-04-07 06:11:57,137 INFO  [oracle.clouddev.test.selenium.tests.base.TestHomePage] Check if README.md exists in the browse page
2016-04-07 06:11:58,288 DEBUG [oracle.clouddev.test.selenium.junit.BrowserSession] navigating to project qa-dev_test-shared-project1-1460033913915 (http://ucf2c-dcs-release-hub1.opcdeveloper.oracleinternalucf2c.oraclecorp.com/qa-dev/#/projects/qa-dev_test-shared-project1-1460033913915)
2016-04-07 06:11:59,049 DEBUG [oracle.clouddev.test.selenium.components.AssertElement] Check condition (oracle.clouddev.test.selenium.components.Conditions$5@2ab8867b) for element [By.xpath: .//button[@id=&apos;odcs-project-selector&apos;]/span[1]] on http://ucf2c-dcs-release-hub1.opcdeveloper.oracleinternalucf2c.oraclecorp.com/qa-dev/#/projects/qa-dev_test-shared-project1-1460033913915.
2016-04-07 06:11:59,495 DEBUG [oracle.clouddev.test.selenium.components.AssertElement] Check condition (NOT (element is visible)) for element [By.id: page-provision] on http://ucf2c-dcs-release-hub1.opcdeveloper.oracleinternalucf2c.oraclecorp.com/qa-dev/#/projects/qa-dev_test-shared-project1-1460033913915.
    </system-out>
    </testcase>
    <testcase classname="oracle.clouddev.test.selenium.tests.base.TestHomePage" name="testRestApiActivitiesList" time="0.068">
      <properties>
        <property name="java.runtime.name" value="Java(TM) SE Runtime Environment"/>
        <property name="exec.mainClass" value="oracle.clouddev.test.selenium.RunTests"/>
        <property name="sun.boot.library.path" value="/usr/java/jdk1.8.0_51/jre/lib/amd64"/>
        <property name="java.vm.version" value="25.51-b03"/>
        <property name="java.vm.vendor" value="Oracle Corporation"/>
        <property name="java.vendor.url" value="http://java.oracle.com/"/>
        <property name="guice.disable.misplaced.annotation.check" value="true"/>
        <property name="path.separator" value=":"/>
        <property name="java.vm.name" value="Java HotSpot(TM) 64-Bit Server VM"/>
        <property name="file.encoding.pkg" value="sun.io"/>
        <property name="user.country" value="US"/>
        <property name="sun.java.launcher" value="SUN_STANDARD"/>
        <property name="sun.os.patch.level" value="unknown"/>
        <property name="http.noProxyHosts" value="localhost|127.0.0.1|*.local|*.oraclecorp.com|*.us.oracle.com"/>
        <property name="java.vm.specification.name" value="Java Virtual Machine Specification"/>
        <property name="user.dir" value="/home/builder/hudson/workspace/dcs_dcs.Release-Selenium-Tests/selenium-tests"/>
        <property name="java.runtime.version" value="1.8.0_51-b16"/>
        <property name="java.awt.graphicsenv" value="sun.awt.X11GraphicsEnvironment"/>
        <property name="java.endorsed.dirs" value="/usr/java/jdk1.8.0_51/jre/lib/endorsed"/>
        <property name="os.arch" value="amd64"/>
        <property name="java.io.tmpdir" value="/tmp"/>
        <property name="line.separator" value="
"/>
        <property name="java.vm.specification.vendor" value="Oracle Corporation"/>
        <property name="https.proxyHost" value="www-proxy.us.oracle.com"/>
        <property name="os.name" value="Linux"/>
        <property name="classworlds.conf" value="/usr/local/apache-maven/apache-maven-3.0.4/bin/m2.conf"/>
        <property name="sun.jnu.encoding" value="UTF-8"/>
        <property name="http.proxyPort" value="80"/>
        <property name="java.library.path" value="/usr/java/packages/lib/amd64:/usr/lib64:/lib64:/lib:/usr/lib"/>
        <property name="sun.awt.enableExtraMouseButtons" value="true"/>
        <property name="java.specification.name" value="Java Platform API Specification"/>
        <property name="java.class.version" value="52.0"/>
        <property name="sun.management.compiler" value="HotSpot 64-Bit Tiered Compilers"/>
        <property name="os.version" value="3.8.13-55.1.1.el6uek.x86_64"/>
        <property name="user.home" value="/home/builder"/>
        <property name="user.timezone" value="PST8PDT"/>
        <property name="java.awt.printerjob" value="sun.print.PSPrinterJob"/>
        <property name="file.encoding" value="UTF-8"/>
        <property name="java.specification.version" value="1.8"/>
        <property name="java.class.path" value="/usr/local/apache-maven/apache-maven-3.0.4/boot/plexus-classworlds-2.4.jar"/>
        <property name="user.name" value="builder"/>
        <property name="java.vm.specification.version" value="1.8"/>
        <property name="sun.java.command" value="org.codehaus.plexus.classworlds.launcher.Launcher -f /home/c2c/hudson/workspace/dcs_dcs.Release-Selenium-Tests/selenium-tests/pom.xml --batch-mode exec:java -Dexec.mainClass=oracle.clouddev.test.selenium.RunTests -Dexec.args=selenium.browser.size.w=1280 selenium.browser.size.h=960 capture.video=true capture.screenshots=true notification.type=swing notification.history=3 notification.font.size=15 job-release-selenium-tests.properties build.job=dcs_dcs.Release-Selenium-Tests build.number=289 target.release=16.2.3.0.0 timeout.build.buildqueue=1200 timeout.build.buildqueue.polling=60 -s BASE --tag base"/>
        <property name="java.home" value="/usr/java/jdk1.8.0_51/jre"/>
        <property name="sun.arch.data.model" value="64"/>
        <property name="user.language" value="en"/>
        <property name="java.specification.vendor" value="Oracle Corporation"/>
        <property name="awt.toolkit" value="sun.awt.X11.XToolkit"/>
        <property name="java.vm.info" value="mixed mode"/>
        <property name="java.version" value="1.8.0_51"/>
        <property name="securerandom.source" value="file:/dev/./urandom"/>
        <property name="java.ext.dirs" value="/usr/java/jdk1.8.0_51/jre/lib/ext:/usr/java/packages/lib/ext"/>
        <property name="http.proxyHost" value="www-proxy.us.oracle.com"/>
        <property name="sun.boot.class.path" value="/usr/java/jdk1.8.0_51/jre/lib/resources.jar:/usr/java/jdk1.8.0_51/jre/lib/rt.jar:/usr/java/jdk1.8.0_51/jre/lib/sunrsasign.jar:/usr/java/jdk1.8.0_51/jre/lib/jsse.jar:/usr/java/jdk1.8.0_51/jre/lib/jce.jar:/usr/java/jdk1.8.0_51/jre/lib/charsets.jar:/usr/java/jdk1.8.0_51/jre/lib/jfr.jar:/usr/java/jdk1.8.0_51/jre/classes"/>
        <property name="java.vendor" value="Oracle Corporation"/>
        <property name="maven.home" value="/usr/local/apache-maven/apache-maven-3.0.4"/>
        <property name="file.separator" value="/"/>
        <property name="java.vendor.url.bug" value="http://bugreport.sun.com/bugreport/"/>
        <property name="sun.font.fontmanager" value="sun.awt.X11FontManager"/>
        <property name="sun.io.unicode.encoding" value="UnicodeLittle"/>
        <property name="sun.cpu.endian" value="little"/>
        <property name="https.proxyPort" value="80"/>
        <property name="exec.args" value="selenium.browser.size.w=1280 selenium.browser.size.h=960 capture.video=true capture.screenshots=true notification.type=swing notification.history=3 notification.font.size=15 job-release-selenium-tests.properties build.job=dcs_dcs.Release-Selenium-Tests build.number=289 target.release=16.2.3.0.0 timeout.build.buildqueue=1200 timeout.build.buildqueue.polling=60 -s BASE --tag base"/>
        <property name="sun.cpu.isalist" value=""/>
        <property name="test.selenium.browser.size.h" value="960"/>
        <property name="test.user.non-admin.name" value="tom.testsuite"/>
        <property name="test.https.proxyHost" value="www-proxy.us.oracle.com"/>
        <property name="test.user.admin.name" value="tina.testsuite"/>
        <property name="test.user.em-agent.password" value="Welcome1!"/>
        <property name="test.tag" value="base"/>
        <property name="test.user.em-agent.fullname" value="Alex Admin"/>
        <property name="test.selenium.port" value="44000"/>
        <property name="test.build.number" value="289"/>
        <property name="test.user.sdi-agent.enabled" value="true"/>
        <property name="test.timeout.assert.condition" value="30"/>
        <property name="test.target.version" value="{
  &quot;buildInformation&quot; : {
    &quot;gitCommitId&quot; : &quot;84b91eb9e1660e336bb9289583fdf62f88d10e16&quot;,
    &quot;gitCommitMessage&quot; : &quot;Bug 23012667 - Check for valid ACCS account in the same ID Domain\n&quot;,
    &quot;buildTime&quot; : &quot;05.04.2016 @ 21:54:38 PDT&quot;,
    &quot;buildUser&quot; : &quot;Code2Cloud Builder&quot;
  }
}"/>
        <property name="test.build.job" value="dcs_dcs.Release-Selenium-Tests"/>
        <property name="test.timeout.project.create" value="660"/>
        <property name="test.user.sdi-agent.name" value="alex.admin"/>
        <property name="test.selenium.browser" value="firefox"/>
        <property name="test.http.proxyPort" value="80"/>
        <property name="test.user.sdi-agent.password" value="Welcome1!"/>
        <property name="test.user.sdi-agent.fullname" value="Alex Admin"/>
        <property name="test.timeout.selenium.navigate" value="20"/>
        <property name="test.target.release" value="16.2.3.0.0"/>
        <property name="test.byom.ip" value="127.0.0.1"/>
        <property name="test.byom.port" value="8585"/>
        <property name="test.notification.type" value="swing"/>
        <property name="test.data.project.override" value=""/>
        <property name="test.timeout.selenium.find" value="1"/>
        <property name="test.user.em-agent.enabled" value="true"/>
        <property name="test.testEmptyOrg.db.id" value=""/>
        <property name="test.reviews.timeout.slowdown" value="0"/>
        <property name="test.http.noProxyHosts" value="localhost|127.0.0.1|*.local|*.oraclecorp.com|*.us.oracle.com"/>
        <property name="test.capture.video" value="true"/>
        <property name="test.user.non-admin.password" value="Welcome1!"/>
        <property name="test.user.non-admin.fullname" value="Tom Testsuite"/>
        <property name="test.user.admin.password" value="Welcome1!"/>
        <property name="test.notification.history" value="3"/>
        <property name="test.user.admin.fullname" value="Tina Testsuite"/>
        <property name="test.capture.screenshots" value="true"/>
        <property name="test.testEmptyOrg.db.connectString" value="jdbc:oracle:thin:@(DESCRIPTION=(ADDRESS=(PROTOCOL=TCP)(HOST=slc09iwb.us.oracle.com)(PORT=1521))(CONNECT_DATA=(SERVICE_NAME=dbpod)))"/>
        <property name="test.firefox.bin" value=""/>
        <property name="test.https.proxyPort" value="80"/>
        <property name="test.develop.offline" value="false"/>
        <property name="test.timeout.build.buildqueue.polling" value="60"/>
        <property name="test.output.dir" value="target/test-reports/"/>
        <property name="test.firefox.allowedHosts" value="localhost,localhost.localdomain"/>
        <property name="test.testEmptyOrg.db.schema" value="BV2RLPNYEWMR"/>
        <property name="test.web.url" value="http://ucf2c-dcs-release-hub1.opcdeveloper.oracleinternalucf2c.oraclecorp.com/qa-dev/"/>
        <property name="test.firefox.extensions" value=""/>
        <property name="test.testEmptyOrg.orgExistsCheck" value="false"/>
        <property name="test.data.dir" value="data/"/>
        <property name="test.notification.font.size" value="15"/>
        <property name="test.testEmptyOrg.service" value="devservice5"/>
        <property name="test.selenium.start.server" value="false"/>
        <property name="test.firefox.profile.path" value=""/>
        <property name="test.selenium.host" value="localhost"/>
        <property name="test.suite" value="BASE"/>
        <property name="test.tests" value=""/>
        <property name="test.user.admin.idm" value="dcsdevteam"/>
        <property name="test.http.proxyHost" value="www-proxy.us.oracle.com"/>
        <property name="test.testMethods" value=""/>
        <property name="test.reviews.dontDeleteEnviroment" value="false"/>
        <property name="test.selenium.browser.maximize" value="false"/>
        <property name="test.firefox.profile.name" value=""/>
        <property name="test.timeout.build.buildqueue" value="1200"/>
        <property name="test.user.em-agent.idm" value="dcsdevteam"/>
        <property name="test.selenium.remote" value="false"/>
        <property name="test.user.sdi-agent.idm" value="dcsdevteam"/>
        <property name="test.byom.authToken" value="123456"/>
        <property name="test.proxy.autodetect" value="false"/>
        <property name="test.testEmptyOrg.idm" value="dcsdevteam"/>
        <property name="test.user.non-admin.idm" value="dcsdevteam"/>
        <property name="test.data.tasks.useexisting" value="false"/>
        <property name="test.selenium.browser.size.w" value="1280"/>
        <property name="test.category" value="DEFAULT"/>
        <property name="test.user.em-agent.name" value="alex.admin"/>
        <property name="test.timeout.slowdown" value="0"/>
      </properties>
    <system-out>
2016-04-07 06:12:00,505 INFO  [oracle.clouddev.test.selenium.tests.base.TestHomePage] Get activities with Rest API call, pulling all activites
2016-04-07 06:12:00,506 INFO  [oracle.clouddev.test.selenium.util.RestActivitiesList] Get activity list: http://ucf2c-dcs-release-hub1.opcdeveloper.oracleinternalucf2c.oraclecorp.com/qa-dev/api/activity/list/qa-dev_test-shared-project1-1460033913915
2016-04-07 06:12:00,511 INFO  [oracle.clouddev.test.framework.rest.RestClient] [request#54] POST http://ucf2c-dcs-release-hub1.opcdeveloper.oracleinternalucf2c.oraclecorp.com/qa-dev/api/activity/list/qa-dev_test-shared-project1-1460033913915 HTTP/1.1 (user: ADMIN(dcsdevteam/tina.testsuite/Welcome1!))
2016-04-07 06:12:00,511 DEBUG [oracle.clouddev.test.framework.rest.RestClient] [request#54] posted content:
{
  &quot;types&quot; : [ ],
  &quot;offset&quot; : 0,
  &quot;count&quot; : 0
}
2016-04-07 06:12:00,511 DEBUG [oracle.clouddev.test.framework.rest.RestClient] [request#54] cURL: curl -k -u tina.testsuite:Welcome1! -X POST &apos;http://ucf2c-dcs-release-hub1.opcdeveloper.oracleinternalucf2c.oraclecorp.com/qa-dev/api/activity/list/qa-dev_test-shared-project1-1460033913915&apos; -H &apos;Content-Type: application/json; charset=UTF-8&apos; --data-binary &apos;{  &quot;types&quot; : [ ],  &quot;offset&quot; : 0,  &quot;count&quot; : 0}&apos;
2016-04-07 06:12:00,547 INFO  [oracle.clouddev.test.framework.rest.RestClient] [request#54] HTTP/1.1 200 OK
2016-04-07 06:12:00,547 DEBUG [oracle.clouddev.test.framework.rest.RestClient] [request#54] Content-Type: application/json;charset=UTF-8
2016-04-07 06:12:00,547 DEBUG [oracle.clouddev.test.framework.rest.RestClient] [request#54] Content-Length: -- no value --
2016-04-07 06:12:00,548 DEBUG [oracle.clouddev.test.framework.rest.ResponseProcessors$ResponseParserAdapter] [request#54] Received data:{
  &quot;queryResult&quot; : {
    &quot;activities&quot; : [ {
      &quot;id&quot; : 1616361,
      &quot;timestamp&quot; : 1460034716000,
      &quot;type&quot; : &quot;SCM_PUSH&quot;,
      &quot;author&quot; : {
        &quot;username&quot; : &quot;tina.testsuite&quot;,
        &quot;fullname&quot; : &quot;Tina Testsuite&quot;,
        &quot;email&quot; : &quot;devservice.tina@gmail.com&quot;,
        &quot;gravatarHash&quot; : &quot;90329b1e0d4bd06a80427ac70fbcdd55&quot;
      },
      &quot;properties&quot; : {
        &quot;commits.size&quot; : &quot;1&quot;,
        &quot;repository&quot; : &quot;test-repo1460034715115.git&quot;,
        &quot;commits[0].hash&quot; : &quot;59c697d540e31bb3130ba43cc9c33715484866d1&quot;,
        &quot;commits[0].comment&quot; : &quot;Initial Commit for test-repo1460034715115.git&quot;,
        &quot;branch&quot; : &quot;master&quot;,
        &quot;head&quot; : &quot;59c697d540e31bb3130ba43cc9c33715484866d1&quot;,
        &quot;size&quot; : &quot;1&quot;
      }
    }, {
      &quot;id&quot; : 1616360,
      &quot;timestamp&quot; : 1460034715000,
      &quot;type&quot; : &quot;SCM_REPO&quot;,
      &quot;author&quot; : {
        &quot;username&quot; : &quot;tina.testsuite&quot;,
        &quot;fullname&quot; : &quot;Tina Testsuite&quot;,
        &quot;email&quot; : &quot;devservice.tina@gmail.com&quot;,
        &quot;gravatarHash&quot; : &quot;90329b1e0d4bd06a80427ac70fbcdd55&quot;
      },
      &quot;properties&quot; : {
        &quot;repoName&quot; : &quot;test-repo1460034715115.git&quot;,
        &quot;repoLocation&quot; : &quot;CODE2CLOUD&quot;,
        &quot;repoDescription&quot; : &quot;Description test-repo1460034715115.git&quot;,
        &quot;type&quot; : &quot;CREATED&quot;
      }
    }, {
      &quot;id&quot; : 1616359,
      &quot;timestamp&quot; : 1460034715000,
      &quot;type&quot; : &quot;SCM_REPO&quot;,
      &quot;author&quot; : {
        &quot;username&quot; : &quot;tina.testsuite&quot;,
        &quot;fullname&quot; : &quot;Tina Testsuite&quot;,
        &quot;email&quot; : &quot;devservice.tina@gmail.com&quot;,
        &quot;gravatarHash&quot; : &quot;90329b1e0d4bd06a80427ac70fbcdd55&quot;
      },
      &quot;properties&quot; : {
        &quot;repoName&quot; : &quot;test-repo1460034714489.git&quot;,
        &quot;repoLocation&quot; : &quot;CODE2CLOUD&quot;,
        &quot;repoDescription&quot; : &quot;Description test-repo1460034714489.git&quot;,
        &quot;type&quot; : &quot;CREATED&quot;
      }
    }, {
      &quot;id&quot; : 1616358,
      &quot;timestamp&quot; : 1460034710000,
      &quot;type&quot; : &quot;SCM_REPO&quot;,
      &quot;author&quot; : {
        &quot;username&quot; : &quot;tina.testsuite&quot;,
        &quot;fullname&quot; : &quot;Tina Testsuite&quot;,
        &quot;email&quot; : &quot;devservice.tina@gmail.com&quot;,
        &quot;gravatarHash&quot; : &quot;90329b1e0d4bd06a80427ac70fbcdd55&quot;
      },
      &quot;properties&quot; : {
        &quot;repoName&quot; : &quot;qa-test-repo1460034703730.git&quot;,
        &quot;repoLocation&quot; : &quot;CODE2CLOUD&quot;,
        &quot;repoDescription&quot; : &quot;Description qa-test-repo1460034703730&quot;,
        &quot;type&quot; : &quot;CREATED&quot;
      }
    }, {
      &quot;id&quot; : 1616357,
      &quot;timestamp&quot; : 1460034702000,
      &quot;type&quot; : &quot;SCM_REPO&quot;,
      &quot;author&quot; : {
        &quot;username&quot; : &quot;tina.testsuite&quot;,
        &quot;fullname&quot; : &quot;Tina Testsuite&quot;,
        &quot;email&quot; : &quot;devservice.tina@gmail.com&quot;,
        &quot;gravatarHash&quot; : &quot;90329b1e0d4bd06a80427ac70fbcdd55&quot;
      },
      &quot;properties&quot; : {
        &quot;repoName&quot; : &quot;qa-test-repo1460034695509.git&quot;,
        &quot;repoLocation&quot; : &quot;CODE2CLOUD&quot;,
        &quot;repoDescription&quot; : &quot;Description qa-test-repo1460034695509&quot;,
        &quot;type&quot; : &quot;CREATED&quot;
      }
    }, {
      &quot;id&quot; : 1616356,
      &quot;timestamp&quot; : 1460034679000,
      &quot;type&quot; : &quot;SCM_REPO&quot;,
      &quot;author&quot; : {
        &quot;username&quot; : &quot;tina.testsuite&quot;,
        &quot;fullname&quot; : &quot;Tina Testsuite&quot;,
        &quot;email&quot; : &quot;devservice.tina@gmail.com&quot;,
        &quot;gravatarHash&quot; : &quot;90329b1e0d4bd06a80427ac70fbcdd55&quot;
      },
      &quot;properties&quot; : {
        &quot;repoName&quot; : &quot;test-repo1460034678174.git&quot;,
        &quot;repoLocation&quot; : &quot;CODE2CLOUD&quot;,
        &quot;repoDescription&quot; : &quot;Description test-repo1460034678174.git&quot;,
        &quot;type&quot; : &quot;CREATED&quot;
      }
    }, {
      &quot;id&quot; : 1616355,
      &quot;timestamp&quot; : 1460034675000,
      &quot;type&quot; : &quot;SCM_PUSH&quot;,
      &quot;author&quot; : {
        &quot;username&quot; : &quot;tina.testsuite&quot;,
        &quot;fullname&quot; : &quot;Tina Testsuite&quot;,
        &quot;email&quot; : &quot;devservice.tina@gmail.com&quot;,
        &quot;gravatarHash&quot; : &quot;90329b1e0d4bd06a80427ac70fbcdd55&quot;
      },
      &quot;properties&quot; : {
        &quot;commits.size&quot; : &quot;1&quot;,
        &quot;repository&quot; : &quot;test-repo1460034674003.git&quot;,
        &quot;commits[0].hash&quot; : &quot;1743e89143c16fa7a860a92ba1059d7a6650da2c&quot;,
        &quot;commits[0].comment&quot; : &quot;Initial Commit for test-repo1460034674003.git&quot;,
        &quot;branch&quot; : &quot;master&quot;,
        &quot;head&quot; : &quot;1743e89143c16fa7a860a92ba1059d7a6650da2c&quot;,
        &quot;size&quot; : &quot;1&quot;
      }
    }, {
      &quot;id&quot; : 1616354,
      &quot;timestamp&quot; : 1460034674000,
      &quot;type&quot; : &quot;SCM_REPO&quot;,
      &quot;author&quot; : {
        &quot;username&quot; : &quot;tina.testsuite&quot;,
        &quot;fullname&quot; : &quot;Tina Testsuite&quot;,
        &quot;email&quot; : &quot;devservice.tina@gmail.com&quot;,
        &quot;gravatarHash&quot; : &quot;90329b1e0d4bd06a80427ac70fbcdd55&quot;
      },
      &quot;properties&quot; : {
        &quot;repoName&quot; : &quot;test-repo1460034674003.git&quot;,
        &quot;repoLocation&quot; : &quot;CODE2CLOUD&quot;,
        &quot;repoDescription&quot; : &quot;Description test-repo1460034674003.git&quot;,
        &quot;type&quot; : &quot;CREATED&quot;
      }
    }, {
      &quot;id&quot; : 1616352,
      &quot;timestamp&quot; : 1460034670000,
      &quot;type&quot; : &quot;SCM_REPO&quot;,
      &quot;author&quot; : {
        &quot;username&quot; : &quot;tina.testsuite&quot;,
        &quot;fullname&quot; : &quot;Tina Testsuite&quot;,
        &quot;email&quot; : &quot;devservice.tina@gmail.com&quot;,
        &quot;gravatarHash&quot; : &quot;90329b1e0d4bd06a80427ac70fbcdd55&quot;
      },
      &quot;properties&quot; : {
        &quot;repoName&quot; : &quot;qa-test-repo1460034664931.git&quot;,
        &quot;repoLocation&quot; : &quot;CODE2CLOUD&quot;,
        &quot;repoDescription&quot; : &quot;Description qa-test-repo1460034664931&quot;,
        &quot;type&quot; : &quot;CREATED&quot;
      }
    }, {
      &quot;id&quot; : 1616353,
      &quot;timestamp&quot; : 1460034670000,
      &quot;type&quot; : &quot;SCM_PUSH&quot;,
      &quot;author&quot; : {
        &quot;username&quot; : &quot;tina.testsuite&quot;,
        &quot;fullname&quot; : &quot;Tina Testsuite&quot;,
        &quot;email&quot; : &quot;devservice.tina@gmail.com&quot;,
        &quot;gravatarHash&quot; : &quot;90329b1e0d4bd06a80427ac70fbcdd55&quot;
      },
      &quot;properties&quot; : {
        &quot;commits.size&quot; : &quot;1&quot;,
        &quot;repository&quot; : &quot;qa-test-repo1460034664931.git&quot;,
        &quot;commits[0].hash&quot; : &quot;acd654b6e95fecf340b340ace38d8b319d321310&quot;,
        &quot;commits[0].comment&quot; : &quot;Initial Commit for qa-test-repo1460034664931.git&quot;,
        &quot;branch&quot; : &quot;master&quot;,
        &quot;commits[0].author&quot; : &quot;devservice.tina@gmail.com&quot;,
        &quot;head&quot; : &quot;acd654b6e95fecf340b340ace38d8b319d321310&quot;,
        &quot;size&quot; : &quot;1&quot;
      }
    }, {
      &quot;id&quot; : 1616336,
      &quot;timestamp&quot; : 1460033918000,
      &quot;type&quot; : &quot;SCM_REPO&quot;,
      &quot;author&quot; : null,
      &quot;properties&quot; : {
        &quot;repoName&quot; : &quot;test-shared-project1-1460033913915.git&quot;,
        &quot;repoLocation&quot; : &quot;CODE2CLOUD&quot;,
        &quot;type&quot; : &quot;CREATED&quot;
      }
    }, {
      &quot;id&quot; : 1616335,
      &quot;timestamp&quot; : 1460033916000,
      &quot;type&quot; : &quot;PROJECT&quot;,
      &quot;author&quot; : {
        &quot;username&quot; : &quot;tina.testsuite&quot;,
        &quot;fullname&quot; : &quot;Tina Testsuite&quot;,
        &quot;email&quot; : &quot;devservice.tina@gmail.com&quot;,
        &quot;gravatarHash&quot; : &quot;90329b1e0d4bd06a80427ac70fbcdd55&quot;
      },
      &quot;properties&quot; : {
      }
    } ],
    &quot;totalCount&quot; : 12
  }
}
2016-04-07 06:12:00,550 INFO  [oracle.clouddev.test.selenium.tests.base.TestHomePage] Number of activitites returned: 12
2016-04-07 06:12:00,550 INFO  [oracle.clouddev.test.selenium.tests.base.TestHomePage] Get activities with Rest API call, pulling based on offset
2016-04-07 06:12:00,550 INFO  [oracle.clouddev.test.selenium.util.RestActivitiesList] Get activity list: http://ucf2c-dcs-release-hub1.opcdeveloper.oracleinternalucf2c.oraclecorp.com/qa-dev/api/activity/list/qa-dev_test-shared-project1-1460033913915
2016-04-07 06:12:00,557 INFO  [oracle.clouddev.test.framework.rest.RestClient] [request#55] POST http://ucf2c-dcs-release-hub1.opcdeveloper.oracleinternalucf2c.oraclecorp.com/qa-dev/api/activity/list/qa-dev_test-shared-project1-1460033913915 HTTP/1.1 (user: ADMIN(dcsdevteam/tina.testsuite/Welcome1!))
2016-04-07 06:12:00,557 DEBUG [oracle.clouddev.test.framework.rest.RestClient] [request#55] posted content:
{
  &quot;types&quot; : [ ],
  &quot;offset&quot; : 1,
  &quot;count&quot; : 1
}
2016-04-07 06:12:00,557 DEBUG [oracle.clouddev.test.framework.rest.RestClient] [request#55] cURL: curl -k -u tina.testsuite:Welcome1! -X POST &apos;http://ucf2c-dcs-release-hub1.opcdeveloper.oracleinternalucf2c.oraclecorp.com/qa-dev/api/activity/list/qa-dev_test-shared-project1-1460033913915&apos; -H &apos;Content-Type: application/json; charset=UTF-8&apos; --data-binary &apos;{  &quot;types&quot; : [ ],  &quot;offset&quot; : 1,  &quot;count&quot; : 1}&apos;
2016-04-07 06:12:00,569 INFO  [oracle.clouddev.test.framework.rest.RestClient] [request#55] HTTP/1.1 200 OK
2016-04-07 06:12:00,570 DEBUG [oracle.clouddev.test.framework.rest.RestClient] [request#55] Content-Type: application/json;charset=UTF-8
2016-04-07 06:12:00,570 DEBUG [oracle.clouddev.test.framework.rest.RestClient] [request#55] Content-Length: -- no value --
2016-04-07 06:12:00,570 DEBUG [oracle.clouddev.test.framework.rest.ResponseProcessors$ResponseParserAdapter] [request#55] Received data:{
  &quot;queryResult&quot; : {
    &quot;activities&quot; : [ {
      &quot;id&quot; : 1616360,
      &quot;timestamp&quot; : 1460034715000,
      &quot;type&quot; : &quot;SCM_REPO&quot;,
      &quot;author&quot; : {
        &quot;username&quot; : &quot;tina.testsuite&quot;,
        &quot;fullname&quot; : &quot;Tina Testsuite&quot;,
        &quot;email&quot; : &quot;devservice.tina@gmail.com&quot;,
        &quot;gravatarHash&quot; : &quot;90329b1e0d4bd06a80427ac70fbcdd55&quot;
      },
      &quot;properties&quot; : {
        &quot;repoName&quot; : &quot;test-repo1460034715115.git&quot;,
        &quot;repoLocation&quot; : &quot;CODE2CLOUD&quot;,
        &quot;repoDescription&quot; : &quot;Description test-repo1460034715115.git&quot;,
        &quot;type&quot; : &quot;CREATED&quot;
      }
    } ],
    &quot;totalCount&quot; : 12
  }
}
2016-04-07 06:12:00,573 INFO  [oracle.clouddev.test.selenium.tests.base.TestHomePage] Number of activitites returned: 12
    </system-out>
    </testcase>
    <testcase classname="oracle.clouddev.test.selenium.tests.base.TestHomePage" name="testTabs" time="7.184">
      <properties>
        <property name="java.runtime.name" value="Java(TM) SE Runtime Environment"/>
        <property name="exec.mainClass" value="oracle.clouddev.test.selenium.RunTests"/>
        <property name="sun.boot.library.path" value="/usr/java/jdk1.8.0_51/jre/lib/amd64"/>
        <property name="java.vm.version" value="25.51-b03"/>
        <property name="java.vm.vendor" value="Oracle Corporation"/>
        <property name="java.vendor.url" value="http://java.oracle.com/"/>
        <property name="guice.disable.misplaced.annotation.check" value="true"/>
        <property name="path.separator" value=":"/>
        <property name="java.vm.name" value="Java HotSpot(TM) 64-Bit Server VM"/>
        <property name="file.encoding.pkg" value="sun.io"/>
        <property name="user.country" value="US"/>
        <property name="sun.java.launcher" value="SUN_STANDARD"/>
        <property name="sun.os.patch.level" value="unknown"/>
        <property name="http.noProxyHosts" value="localhost|127.0.0.1|*.local|*.oraclecorp.com|*.us.oracle.com"/>
        <property name="java.vm.specification.name" value="Java Virtual Machine Specification"/>
        <property name="user.dir" value="/home/builder/hudson/workspace/dcs_dcs.Release-Selenium-Tests/selenium-tests"/>
        <property name="java.runtime.version" value="1.8.0_51-b16"/>
        <property name="java.awt.graphicsenv" value="sun.awt.X11GraphicsEnvironment"/>
        <property name="java.endorsed.dirs" value="/usr/java/jdk1.8.0_51/jre/lib/endorsed"/>
        <property name="os.arch" value="amd64"/>
        <property name="java.io.tmpdir" value="/tmp"/>
        <property name="line.separator" value="
"/>
        <property name="java.vm.specification.vendor" value="Oracle Corporation"/>
        <property name="https.proxyHost" value="www-proxy.us.oracle.com"/>
        <property name="os.name" value="Linux"/>
        <property name="classworlds.conf" value="/usr/local/apache-maven/apache-maven-3.0.4/bin/m2.conf"/>
        <property name="sun.jnu.encoding" value="UTF-8"/>
        <property name="http.proxyPort" value="80"/>
        <property name="java.library.path" value="/usr/java/packages/lib/amd64:/usr/lib64:/lib64:/lib:/usr/lib"/>
        <property name="sun.awt.enableExtraMouseButtons" value="true"/>
        <property name="java.specification.name" value="Java Platform API Specification"/>
        <property name="java.class.version" value="52.0"/>
        <property name="sun.management.compiler" value="HotSpot 64-Bit Tiered Compilers"/>
        <property name="os.version" value="3.8.13-55.1.1.el6uek.x86_64"/>
        <property name="user.home" value="/home/builder"/>
        <property name="user.timezone" value="PST8PDT"/>
        <property name="java.awt.printerjob" value="sun.print.PSPrinterJob"/>
        <property name="file.encoding" value="UTF-8"/>
        <property name="java.specification.version" value="1.8"/>
        <property name="java.class.path" value="/usr/local/apache-maven/apache-maven-3.0.4/boot/plexus-classworlds-2.4.jar"/>
        <property name="user.name" value="builder"/>
        <property name="java.vm.specification.version" value="1.8"/>
        <property name="sun.java.command" value="org.codehaus.plexus.classworlds.launcher.Launcher -f /home/c2c/hudson/workspace/dcs_dcs.Release-Selenium-Tests/selenium-tests/pom.xml --batch-mode exec:java -Dexec.mainClass=oracle.clouddev.test.selenium.RunTests -Dexec.args=selenium.browser.size.w=1280 selenium.browser.size.h=960 capture.video=true capture.screenshots=true notification.type=swing notification.history=3 notification.font.size=15 job-release-selenium-tests.properties build.job=dcs_dcs.Release-Selenium-Tests build.number=289 target.release=16.2.3.0.0 timeout.build.buildqueue=1200 timeout.build.buildqueue.polling=60 -s BASE --tag base"/>
        <property name="java.home" value="/usr/java/jdk1.8.0_51/jre"/>
        <property name="sun.arch.data.model" value="64"/>
        <property name="user.language" value="en"/>
        <property name="java.specification.vendor" value="Oracle Corporation"/>
        <property name="awt.toolkit" value="sun.awt.X11.XToolkit"/>
        <property name="java.vm.info" value="mixed mode"/>
        <property name="java.version" value="1.8.0_51"/>
        <property name="securerandom.source" value="file:/dev/./urandom"/>
        <property name="java.ext.dirs" value="/usr/java/jdk1.8.0_51/jre/lib/ext:/usr/java/packages/lib/ext"/>
        <property name="http.proxyHost" value="www-proxy.us.oracle.com"/>
        <property name="sun.boot.class.path" value="/usr/java/jdk1.8.0_51/jre/lib/resources.jar:/usr/java/jdk1.8.0_51/jre/lib/rt.jar:/usr/java/jdk1.8.0_51/jre/lib/sunrsasign.jar:/usr/java/jdk1.8.0_51/jre/lib/jsse.jar:/usr/java/jdk1.8.0_51/jre/lib/jce.jar:/usr/java/jdk1.8.0_51/jre/lib/charsets.jar:/usr/java/jdk1.8.0_51/jre/lib/jfr.jar:/usr/java/jdk1.8.0_51/jre/classes"/>
        <property name="java.vendor" value="Oracle Corporation"/>
        <property name="maven.home" value="/usr/local/apache-maven/apache-maven-3.0.4"/>
        <property name="file.separator" value="/"/>
        <property name="java.vendor.url.bug" value="http://bugreport.sun.com/bugreport/"/>
        <property name="sun.font.fontmanager" value="sun.awt.X11FontManager"/>
        <property name="sun.io.unicode.encoding" value="UnicodeLittle"/>
        <property name="sun.cpu.endian" value="little"/>
        <property name="https.proxyPort" value="80"/>
        <property name="exec.args" value="selenium.browser.size.w=1280 selenium.browser.size.h=960 capture.video=true capture.screenshots=true notification.type=swing notification.history=3 notification.font.size=15 job-release-selenium-tests.properties build.job=dcs_dcs.Release-Selenium-Tests build.number=289 target.release=16.2.3.0.0 timeout.build.buildqueue=1200 timeout.build.buildqueue.polling=60 -s BASE --tag base"/>
        <property name="sun.cpu.isalist" value=""/>
        <property name="test.selenium.browser.size.h" value="960"/>
        <property name="test.user.non-admin.name" value="tom.testsuite"/>
        <property name="test.https.proxyHost" value="www-proxy.us.oracle.com"/>
        <property name="test.user.admin.name" value="tina.testsuite"/>
        <property name="test.user.em-agent.password" value="Welcome1!"/>
        <property name="test.tag" value="base"/>
        <property name="test.user.em-agent.fullname" value="Alex Admin"/>
        <property name="test.selenium.port" value="44000"/>
        <property name="test.build.number" value="289"/>
        <property name="test.user.sdi-agent.enabled" value="true"/>
        <property name="test.timeout.assert.condition" value="30"/>
        <property name="test.target.version" value="{
  &quot;buildInformation&quot; : {
    &quot;gitCommitId&quot; : &quot;84b91eb9e1660e336bb9289583fdf62f88d10e16&quot;,
    &quot;gitCommitMessage&quot; : &quot;Bug 23012667 - Check for valid ACCS account in the same ID Domain\n&quot;,
    &quot;buildTime&quot; : &quot;05.04.2016 @ 21:54:38 PDT&quot;,
    &quot;buildUser&quot; : &quot;Code2Cloud Builder&quot;
  }
}"/>
        <property name="test.build.job" value="dcs_dcs.Release-Selenium-Tests"/>
        <property name="test.timeout.project.create" value="660"/>
        <property name="test.user.sdi-agent.name" value="alex.admin"/>
        <property name="test.selenium.browser" value="firefox"/>
        <property name="test.http.proxyPort" value="80"/>
        <property name="test.user.sdi-agent.password" value="Welcome1!"/>
        <property name="test.user.sdi-agent.fullname" value="Alex Admin"/>
        <property name="test.timeout.selenium.navigate" value="20"/>
        <property name="test.target.release" value="16.2.3.0.0"/>
        <property name="test.byom.ip" value="127.0.0.1"/>
        <property name="test.byom.port" value="8585"/>
        <property name="test.notification.type" value="swing"/>
        <property name="test.data.project.override" value=""/>
        <property name="test.timeout.selenium.find" value="1"/>
        <property name="test.user.em-agent.enabled" value="true"/>
        <property name="test.testEmptyOrg.db.id" value=""/>
        <property name="test.reviews.timeout.slowdown" value="0"/>
        <property name="test.http.noProxyHosts" value="localhost|127.0.0.1|*.local|*.oraclecorp.com|*.us.oracle.com"/>
        <property name="test.capture.video" value="true"/>
        <property name="test.user.non-admin.password" value="Welcome1!"/>
        <property name="test.user.non-admin.fullname" value="Tom Testsuite"/>
        <property name="test.user.admin.password" value="Welcome1!"/>
        <property name="test.notification.history" value="3"/>
        <property name="test.user.admin.fullname" value="Tina Testsuite"/>
        <property name="test.capture.screenshots" value="true"/>
        <property name="test.testEmptyOrg.db.connectString" value="jdbc:oracle:thin:@(DESCRIPTION=(ADDRESS=(PROTOCOL=TCP)(HOST=slc09iwb.us.oracle.com)(PORT=1521))(CONNECT_DATA=(SERVICE_NAME=dbpod)))"/>
        <property name="test.firefox.bin" value=""/>
        <property name="test.https.proxyPort" value="80"/>
        <property name="test.develop.offline" value="false"/>
        <property name="test.timeout.build.buildqueue.polling" value="60"/>
        <property name="test.output.dir" value="target/test-reports/"/>
        <property name="test.firefox.allowedHosts" value="localhost,localhost.localdomain"/>
        <property name="test.testEmptyOrg.db.schema" value="BV2RLPNYEWMR"/>
        <property name="test.web.url" value="http://ucf2c-dcs-release-hub1.opcdeveloper.oracleinternalucf2c.oraclecorp.com/qa-dev/"/>
        <property name="test.firefox.extensions" value=""/>
        <property name="test.testEmptyOrg.orgExistsCheck" value="false"/>
        <property name="test.data.dir" value="data/"/>
        <property name="test.notification.font.size" value="15"/>
        <property name="test.testEmptyOrg.service" value="devservice5"/>
        <property name="test.selenium.start.server" value="false"/>
        <property name="test.firefox.profile.path" value=""/>
        <property name="test.selenium.host" value="localhost"/>
        <property name="test.suite" value="BASE"/>
        <property name="test.tests" value=""/>
        <property name="test.user.admin.idm" value="dcsdevteam"/>
        <property name="test.http.proxyHost" value="www-proxy.us.oracle.com"/>
        <property name="test.testMethods" value=""/>
        <property name="test.reviews.dontDeleteEnviroment" value="false"/>
        <property name="test.selenium.browser.maximize" value="false"/>
        <property name="test.firefox.profile.name" value=""/>
        <property name="test.timeout.build.buildqueue" value="1200"/>
        <property name="test.user.em-agent.idm" value="dcsdevteam"/>
        <property name="test.selenium.remote" value="false"/>
        <property name="test.user.sdi-agent.idm" value="dcsdevteam"/>
        <property name="test.byom.authToken" value="123456"/>
        <property name="test.proxy.autodetect" value="false"/>
        <property name="test.testEmptyOrg.idm" value="dcsdevteam"/>
        <property name="test.user.non-admin.idm" value="dcsdevteam"/>
        <property name="test.data.tasks.useexisting" value="false"/>
        <property name="test.selenium.browser.size.w" value="1280"/>
        <property name="test.category" value="DEFAULT"/>
        <property name="test.user.em-agent.name" value="alex.admin"/>
        <property name="test.timeout.slowdown" value="0"/>
      </properties>
    <system-out>
2016-04-07 06:12:00,592 DEBUG [oracle.clouddev.test.selenium.components.AssertElement] Check condition (element is visible) for element [By.id: home-tab-header-1] on http://ucf2c-dcs-release-hub1.opcdeveloper.oracleinternalucf2c.oraclecorp.com/qa-dev/#/projects/qa-dev_test-shared-project1-1460033913915.
2016-04-07 06:12:00,637 DEBUG [oracle.clouddev.test.selenium.components.AssertElement] Check condition (element is visible) for element [By.id: home-tab-header-1] on http://ucf2c-dcs-release-hub1.opcdeveloper.oracleinternalucf2c.oraclecorp.com/qa-dev/#/projects/qa-dev_test-shared-project1-1460033913915.
2016-04-07 06:12:00,891 DEBUG [oracle.clouddev.test.selenium.components.AssertElement] Check condition (element is visible) for element [By.id: home-tab-content-1] on http://ucf2c-dcs-release-hub1.opcdeveloper.oracleinternalucf2c.oraclecorp.com/qa-dev/#/projects/qa-dev_test-shared-project1-1460033913915.
2016-04-07 06:12:00,924 DEBUG [oracle.clouddev.test.selenium.components.AssertElement] Check condition (element is visible) for element [By.id: home-tab-header-2] on http://ucf2c-dcs-release-hub1.opcdeveloper.oracleinternalucf2c.oraclecorp.com/qa-dev/#/projects/qa-dev_test-shared-project1-1460033913915.
2016-04-07 06:12:00,960 DEBUG [oracle.clouddev.test.selenium.components.AssertElement] Check condition (element is visible) for element [By.id: home-tab-header-2] on http://ucf2c-dcs-release-hub1.opcdeveloper.oracleinternalucf2c.oraclecorp.com/qa-dev/#/projects/qa-dev_test-shared-project1-1460033913915.
2016-04-07 06:12:01,253 DEBUG [oracle.clouddev.test.selenium.components.AssertElement] Check condition (element is visible) for element [By.id: home-tab-content-2] on http://ucf2c-dcs-release-hub1.opcdeveloper.oracleinternalucf2c.oraclecorp.com/qa-dev/#/projects/qa-dev_test-shared-project1-1460033913915.
2016-04-07 06:12:01,278 DEBUG [oracle.clouddev.test.selenium.components.AssertElement] Check condition (element is visible) for element [By.id: home-tab-header-3] on http://ucf2c-dcs-release-hub1.opcdeveloper.oracleinternalucf2c.oraclecorp.com/qa-dev/#/projects/qa-dev_test-shared-project1-1460033913915.
2016-04-07 06:12:01,314 DEBUG [oracle.clouddev.test.selenium.components.AssertElement] Check condition (element is visible) for element [By.id: home-tab-header-3] on http://ucf2c-dcs-release-hub1.opcdeveloper.oracleinternalucf2c.oraclecorp.com/qa-dev/#/projects/qa-dev_test-shared-project1-1460033913915.
2016-04-07 06:12:01,657 DEBUG [oracle.clouddev.test.selenium.components.AssertElement] Check condition (element is visible) for element [By.id: home-tab-content-3] on http://ucf2c-dcs-release-hub1.opcdeveloper.oracleinternalucf2c.oraclecorp.com/qa-dev/#/projects/qa-dev_test-shared-project1-1460033913915.
2016-04-07 06:12:01,691 DEBUG [oracle.clouddev.test.selenium.components.AssertElement] Check condition (element is visible) for element [By.id: home-tab-header-1] on http://ucf2c-dcs-release-hub1.opcdeveloper.oracleinternalucf2c.oraclecorp.com/qa-dev/#/projects/qa-dev_test-shared-project1-1460033913915.
2016-04-07 06:12:01,721 DEBUG [oracle.clouddev.test.selenium.components.AssertElement] Check condition (element is visible) for element [By.id: home-tab-header-1] on http://ucf2c-dcs-release-hub1.opcdeveloper.oracleinternalucf2c.oraclecorp.com/qa-dev/#/projects/qa-dev_test-shared-project1-1460033913915.
2016-04-07 06:12:01,915 DEBUG [oracle.clouddev.test.selenium.components.AssertElement] Check condition (element is visible) for element [By.id: home-tab-content-1] on http://ucf2c-dcs-release-hub1.opcdeveloper.oracleinternalucf2c.oraclecorp.com/qa-dev/#/projects/qa-dev_test-shared-project1-1460033913915.
2016-04-07 06:12:01,940 DEBUG [oracle.clouddev.test.selenium.components.AssertElement] Check condition (element is visible) for element [By.id: home-tab-header-2] on http://ucf2c-dcs-release-hub1.opcdeveloper.oracleinternalucf2c.oraclecorp.com/qa-dev/#/projects/qa-dev_test-shared-project1-1460033913915.
2016-04-07 06:12:01,997 DEBUG [oracle.clouddev.test.selenium.components.AssertElement] Check condition (element is visible) for element [By.id: home-tab-header-2] on http://ucf2c-dcs-release-hub1.opcdeveloper.oracleinternalucf2c.oraclecorp.com/qa-dev/#/projects/qa-dev_test-shared-project1-1460033913915.
2016-04-07 06:12:02,709 DEBUG [oracle.clouddev.test.selenium.components.AssertElement] Check condition (element is visible) for element [By.id: home-tab-content-2] on http://ucf2c-dcs-release-hub1.opcdeveloper.oracleinternalucf2c.oraclecorp.com/qa-dev/#/projects/qa-dev_test-shared-project1-1460033913915.
2016-04-07 06:12:02,734 DEBUG [oracle.clouddev.test.selenium.components.AssertElement] Check condition (element is visible) for element [By.id: home-tab-header-3] on http://ucf2c-dcs-release-hub1.opcdeveloper.oracleinternalucf2c.oraclecorp.com/qa-dev/#/projects/qa-dev_test-shared-project1-1460033913915.
2016-04-07 06:12:02,763 DEBUG [oracle.clouddev.test.selenium.components.AssertElement] Check condition (element is visible) for element [By.id: home-tab-header-3] on http://ucf2c-dcs-release-hub1.opcdeveloper.oracleinternalucf2c.oraclecorp.com/qa-dev/#/projects/qa-dev_test-shared-project1-1460033913915.
2016-04-07 06:12:03,238 DEBUG [oracle.clouddev.test.selenium.components.AssertElement] Check condition (element is visible) for element [By.id: home-tab-content-3] on http://ucf2c-dcs-release-hub1.opcdeveloper.oracleinternalucf2c.oraclecorp.com/qa-dev/#/projects/qa-dev_test-shared-project1-1460033913915.
2016-04-07 06:12:03,264 DEBUG [oracle.clouddev.test.selenium.components.AssertElement] Check condition (element is visible) for element [By.id: home-tab-header-1] on http://ucf2c-dcs-release-hub1.opcdeveloper.oracleinternalucf2c.oraclecorp.com/qa-dev/#/projects/qa-dev_test-shared-project1-1460033913915.
2016-04-07 06:12:03,298 DEBUG [oracle.clouddev.test.selenium.components.AssertElement] Check condition (element is visible) for element [By.id: home-tab-header-1] on http://ucf2c-dcs-release-hub1.opcdeveloper.oracleinternalucf2c.oraclecorp.com/qa-dev/#/projects/qa-dev_test-shared-project1-1460033913915.
2016-04-07 06:12:03,523 DEBUG [oracle.clouddev.test.selenium.components.AssertElement] Check condition (element is visible) for element [By.id: repo-list-filter] on http://ucf2c-dcs-release-hub1.opcdeveloper.oracleinternalucf2c.oraclecorp.com/qa-dev/#/projects/qa-dev_test-shared-project1-1460033913915.
2016-04-07 06:12:03,550 DEBUG [oracle.clouddev.test.selenium.components.AssertElement] Check condition (element is visible) for element [By.id: filter-input under [By.id: repo-list-filter]] on http://ucf2c-dcs-release-hub1.opcdeveloper.oracleinternalucf2c.oraclecorp.com/qa-dev/#/projects/qa-dev_test-shared-project1-1460033913915.
2016-04-07 06:12:03,571 INFO  [oracle.clouddev.test.selenium.util.RestRepositoryBuilder] Get repository list: http://ucf2c-dcs-release-hub1.opcdeveloper.oracleinternalucf2c.oraclecorp.com/qa-dev/s/qa-dev_test-shared-project1-1460033913915/scm/api/repository/
2016-04-07 06:12:03,579 INFO  [oracle.clouddev.test.framework.rest.RestClient] [request#56] GET http://ucf2c-dcs-release-hub1.opcdeveloper.oracleinternalucf2c.oraclecorp.com/qa-dev/s/qa-dev_test-shared-project1-1460033913915/scm/api/repository/ HTTP/1.1 (user: ADMIN(dcsdevteam/tina.testsuite/Welcome1!))
2016-04-07 06:12:03,579 DEBUG [oracle.clouddev.test.framework.rest.RestClient] [request#56] cURL: curl -k -u tina.testsuite:Welcome1! -X GET &apos;http://ucf2c-dcs-release-hub1.opcdeveloper.oracleinternalucf2c.oraclecorp.com/qa-dev/s/qa-dev_test-shared-project1-1460033913915/scm/api/repository/&apos;
2016-04-07 06:12:03,633 INFO  [oracle.clouddev.test.framework.rest.RestClient] [request#56] HTTP/1.1 200 OK
2016-04-07 06:12:03,633 DEBUG [oracle.clouddev.test.framework.rest.RestClient] [request#56] Content-Type: application/json;charset=UTF-8
2016-04-07 06:12:03,633 DEBUG [oracle.clouddev.test.framework.rest.RestClient] [request#56] Content-Length: 4343
2016-04-07 06:12:03,634 DEBUG [oracle.clouddev.test.framework.rest.ResponseProcessors$ResponseParserAdapter] [request#56] Received data:{
  &quot;scmRepositoryList&quot; : [ {
    &quot;name&quot; : &quot;qa-test-repo1460034664931.git&quot;,
    &quot;url&quot; : &quot;http://ucf2c-dcs-release-hub1.opcdeveloper.oracleinternalucf2c.oraclecorp.com/qa-dev/s/qa-dev_test-shared-project1-1460033913915/scm/qa-test-repo1460034664931.git&quot;,
    &quot;type&quot; : &quot;GIT&quot;,
    &quot;scmLocation&quot; : &quot;CODE2CLOUD&quot;,
    &quot;alternateUrl&quot; : &quot;ssh://ucf2c-dcs-release-hub1.opcdeveloper.oracleinternalucf2c.oraclecorp.com:2222/qa-dev_test-shared-project1-1460033913915/qa-test-repo1460034664931.git&quot;,
    &quot;branches&quot; : [ &quot;master&quot; ],
    &quot;tags&quot; : [ ],
    &quot;description&quot; : &quot;Description qa-test-repo1460034664931&quot;,
    &quot;importInProgress&quot; : false,
    &quot;head&quot; : &quot;master&quot;
  }, {
    &quot;name&quot; : &quot;qa-test-repo1460034695509.git&quot;,
    &quot;url&quot; : &quot;http://ucf2c-dcs-release-hub1.opcdeveloper.oracleinternalucf2c.oraclecorp.com/qa-dev/s/qa-dev_test-shared-project1-1460033913915/scm/qa-test-repo1460034695509.git&quot;,
    &quot;type&quot; : &quot;GIT&quot;,
    &quot;scmLocation&quot; : &quot;CODE2CLOUD&quot;,
    &quot;alternateUrl&quot; : &quot;ssh://ucf2c-dcs-release-hub1.opcdeveloper.oracleinternalucf2c.oraclecorp.com:2222/qa-dev_test-shared-project1-1460033913915/qa-test-repo1460034695509.git&quot;,
    &quot;branches&quot; : [ ],
    &quot;tags&quot; : [ ],
    &quot;description&quot; : &quot;Description qa-test-repo1460034695509&quot;,
    &quot;importInProgress&quot; : false,
    &quot;head&quot; : &quot;master&quot;
  }, {
    &quot;name&quot; : &quot;qa-test-repo1460034703730.git&quot;,
    &quot;url&quot; : &quot;http://ucf2c-dcs-release-hub1.opcdeveloper.oracleinternalucf2c.oraclecorp.com/qa-dev/s/qa-dev_test-shared-project1-1460033913915/scm/qa-test-repo1460034703730.git&quot;,
    &quot;type&quot; : &quot;GIT&quot;,
    &quot;scmLocation&quot; : &quot;CODE2CLOUD&quot;,
    &quot;alternateUrl&quot; : &quot;ssh://ucf2c-dcs-release-hub1.opcdeveloper.oracleinternalucf2c.oraclecorp.com:2222/qa-dev_test-shared-project1-1460033913915/qa-test-repo1460034703730.git&quot;,
    &quot;branches&quot; : [ ],
    &quot;tags&quot; : [ ],
    &quot;description&quot; : &quot;Description qa-test-repo1460034703730&quot;,
    &quot;importInProgress&quot; : false,
    &quot;head&quot; : &quot;master&quot;
  }, {
    &quot;name&quot; : &quot;test-repo1460034674003.git&quot;,
    &quot;url&quot; : &quot;http://ucf2c-dcs-release-hub1.opcdeveloper.oracleinternalucf2c.oraclecorp.com/qa-dev/s/qa-dev_test-shared-project1-1460033913915/scm/test-repo1460034674003.git&quot;,
    &quot;type&quot; : &quot;GIT&quot;,
    &quot;scmLocation&quot; : &quot;CODE2CLOUD&quot;,
    &quot;alternateUrl&quot; : &quot;ssh://ucf2c-dcs-release-hub1.opcdeveloper.oracleinternalucf2c.oraclecorp.com:2222/qa-dev_test-shared-project1-1460033913915/test-repo1460034674003.git&quot;,
    &quot;branches&quot; : [ &quot;master&quot; ],
    &quot;tags&quot; : [ ],
    &quot;description&quot; : &quot;Description test-repo1460034674003.git&quot;,
    &quot;importInProgress&quot; : false,
    &quot;head&quot; : &quot;master&quot;
  }, {
    &quot;name&quot; : &quot;test-repo1460034678174.git&quot;,
    &quot;url&quot; : &quot;http://ucf2c-dcs-release-hub1.opcdeveloper.oracleinternalucf2c.oraclecorp.com/qa-dev/s/qa-dev_test-shared-project1-1460033913915/scm/test-repo1460034678174.git&quot;,
    &quot;type&quot; : &quot;GIT&quot;,
    &quot;scmLocation&quot; : &quot;CODE2CLOUD&quot;,
    &quot;alternateUrl&quot; : &quot;ssh://ucf2c-dcs-release-hub1.opcdeveloper.oracleinternalucf2c.oraclecorp.com:2222/qa-dev_test-shared-project1-1460033913915/test-repo1460034678174.git&quot;,
    &quot;branches&quot; : [ ],
    &quot;tags&quot; : [ ],
    &quot;description&quot; : &quot;Description test-repo1460034678174.git&quot;,
    &quot;importInProgress&quot; : false,
    &quot;head&quot; : &quot;master&quot;
  }, {
    &quot;name&quot; : &quot;test-repo1460034714489.git&quot;,
    &quot;url&quot; : &quot;http://ucf2c-dcs-release-hub1.opcdeveloper.oracleinternalucf2c.oraclecorp.com/qa-dev/s/qa-dev_test-shared-project1-1460033913915/scm/test-repo1460034714489.git&quot;,
    &quot;type&quot; : &quot;GIT&quot;,
    &quot;scmLocation&quot; : &quot;CODE2CLOUD&quot;,
    &quot;alternateUrl&quot; : &quot;ssh://ucf2c-dcs-release-hub1.opcdeveloper.oracleinternalucf2c.oraclecorp.com:2222/qa-dev_test-shared-project1-1460033913915/test-repo1460034714489.git&quot;,
    &quot;branches&quot; : [ ],
    &quot;tags&quot; : [ ],
    &quot;description&quot; : &quot;Description test-repo1460034714489.git&quot;,
    &quot;importInProgress&quot; : false,
    &quot;head&quot; : &quot;master&quot;
  }, {
    &quot;name&quot; : &quot;test-repo1460034715115.git&quot;,
    &quot;url&quot; : &quot;http://ucf2c-dcs-release-hub1.opcdeveloper.oracleinternalucf2c.oraclecorp.com/qa-dev/s/qa-dev_test-shared-project1-1460033913915/scm/test-repo1460034715115.git&quot;,
    &quot;type&quot; : &quot;GIT&quot;,
    &quot;scmLocation&quot; : &quot;CODE2CLOUD&quot;,
    &quot;alternateUrl&quot; : &quot;ssh://ucf2c-dcs-release-hub1.opcdeveloper.oracleinternalucf2c.oraclecorp.com:2222/qa-dev_test-shared-project1-1460033913915/test-repo1460034715115.git&quot;,
    &quot;branches&quot; : [ &quot;master&quot; ],
    &quot;tags&quot; : [ ],
    &quot;description&quot; : &quot;Description test-repo1460034715115.git&quot;,
    &quot;importInProgress&quot; : false,
    &quot;head&quot; : &quot;master&quot;
  }, {
    &quot;name&quot; : &quot;test-shared-project1-1460033913915.git&quot;,
    &quot;url&quot; : &quot;http://ucf2c-dcs-release-hub1.opcdeveloper.oracleinternalucf2c.oraclecorp.com/qa-dev/s/qa-dev_test-shared-project1-1460033913915/scm/test-shared-project1-1460033913915.git&quot;,
    &quot;type&quot; : &quot;GIT&quot;,
    &quot;scmLocation&quot; : &quot;CODE2CLOUD&quot;,
    &quot;alternateUrl&quot; : &quot;ssh://ucf2c-dcs-release-hub1.opcdeveloper.oracleinternalucf2c.oraclecorp.com:2222/qa-dev_test-shared-project1-1460033913915/test-shared-project1-1460033913915.git&quot;,
    &quot;branches&quot; : [ ],
    &quot;tags&quot; : [ ],
    &quot;description&quot; : null,
    &quot;importInProgress&quot; : false,
    &quot;head&quot; : &quot;master&quot;
  } ]
}
2016-04-07 06:12:03,634 INFO  [oracle.clouddev.test.selenium.util.RestRepositoryBuilder] creating new repository test-repo1460034723571.git in projectqa-dev_test-shared-project1-1460033913915
2016-04-07 06:12:03,634 INFO  [oracle.clouddev.test.selenium.util.RestRepositoryBuilder] Create a new repository test-repo1460034723571.git : http://ucf2c-dcs-release-hub1.opcdeveloper.oracleinternalucf2c.oraclecorp.com/qa-dev/s/qa-dev_test-shared-project1-1460033913915/scm/api/repository/
2016-04-07 06:12:03,639 INFO  [oracle.clouddev.test.framework.rest.RestClient] [request#57] POST http://ucf2c-dcs-release-hub1.opcdeveloper.oracleinternalucf2c.oraclecorp.com/qa-dev/s/qa-dev_test-shared-project1-1460033913915/scm/api/repository/ HTTP/1.1 (user: ADMIN(dcsdevteam/tina.testsuite/Welcome1!))
2016-04-07 06:12:03,639 DEBUG [oracle.clouddev.test.framework.rest.RestClient] [request#57] posted content:
{
  &quot;scmLocation&quot; : &quot;CODE2CLOUD&quot;,
  &quot;name&quot; : &quot;test-repo1460034723571.git&quot;,
  &quot;description&quot; : &quot;Description test-repo1460034723571.git&quot;,
  &quot;type&quot; : &quot;GIT&quot;,
  &quot;branches&quot; : [ ],
  &quot;tags&quot; : [ ]
}
2016-04-07 06:12:03,639 DEBUG [oracle.clouddev.test.framework.rest.RestClient] [request#57] cURL: curl -k -u tina.testsuite:Welcome1! -X POST &apos;http://ucf2c-dcs-release-hub1.opcdeveloper.oracleinternalucf2c.oraclecorp.com/qa-dev/s/qa-dev_test-shared-project1-1460033913915/scm/api/repository/&apos; -H &apos;Content-Type: application/json; charset=UTF-8&apos; --data-binary &apos;{  &quot;scmLocation&quot; : &quot;CODE2CLOUD&quot;,  &quot;name&quot; : &quot;test-repo1460034723571.git&quot;,  &quot;description&quot; : &quot;Description test-repo1460034723571.git&quot;,  &quot;type&quot; : &quot;GIT&quot;,  &quot;branches&quot; : [ ],  &quot;tags&quot; : [ ]}&apos;
2016-04-07 06:12:03,931 INFO  [oracle.clouddev.test.framework.rest.RestClient] [request#57] HTTP/1.1 200 OK
2016-04-07 06:12:03,931 DEBUG [oracle.clouddev.test.framework.rest.RestClient] [request#57] Content-Type: application/json;charset=UTF-8
2016-04-07 06:12:03,931 DEBUG [oracle.clouddev.test.framework.rest.RestClient] [request#57] Content-Length: 547
2016-04-07 06:12:03,931 DEBUG [oracle.clouddev.test.framework.rest.ResponseProcessors$ResponseParserAdapter] [request#57] Received data:{
  &quot;scmRepository&quot; : {
    &quot;name&quot; : &quot;test-repo1460034723571.git&quot;,
    &quot;url&quot; : &quot;http://ucf2c-dcs-release-hub1.opcdeveloper.oracleinternalucf2c.oraclecorp.com/qa-dev/s/qa-dev_test-shared-project1-1460033913915/scm/test-repo1460034723571.git&quot;,
    &quot;type&quot; : &quot;GIT&quot;,
    &quot;scmLocation&quot; : &quot;CODE2CLOUD&quot;,
    &quot;alternateUrl&quot; : &quot;ssh://ucf2c-dcs-release-hub1.opcdeveloper.oracleinternalucf2c.oraclecorp.com:2222/qa-dev_test-shared-project1-1460033913915/test-repo1460034723571.git&quot;,
    &quot;branches&quot; : [ ],
    &quot;tags&quot; : [ ],
    &quot;description&quot; : &quot;Description test-repo1460034723571.git&quot;,
    &quot;importInProgress&quot; : false,
    &quot;head&quot; : null
  }
}
2016-04-07 06:12:03,931 INFO  [oracle.clouddev.test.selenium.util.RestRepositoryBuilder] Get repository list: http://ucf2c-dcs-release-hub1.opcdeveloper.oracleinternalucf2c.oraclecorp.com/qa-dev/s/qa-dev_test-shared-project1-1460033913915/scm/api/repository/
2016-04-07 06:12:03,936 INFO  [oracle.clouddev.test.framework.rest.RestClient] [request#58] GET http://ucf2c-dcs-release-hub1.opcdeveloper.oracleinternalucf2c.oraclecorp.com/qa-dev/s/qa-dev_test-shared-project1-1460033913915/scm/api/repository/ HTTP/1.1 (user: ADMIN(dcsdevteam/tina.testsuite/Welcome1!))
2016-04-07 06:12:03,936 DEBUG [oracle.clouddev.test.framework.rest.RestClient] [request#58] cURL: curl -k -u tina.testsuite:Welcome1! -X GET &apos;http://ucf2c-dcs-release-hub1.opcdeveloper.oracleinternalucf2c.oraclecorp.com/qa-dev/s/qa-dev_test-shared-project1-1460033913915/scm/api/repository/&apos;
2016-04-07 06:12:04,007 INFO  [oracle.clouddev.test.framework.rest.RestClient] [request#58] HTTP/1.1 200 OK
2016-04-07 06:12:04,007 DEBUG [oracle.clouddev.test.framework.rest.RestClient] [request#58] Content-Type: application/json;charset=UTF-8
2016-04-07 06:12:04,007 DEBUG [oracle.clouddev.test.framework.rest.RestClient] [request#58] Content-Length: 4877
2016-04-07 06:12:04,008 DEBUG [oracle.clouddev.test.framework.rest.ResponseProcessors$ResponseParserAdapter] [request#58] Received data:{
  &quot;scmRepositoryList&quot; : [ {
    &quot;name&quot; : &quot;qa-test-repo1460034664931.git&quot;,
    &quot;url&quot; : &quot;http://ucf2c-dcs-release-hub1.opcdeveloper.oracleinternalucf2c.oraclecorp.com/qa-dev/s/qa-dev_test-shared-project1-1460033913915/scm/qa-test-repo1460034664931.git&quot;,
    &quot;type&quot; : &quot;GIT&quot;,
    &quot;scmLocation&quot; : &quot;CODE2CLOUD&quot;,
    &quot;alternateUrl&quot; : &quot;ssh://ucf2c-dcs-release-hub1.opcdeveloper.oracleinternalucf2c.oraclecorp.com:2222/qa-dev_test-shared-project1-1460033913915/qa-test-repo1460034664931.git&quot;,
    &quot;branches&quot; : [ &quot;master&quot; ],
    &quot;tags&quot; : [ ],
    &quot;description&quot; : &quot;Description qa-test-repo1460034664931&quot;,
    &quot;importInProgress&quot; : false,
    &quot;head&quot; : &quot;master&quot;
  }, {
    &quot;name&quot; : &quot;qa-test-repo1460034695509.git&quot;,
    &quot;url&quot; : &quot;http://ucf2c-dcs-release-hub1.opcdeveloper.oracleinternalucf2c.oraclecorp.com/qa-dev/s/qa-dev_test-shared-project1-1460033913915/scm/qa-test-repo1460034695509.git&quot;,
    &quot;type&quot; : &quot;GIT&quot;,
    &quot;scmLocation&quot; : &quot;CODE2CLOUD&quot;,
    &quot;alternateUrl&quot; : &quot;ssh://ucf2c-dcs-release-hub1.opcdeveloper.oracleinternalucf2c.oraclecorp.com:2222/qa-dev_test-shared-project1-1460033913915/qa-test-repo1460034695509.git&quot;,
    &quot;branches&quot; : [ ],
    &quot;tags&quot; : [ ],
    &quot;description&quot; : &quot;Description qa-test-repo1460034695509&quot;,
    &quot;importInProgress&quot; : false,
    &quot;head&quot; : &quot;master&quot;
  }, {
    &quot;name&quot; : &quot;qa-test-repo1460034703730.git&quot;,
    &quot;url&quot; : &quot;http://ucf2c-dcs-release-hub1.opcdeveloper.oracleinternalucf2c.oraclecorp.com/qa-dev/s/qa-dev_test-shared-project1-1460033913915/scm/qa-test-repo1460034703730.git&quot;,
    &quot;type&quot; : &quot;GIT&quot;,
    &quot;scmLocation&quot; : &quot;CODE2CLOUD&quot;,
    &quot;alternateUrl&quot; : &quot;ssh://ucf2c-dcs-release-hub1.opcdeveloper.oracleinternalucf2c.oraclecorp.com:2222/qa-dev_test-shared-project1-1460033913915/qa-test-repo1460034703730.git&quot;,
    &quot;branches&quot; : [ ],
    &quot;tags&quot; : [ ],
    &quot;description&quot; : &quot;Description qa-test-repo1460034703730&quot;,
    &quot;importInProgress&quot; : false,
    &quot;head&quot; : &quot;master&quot;
  }, {
    &quot;name&quot; : &quot;test-repo1460034674003.git&quot;,
    &quot;url&quot; : &quot;http://ucf2c-dcs-release-hub1.opcdeveloper.oracleinternalucf2c.oraclecorp.com/qa-dev/s/qa-dev_test-shared-project1-1460033913915/scm/test-repo1460034674003.git&quot;,
    &quot;type&quot; : &quot;GIT&quot;,
    &quot;scmLocation&quot; : &quot;CODE2CLOUD&quot;,
    &quot;alternateUrl&quot; : &quot;ssh://ucf2c-dcs-release-hub1.opcdeveloper.oracleinternalucf2c.oraclecorp.com:2222/qa-dev_test-shared-project1-1460033913915/test-repo1460034674003.git&quot;,
    &quot;branches&quot; : [ &quot;master&quot; ],
    &quot;tags&quot; : [ ],
    &quot;description&quot; : &quot;Description test-repo1460034674003.git&quot;,
    &quot;importInProgress&quot; : false,
    &quot;head&quot; : &quot;master&quot;
  }, {
    &quot;name&quot; : &quot;test-repo1460034678174.git&quot;,
    &quot;url&quot; : &quot;http://ucf2c-dcs-release-hub1.opcdeveloper.oracleinternalucf2c.oraclecorp.com/qa-dev/s/qa-dev_test-shared-project1-1460033913915/scm/test-repo1460034678174.git&quot;,
    &quot;type&quot; : &quot;GIT&quot;,
    &quot;scmLocation&quot; : &quot;CODE2CLOUD&quot;,
    &quot;alternateUrl&quot; : &quot;ssh://ucf2c-dcs-release-hub1.opcdeveloper.oracleinternalucf2c.oraclecorp.com:2222/qa-dev_test-shared-project1-1460033913915/test-repo1460034678174.git&quot;,
    &quot;branches&quot; : [ ],
    &quot;tags&quot; : [ ],
    &quot;description&quot; : &quot;Description test-repo1460034678174.git&quot;,
    &quot;importInProgress&quot; : false,
    &quot;head&quot; : &quot;master&quot;
  }, {
    &quot;name&quot; : &quot;test-repo1460034714489.git&quot;,
    &quot;url&quot; : &quot;http://ucf2c-dcs-release-hub1.opcdeveloper.oracleinternalucf2c.oraclecorp.com/qa-dev/s/qa-dev_test-shared-project1-1460033913915/scm/test-repo1460034714489.git&quot;,
    &quot;type&quot; : &quot;GIT&quot;,
    &quot;scmLocation&quot; : &quot;CODE2CLOUD&quot;,
    &quot;alternateUrl&quot; : &quot;ssh://ucf2c-dcs-release-hub1.opcdeveloper.oracleinternalucf2c.oraclecorp.com:2222/qa-dev_test-shared-project1-1460033913915/test-repo1460034714489.git&quot;,
    &quot;branches&quot; : [ ],
    &quot;tags&quot; : [ ],
    &quot;description&quot; : &quot;Description test-repo1460034714489.git&quot;,
    &quot;importInProgress&quot; : false,
    &quot;head&quot; : &quot;master&quot;
  }, {
    &quot;name&quot; : &quot;test-repo1460034715115.git&quot;,
    &quot;url&quot; : &quot;http://ucf2c-dcs-release-hub1.opcdeveloper.oracleinternalucf2c.oraclecorp.com/qa-dev/s/qa-dev_test-shared-project1-1460033913915/scm/test-repo1460034715115.git&quot;,
    &quot;type&quot; : &quot;GIT&quot;,
    &quot;scmLocation&quot; : &quot;CODE2CLOUD&quot;,
    &quot;alternateUrl&quot; : &quot;ssh://ucf2c-dcs-release-hub1.opcdeveloper.oracleinternalucf2c.oraclecorp.com:2222/qa-dev_test-shared-project1-1460033913915/test-repo1460034715115.git&quot;,
    &quot;branches&quot; : [ &quot;master&quot; ],
    &quot;tags&quot; : [ ],
    &quot;description&quot; : &quot;Description test-repo1460034715115.git&quot;,
    &quot;importInProgress&quot; : false,
    &quot;head&quot; : &quot;master&quot;
  }, {
    &quot;name&quot; : &quot;test-repo1460034723571.git&quot;,
    &quot;url&quot; : &quot;http://ucf2c-dcs-release-hub1.opcdeveloper.oracleinternalucf2c.oraclecorp.com/qa-dev/s/qa-dev_test-shared-project1-1460033913915/scm/test-repo1460034723571.git&quot;,
    &quot;type&quot; : &quot;GIT&quot;,
    &quot;scmLocation&quot; : &quot;CODE2CLOUD&quot;,
    &quot;alternateUrl&quot; : &quot;ssh://ucf2c-dcs-release-hub1.opcdeveloper.oracleinternalucf2c.oraclecorp.com:2222/qa-dev_test-shared-project1-1460033913915/test-repo1460034723571.git&quot;,
    &quot;branches&quot; : [ ],
    &quot;tags&quot; : [ ],
    &quot;description&quot; : &quot;Description test-repo1460034723571.git&quot;,
    &quot;importInProgress&quot; : false,
    &quot;head&quot; : &quot;master&quot;
  }, {
    &quot;name&quot; : &quot;test-shared-project1-1460033913915.git&quot;,
    &quot;url&quot; : &quot;http://ucf2c-dcs-release-hub1.opcdeveloper.oracleinternalucf2c.oraclecorp.com/qa-dev/s/qa-dev_test-shared-project1-1460033913915/scm/test-shared-project1-1460033913915.git&quot;,
    &quot;type&quot; : &quot;GIT&quot;,
    &quot;scmLocation&quot; : &quot;CODE2CLOUD&quot;,
    &quot;alternateUrl&quot; : &quot;ssh://ucf2c-dcs-release-hub1.opcdeveloper.oracleinternalucf2c.oraclecorp.com:2222/qa-dev_test-shared-project1-1460033913915/test-shared-project1-1460033913915.git&quot;,
    &quot;branches&quot; : [ ],
    &quot;tags&quot; : [ ],
    &quot;description&quot; : null,
    &quot;importInProgress&quot; : false,
    &quot;head&quot; : &quot;master&quot;
  } ]
}
2016-04-07 06:12:04,020 DEBUG [oracle.clouddev.test.selenium.components.AssertElement] Check condition (element is visible) for element [By.id: odcs-nav-tabs] on http://ucf2c-dcs-release-hub1.opcdeveloper.oracleinternalucf2c.oraclecorp.com/qa-dev/#/projects/qa-dev_test-shared-project1-1460033913915.
2016-04-07 06:12:04,045 DEBUG [oracle.clouddev.test.selenium.components.AssertElement] Check condition (element is visible) for element [By.xpath: .//a[@id=&apos;scm&apos;] under [By.id: odcs-nav-tabs]] on http://ucf2c-dcs-release-hub1.opcdeveloper.oracleinternalucf2c.oraclecorp.com/qa-dev/#/projects/qa-dev_test-shared-project1-1460033913915.
2016-04-07 06:12:04,087 DEBUG [oracle.clouddev.test.selenium.components.AssertElement] Check condition (NOT (element has style class &apos;oj-disabled&apos;)) for element [By.xpath: .//a[@id=&apos;scm&apos;] under [By.id: odcs-nav-tabs]] on http://ucf2c-dcs-release-hub1.opcdeveloper.oracleinternalucf2c.oraclecorp.com/qa-dev/#/projects/qa-dev_test-shared-project1-1460033913915.
2016-04-07 06:12:04,125 DEBUG [oracle.clouddev.test.selenium.components.AssertElement] Check condition (element is visible) for element [By.xpath: .//a[@id=&apos;scm&apos;] under [By.id: odcs-nav-tabs]] on http://ucf2c-dcs-release-hub1.opcdeveloper.oracleinternalucf2c.oraclecorp.com/qa-dev/#/projects/qa-dev_test-shared-project1-1460033913915.
2016-04-07 06:12:04,607 DEBUG [oracle.clouddev.test.selenium.components.AssertElement] Check condition (element has style class &apos;oj-active&apos;) for element [By.xpath: .//a[@id=&apos;scm&apos;] under [By.id: odcs-nav-tabs]] on http://ucf2c-dcs-release-hub1.opcdeveloper.oracleinternalucf2c.oraclecorp.com/qa-dev/#projects/qa-dev_test-shared-project1-1460033913915/scm.
2016-04-07 06:12:04,635 DEBUG [oracle.clouddev.test.selenium.components.AssertElement] Check condition (element is visible) for element [By.xpath: .//a[@id=&apos;scm&apos;] under [By.id: odcs-nav-tabs]] on http://ucf2c-dcs-release-hub1.opcdeveloper.oracleinternalucf2c.oraclecorp.com/qa-dev/#projects/qa-dev_test-shared-project1-1460033913915/scm.
2016-04-07 06:12:05,103 DEBUG [oracle.clouddev.test.selenium.components.AssertElement] Check condition (element is visible) for element [By.id: odcs-nav-tabs] on http://ucf2c-dcs-release-hub1.opcdeveloper.oracleinternalucf2c.oraclecorp.com/qa-dev/#projects/qa-dev_test-shared-project1-1460033913915/scm/test-repo1460034715115.git/tree?revision=master.
2016-04-07 06:12:05,126 DEBUG [oracle.clouddev.test.selenium.components.AssertElement] Check condition (element is visible) for element [By.xpath: .//a[@id=&apos;home&apos;] under [By.id: odcs-nav-tabs]] on http://ucf2c-dcs-release-hub1.opcdeveloper.oracleinternalucf2c.oraclecorp.com/qa-dev/#projects/qa-dev_test-shared-project1-1460033913915/scm/test-repo1460034715115.git/tree?revision=master.
2016-04-07 06:12:05,217 DEBUG [oracle.clouddev.test.selenium.components.AssertElement] Check condition (NOT (element has style class &apos;oj-disabled&apos;)) for element [By.xpath: .//a[@id=&apos;home&apos;] under [By.id: odcs-nav-tabs]] on http://ucf2c-dcs-release-hub1.opcdeveloper.oracleinternalucf2c.oraclecorp.com/qa-dev/#projects/qa-dev_test-shared-project1-1460033913915/scm/test-repo1460034715115.git/tree?revision=master.
2016-04-07 06:12:05,258 DEBUG [oracle.clouddev.test.selenium.components.AssertElement] Check condition (element is visible) for element [By.xpath: .//a[@id=&apos;home&apos;] under [By.id: odcs-nav-tabs]] on http://ucf2c-dcs-release-hub1.opcdeveloper.oracleinternalucf2c.oraclecorp.com/qa-dev/#projects/qa-dev_test-shared-project1-1460033913915/scm/test-repo1460034715115.git/tree?revision=master.
2016-04-07 06:12:06,360 DEBUG [oracle.clouddev.test.selenium.components.AssertElement] Check condition (element has style class &apos;oj-active&apos;) for element [By.xpath: .//a[@id=&apos;home&apos;] under [By.id: odcs-nav-tabs]] on http://ucf2c-dcs-release-hub1.opcdeveloper.oracleinternalucf2c.oraclecorp.com/qa-dev/#projects/qa-dev_test-shared-project1-1460033913915/.
2016-04-07 06:12:06,404 DEBUG [oracle.clouddev.test.selenium.components.AssertElement] Check condition (element is visible) for element [By.xpath: .//a[@id=&apos;home&apos;] under [By.id: odcs-nav-tabs]] on http://ucf2c-dcs-release-hub1.opcdeveloper.oracleinternalucf2c.oraclecorp.com/qa-dev/#projects/qa-dev_test-shared-project1-1460033913915/.
2016-04-07 06:12:07,722 DEBUG [oracle.clouddev.test.selenium.components.AssertElement] Check condition (element is visible) for element [By.id: repos-container] on http://ucf2c-dcs-release-hub1.opcdeveloper.oracleinternalucf2c.oraclecorp.com/qa-dev/#projects/qa-dev_test-shared-project1-1460033913915/.
    </system-out>
    </testcase>
    <testcase classname="oracle.clouddev.test.selenium.tests.base.TestHomePage" name="_class_destroy_" time="0.000">
      <properties>
        <property name="java.runtime.name" value="Java(TM) SE Runtime Environment"/>
        <property name="exec.mainClass" value="oracle.clouddev.test.selenium.RunTests"/>
        <property name="sun.boot.library.path" value="/usr/java/jdk1.8.0_51/jre/lib/amd64"/>
        <property name="java.vm.version" value="25.51-b03"/>
        <property name="java.vm.vendor" value="Oracle Corporation"/>
        <property name="java.vendor.url" value="http://java.oracle.com/"/>
        <property name="guice.disable.misplaced.annotation.check" value="true"/>
        <property name="path.separator" value=":"/>
        <property name="java.vm.name" value="Java HotSpot(TM) 64-Bit Server VM"/>
        <property name="file.encoding.pkg" value="sun.io"/>
        <property name="user.country" value="US"/>
        <property name="sun.java.launcher" value="SUN_STANDARD"/>
        <property name="sun.os.patch.level" value="unknown"/>
        <property name="http.noProxyHosts" value="localhost|127.0.0.1|*.local|*.oraclecorp.com|*.us.oracle.com"/>
        <property name="java.vm.specification.name" value="Java Virtual Machine Specification"/>
        <property name="user.dir" value="/home/builder/hudson/workspace/dcs_dcs.Release-Selenium-Tests/selenium-tests"/>
        <property name="java.runtime.version" value="1.8.0_51-b16"/>
        <property name="java.awt.graphicsenv" value="sun.awt.X11GraphicsEnvironment"/>
        <property name="java.endorsed.dirs" value="/usr/java/jdk1.8.0_51/jre/lib/endorsed"/>
        <property name="os.arch" value="amd64"/>
        <property name="java.io.tmpdir" value="/tmp"/>
        <property name="line.separator" value="
"/>
        <property name="java.vm.specification.vendor" value="Oracle Corporation"/>
        <property name="https.proxyHost" value="www-proxy.us.oracle.com"/>
        <property name="os.name" value="Linux"/>
        <property name="classworlds.conf" value="/usr/local/apache-maven/apache-maven-3.0.4/bin/m2.conf"/>
        <property name="sun.jnu.encoding" value="UTF-8"/>
        <property name="http.proxyPort" value="80"/>
        <property name="java.library.path" value="/usr/java/packages/lib/amd64:/usr/lib64:/lib64:/lib:/usr/lib"/>
        <property name="sun.awt.enableExtraMouseButtons" value="true"/>
        <property name="java.specification.name" value="Java Platform API Specification"/>
        <property name="java.class.version" value="52.0"/>
        <property name="sun.management.compiler" value="HotSpot 64-Bit Tiered Compilers"/>
        <property name="os.version" value="3.8.13-55.1.1.el6uek.x86_64"/>
        <property name="user.home" value="/home/builder"/>
        <property name="user.timezone" value="PST8PDT"/>
        <property name="java.awt.printerjob" value="sun.print.PSPrinterJob"/>
        <property name="file.encoding" value="UTF-8"/>
        <property name="java.specification.version" value="1.8"/>
        <property name="java.class.path" value="/usr/local/apache-maven/apache-maven-3.0.4/boot/plexus-classworlds-2.4.jar"/>
        <property name="user.name" value="builder"/>
        <property name="java.vm.specification.version" value="1.8"/>
        <property name="sun.java.command" value="org.codehaus.plexus.classworlds.launcher.Launcher -f /home/c2c/hudson/workspace/dcs_dcs.Release-Selenium-Tests/selenium-tests/pom.xml --batch-mode exec:java -Dexec.mainClass=oracle.clouddev.test.selenium.RunTests -Dexec.args=selenium.browser.size.w=1280 selenium.browser.size.h=960 capture.video=true capture.screenshots=true notification.type=swing notification.history=3 notification.font.size=15 job-release-selenium-tests.properties build.job=dcs_dcs.Release-Selenium-Tests build.number=289 target.release=16.2.3.0.0 timeout.build.buildqueue=1200 timeout.build.buildqueue.polling=60 -s BASE --tag base"/>
        <property name="java.home" value="/usr/java/jdk1.8.0_51/jre"/>
        <property name="sun.arch.data.model" value="64"/>
        <property name="user.language" value="en"/>
        <property name="java.specification.vendor" value="Oracle Corporation"/>
        <property name="awt.toolkit" value="sun.awt.X11.XToolkit"/>
        <property name="java.vm.info" value="mixed mode"/>
        <property name="java.version" value="1.8.0_51"/>
        <property name="securerandom.source" value="file:/dev/./urandom"/>
        <property name="java.ext.dirs" value="/usr/java/jdk1.8.0_51/jre/lib/ext:/usr/java/packages/lib/ext"/>
        <property name="http.proxyHost" value="www-proxy.us.oracle.com"/>
        <property name="sun.boot.class.path" value="/usr/java/jdk1.8.0_51/jre/lib/resources.jar:/usr/java/jdk1.8.0_51/jre/lib/rt.jar:/usr/java/jdk1.8.0_51/jre/lib/sunrsasign.jar:/usr/java/jdk1.8.0_51/jre/lib/jsse.jar:/usr/java/jdk1.8.0_51/jre/lib/jce.jar:/usr/java/jdk1.8.0_51/jre/lib/charsets.jar:/usr/java/jdk1.8.0_51/jre/lib/jfr.jar:/usr/java/jdk1.8.0_51/jre/classes"/>
        <property name="java.vendor" value="Oracle Corporation"/>
        <property name="maven.home" value="/usr/local/apache-maven/apache-maven-3.0.4"/>
        <property name="file.separator" value="/"/>
        <property name="java.vendor.url.bug" value="http://bugreport.sun.com/bugreport/"/>
        <property name="sun.font.fontmanager" value="sun.awt.X11FontManager"/>
        <property name="sun.io.unicode.encoding" value="UnicodeLittle"/>
        <property name="sun.cpu.endian" value="little"/>
        <property name="https.proxyPort" value="80"/>
        <property name="exec.args" value="selenium.browser.size.w=1280 selenium.browser.size.h=960 capture.video=true capture.screenshots=true notification.type=swing notification.history=3 notification.font.size=15 job-release-selenium-tests.properties build.job=dcs_dcs.Release-Selenium-Tests build.number=289 target.release=16.2.3.0.0 timeout.build.buildqueue=1200 timeout.build.buildqueue.polling=60 -s BASE --tag base"/>
        <property name="sun.cpu.isalist" value=""/>
        <property name="test.selenium.browser.size.h" value="960"/>
        <property name="test.user.non-admin.name" value="tom.testsuite"/>
        <property name="test.https.proxyHost" value="www-proxy.us.oracle.com"/>
        <property name="test.user.admin.name" value="tina.testsuite"/>
        <property name="test.user.em-agent.password" value="Welcome1!"/>
        <property name="test.tag" value="base"/>
        <property name="test.user.em-agent.fullname" value="Alex Admin"/>
        <property name="test.selenium.port" value="44000"/>
        <property name="test.build.number" value="289"/>
        <property name="test.user.sdi-agent.enabled" value="true"/>
        <property name="test.timeout.assert.condition" value="30"/>
        <property name="test.target.version" value="{
  &quot;buildInformation&quot; : {
    &quot;gitCommitId&quot; : &quot;84b91eb9e1660e336bb9289583fdf62f88d10e16&quot;,
    &quot;gitCommitMessage&quot; : &quot;Bug 23012667 - Check for valid ACCS account in the same ID Domain\n&quot;,
    &quot;buildTime&quot; : &quot;05.04.2016 @ 21:54:38 PDT&quot;,
    &quot;buildUser&quot; : &quot;Code2Cloud Builder&quot;
  }
}"/>
        <property name="test.build.job" value="dcs_dcs.Release-Selenium-Tests"/>
        <property name="test.timeout.project.create" value="660"/>
        <property name="test.user.sdi-agent.name" value="alex.admin"/>
        <property name="test.selenium.browser" value="firefox"/>
        <property name="test.http.proxyPort" value="80"/>
        <property name="test.user.sdi-agent.password" value="Welcome1!"/>
        <property name="test.user.sdi-agent.fullname" value="Alex Admin"/>
        <property name="test.timeout.selenium.navigate" value="20"/>
        <property name="test.target.release" value="16.2.3.0.0"/>
        <property name="test.byom.ip" value="127.0.0.1"/>
        <property name="test.byom.port" value="8585"/>
        <property name="test.notification.type" value="swing"/>
        <property name="test.data.project.override" value=""/>
        <property name="test.timeout.selenium.find" value="1"/>
        <property name="test.user.em-agent.enabled" value="true"/>
        <property name="test.testEmptyOrg.db.id" value=""/>
        <property name="test.reviews.timeout.slowdown" value="0"/>
        <property name="test.http.noProxyHosts" value="localhost|127.0.0.1|*.local|*.oraclecorp.com|*.us.oracle.com"/>
        <property name="test.capture.video" value="true"/>
        <property name="test.user.non-admin.password" value="Welcome1!"/>
        <property name="test.user.non-admin.fullname" value="Tom Testsuite"/>
        <property name="test.user.admin.password" value="Welcome1!"/>
        <property name="test.notification.history" value="3"/>
        <property name="test.user.admin.fullname" value="Tina Testsuite"/>
        <property name="test.capture.screenshots" value="true"/>
        <property name="test.testEmptyOrg.db.connectString" value="jdbc:oracle:thin:@(DESCRIPTION=(ADDRESS=(PROTOCOL=TCP)(HOST=slc09iwb.us.oracle.com)(PORT=1521))(CONNECT_DATA=(SERVICE_NAME=dbpod)))"/>
        <property name="test.firefox.bin" value=""/>
        <property name="test.https.proxyPort" value="80"/>
        <property name="test.develop.offline" value="false"/>
        <property name="test.timeout.build.buildqueue.polling" value="60"/>
        <property name="test.output.dir" value="target/test-reports/"/>
        <property name="test.firefox.allowedHosts" value="localhost,localhost.localdomain"/>
        <property name="test.testEmptyOrg.db.schema" value="BV2RLPNYEWMR"/>
        <property name="test.web.url" value="http://ucf2c-dcs-release-hub1.opcdeveloper.oracleinternalucf2c.oraclecorp.com/qa-dev/"/>
        <property name="test.firefox.extensions" value=""/>
        <property name="test.testEmptyOrg.orgExistsCheck" value="false"/>
        <property name="test.data.dir" value="data/"/>
        <property name="test.notification.font.size" value="15"/>
        <property name="test.testEmptyOrg.service" value="devservice5"/>
        <property name="test.selenium.start.server" value="false"/>
        <property name="test.firefox.profile.path" value=""/>
        <property name="test.selenium.host" value="localhost"/>
        <property name="test.suite" value="BASE"/>
        <property name="test.tests" value=""/>
        <property name="test.user.admin.idm" value="dcsdevteam"/>
        <property name="test.http.proxyHost" value="www-proxy.us.oracle.com"/>
        <property name="test.testMethods" value=""/>
        <property name="test.reviews.dontDeleteEnviroment" value="false"/>
        <property name="test.selenium.browser.maximize" value="false"/>
        <property name="test.firefox.profile.name" value=""/>
        <property name="test.timeout.build.buildqueue" value="1200"/>
        <property name="test.user.em-agent.idm" value="dcsdevteam"/>
        <property name="test.selenium.remote" value="false"/>
        <property name="test.user.sdi-agent.idm" value="dcsdevteam"/>
        <property name="test.byom.authToken" value="123456"/>
        <property name="test.proxy.autodetect" value="false"/>
        <property name="test.testEmptyOrg.idm" value="dcsdevteam"/>
        <property name="test.user.non-admin.idm" value="dcsdevteam"/>
        <property name="test.data.tasks.useexisting" value="false"/>
        <property name="test.selenium.browser.size.w" value="1280"/>
        <property name="test.category" value="DEFAULT"/>
        <property name="test.user.em-agent.name" value="alex.admin"/>
        <property name="test.timeout.slowdown" value="0"/>
      </properties>
    </testcase>
  </testsuite>
