<?xml version="1.0" encoding="UTF-8"?>
  <testsuite name="oracle.clouddev.test.selenium.tests.base.TestAgilePage" errors="0" test="10" failures="0" skipped="0" timestamp="20160407T070610-0700" time="1116.207">
    <testcase classname="oracle.clouddev.test.selenium.tests.base.TestAgilePage" name="_class_init_" time="0.000">
      <properties>
        <property name="java.runtime.name" value="Java(TM) SE Runtime Environment"/>
        <property name="exec.mainClass" value="oracle.clouddev.test.selenium.RunTests"/>
        <property name="sun.boot.library.path" value="/usr/java/jdk1.8.0_51/jre/lib/amd64"/>
        <property name="java.vm.version" value="25.51-b03"/>
        <property name="java.vm.vendor" value="Oracle Corporation"/>
        <property name="java.vendor.url" value="http://java.oracle.com/"/>
        <property name="guice.disable.misplaced.annotation.check" value="true"/>
        <property name="path.separator" value=":"/>
        <property name="java.vm.name" value="Java HotSpot(TM) 64-Bit Server VM"/>
        <property name="file.encoding.pkg" value="sun.io"/>
        <property name="user.country" value="US"/>
        <property name="sun.java.launcher" value="SUN_STANDARD"/>
        <property name="sun.os.patch.level" value="unknown"/>
        <property name="http.noProxyHosts" value="localhost|127.0.0.1|*.local|*.oraclecorp.com|*.us.oracle.com"/>
        <property name="java.vm.specification.name" value="Java Virtual Machine Specification"/>
        <property name="user.dir" value="/home/builder/hudson/workspace/dcs_dcs.Release-Selenium-Tests/selenium-tests"/>
        <property name="java.runtime.version" value="1.8.0_51-b16"/>
        <property name="java.awt.graphicsenv" value="sun.awt.X11GraphicsEnvironment"/>
        <property name="java.endorsed.dirs" value="/usr/java/jdk1.8.0_51/jre/lib/endorsed"/>
        <property name="os.arch" value="amd64"/>
        <property name="java.io.tmpdir" value="/tmp"/>
        <property name="line.separator" value="
"/>
        <property name="java.vm.specification.vendor" value="Oracle Corporation"/>
        <property name="https.proxyHost" value="www-proxy.us.oracle.com"/>
        <property name="os.name" value="Linux"/>
        <property name="classworlds.conf" value="/usr/local/apache-maven/apache-maven-3.0.4/bin/m2.conf"/>
        <property name="sun.jnu.encoding" value="UTF-8"/>
        <property name="http.proxyPort" value="80"/>
        <property name="java.library.path" value="/usr/java/packages/lib/amd64:/usr/lib64:/lib64:/lib:/usr/lib"/>
        <property name="sun.awt.enableExtraMouseButtons" value="true"/>
        <property name="java.specification.name" value="Java Platform API Specification"/>
        <property name="java.class.version" value="52.0"/>
        <property name="sun.management.compiler" value="HotSpot 64-Bit Tiered Compilers"/>
        <property name="os.version" value="3.8.13-55.1.1.el6uek.x86_64"/>
        <property name="user.home" value="/home/builder"/>
        <property name="user.timezone" value="PST8PDT"/>
        <property name="java.awt.printerjob" value="sun.print.PSPrinterJob"/>
        <property name="file.encoding" value="UTF-8"/>
        <property name="java.specification.version" value="1.8"/>
        <property name="java.class.path" value="/usr/local/apache-maven/apache-maven-3.0.4/boot/plexus-classworlds-2.4.jar"/>
        <property name="user.name" value="builder"/>
        <property name="java.vm.specification.version" value="1.8"/>
        <property name="sun.java.command" value="org.codehaus.plexus.classworlds.launcher.Launcher -f /home/c2c/hudson/workspace/dcs_dcs.Release-Selenium-Tests/selenium-tests/pom.xml --batch-mode exec:java -Dexec.mainClass=oracle.clouddev.test.selenium.RunTests -Dexec.args=selenium.browser.size.w=1280 selenium.browser.size.h=960 capture.video=true capture.screenshots=true notification.type=swing notification.history=3 notification.font.size=15 job-release-selenium-tests.properties build.job=dcs_dcs.Release-Selenium-Tests build.number=289 target.release=16.2.3.0.0 timeout.build.buildqueue=1200 timeout.build.buildqueue.polling=60 -s BASE --tag base"/>
        <property name="java.home" value="/usr/java/jdk1.8.0_51/jre"/>
        <property name="sun.arch.data.model" value="64"/>
        <property name="user.language" value="en"/>
        <property name="java.specification.vendor" value="Oracle Corporation"/>
        <property name="awt.toolkit" value="sun.awt.X11.XToolkit"/>
        <property name="java.vm.info" value="mixed mode"/>
        <property name="java.version" value="1.8.0_51"/>
        <property name="securerandom.source" value="file:/dev/./urandom"/>
        <property name="java.ext.dirs" value="/usr/java/jdk1.8.0_51/jre/lib/ext:/usr/java/packages/lib/ext"/>
        <property name="http.proxyHost" value="www-proxy.us.oracle.com"/>
        <property name="sun.boot.class.path" value="/usr/java/jdk1.8.0_51/jre/lib/resources.jar:/usr/java/jdk1.8.0_51/jre/lib/rt.jar:/usr/java/jdk1.8.0_51/jre/lib/sunrsasign.jar:/usr/java/jdk1.8.0_51/jre/lib/jsse.jar:/usr/java/jdk1.8.0_51/jre/lib/jce.jar:/usr/java/jdk1.8.0_51/jre/lib/charsets.jar:/usr/java/jdk1.8.0_51/jre/lib/jfr.jar:/usr/java/jdk1.8.0_51/jre/classes"/>
        <property name="java.vendor" value="Oracle Corporation"/>
        <property name="maven.home" value="/usr/local/apache-maven/apache-maven-3.0.4"/>
        <property name="file.separator" value="/"/>
        <property name="java.vendor.url.bug" value="http://bugreport.sun.com/bugreport/"/>
        <property name="sun.font.fontmanager" value="sun.awt.X11FontManager"/>
        <property name="sun.io.unicode.encoding" value="UnicodeLittle"/>
        <property name="sun.cpu.endian" value="little"/>
        <property name="https.proxyPort" value="80"/>
        <property name="exec.args" value="selenium.browser.size.w=1280 selenium.browser.size.h=960 capture.video=true capture.screenshots=true notification.type=swing notification.history=3 notification.font.size=15 job-release-selenium-tests.properties build.job=dcs_dcs.Release-Selenium-Tests build.number=289 target.release=16.2.3.0.0 timeout.build.buildqueue=1200 timeout.build.buildqueue.polling=60 -s BASE --tag base"/>
        <property name="sun.cpu.isalist" value=""/>
        <property name="test.selenium.browser.size.h" value="960"/>
        <property name="test.user.non-admin.name" value="tom.testsuite"/>
        <property name="test.https.proxyHost" value="www-proxy.us.oracle.com"/>
        <property name="test.user.admin.name" value="tina.testsuite"/>
        <property name="test.user.em-agent.password" value="Welcome1!"/>
        <property name="test.tag" value="base"/>
        <property name="test.user.em-agent.fullname" value="Alex Admin"/>
        <property name="test.selenium.port" value="44000"/>
        <property name="test.build.number" value="289"/>
        <property name="test.user.sdi-agent.enabled" value="true"/>
        <property name="test.timeout.assert.condition" value="30"/>
        <property name="test.target.version" value="{
  &quot;buildInformation&quot; : {
    &quot;gitCommitId&quot; : &quot;84b91eb9e1660e336bb9289583fdf62f88d10e16&quot;,
    &quot;gitCommitMessage&quot; : &quot;Bug 23012667 - Check for valid ACCS account in the same ID Domain\n&quot;,
    &quot;buildTime&quot; : &quot;05.04.2016 @ 21:54:38 PDT&quot;,
    &quot;buildUser&quot; : &quot;Code2Cloud Builder&quot;
  }
}"/>
        <property name="test.build.job" value="dcs_dcs.Release-Selenium-Tests"/>
        <property name="test.timeout.project.create" value="660"/>
        <property name="test.user.sdi-agent.name" value="alex.admin"/>
        <property name="test.selenium.browser" value="firefox"/>
        <property name="test.http.proxyPort" value="80"/>
        <property name="test.user.sdi-agent.password" value="Welcome1!"/>
        <property name="test.user.sdi-agent.fullname" value="Alex Admin"/>
        <property name="test.timeout.selenium.navigate" value="20"/>
        <property name="test.target.release" value="16.2.3.0.0"/>
        <property name="test.byom.ip" value="127.0.0.1"/>
        <property name="test.byom.port" value="8585"/>
        <property name="test.notification.type" value="swing"/>
        <property name="test.data.project.override" value=""/>
        <property name="test.timeout.selenium.find" value="1"/>
        <property name="test.user.em-agent.enabled" value="true"/>
        <property name="test.testEmptyOrg.db.id" value=""/>
        <property name="test.reviews.timeout.slowdown" value="0"/>
        <property name="test.http.noProxyHosts" value="localhost|127.0.0.1|*.local|*.oraclecorp.com|*.us.oracle.com"/>
        <property name="test.capture.video" value="true"/>
        <property name="test.user.non-admin.password" value="Welcome1!"/>
        <property name="test.user.non-admin.fullname" value="Tom Testsuite"/>
        <property name="test.user.admin.password" value="Welcome1!"/>
        <property name="test.notification.history" value="3"/>
        <property name="test.user.admin.fullname" value="Tina Testsuite"/>
        <property name="test.capture.screenshots" value="true"/>
        <property name="test.testEmptyOrg.db.connectString" value="jdbc:oracle:thin:@(DESCRIPTION=(ADDRESS=(PROTOCOL=TCP)(HOST=slc09iwb.us.oracle.com)(PORT=1521))(CONNECT_DATA=(SERVICE_NAME=dbpod)))"/>
        <property name="test.firefox.bin" value=""/>
        <property name="test.https.proxyPort" value="80"/>
        <property name="test.develop.offline" value="false"/>
        <property name="test.timeout.build.buildqueue.polling" value="60"/>
        <property name="test.output.dir" value="target/test-reports/"/>
        <property name="test.firefox.allowedHosts" value="localhost,localhost.localdomain"/>
        <property name="test.testEmptyOrg.db.schema" value="BV2RLPNYEWMR"/>
        <property name="test.web.url" value="http://ucf2c-dcs-release-hub1.opcdeveloper.oracleinternalucf2c.oraclecorp.com/qa-dev/"/>
        <property name="test.firefox.extensions" value=""/>
        <property name="test.testEmptyOrg.orgExistsCheck" value="false"/>
        <property name="test.data.dir" value="data/"/>
        <property name="test.notification.font.size" value="15"/>
        <property name="test.testEmptyOrg.service" value="devservice5"/>
        <property name="test.selenium.start.server" value="false"/>
        <property name="test.firefox.profile.path" value=""/>
        <property name="test.selenium.host" value="localhost"/>
        <property name="test.suite" value="BASE"/>
        <property name="test.tests" value=""/>
        <property name="test.user.admin.idm" value="dcsdevteam"/>
        <property name="test.http.proxyHost" value="www-proxy.us.oracle.com"/>
        <property name="test.testMethods" value=""/>
        <property name="test.reviews.dontDeleteEnviroment" value="false"/>
        <property name="test.selenium.browser.maximize" value="false"/>
        <property name="test.firefox.profile.name" value=""/>
        <property name="test.timeout.build.buildqueue" value="1200"/>
        <property name="test.user.em-agent.idm" value="dcsdevteam"/>
        <property name="test.selenium.remote" value="false"/>
        <property name="test.user.sdi-agent.idm" value="dcsdevteam"/>
        <property name="test.byom.authToken" value="123456"/>
        <property name="test.proxy.autodetect" value="false"/>
        <property name="test.testEmptyOrg.idm" value="dcsdevteam"/>
        <property name="test.user.non-admin.idm" value="dcsdevteam"/>
        <property name="test.data.tasks.useexisting" value="false"/>
        <property name="test.selenium.browser.size.w" value="1280"/>
        <property name="test.category" value="DEFAULT"/>
        <property name="test.user.em-agent.name" value="alex.admin"/>
        <property name="test.timeout.slowdown" value="0"/>
      </properties>
    </testcase>
    <testcase classname="oracle.clouddev.test.selenium.tests.base.TestAgilePage" name="createBoard1" time="17.341">
      <properties>
        <property name="java.runtime.name" value="Java(TM) SE Runtime Environment"/>
        <property name="exec.mainClass" value="oracle.clouddev.test.selenium.RunTests"/>
        <property name="sun.boot.library.path" value="/usr/java/jdk1.8.0_51/jre/lib/amd64"/>
        <property name="java.vm.version" value="25.51-b03"/>
        <property name="java.vm.vendor" value="Oracle Corporation"/>
        <property name="java.vendor.url" value="http://java.oracle.com/"/>
        <property name="guice.disable.misplaced.annotation.check" value="true"/>
        <property name="path.separator" value=":"/>
        <property name="java.vm.name" value="Java HotSpot(TM) 64-Bit Server VM"/>
        <property name="file.encoding.pkg" value="sun.io"/>
        <property name="user.country" value="US"/>
        <property name="sun.java.launcher" value="SUN_STANDARD"/>
        <property name="sun.os.patch.level" value="unknown"/>
        <property name="http.noProxyHosts" value="localhost|127.0.0.1|*.local|*.oraclecorp.com|*.us.oracle.com"/>
        <property name="java.vm.specification.name" value="Java Virtual Machine Specification"/>
        <property name="user.dir" value="/home/builder/hudson/workspace/dcs_dcs.Release-Selenium-Tests/selenium-tests"/>
        <property name="java.runtime.version" value="1.8.0_51-b16"/>
        <property name="java.awt.graphicsenv" value="sun.awt.X11GraphicsEnvironment"/>
        <property name="java.endorsed.dirs" value="/usr/java/jdk1.8.0_51/jre/lib/endorsed"/>
        <property name="os.arch" value="amd64"/>
        <property name="java.io.tmpdir" value="/tmp"/>
        <property name="line.separator" value="
"/>
        <property name="java.vm.specification.vendor" value="Oracle Corporation"/>
        <property name="https.proxyHost" value="www-proxy.us.oracle.com"/>
        <property name="os.name" value="Linux"/>
        <property name="classworlds.conf" value="/usr/local/apache-maven/apache-maven-3.0.4/bin/m2.conf"/>
        <property name="sun.jnu.encoding" value="UTF-8"/>
        <property name="http.proxyPort" value="80"/>
        <property name="java.library.path" value="/usr/java/packages/lib/amd64:/usr/lib64:/lib64:/lib:/usr/lib"/>
        <property name="sun.awt.enableExtraMouseButtons" value="true"/>
        <property name="java.specification.name" value="Java Platform API Specification"/>
        <property name="java.class.version" value="52.0"/>
        <property name="sun.management.compiler" value="HotSpot 64-Bit Tiered Compilers"/>
        <property name="os.version" value="3.8.13-55.1.1.el6uek.x86_64"/>
        <property name="user.home" value="/home/builder"/>
        <property name="user.timezone" value="PST8PDT"/>
        <property name="java.awt.printerjob" value="sun.print.PSPrinterJob"/>
        <property name="file.encoding" value="UTF-8"/>
        <property name="java.specification.version" value="1.8"/>
        <property name="java.class.path" value="/usr/local/apache-maven/apache-maven-3.0.4/boot/plexus-classworlds-2.4.jar"/>
        <property name="user.name" value="builder"/>
        <property name="java.vm.specification.version" value="1.8"/>
        <property name="sun.java.command" value="org.codehaus.plexus.classworlds.launcher.Launcher -f /home/c2c/hudson/workspace/dcs_dcs.Release-Selenium-Tests/selenium-tests/pom.xml --batch-mode exec:java -Dexec.mainClass=oracle.clouddev.test.selenium.RunTests -Dexec.args=selenium.browser.size.w=1280 selenium.browser.size.h=960 capture.video=true capture.screenshots=true notification.type=swing notification.history=3 notification.font.size=15 job-release-selenium-tests.properties build.job=dcs_dcs.Release-Selenium-Tests build.number=289 target.release=16.2.3.0.0 timeout.build.buildqueue=1200 timeout.build.buildqueue.polling=60 -s BASE --tag base"/>
        <property name="java.home" value="/usr/java/jdk1.8.0_51/jre"/>
        <property name="sun.arch.data.model" value="64"/>
        <property name="user.language" value="en"/>
        <property name="java.specification.vendor" value="Oracle Corporation"/>
        <property name="awt.toolkit" value="sun.awt.X11.XToolkit"/>
        <property name="java.vm.info" value="mixed mode"/>
        <property name="java.version" value="1.8.0_51"/>
        <property name="securerandom.source" value="file:/dev/./urandom"/>
        <property name="java.ext.dirs" value="/usr/java/jdk1.8.0_51/jre/lib/ext:/usr/java/packages/lib/ext"/>
        <property name="http.proxyHost" value="www-proxy.us.oracle.com"/>
        <property name="sun.boot.class.path" value="/usr/java/jdk1.8.0_51/jre/lib/resources.jar:/usr/java/jdk1.8.0_51/jre/lib/rt.jar:/usr/java/jdk1.8.0_51/jre/lib/sunrsasign.jar:/usr/java/jdk1.8.0_51/jre/lib/jsse.jar:/usr/java/jdk1.8.0_51/jre/lib/jce.jar:/usr/java/jdk1.8.0_51/jre/lib/charsets.jar:/usr/java/jdk1.8.0_51/jre/lib/jfr.jar:/usr/java/jdk1.8.0_51/jre/classes"/>
        <property name="java.vendor" value="Oracle Corporation"/>
        <property name="maven.home" value="/usr/local/apache-maven/apache-maven-3.0.4"/>
        <property name="file.separator" value="/"/>
        <property name="java.vendor.url.bug" value="http://bugreport.sun.com/bugreport/"/>
        <property name="sun.font.fontmanager" value="sun.awt.X11FontManager"/>
        <property name="sun.io.unicode.encoding" value="UnicodeLittle"/>
        <property name="sun.cpu.endian" value="little"/>
        <property name="https.proxyPort" value="80"/>
        <property name="exec.args" value="selenium.browser.size.w=1280 selenium.browser.size.h=960 capture.video=true capture.screenshots=true notification.type=swing notification.history=3 notification.font.size=15 job-release-selenium-tests.properties build.job=dcs_dcs.Release-Selenium-Tests build.number=289 target.release=16.2.3.0.0 timeout.build.buildqueue=1200 timeout.build.buildqueue.polling=60 -s BASE --tag base"/>
        <property name="sun.cpu.isalist" value=""/>
        <property name="test.selenium.browser.size.h" value="960"/>
        <property name="test.user.non-admin.name" value="tom.testsuite"/>
        <property name="test.https.proxyHost" value="www-proxy.us.oracle.com"/>
        <property name="test.user.admin.name" value="tina.testsuite"/>
        <property name="test.user.em-agent.password" value="Welcome1!"/>
        <property name="test.tag" value="base"/>
        <property name="test.user.em-agent.fullname" value="Alex Admin"/>
        <property name="test.selenium.port" value="44000"/>
        <property name="test.build.number" value="289"/>
        <property name="test.user.sdi-agent.enabled" value="true"/>
        <property name="test.timeout.assert.condition" value="30"/>
        <property name="test.target.version" value="{
  &quot;buildInformation&quot; : {
    &quot;gitCommitId&quot; : &quot;84b91eb9e1660e336bb9289583fdf62f88d10e16&quot;,
    &quot;gitCommitMessage&quot; : &quot;Bug 23012667 - Check for valid ACCS account in the same ID Domain\n&quot;,
    &quot;buildTime&quot; : &quot;05.04.2016 @ 21:54:38 PDT&quot;,
    &quot;buildUser&quot; : &quot;Code2Cloud Builder&quot;
  }
}"/>
        <property name="test.build.job" value="dcs_dcs.Release-Selenium-Tests"/>
        <property name="test.timeout.project.create" value="660"/>
        <property name="test.user.sdi-agent.name" value="alex.admin"/>
        <property name="test.selenium.browser" value="firefox"/>
        <property name="test.http.proxyPort" value="80"/>
        <property name="test.user.sdi-agent.password" value="Welcome1!"/>
        <property name="test.user.sdi-agent.fullname" value="Alex Admin"/>
        <property name="test.timeout.selenium.navigate" value="20"/>
        <property name="test.target.release" value="16.2.3.0.0"/>
        <property name="test.byom.ip" value="127.0.0.1"/>
        <property name="test.byom.port" value="8585"/>
        <property name="test.notification.type" value="swing"/>
        <property name="test.data.project.override" value=""/>
        <property name="test.timeout.selenium.find" value="1"/>
        <property name="test.user.em-agent.enabled" value="true"/>
        <property name="test.testEmptyOrg.db.id" value=""/>
        <property name="test.reviews.timeout.slowdown" value="0"/>
        <property name="test.http.noProxyHosts" value="localhost|127.0.0.1|*.local|*.oraclecorp.com|*.us.oracle.com"/>
        <property name="test.capture.video" value="true"/>
        <property name="test.user.non-admin.password" value="Welcome1!"/>
        <property name="test.user.non-admin.fullname" value="Tom Testsuite"/>
        <property name="test.user.admin.password" value="Welcome1!"/>
        <property name="test.notification.history" value="3"/>
        <property name="test.user.admin.fullname" value="Tina Testsuite"/>
        <property name="test.capture.screenshots" value="true"/>
        <property name="test.testEmptyOrg.db.connectString" value="jdbc:oracle:thin:@(DESCRIPTION=(ADDRESS=(PROTOCOL=TCP)(HOST=slc09iwb.us.oracle.com)(PORT=1521))(CONNECT_DATA=(SERVICE_NAME=dbpod)))"/>
        <property name="test.firefox.bin" value=""/>
        <property name="test.https.proxyPort" value="80"/>
        <property name="test.develop.offline" value="false"/>
        <property name="test.timeout.build.buildqueue.polling" value="60"/>
        <property name="test.output.dir" value="target/test-reports/"/>
        <property name="test.firefox.allowedHosts" value="localhost,localhost.localdomain"/>
        <property name="test.testEmptyOrg.db.schema" value="BV2RLPNYEWMR"/>
        <property name="test.web.url" value="http://ucf2c-dcs-release-hub1.opcdeveloper.oracleinternalucf2c.oraclecorp.com/qa-dev/"/>
        <property name="test.firefox.extensions" value=""/>
        <property name="test.testEmptyOrg.orgExistsCheck" value="false"/>
        <property name="test.data.dir" value="data/"/>
        <property name="test.notification.font.size" value="15"/>
        <property name="test.testEmptyOrg.service" value="devservice5"/>
        <property name="test.selenium.start.server" value="false"/>
        <property name="test.firefox.profile.path" value=""/>
        <property name="test.selenium.host" value="localhost"/>
        <property name="test.suite" value="BASE"/>
        <property name="test.tests" value=""/>
        <property name="test.user.admin.idm" value="dcsdevteam"/>
        <property name="test.http.proxyHost" value="www-proxy.us.oracle.com"/>
        <property name="test.testMethods" value=""/>
        <property name="test.reviews.dontDeleteEnviroment" value="false"/>
        <property name="test.selenium.browser.maximize" value="false"/>
        <property name="test.firefox.profile.name" value=""/>
        <property name="test.timeout.build.buildqueue" value="1200"/>
        <property name="test.user.em-agent.idm" value="dcsdevteam"/>
        <property name="test.selenium.remote" value="false"/>
        <property name="test.user.sdi-agent.idm" value="dcsdevteam"/>
        <property name="test.byom.authToken" value="123456"/>
        <property name="test.proxy.autodetect" value="false"/>
        <property name="test.testEmptyOrg.idm" value="dcsdevteam"/>
        <property name="test.user.non-admin.idm" value="dcsdevteam"/>
        <property name="test.data.tasks.useexisting" value="false"/>
        <property name="test.selenium.browser.size.w" value="1280"/>
        <property name="test.category" value="DEFAULT"/>
        <property name="test.user.em-agent.name" value="alex.admin"/>
        <property name="test.timeout.slowdown" value="0"/>
      </properties>
    <system-out>
2016-04-07 07:05:53,558 INFO  [oracle.clouddev.test.selenium.tests.base.TestAgilePage] loading agile home page
2016-04-07 07:05:53,563 INFO  [oracle.clouddev.test.framework.rest.RestClient] [request#222] POST http://ucf2c-dcs-release-hub1.opcdeveloper.oracleinternalucf2c.oraclecorp.com/qa-dev/api/projects/search2 HTTP/1.1 (user: ADMIN(dcsdevteam/tina.testsuite/Welcome1!))
2016-04-07 07:05:53,563 DEBUG [oracle.clouddev.test.framework.rest.RestClient] [request#222] posted content:
{
  &quot;projectRelationship&quot; : &quot;ALL&quot;,
  &quot;organizationIdentifier&quot; : &quot;qa-dev&quot;,
  &quot;shallowCopy&quot; : false
}
2016-04-07 07:05:53,563 DEBUG [oracle.clouddev.test.framework.rest.RestClient] [request#222] cURL: curl -k -u tina.testsuite:Welcome1! -X POST &apos;http://ucf2c-dcs-release-hub1.opcdeveloper.oracleinternalucf2c.oraclecorp.com/qa-dev/api/projects/search2&apos; -H &apos;Content-Type: application/json; charset=UTF-8&apos; --data-binary &apos;{  &quot;projectRelationship&quot; : &quot;ALL&quot;,  &quot;organizationIdentifier&quot; : &quot;qa-dev&quot;,  &quot;shallowCopy&quot; : false}&apos;
2016-04-07 07:05:54,553 INFO  [oracle.clouddev.test.framework.rest.RestClient] [request#222] HTTP/1.1 200 OK
2016-04-07 07:05:54,553 DEBUG [oracle.clouddev.test.framework.rest.RestClient] [request#222] Content-Type: application/json;charset=UTF-8
2016-04-07 07:05:54,553 DEBUG [oracle.clouddev.test.framework.rest.RestClient] [request#222] Content-Length: -- no value --
2016-04-07 07:05:54,643 DEBUG [oracle.clouddev.test.selenium.junit.BrowserSession] navigating to project qa-dev_test-shared-project1-1460033913915 (http://ucf2c-dcs-release-hub1.opcdeveloper.oracleinternalucf2c.oraclecorp.com/qa-dev/#/projects/qa-dev_test-shared-project1-1460033913915)
2016-04-07 07:05:54,761 DEBUG [oracle.clouddev.test.selenium.components.AssertElement] Check condition (oracle.clouddev.test.selenium.components.Conditions$5@6e4906b8) for element [By.xpath: .//button[@id=&apos;odcs-project-selector&apos;]/span[1]] on http://ucf2c-dcs-release-hub1.opcdeveloper.oracleinternalucf2c.oraclecorp.com/qa-dev/#/projects/qa-dev_test-shared-project1-1460033913915.
2016-04-07 07:05:56,852 DEBUG [oracle.clouddev.test.selenium.components.AssertElement] Check condition (NOT (element is visible)) for element [By.id: page-provision] on http://ucf2c-dcs-release-hub1.opcdeveloper.oracleinternalucf2c.oraclecorp.com/qa-dev/#/projects/qa-dev_test-shared-project1-1460033913915.
2016-04-07 07:05:57,880 DEBUG [oracle.clouddev.test.selenium.components.AssertElement] Check condition (element is visible) for element [By.id: odcs-nav-tabs] on http://ucf2c-dcs-release-hub1.opcdeveloper.oracleinternalucf2c.oraclecorp.com/qa-dev/#/projects/qa-dev_test-shared-project1-1460033913915.
2016-04-07 07:05:57,921 DEBUG [oracle.clouddev.test.selenium.components.AssertElement] Check condition (element is visible) for element [By.xpath: .//a[@id=&apos;agile&apos;] under [By.id: odcs-nav-tabs]] on http://ucf2c-dcs-release-hub1.opcdeveloper.oracleinternalucf2c.oraclecorp.com/qa-dev/#/projects/qa-dev_test-shared-project1-1460033913915.
2016-04-07 07:05:57,963 DEBUG [oracle.clouddev.test.selenium.components.AssertElement] Check condition (NOT (element has style class &apos;oj-disabled&apos;)) for element [By.xpath: .//a[@id=&apos;agile&apos;] under [By.id: odcs-nav-tabs]] on http://ucf2c-dcs-release-hub1.opcdeveloper.oracleinternalucf2c.oraclecorp.com/qa-dev/#/projects/qa-dev_test-shared-project1-1460033913915.
2016-04-07 07:05:57,994 DEBUG [oracle.clouddev.test.selenium.components.AssertElement] Check condition (element is visible) for element [By.xpath: .//a[@id=&apos;agile&apos;] under [By.id: odcs-nav-tabs]] on http://ucf2c-dcs-release-hub1.opcdeveloper.oracleinternalucf2c.oraclecorp.com/qa-dev/#/projects/qa-dev_test-shared-project1-1460033913915.
2016-04-07 07:05:58,703 DEBUG [oracle.clouddev.test.selenium.components.AssertElement] Check condition (element has style class &apos;oj-active&apos;) for element [By.xpath: .//a[@id=&apos;agile&apos;] under [By.id: odcs-nav-tabs]] on http://ucf2c-dcs-release-hub1.opcdeveloper.oracleinternalucf2c.oraclecorp.com/qa-dev/#projects/qa-dev_test-shared-project1-1460033913915/agile.
2016-04-07 07:05:58,753 DEBUG [oracle.clouddev.test.selenium.components.AssertElement] Check condition (element is visible) for element [By.xpath: .//a[@id=&apos;agile&apos;] under [By.id: odcs-nav-tabs]] on http://ucf2c-dcs-release-hub1.opcdeveloper.oracleinternalucf2c.oraclecorp.com/qa-dev/#projects/qa-dev_test-shared-project1-1460033913915/agile.
2016-04-07 07:06:04,513 INFO  [oracle.clouddev.test.selenium.tests.base.TestAgilePage] Test creating agile board named Board1
2016-04-07 07:06:04,513 INFO  [oracle.clouddev.test.selenium.tests.base.TestAgilePage] clicking New Board button
2016-04-07 07:06:04,577 DEBUG [oracle.clouddev.test.selenium.components.AssertElement] Check condition (element is visible) for element [By.xpath: .//*[(self::button or self::a or self::input) and @id=&apos;new-board-btn&apos;]] on http://ucf2c-dcs-release-hub1.opcdeveloper.oracleinternalucf2c.oraclecorp.com/qa-dev/#projects/qa-dev_test-shared-project1-1460033913915/agile.
2016-04-07 07:06:04,610 DEBUG [oracle.clouddev.test.selenium.components.AssertElement] Check condition (element has style class &apos;oj-enabled&apos;) for element [By.xpath: .//*[(self::button or self::a or self::input) and @id=&apos;new-board-btn&apos;]] on http://ucf2c-dcs-release-hub1.opcdeveloper.oracleinternalucf2c.oraclecorp.com/qa-dev/#projects/qa-dev_test-shared-project1-1460033913915/agile.
2016-04-07 07:06:04,899 INFO  [oracle.clouddev.test.selenium.tests.base.TestAgilePage] invoking New Board dialog
2016-04-07 07:06:04,968 DEBUG [oracle.clouddev.test.selenium.components.AssertElement] Check condition (element is visible) for element [By.xpath: .//div[contains(@class,&apos;oj-dialog&apos;)]/div[@id=&apos;board-create&apos;]/..] on http://ucf2c-dcs-release-hub1.opcdeveloper.oracleinternalucf2c.oraclecorp.com/qa-dev/#projects/qa-dev_test-shared-project1-1460033913915/agile.
2016-04-07 07:06:05,060 INFO  [oracle.clouddev.test.selenium.tests.base.TestAgilePage] setting board name
2016-04-07 07:06:05,076 DEBUG [oracle.clouddev.test.selenium.components.AssertElement] Check condition (element is visible) for element [By.id: ojBoardName under [By.xpath: .//div[contains(@class,&apos;oj-dialog&apos;)]/div[@id=&apos;board-create&apos;]/..]] on http://ucf2c-dcs-release-hub1.opcdeveloper.oracleinternalucf2c.oraclecorp.com/qa-dev/#projects/qa-dev_test-shared-project1-1460033913915/agile.
2016-04-07 07:06:05,104 DEBUG [oracle.clouddev.test.selenium.components.AssertElement] Check condition (element is visible) for element [By.xpath: ./input[contains(@class, &apos;oj-inputtext-input&apos;)] under [By.id: ojBoardName under [By.xpath: .//div[contains(@class,&apos;oj-dialog&apos;)]/div[@id=&apos;board-create&apos;]/..]]] on http://ucf2c-dcs-release-hub1.opcdeveloper.oracleinternalucf2c.oraclecorp.com/qa-dev/#projects/qa-dev_test-shared-project1-1460033913915/agile.
2016-04-07 07:06:05,140 DEBUG [oracle.clouddev.test.selenium.components.AssertElement] Check condition (NOT (element is readonly)) for element [By.xpath: ./input[contains(@class, &apos;oj-inputtext-input&apos;)] under [By.id: ojBoardName under [By.xpath: .//div[contains(@class,&apos;oj-dialog&apos;)]/div[@id=&apos;board-create&apos;]/..]]] on http://ucf2c-dcs-release-hub1.opcdeveloper.oracleinternalucf2c.oraclecorp.com/qa-dev/#projects/qa-dev_test-shared-project1-1460033913915/agile.
2016-04-07 07:06:05,172 DEBUG [oracle.clouddev.test.selenium.components.AssertElement] Check condition (element is visible) for element [By.xpath: ./input[contains(@class, &apos;oj-inputtext-input&apos;)] under [By.id: ojBoardName under [By.xpath: .//div[contains(@class,&apos;oj-dialog&apos;)]/div[@id=&apos;board-create&apos;]/..]]] on http://ucf2c-dcs-release-hub1.opcdeveloper.oracleinternalucf2c.oraclecorp.com/qa-dev/#projects/qa-dev_test-shared-project1-1460033913915/agile.
2016-04-07 07:06:05,597 DEBUG [oracle.clouddev.test.selenium.components.AssertElement] Check condition (element is visible) for element [By.xpath: .//*[(self::button or self::a or self::input) and @id=&apos;button-ok&apos;] under [By.xpath: .//div[contains(@class,&apos;oj-dialog&apos;)]/div[@id=&apos;board-create&apos;]/..]] on http://ucf2c-dcs-release-hub1.opcdeveloper.oracleinternalucf2c.oraclecorp.com/qa-dev/#projects/qa-dev_test-shared-project1-1460033913915/agile.
2016-04-07 07:06:05,624 DEBUG [oracle.clouddev.test.selenium.components.AssertElement] Check condition (element has style class &apos;oj-enabled&apos;) for element [By.xpath: .//*[(self::button or self::a or self::input) and @id=&apos;button-ok&apos;] under [By.xpath: .//div[contains(@class,&apos;oj-dialog&apos;)]/div[@id=&apos;board-create&apos;]/..]] on http://ucf2c-dcs-release-hub1.opcdeveloper.oracleinternalucf2c.oraclecorp.com/qa-dev/#projects/qa-dev_test-shared-project1-1460033913915/agile.
2016-04-07 07:06:05,814 INFO  [oracle.clouddev.test.selenium.tests.base.TestAgilePage] loading backlog view
2016-04-07 07:06:10,823 INFO  [oracle.clouddev.test.selenium.tests.base.TestAgilePage] checking board name
2016-04-07 07:06:10,856 DEBUG [oracle.clouddev.test.selenium.components.AssertElement] Check condition (element is visible) for element [By.xpath: .//*[(self::button or self::a or self::input) and @id=&apos;odcs-board-selector1&apos;]] on http://ucf2c-dcs-release-hub1.opcdeveloper.oracleinternalucf2c.oraclecorp.com/qa-dev/#projects/qa-dev_test-shared-project1-1460033913915/agile/board/2/backlog.
    </system-out>
    </testcase>
    <testcase classname="oracle.clouddev.test.selenium.tests.base.TestAgilePage" name="createSprint1" time="6.552">
      <properties>
        <property name="java.runtime.name" value="Java(TM) SE Runtime Environment"/>
        <property name="exec.mainClass" value="oracle.clouddev.test.selenium.RunTests"/>
        <property name="sun.boot.library.path" value="/usr/java/jdk1.8.0_51/jre/lib/amd64"/>
        <property name="java.vm.version" value="25.51-b03"/>
        <property name="java.vm.vendor" value="Oracle Corporation"/>
        <property name="java.vendor.url" value="http://java.oracle.com/"/>
        <property name="guice.disable.misplaced.annotation.check" value="true"/>
        <property name="path.separator" value=":"/>
        <property name="java.vm.name" value="Java HotSpot(TM) 64-Bit Server VM"/>
        <property name="file.encoding.pkg" value="sun.io"/>
        <property name="user.country" value="US"/>
        <property name="sun.java.launcher" value="SUN_STANDARD"/>
        <property name="sun.os.patch.level" value="unknown"/>
        <property name="http.noProxyHosts" value="localhost|127.0.0.1|*.local|*.oraclecorp.com|*.us.oracle.com"/>
        <property name="java.vm.specification.name" value="Java Virtual Machine Specification"/>
        <property name="user.dir" value="/home/builder/hudson/workspace/dcs_dcs.Release-Selenium-Tests/selenium-tests"/>
        <property name="java.runtime.version" value="1.8.0_51-b16"/>
        <property name="java.awt.graphicsenv" value="sun.awt.X11GraphicsEnvironment"/>
        <property name="java.endorsed.dirs" value="/usr/java/jdk1.8.0_51/jre/lib/endorsed"/>
        <property name="os.arch" value="amd64"/>
        <property name="java.io.tmpdir" value="/tmp"/>
        <property name="line.separator" value="
"/>
        <property name="java.vm.specification.vendor" value="Oracle Corporation"/>
        <property name="https.proxyHost" value="www-proxy.us.oracle.com"/>
        <property name="os.name" value="Linux"/>
        <property name="classworlds.conf" value="/usr/local/apache-maven/apache-maven-3.0.4/bin/m2.conf"/>
        <property name="sun.jnu.encoding" value="UTF-8"/>
        <property name="http.proxyPort" value="80"/>
        <property name="java.library.path" value="/usr/java/packages/lib/amd64:/usr/lib64:/lib64:/lib:/usr/lib"/>
        <property name="sun.awt.enableExtraMouseButtons" value="true"/>
        <property name="java.specification.name" value="Java Platform API Specification"/>
        <property name="java.class.version" value="52.0"/>
        <property name="sun.management.compiler" value="HotSpot 64-Bit Tiered Compilers"/>
        <property name="os.version" value="3.8.13-55.1.1.el6uek.x86_64"/>
        <property name="user.home" value="/home/builder"/>
        <property name="user.timezone" value="PST8PDT"/>
        <property name="java.awt.printerjob" value="sun.print.PSPrinterJob"/>
        <property name="file.encoding" value="UTF-8"/>
        <property name="java.specification.version" value="1.8"/>
        <property name="java.class.path" value="/usr/local/apache-maven/apache-maven-3.0.4/boot/plexus-classworlds-2.4.jar"/>
        <property name="user.name" value="builder"/>
        <property name="java.vm.specification.version" value="1.8"/>
        <property name="sun.java.command" value="org.codehaus.plexus.classworlds.launcher.Launcher -f /home/c2c/hudson/workspace/dcs_dcs.Release-Selenium-Tests/selenium-tests/pom.xml --batch-mode exec:java -Dexec.mainClass=oracle.clouddev.test.selenium.RunTests -Dexec.args=selenium.browser.size.w=1280 selenium.browser.size.h=960 capture.video=true capture.screenshots=true notification.type=swing notification.history=3 notification.font.size=15 job-release-selenium-tests.properties build.job=dcs_dcs.Release-Selenium-Tests build.number=289 target.release=16.2.3.0.0 timeout.build.buildqueue=1200 timeout.build.buildqueue.polling=60 -s BASE --tag base"/>
        <property name="java.home" value="/usr/java/jdk1.8.0_51/jre"/>
        <property name="sun.arch.data.model" value="64"/>
        <property name="user.language" value="en"/>
        <property name="java.specification.vendor" value="Oracle Corporation"/>
        <property name="awt.toolkit" value="sun.awt.X11.XToolkit"/>
        <property name="java.vm.info" value="mixed mode"/>
        <property name="java.version" value="1.8.0_51"/>
        <property name="securerandom.source" value="file:/dev/./urandom"/>
        <property name="java.ext.dirs" value="/usr/java/jdk1.8.0_51/jre/lib/ext:/usr/java/packages/lib/ext"/>
        <property name="http.proxyHost" value="www-proxy.us.oracle.com"/>
        <property name="sun.boot.class.path" value="/usr/java/jdk1.8.0_51/jre/lib/resources.jar:/usr/java/jdk1.8.0_51/jre/lib/rt.jar:/usr/java/jdk1.8.0_51/jre/lib/sunrsasign.jar:/usr/java/jdk1.8.0_51/jre/lib/jsse.jar:/usr/java/jdk1.8.0_51/jre/lib/jce.jar:/usr/java/jdk1.8.0_51/jre/lib/charsets.jar:/usr/java/jdk1.8.0_51/jre/lib/jfr.jar:/usr/java/jdk1.8.0_51/jre/classes"/>
        <property name="java.vendor" value="Oracle Corporation"/>
        <property name="maven.home" value="/usr/local/apache-maven/apache-maven-3.0.4"/>
        <property name="file.separator" value="/"/>
        <property name="java.vendor.url.bug" value="http://bugreport.sun.com/bugreport/"/>
        <property name="sun.font.fontmanager" value="sun.awt.X11FontManager"/>
        <property name="sun.io.unicode.encoding" value="UnicodeLittle"/>
        <property name="sun.cpu.endian" value="little"/>
        <property name="https.proxyPort" value="80"/>
        <property name="exec.args" value="selenium.browser.size.w=1280 selenium.browser.size.h=960 capture.video=true capture.screenshots=true notification.type=swing notification.history=3 notification.font.size=15 job-release-selenium-tests.properties build.job=dcs_dcs.Release-Selenium-Tests build.number=289 target.release=16.2.3.0.0 timeout.build.buildqueue=1200 timeout.build.buildqueue.polling=60 -s BASE --tag base"/>
        <property name="sun.cpu.isalist" value=""/>
        <property name="test.selenium.browser.size.h" value="960"/>
        <property name="test.user.non-admin.name" value="tom.testsuite"/>
        <property name="test.https.proxyHost" value="www-proxy.us.oracle.com"/>
        <property name="test.user.admin.name" value="tina.testsuite"/>
        <property name="test.user.em-agent.password" value="Welcome1!"/>
        <property name="test.tag" value="base"/>
        <property name="test.user.em-agent.fullname" value="Alex Admin"/>
        <property name="test.selenium.port" value="44000"/>
        <property name="test.build.number" value="289"/>
        <property name="test.user.sdi-agent.enabled" value="true"/>
        <property name="test.timeout.assert.condition" value="30"/>
        <property name="test.target.version" value="{
  &quot;buildInformation&quot; : {
    &quot;gitCommitId&quot; : &quot;84b91eb9e1660e336bb9289583fdf62f88d10e16&quot;,
    &quot;gitCommitMessage&quot; : &quot;Bug 23012667 - Check for valid ACCS account in the same ID Domain\n&quot;,
    &quot;buildTime&quot; : &quot;05.04.2016 @ 21:54:38 PDT&quot;,
    &quot;buildUser&quot; : &quot;Code2Cloud Builder&quot;
  }
}"/>
        <property name="test.build.job" value="dcs_dcs.Release-Selenium-Tests"/>
        <property name="test.timeout.project.create" value="660"/>
        <property name="test.user.sdi-agent.name" value="alex.admin"/>
        <property name="test.selenium.browser" value="firefox"/>
        <property name="test.http.proxyPort" value="80"/>
        <property name="test.user.sdi-agent.password" value="Welcome1!"/>
        <property name="test.user.sdi-agent.fullname" value="Alex Admin"/>
        <property name="test.timeout.selenium.navigate" value="20"/>
        <property name="test.target.release" value="16.2.3.0.0"/>
        <property name="test.byom.ip" value="127.0.0.1"/>
        <property name="test.byom.port" value="8585"/>
        <property name="test.notification.type" value="swing"/>
        <property name="test.data.project.override" value=""/>
        <property name="test.timeout.selenium.find" value="1"/>
        <property name="test.user.em-agent.enabled" value="true"/>
        <property name="test.testEmptyOrg.db.id" value=""/>
        <property name="test.reviews.timeout.slowdown" value="0"/>
        <property name="test.http.noProxyHosts" value="localhost|127.0.0.1|*.local|*.oraclecorp.com|*.us.oracle.com"/>
        <property name="test.capture.video" value="true"/>
        <property name="test.user.non-admin.password" value="Welcome1!"/>
        <property name="test.user.non-admin.fullname" value="Tom Testsuite"/>
        <property name="test.user.admin.password" value="Welcome1!"/>
        <property name="test.notification.history" value="3"/>
        <property name="test.user.admin.fullname" value="Tina Testsuite"/>
        <property name="test.capture.screenshots" value="true"/>
        <property name="test.testEmptyOrg.db.connectString" value="jdbc:oracle:thin:@(DESCRIPTION=(ADDRESS=(PROTOCOL=TCP)(HOST=slc09iwb.us.oracle.com)(PORT=1521))(CONNECT_DATA=(SERVICE_NAME=dbpod)))"/>
        <property name="test.firefox.bin" value=""/>
        <property name="test.https.proxyPort" value="80"/>
        <property name="test.develop.offline" value="false"/>
        <property name="test.timeout.build.buildqueue.polling" value="60"/>
        <property name="test.output.dir" value="target/test-reports/"/>
        <property name="test.firefox.allowedHosts" value="localhost,localhost.localdomain"/>
        <property name="test.testEmptyOrg.db.schema" value="BV2RLPNYEWMR"/>
        <property name="test.web.url" value="http://ucf2c-dcs-release-hub1.opcdeveloper.oracleinternalucf2c.oraclecorp.com/qa-dev/"/>
        <property name="test.firefox.extensions" value=""/>
        <property name="test.testEmptyOrg.orgExistsCheck" value="false"/>
        <property name="test.data.dir" value="data/"/>
        <property name="test.notification.font.size" value="15"/>
        <property name="test.testEmptyOrg.service" value="devservice5"/>
        <property name="test.selenium.start.server" value="false"/>
        <property name="test.firefox.profile.path" value=""/>
        <property name="test.selenium.host" value="localhost"/>
        <property name="test.suite" value="BASE"/>
        <property name="test.tests" value=""/>
        <property name="test.user.admin.idm" value="dcsdevteam"/>
        <property name="test.http.proxyHost" value="www-proxy.us.oracle.com"/>
        <property name="test.testMethods" value=""/>
        <property name="test.reviews.dontDeleteEnviroment" value="false"/>
        <property name="test.selenium.browser.maximize" value="false"/>
        <property name="test.firefox.profile.name" value=""/>
        <property name="test.timeout.build.buildqueue" value="1200"/>
        <property name="test.user.em-agent.idm" value="dcsdevteam"/>
        <property name="test.selenium.remote" value="false"/>
        <property name="test.user.sdi-agent.idm" value="dcsdevteam"/>
        <property name="test.byom.authToken" value="123456"/>
        <property name="test.proxy.autodetect" value="false"/>
        <property name="test.testEmptyOrg.idm" value="dcsdevteam"/>
        <property name="test.user.non-admin.idm" value="dcsdevteam"/>
        <property name="test.data.tasks.useexisting" value="false"/>
        <property name="test.selenium.browser.size.w" value="1280"/>
        <property name="test.category" value="DEFAULT"/>
        <property name="test.user.em-agent.name" value="alex.admin"/>
        <property name="test.timeout.slowdown" value="0"/>
      </properties>
    <system-out>
2016-04-07 07:06:10,904 INFO  [oracle.clouddev.test.selenium.tests.base.TestAgilePage] clicking New Sprint button
2016-04-07 07:06:10,939 DEBUG [oracle.clouddev.test.selenium.components.AssertElement] Check condition (element is visible) for element [By.xpath: .//*[(self::button or self::a or self::input) and @id=&apos;newsprint&apos;]] on http://ucf2c-dcs-release-hub1.opcdeveloper.oracleinternalucf2c.oraclecorp.com/qa-dev/#projects/qa-dev_test-shared-project1-1460033913915/agile/board/2/backlog.
2016-04-07 07:06:10,965 DEBUG [oracle.clouddev.test.selenium.components.AssertElement] Check condition (element has style class &apos;oj-enabled&apos;) for element [By.xpath: .//*[(self::button or self::a or self::input) and @id=&apos;newsprint&apos;]] on http://ucf2c-dcs-release-hub1.opcdeveloper.oracleinternalucf2c.oraclecorp.com/qa-dev/#projects/qa-dev_test-shared-project1-1460033913915/agile/board/2/backlog.
2016-04-07 07:06:11,437 INFO  [oracle.clouddev.test.selenium.tests.base.TestAgilePage] invoking New Sprint dialog
2016-04-07 07:06:11,460 DEBUG [oracle.clouddev.test.selenium.components.AssertElement] Check condition (element is visible) for element [By.xpath: .//div[contains(@class,&apos;oj-dialog&apos;)]/div[@id=&apos;iteration-edit&apos;]/..] on http://ucf2c-dcs-release-hub1.opcdeveloper.oracleinternalucf2c.oraclecorp.com/qa-dev/#projects/qa-dev_test-shared-project1-1460033913915/agile/board/2/backlog.
2016-04-07 07:06:11,474 INFO  [oracle.clouddev.test.selenium.tests.base.TestAgilePage] setting sprint name
2016-04-07 07:06:11,484 DEBUG [oracle.clouddev.test.selenium.components.AssertElement] Check condition (element is visible) for element [By.id: ojIterationName under [By.xpath: .//div[contains(@class,&apos;oj-dialog&apos;)]/div[@id=&apos;iteration-edit&apos;]/..]] on http://ucf2c-dcs-release-hub1.opcdeveloper.oracleinternalucf2c.oraclecorp.com/qa-dev/#projects/qa-dev_test-shared-project1-1460033913915/agile/board/2/backlog.
2016-04-07 07:06:11,519 DEBUG [oracle.clouddev.test.selenium.components.AssertElement] Check condition (element is visible) for element [By.xpath: ./input[contains(@class, &apos;oj-inputtext-input&apos;)] under [By.id: ojIterationName under [By.xpath: .//div[contains(@class,&apos;oj-dialog&apos;)]/div[@id=&apos;iteration-edit&apos;]/..]]] on http://ucf2c-dcs-release-hub1.opcdeveloper.oracleinternalucf2c.oraclecorp.com/qa-dev/#projects/qa-dev_test-shared-project1-1460033913915/agile/board/2/backlog.
2016-04-07 07:06:11,560 DEBUG [oracle.clouddev.test.selenium.components.AssertElement] Check condition (NOT (element is readonly)) for element [By.xpath: ./input[contains(@class, &apos;oj-inputtext-input&apos;)] under [By.id: ojIterationName under [By.xpath: .//div[contains(@class,&apos;oj-dialog&apos;)]/div[@id=&apos;iteration-edit&apos;]/..]]] on http://ucf2c-dcs-release-hub1.opcdeveloper.oracleinternalucf2c.oraclecorp.com/qa-dev/#projects/qa-dev_test-shared-project1-1460033913915/agile/board/2/backlog.
2016-04-07 07:06:11,599 DEBUG [oracle.clouddev.test.selenium.components.AssertElement] Check condition (element is visible) for element [By.xpath: ./input[contains(@class, &apos;oj-inputtext-input&apos;)] under [By.id: ojIterationName under [By.xpath: .//div[contains(@class,&apos;oj-dialog&apos;)]/div[@id=&apos;iteration-edit&apos;]/..]]] on http://ucf2c-dcs-release-hub1.opcdeveloper.oracleinternalucf2c.oraclecorp.com/qa-dev/#projects/qa-dev_test-shared-project1-1460033913915/agile/board/2/backlog.
2016-04-07 07:06:12,089 DEBUG [oracle.clouddev.test.selenium.components.AssertElement] Check condition (element is visible) for element [By.xpath: .//*[(self::button or self::a or self::input) and @id=&apos;button-ok&apos;] under [By.xpath: .//div[contains(@class,&apos;oj-dialog&apos;)]/div[@id=&apos;iteration-edit&apos;]/..]] on http://ucf2c-dcs-release-hub1.opcdeveloper.oracleinternalucf2c.oraclecorp.com/qa-dev/#projects/qa-dev_test-shared-project1-1460033913915/agile/board/2/backlog.
2016-04-07 07:06:12,123 DEBUG [oracle.clouddev.test.selenium.components.AssertElement] Check condition (element has style class &apos;oj-enabled&apos;) for element [By.xpath: .//*[(self::button or self::a or self::input) and @id=&apos;button-ok&apos;] under [By.xpath: .//div[contains(@class,&apos;oj-dialog&apos;)]/div[@id=&apos;iteration-edit&apos;]/..]] on http://ucf2c-dcs-release-hub1.opcdeveloper.oracleinternalucf2c.oraclecorp.com/qa-dev/#projects/qa-dev_test-shared-project1-1460033913915/agile/board/2/backlog.
2016-04-07 07:06:12,324 INFO  [oracle.clouddev.test.selenium.tests.base.TestAgilePage] loading backlog view
2016-04-07 07:06:17,325 INFO  [oracle.clouddev.test.selenium.tests.base.TestAgilePage] checking sprint created
2016-04-07 07:06:17,385 DEBUG [oracle.clouddev.test.selenium.components.AssertElement] Check condition (element is visible) for element [div#collapsible-sprint-1] on http://ucf2c-dcs-release-hub1.opcdeveloper.oracleinternalucf2c.oraclecorp.com/qa-dev/#projects/qa-dev_test-shared-project1-1460033913915/agile/board/2/backlog.
2016-04-07 07:06:17,401 INFO  [oracle.clouddev.test.selenium.tests.base.TestAgilePage] sprint creation successful id = collapsible-sprint-1
2016-04-07 07:06:17,438 DEBUG [oracle.clouddev.test.selenium.components.AssertElement] Check condition (element has style class &apos;oj-disabled&apos;) for element [By.xpath: .//*[(self::button or self::a or self::input) and @id=&apos;startsprint-1&apos;] under [div#collapsible-sprint-1]] on http://ucf2c-dcs-release-hub1.opcdeveloper.oracleinternalucf2c.oraclecorp.com/qa-dev/#projects/qa-dev_test-shared-project1-1460033913915/agile/board/2/backlog.
    </system-out>
    </testcase>
    <testcase classname="oracle.clouddev.test.selenium.tests.base.TestAgilePage" name="createIssue1" time="27.485">
      <properties>
        <property name="java.runtime.name" value="Java(TM) SE Runtime Environment"/>
        <property name="exec.mainClass" value="oracle.clouddev.test.selenium.RunTests"/>
        <property name="sun.boot.library.path" value="/usr/java/jdk1.8.0_51/jre/lib/amd64"/>
        <property name="java.vm.version" value="25.51-b03"/>
        <property name="java.vm.vendor" value="Oracle Corporation"/>
        <property name="java.vendor.url" value="http://java.oracle.com/"/>
        <property name="guice.disable.misplaced.annotation.check" value="true"/>
        <property name="path.separator" value=":"/>
        <property name="java.vm.name" value="Java HotSpot(TM) 64-Bit Server VM"/>
        <property name="file.encoding.pkg" value="sun.io"/>
        <property name="user.country" value="US"/>
        <property name="sun.java.launcher" value="SUN_STANDARD"/>
        <property name="sun.os.patch.level" value="unknown"/>
        <property name="http.noProxyHosts" value="localhost|127.0.0.1|*.local|*.oraclecorp.com|*.us.oracle.com"/>
        <property name="java.vm.specification.name" value="Java Virtual Machine Specification"/>
        <property name="user.dir" value="/home/builder/hudson/workspace/dcs_dcs.Release-Selenium-Tests/selenium-tests"/>
        <property name="java.runtime.version" value="1.8.0_51-b16"/>
        <property name="java.awt.graphicsenv" value="sun.awt.X11GraphicsEnvironment"/>
        <property name="java.endorsed.dirs" value="/usr/java/jdk1.8.0_51/jre/lib/endorsed"/>
        <property name="os.arch" value="amd64"/>
        <property name="java.io.tmpdir" value="/tmp"/>
        <property name="line.separator" value="
"/>
        <property name="java.vm.specification.vendor" value="Oracle Corporation"/>
        <property name="https.proxyHost" value="www-proxy.us.oracle.com"/>
        <property name="os.name" value="Linux"/>
        <property name="classworlds.conf" value="/usr/local/apache-maven/apache-maven-3.0.4/bin/m2.conf"/>
        <property name="sun.jnu.encoding" value="UTF-8"/>
        <property name="http.proxyPort" value="80"/>
        <property name="java.library.path" value="/usr/java/packages/lib/amd64:/usr/lib64:/lib64:/lib:/usr/lib"/>
        <property name="sun.awt.enableExtraMouseButtons" value="true"/>
        <property name="java.specification.name" value="Java Platform API Specification"/>
        <property name="java.class.version" value="52.0"/>
        <property name="sun.management.compiler" value="HotSpot 64-Bit Tiered Compilers"/>
        <property name="os.version" value="3.8.13-55.1.1.el6uek.x86_64"/>
        <property name="user.home" value="/home/builder"/>
        <property name="user.timezone" value="PST8PDT"/>
        <property name="java.awt.printerjob" value="sun.print.PSPrinterJob"/>
        <property name="file.encoding" value="UTF-8"/>
        <property name="java.specification.version" value="1.8"/>
        <property name="java.class.path" value="/usr/local/apache-maven/apache-maven-3.0.4/boot/plexus-classworlds-2.4.jar"/>
        <property name="user.name" value="builder"/>
        <property name="java.vm.specification.version" value="1.8"/>
        <property name="sun.java.command" value="org.codehaus.plexus.classworlds.launcher.Launcher -f /home/c2c/hudson/workspace/dcs_dcs.Release-Selenium-Tests/selenium-tests/pom.xml --batch-mode exec:java -Dexec.mainClass=oracle.clouddev.test.selenium.RunTests -Dexec.args=selenium.browser.size.w=1280 selenium.browser.size.h=960 capture.video=true capture.screenshots=true notification.type=swing notification.history=3 notification.font.size=15 job-release-selenium-tests.properties build.job=dcs_dcs.Release-Selenium-Tests build.number=289 target.release=16.2.3.0.0 timeout.build.buildqueue=1200 timeout.build.buildqueue.polling=60 -s BASE --tag base"/>
        <property name="java.home" value="/usr/java/jdk1.8.0_51/jre"/>
        <property name="sun.arch.data.model" value="64"/>
        <property name="user.language" value="en"/>
        <property name="java.specification.vendor" value="Oracle Corporation"/>
        <property name="awt.toolkit" value="sun.awt.X11.XToolkit"/>
        <property name="java.vm.info" value="mixed mode"/>
        <property name="java.version" value="1.8.0_51"/>
        <property name="securerandom.source" value="file:/dev/./urandom"/>
        <property name="java.ext.dirs" value="/usr/java/jdk1.8.0_51/jre/lib/ext:/usr/java/packages/lib/ext"/>
        <property name="http.proxyHost" value="www-proxy.us.oracle.com"/>
        <property name="sun.boot.class.path" value="/usr/java/jdk1.8.0_51/jre/lib/resources.jar:/usr/java/jdk1.8.0_51/jre/lib/rt.jar:/usr/java/jdk1.8.0_51/jre/lib/sunrsasign.jar:/usr/java/jdk1.8.0_51/jre/lib/jsse.jar:/usr/java/jdk1.8.0_51/jre/lib/jce.jar:/usr/java/jdk1.8.0_51/jre/lib/charsets.jar:/usr/java/jdk1.8.0_51/jre/lib/jfr.jar:/usr/java/jdk1.8.0_51/jre/classes"/>
        <property name="java.vendor" value="Oracle Corporation"/>
        <property name="maven.home" value="/usr/local/apache-maven/apache-maven-3.0.4"/>
        <property name="file.separator" value="/"/>
        <property name="java.vendor.url.bug" value="http://bugreport.sun.com/bugreport/"/>
        <property name="sun.font.fontmanager" value="sun.awt.X11FontManager"/>
        <property name="sun.io.unicode.encoding" value="UnicodeLittle"/>
        <property name="sun.cpu.endian" value="little"/>
        <property name="https.proxyPort" value="80"/>
        <property name="exec.args" value="selenium.browser.size.w=1280 selenium.browser.size.h=960 capture.video=true capture.screenshots=true notification.type=swing notification.history=3 notification.font.size=15 job-release-selenium-tests.properties build.job=dcs_dcs.Release-Selenium-Tests build.number=289 target.release=16.2.3.0.0 timeout.build.buildqueue=1200 timeout.build.buildqueue.polling=60 -s BASE --tag base"/>
        <property name="sun.cpu.isalist" value=""/>
        <property name="test.selenium.browser.size.h" value="960"/>
        <property name="test.user.non-admin.name" value="tom.testsuite"/>
        <property name="test.https.proxyHost" value="www-proxy.us.oracle.com"/>
        <property name="test.user.admin.name" value="tina.testsuite"/>
        <property name="test.user.em-agent.password" value="Welcome1!"/>
        <property name="test.tag" value="base"/>
        <property name="test.user.em-agent.fullname" value="Alex Admin"/>
        <property name="test.selenium.port" value="44000"/>
        <property name="test.build.number" value="289"/>
        <property name="test.user.sdi-agent.enabled" value="true"/>
        <property name="test.timeout.assert.condition" value="30"/>
        <property name="test.target.version" value="{
  &quot;buildInformation&quot; : {
    &quot;gitCommitId&quot; : &quot;84b91eb9e1660e336bb9289583fdf62f88d10e16&quot;,
    &quot;gitCommitMessage&quot; : &quot;Bug 23012667 - Check for valid ACCS account in the same ID Domain\n&quot;,
    &quot;buildTime&quot; : &quot;05.04.2016 @ 21:54:38 PDT&quot;,
    &quot;buildUser&quot; : &quot;Code2Cloud Builder&quot;
  }
}"/>
        <property name="test.build.job" value="dcs_dcs.Release-Selenium-Tests"/>
        <property name="test.timeout.project.create" value="660"/>
        <property name="test.user.sdi-agent.name" value="alex.admin"/>
        <property name="test.selenium.browser" value="firefox"/>
        <property name="test.http.proxyPort" value="80"/>
        <property name="test.user.sdi-agent.password" value="Welcome1!"/>
        <property name="test.user.sdi-agent.fullname" value="Alex Admin"/>
        <property name="test.timeout.selenium.navigate" value="20"/>
        <property name="test.target.release" value="16.2.3.0.0"/>
        <property name="test.byom.ip" value="127.0.0.1"/>
        <property name="test.byom.port" value="8585"/>
        <property name="test.notification.type" value="swing"/>
        <property name="test.data.project.override" value=""/>
        <property name="test.timeout.selenium.find" value="1"/>
        <property name="test.user.em-agent.enabled" value="true"/>
        <property name="test.testEmptyOrg.db.id" value=""/>
        <property name="test.reviews.timeout.slowdown" value="0"/>
        <property name="test.http.noProxyHosts" value="localhost|127.0.0.1|*.local|*.oraclecorp.com|*.us.oracle.com"/>
        <property name="test.capture.video" value="true"/>
        <property name="test.user.non-admin.password" value="Welcome1!"/>
        <property name="test.user.non-admin.fullname" value="Tom Testsuite"/>
        <property name="test.user.admin.password" value="Welcome1!"/>
        <property name="test.notification.history" value="3"/>
        <property name="test.user.admin.fullname" value="Tina Testsuite"/>
        <property name="test.capture.screenshots" value="true"/>
        <property name="test.testEmptyOrg.db.connectString" value="jdbc:oracle:thin:@(DESCRIPTION=(ADDRESS=(PROTOCOL=TCP)(HOST=slc09iwb.us.oracle.com)(PORT=1521))(CONNECT_DATA=(SERVICE_NAME=dbpod)))"/>
        <property name="test.firefox.bin" value=""/>
        <property name="test.https.proxyPort" value="80"/>
        <property name="test.develop.offline" value="false"/>
        <property name="test.timeout.build.buildqueue.polling" value="60"/>
        <property name="test.output.dir" value="target/test-reports/"/>
        <property name="test.firefox.allowedHosts" value="localhost,localhost.localdomain"/>
        <property name="test.testEmptyOrg.db.schema" value="BV2RLPNYEWMR"/>
        <property name="test.web.url" value="http://ucf2c-dcs-release-hub1.opcdeveloper.oracleinternalucf2c.oraclecorp.com/qa-dev/"/>
        <property name="test.firefox.extensions" value=""/>
        <property name="test.testEmptyOrg.orgExistsCheck" value="false"/>
        <property name="test.data.dir" value="data/"/>
        <property name="test.notification.font.size" value="15"/>
        <property name="test.testEmptyOrg.service" value="devservice5"/>
        <property name="test.selenium.start.server" value="false"/>
        <property name="test.firefox.profile.path" value=""/>
        <property name="test.selenium.host" value="localhost"/>
        <property name="test.suite" value="BASE"/>
        <property name="test.tests" value=""/>
        <property name="test.user.admin.idm" value="dcsdevteam"/>
        <property name="test.http.proxyHost" value="www-proxy.us.oracle.com"/>
        <property name="test.testMethods" value=""/>
        <property name="test.reviews.dontDeleteEnviroment" value="false"/>
        <property name="test.selenium.browser.maximize" value="false"/>
        <property name="test.firefox.profile.name" value=""/>
        <property name="test.timeout.build.buildqueue" value="1200"/>
        <property name="test.user.em-agent.idm" value="dcsdevteam"/>
        <property name="test.selenium.remote" value="false"/>
        <property name="test.user.sdi-agent.idm" value="dcsdevteam"/>
        <property name="test.byom.authToken" value="123456"/>
        <property name="test.proxy.autodetect" value="false"/>
        <property name="test.testEmptyOrg.idm" value="dcsdevteam"/>
        <property name="test.user.non-admin.idm" value="dcsdevteam"/>
        <property name="test.data.tasks.useexisting" value="false"/>
        <property name="test.selenium.browser.size.w" value="1280"/>
        <property name="test.category" value="DEFAULT"/>
        <property name="test.user.em-agent.name" value="alex.admin"/>
        <property name="test.timeout.slowdown" value="0"/>
      </properties>
    <system-out>
2016-04-07 07:06:17,495 DEBUG [oracle.clouddev.test.selenium.components.AssertElement] Check condition (element is visible) for element [By.xpath: .//*[(self::button or self::a or self::input) and @id=&apos;newissue-backlog&apos;]] on http://ucf2c-dcs-release-hub1.opcdeveloper.oracleinternalucf2c.oraclecorp.com/qa-dev/#projects/qa-dev_test-shared-project1-1460033913915/agile/board/2/backlog.
2016-04-07 07:06:17,521 DEBUG [oracle.clouddev.test.selenium.components.AssertElement] Check condition (element has style class &apos;oj-enabled&apos;) for element [By.xpath: .//*[(self::button or self::a or self::input) and @id=&apos;newissue-backlog&apos;]] on http://ucf2c-dcs-release-hub1.opcdeveloper.oracleinternalucf2c.oraclecorp.com/qa-dev/#projects/qa-dev_test-shared-project1-1460033913915/agile/board/2/backlog.
2016-04-07 07:06:18,392 INFO  [oracle.clouddev.test.selenium.tests.base.TestAgilePage] loading new issue page
2016-04-07 07:06:23,469 INFO  [oracle.clouddev.test.selenium.tests.base.TestAgilePage] setting issue summary
2016-04-07 07:06:23,601 DEBUG [oracle.clouddev.test.selenium.components.AssertElement] Check condition (element is visible) for element [By.xpath: .//input[contains(@class, &apos;oj-combobox-input&apos;)] under [By.id: oj-combobox-choice-ownerControl]] on http://ucf2c-dcs-release-hub1.opcdeveloper.oracleinternalucf2c.oraclecorp.com/qa-dev/#projects/qa-dev_test-shared-project1-1460033913915/task/new?nav_origin_route=projects!2Fqa-dev_test-shared-project1-1460033913915!2Fagile!2Fboard!2F2!2Fbacklog&amp;nav_origin_title=Board1.
2016-04-07 07:06:23,642 DEBUG [oracle.clouddev.test.selenium.components.AssertElement] Check condition (NOT (element is readonly)) for element [By.xpath: .//input[contains(@class, &apos;oj-combobox-input&apos;)] under [By.id: oj-combobox-choice-ownerControl]] on http://ucf2c-dcs-release-hub1.opcdeveloper.oracleinternalucf2c.oraclecorp.com/qa-dev/#projects/qa-dev_test-shared-project1-1460033913915/task/new?nav_origin_route=projects!2Fqa-dev_test-shared-project1-1460033913915!2Fagile!2Fboard!2F2!2Fbacklog&amp;nav_origin_title=Board1.
2016-04-07 07:06:23,676 DEBUG [oracle.clouddev.test.selenium.components.AssertElement] Check condition (element is visible) for element [By.id: oj-combobox-choice-ownerControl] on http://ucf2c-dcs-release-hub1.opcdeveloper.oracleinternalucf2c.oraclecorp.com/qa-dev/#projects/qa-dev_test-shared-project1-1460033913915/task/new?nav_origin_route=projects!2Fqa-dev_test-shared-project1-1460033913915!2Fagile!2Fboard!2F2!2Fbacklog&amp;nav_origin_title=Board1.
2016-04-07 07:06:23,697 DEBUG [oracle.clouddev.test.selenium.components.AssertElement] Check condition (element is enabled) for element [By.id: oj-combobox-choice-ownerControl] on http://ucf2c-dcs-release-hub1.opcdeveloper.oracleinternalucf2c.oraclecorp.com/qa-dev/#projects/qa-dev_test-shared-project1-1460033913915/task/new?nav_origin_route=projects!2Fqa-dev_test-shared-project1-1460033913915!2Fagile!2Fboard!2F2!2Fbacklog&amp;nav_origin_title=Board1.
2016-04-07 07:06:23,716 DEBUG [oracle.clouddev.test.selenium.components.AssertElement] Check condition (element has style class &apos;oj-listbox-dropdown-open&apos;) for element [By.id: oj-combobox-choice-ownerControl] on http://ucf2c-dcs-release-hub1.opcdeveloper.oracleinternalucf2c.oraclecorp.com/qa-dev/#projects/qa-dev_test-shared-project1-1460033913915/task/new?nav_origin_route=projects!2Fqa-dev_test-shared-project1-1460033913915!2Fagile!2Fboard!2F2!2Fbacklog&amp;nav_origin_title=Board1 without wait.
2016-04-07 07:06:23,736 DEBUG [oracle.clouddev.test.selenium.components.AssertElement] Check condition (element is visible) for element [By.xpath: .//a[contains(@class, &apos;oj-combobox-arrow&apos;)] under [By.id: oj-combobox-choice-ownerControl]] on http://ucf2c-dcs-release-hub1.opcdeveloper.oracleinternalucf2c.oraclecorp.com/qa-dev/#projects/qa-dev_test-shared-project1-1460033913915/task/new?nav_origin_route=projects!2Fqa-dev_test-shared-project1-1460033913915!2Fagile!2Fboard!2F2!2Fbacklog&amp;nav_origin_title=Board1.
2016-04-07 07:06:23,770 DEBUG [oracle.clouddev.test.selenium.components.AssertElement] Check condition (element is visible) for element [By.xpath: .//a[contains(@class, &apos;oj-combobox-arrow&apos;)] under [By.id: oj-combobox-choice-ownerControl]] on http://ucf2c-dcs-release-hub1.opcdeveloper.oracleinternalucf2c.oraclecorp.com/qa-dev/#projects/qa-dev_test-shared-project1-1460033913915/task/new?nav_origin_route=projects!2Fqa-dev_test-shared-project1-1460033913915!2Fagile!2Fboard!2F2!2Fbacklog&amp;nav_origin_title=Board1.
2016-04-07 07:06:23,989 DEBUG [oracle.clouddev.test.selenium.components.AssertElement] Check condition (element is visible) for element [By.xpath: .//div[@class=&apos;oj-listbox-result-label&apos; and contains(text(),&apos;Tina Testsuite&apos;)] under [By.xpath: .//div[@id=&apos;oj-listbox-drop&apos;]]] on http://ucf2c-dcs-release-hub1.opcdeveloper.oracleinternalucf2c.oraclecorp.com/qa-dev/#projects/qa-dev_test-shared-project1-1460033913915/task/new?nav_origin_route=projects!2Fqa-dev_test-shared-project1-1460033913915!2Fagile!2Fboard!2F2!2Fbacklog&amp;nav_origin_title=Board1.
2016-04-07 07:06:24,033 DEBUG [oracle.clouddev.test.selenium.components.AssertElement] Check condition (element is visible) for element [By.xpath: .//div[@class=&apos;oj-listbox-result-label&apos; and contains(text(),&apos;Tina Testsuite&apos;)] under [By.xpath: .//div[@id=&apos;oj-listbox-drop&apos;]]] on http://ucf2c-dcs-release-hub1.opcdeveloper.oracleinternalucf2c.oraclecorp.com/qa-dev/#projects/qa-dev_test-shared-project1-1460033913915/task/new?nav_origin_route=projects!2Fqa-dev_test-shared-project1-1460033913915!2Fagile!2Fboard!2F2!2Fbacklog&amp;nav_origin_title=Board1.
2016-04-07 07:06:24,172 DEBUG [oracle.clouddev.test.selenium.components.AssertElement] Check condition (element is visible) for element [By.xpath: .//*[(self::button or self::a or self::input) and @id=&apos;newTaskCreateButtonTop&apos;]] on http://ucf2c-dcs-release-hub1.opcdeveloper.oracleinternalucf2c.oraclecorp.com/qa-dev/#projects/qa-dev_test-shared-project1-1460033913915/task/new?nav_origin_route=projects!2Fqa-dev_test-shared-project1-1460033913915!2Fagile!2Fboard!2F2!2Fbacklog&amp;nav_origin_title=Board1.
2016-04-07 07:06:24,230 DEBUG [oracle.clouddev.test.selenium.components.AssertElement] Check condition (element has style class &apos;oj-enabled&apos;) for element [By.xpath: .//*[(self::button or self::a or self::input) and @id=&apos;newTaskCreateButtonTop&apos;]] on http://ucf2c-dcs-release-hub1.opcdeveloper.oracleinternalucf2c.oraclecorp.com/qa-dev/#projects/qa-dev_test-shared-project1-1460033913915/task/new?nav_origin_route=projects!2Fqa-dev_test-shared-project1-1460033913915!2Fagile!2Fboard!2F2!2Fbacklog&amp;nav_origin_title=Board1.
2016-04-07 07:06:24,472 INFO  [oracle.clouddev.test.selenium.tests.base.TestAgilePage] loading edit issue page
2016-04-07 07:06:29,489 INFO  [oracle.clouddev.test.selenium.tests.base.TestAgilePage] clicking back button
2016-04-07 07:06:29,901 INFO  [oracle.clouddev.test.selenium.tests.base.TestAgilePage] loading backlog page
2016-04-07 07:06:34,958 INFO  [oracle.clouddev.test.selenium.tests.base.TestAgilePage] backlog issue count = 1
2016-04-07 07:06:34,958 INFO  [oracle.clouddev.test.selenium.tests.base.TestAgilePage] right-click on issue
2016-04-07 07:06:35,267 INFO  [oracle.clouddev.test.selenium.tests.base.TestAgilePage] send issue from backlog to sprint
2016-04-07 07:06:35,731 INFO  [oracle.clouddev.test.selenium.tests.base.TestAgilePage] waiting for issue to move from backlog to sprint
2016-04-07 07:06:41,747 INFO  [oracle.clouddev.test.selenium.tests.base.TestAgilePage] backlog issue count = 0
2016-04-07 07:06:44,874 INFO  [oracle.clouddev.test.selenium.tests.base.TestAgilePage] sprint issue count = 1
2016-04-07 07:06:44,923 DEBUG [oracle.clouddev.test.selenium.components.AssertElement] Check condition (element has style class &apos;oj-enabled&apos;) for element [By.xpath: .//*[(self::button or self::a or self::input) and @id=&apos;startsprint-1&apos;] under [div#collapsible-sprint-1]] on http://ucf2c-dcs-release-hub1.opcdeveloper.oracleinternalucf2c.oraclecorp.com/qa-dev/#projects/qa-dev_test-shared-project1-1460033913915/agile/board/2/backlog.
    </system-out>
    </testcase>
    <testcase classname="oracle.clouddev.test.selenium.tests.base.TestAgilePage" name="createIssue2" time="23.422">
      <properties>
        <property name="java.runtime.name" value="Java(TM) SE Runtime Environment"/>
        <property name="exec.mainClass" value="oracle.clouddev.test.selenium.RunTests"/>
        <property name="sun.boot.library.path" value="/usr/java/jdk1.8.0_51/jre/lib/amd64"/>
        <property name="java.vm.version" value="25.51-b03"/>
        <property name="java.vm.vendor" value="Oracle Corporation"/>
        <property name="java.vendor.url" value="http://java.oracle.com/"/>
        <property name="guice.disable.misplaced.annotation.check" value="true"/>
        <property name="path.separator" value=":"/>
        <property name="java.vm.name" value="Java HotSpot(TM) 64-Bit Server VM"/>
        <property name="file.encoding.pkg" value="sun.io"/>
        <property name="user.country" value="US"/>
        <property name="sun.java.launcher" value="SUN_STANDARD"/>
        <property name="sun.os.patch.level" value="unknown"/>
        <property name="http.noProxyHosts" value="localhost|127.0.0.1|*.local|*.oraclecorp.com|*.us.oracle.com"/>
        <property name="java.vm.specification.name" value="Java Virtual Machine Specification"/>
        <property name="user.dir" value="/home/builder/hudson/workspace/dcs_dcs.Release-Selenium-Tests/selenium-tests"/>
        <property name="java.runtime.version" value="1.8.0_51-b16"/>
        <property name="java.awt.graphicsenv" value="sun.awt.X11GraphicsEnvironment"/>
        <property name="java.endorsed.dirs" value="/usr/java/jdk1.8.0_51/jre/lib/endorsed"/>
        <property name="os.arch" value="amd64"/>
        <property name="java.io.tmpdir" value="/tmp"/>
        <property name="line.separator" value="
"/>
        <property name="java.vm.specification.vendor" value="Oracle Corporation"/>
        <property name="https.proxyHost" value="www-proxy.us.oracle.com"/>
        <property name="os.name" value="Linux"/>
        <property name="classworlds.conf" value="/usr/local/apache-maven/apache-maven-3.0.4/bin/m2.conf"/>
        <property name="sun.jnu.encoding" value="UTF-8"/>
        <property name="http.proxyPort" value="80"/>
        <property name="java.library.path" value="/usr/java/packages/lib/amd64:/usr/lib64:/lib64:/lib:/usr/lib"/>
        <property name="sun.awt.enableExtraMouseButtons" value="true"/>
        <property name="java.specification.name" value="Java Platform API Specification"/>
        <property name="java.class.version" value="52.0"/>
        <property name="sun.management.compiler" value="HotSpot 64-Bit Tiered Compilers"/>
        <property name="os.version" value="3.8.13-55.1.1.el6uek.x86_64"/>
        <property name="user.home" value="/home/builder"/>
        <property name="user.timezone" value="PST8PDT"/>
        <property name="java.awt.printerjob" value="sun.print.PSPrinterJob"/>
        <property name="file.encoding" value="UTF-8"/>
        <property name="java.specification.version" value="1.8"/>
        <property name="java.class.path" value="/usr/local/apache-maven/apache-maven-3.0.4/boot/plexus-classworlds-2.4.jar"/>
        <property name="user.name" value="builder"/>
        <property name="java.vm.specification.version" value="1.8"/>
        <property name="sun.java.command" value="org.codehaus.plexus.classworlds.launcher.Launcher -f /home/c2c/hudson/workspace/dcs_dcs.Release-Selenium-Tests/selenium-tests/pom.xml --batch-mode exec:java -Dexec.mainClass=oracle.clouddev.test.selenium.RunTests -Dexec.args=selenium.browser.size.w=1280 selenium.browser.size.h=960 capture.video=true capture.screenshots=true notification.type=swing notification.history=3 notification.font.size=15 job-release-selenium-tests.properties build.job=dcs_dcs.Release-Selenium-Tests build.number=289 target.release=16.2.3.0.0 timeout.build.buildqueue=1200 timeout.build.buildqueue.polling=60 -s BASE --tag base"/>
        <property name="java.home" value="/usr/java/jdk1.8.0_51/jre"/>
        <property name="sun.arch.data.model" value="64"/>
        <property name="user.language" value="en"/>
        <property name="java.specification.vendor" value="Oracle Corporation"/>
        <property name="awt.toolkit" value="sun.awt.X11.XToolkit"/>
        <property name="java.vm.info" value="mixed mode"/>
        <property name="java.version" value="1.8.0_51"/>
        <property name="securerandom.source" value="file:/dev/./urandom"/>
        <property name="java.ext.dirs" value="/usr/java/jdk1.8.0_51/jre/lib/ext:/usr/java/packages/lib/ext"/>
        <property name="http.proxyHost" value="www-proxy.us.oracle.com"/>
        <property name="sun.boot.class.path" value="/usr/java/jdk1.8.0_51/jre/lib/resources.jar:/usr/java/jdk1.8.0_51/jre/lib/rt.jar:/usr/java/jdk1.8.0_51/jre/lib/sunrsasign.jar:/usr/java/jdk1.8.0_51/jre/lib/jsse.jar:/usr/java/jdk1.8.0_51/jre/lib/jce.jar:/usr/java/jdk1.8.0_51/jre/lib/charsets.jar:/usr/java/jdk1.8.0_51/jre/lib/jfr.jar:/usr/java/jdk1.8.0_51/jre/classes"/>
        <property name="java.vendor" value="Oracle Corporation"/>
        <property name="maven.home" value="/usr/local/apache-maven/apache-maven-3.0.4"/>
        <property name="file.separator" value="/"/>
        <property name="java.vendor.url.bug" value="http://bugreport.sun.com/bugreport/"/>
        <property name="sun.font.fontmanager" value="sun.awt.X11FontManager"/>
        <property name="sun.io.unicode.encoding" value="UnicodeLittle"/>
        <property name="sun.cpu.endian" value="little"/>
        <property name="https.proxyPort" value="80"/>
        <property name="exec.args" value="selenium.browser.size.w=1280 selenium.browser.size.h=960 capture.video=true capture.screenshots=true notification.type=swing notification.history=3 notification.font.size=15 job-release-selenium-tests.properties build.job=dcs_dcs.Release-Selenium-Tests build.number=289 target.release=16.2.3.0.0 timeout.build.buildqueue=1200 timeout.build.buildqueue.polling=60 -s BASE --tag base"/>
        <property name="sun.cpu.isalist" value=""/>
        <property name="test.selenium.browser.size.h" value="960"/>
        <property name="test.user.non-admin.name" value="tom.testsuite"/>
        <property name="test.https.proxyHost" value="www-proxy.us.oracle.com"/>
        <property name="test.user.admin.name" value="tina.testsuite"/>
        <property name="test.user.em-agent.password" value="Welcome1!"/>
        <property name="test.tag" value="base"/>
        <property name="test.user.em-agent.fullname" value="Alex Admin"/>
        <property name="test.selenium.port" value="44000"/>
        <property name="test.build.number" value="289"/>
        <property name="test.user.sdi-agent.enabled" value="true"/>
        <property name="test.timeout.assert.condition" value="30"/>
        <property name="test.target.version" value="{
  &quot;buildInformation&quot; : {
    &quot;gitCommitId&quot; : &quot;84b91eb9e1660e336bb9289583fdf62f88d10e16&quot;,
    &quot;gitCommitMessage&quot; : &quot;Bug 23012667 - Check for valid ACCS account in the same ID Domain\n&quot;,
    &quot;buildTime&quot; : &quot;05.04.2016 @ 21:54:38 PDT&quot;,
    &quot;buildUser&quot; : &quot;Code2Cloud Builder&quot;
  }
}"/>
        <property name="test.build.job" value="dcs_dcs.Release-Selenium-Tests"/>
        <property name="test.timeout.project.create" value="660"/>
        <property name="test.user.sdi-agent.name" value="alex.admin"/>
        <property name="test.selenium.browser" value="firefox"/>
        <property name="test.http.proxyPort" value="80"/>
        <property name="test.user.sdi-agent.password" value="Welcome1!"/>
        <property name="test.user.sdi-agent.fullname" value="Alex Admin"/>
        <property name="test.timeout.selenium.navigate" value="20"/>
        <property name="test.target.release" value="16.2.3.0.0"/>
        <property name="test.byom.ip" value="127.0.0.1"/>
        <property name="test.byom.port" value="8585"/>
        <property name="test.notification.type" value="swing"/>
        <property name="test.data.project.override" value=""/>
        <property name="test.timeout.selenium.find" value="1"/>
        <property name="test.user.em-agent.enabled" value="true"/>
        <property name="test.testEmptyOrg.db.id" value=""/>
        <property name="test.reviews.timeout.slowdown" value="0"/>
        <property name="test.http.noProxyHosts" value="localhost|127.0.0.1|*.local|*.oraclecorp.com|*.us.oracle.com"/>
        <property name="test.capture.video" value="true"/>
        <property name="test.user.non-admin.password" value="Welcome1!"/>
        <property name="test.user.non-admin.fullname" value="Tom Testsuite"/>
        <property name="test.user.admin.password" value="Welcome1!"/>
        <property name="test.notification.history" value="3"/>
        <property name="test.user.admin.fullname" value="Tina Testsuite"/>
        <property name="test.capture.screenshots" value="true"/>
        <property name="test.testEmptyOrg.db.connectString" value="jdbc:oracle:thin:@(DESCRIPTION=(ADDRESS=(PROTOCOL=TCP)(HOST=slc09iwb.us.oracle.com)(PORT=1521))(CONNECT_DATA=(SERVICE_NAME=dbpod)))"/>
        <property name="test.firefox.bin" value=""/>
        <property name="test.https.proxyPort" value="80"/>
        <property name="test.develop.offline" value="false"/>
        <property name="test.timeout.build.buildqueue.polling" value="60"/>
        <property name="test.output.dir" value="target/test-reports/"/>
        <property name="test.firefox.allowedHosts" value="localhost,localhost.localdomain"/>
        <property name="test.testEmptyOrg.db.schema" value="BV2RLPNYEWMR"/>
        <property name="test.web.url" value="http://ucf2c-dcs-release-hub1.opcdeveloper.oracleinternalucf2c.oraclecorp.com/qa-dev/"/>
        <property name="test.firefox.extensions" value=""/>
        <property name="test.testEmptyOrg.orgExistsCheck" value="false"/>
        <property name="test.data.dir" value="data/"/>
        <property name="test.notification.font.size" value="15"/>
        <property name="test.testEmptyOrg.service" value="devservice5"/>
        <property name="test.selenium.start.server" value="false"/>
        <property name="test.firefox.profile.path" value=""/>
        <property name="test.selenium.host" value="localhost"/>
        <property name="test.suite" value="BASE"/>
        <property name="test.tests" value=""/>
        <property name="test.user.admin.idm" value="dcsdevteam"/>
        <property name="test.http.proxyHost" value="www-proxy.us.oracle.com"/>
        <property name="test.testMethods" value=""/>
        <property name="test.reviews.dontDeleteEnviroment" value="false"/>
        <property name="test.selenium.browser.maximize" value="false"/>
        <property name="test.firefox.profile.name" value=""/>
        <property name="test.timeout.build.buildqueue" value="1200"/>
        <property name="test.user.em-agent.idm" value="dcsdevteam"/>
        <property name="test.selenium.remote" value="false"/>
        <property name="test.user.sdi-agent.idm" value="dcsdevteam"/>
        <property name="test.byom.authToken" value="123456"/>
        <property name="test.proxy.autodetect" value="false"/>
        <property name="test.testEmptyOrg.idm" value="dcsdevteam"/>
        <property name="test.user.non-admin.idm" value="dcsdevteam"/>
        <property name="test.data.tasks.useexisting" value="false"/>
        <property name="test.selenium.browser.size.w" value="1280"/>
        <property name="test.category" value="DEFAULT"/>
        <property name="test.user.em-agent.name" value="alex.admin"/>
        <property name="test.timeout.slowdown" value="0"/>
      </properties>
    <system-out>
2016-04-07 07:06:48,163 DEBUG [oracle.clouddev.test.selenium.components.AssertElement] Check condition (element is visible) for element [By.xpath: .//*[(self::button or self::a or self::input) and @id=&apos;newissue-1&apos;]] on http://ucf2c-dcs-release-hub1.opcdeveloper.oracleinternalucf2c.oraclecorp.com/qa-dev/#projects/qa-dev_test-shared-project1-1460033913915/agile/board/2/backlog.
2016-04-07 07:06:48,227 DEBUG [oracle.clouddev.test.selenium.components.AssertElement] Check condition (element has style class &apos;oj-enabled&apos;) for element [By.xpath: .//*[(self::button or self::a or self::input) and @id=&apos;newissue-1&apos;]] on http://ucf2c-dcs-release-hub1.opcdeveloper.oracleinternalucf2c.oraclecorp.com/qa-dev/#projects/qa-dev_test-shared-project1-1460033913915/agile/board/2/backlog.
2016-04-07 07:06:48,761 INFO  [oracle.clouddev.test.selenium.tests.base.TestAgilePage] loading new issue page
2016-04-07 07:06:53,766 INFO  [oracle.clouddev.test.selenium.tests.base.TestAgilePage] setting issue summary
2016-04-07 07:06:54,060 DEBUG [oracle.clouddev.test.selenium.components.AssertElement] Check condition (element is visible) for element [By.xpath: .//*[(self::button or self::a or self::input) and @id=&apos;newTaskCreateButtonTop&apos;]] on http://ucf2c-dcs-release-hub1.opcdeveloper.oracleinternalucf2c.oraclecorp.com/qa-dev/#projects/qa-dev_test-shared-project1-1460033913915/task/new?sprintId=1&amp;nav_origin_route=projects!2Fqa-dev_test-shared-project1-1460033913915!2Fagile!2Fboard!2F2!2Fbacklog&amp;nav_origin_title=Board1.
2016-04-07 07:06:54,095 DEBUG [oracle.clouddev.test.selenium.components.AssertElement] Check condition (element has style class &apos;oj-enabled&apos;) for element [By.xpath: .//*[(self::button or self::a or self::input) and @id=&apos;newTaskCreateButtonTop&apos;]] on http://ucf2c-dcs-release-hub1.opcdeveloper.oracleinternalucf2c.oraclecorp.com/qa-dev/#projects/qa-dev_test-shared-project1-1460033913915/task/new?sprintId=1&amp;nav_origin_route=projects!2Fqa-dev_test-shared-project1-1460033913915!2Fagile!2Fboard!2F2!2Fbacklog&amp;nav_origin_title=Board1.
2016-04-07 07:06:54,429 INFO  [oracle.clouddev.test.selenium.tests.base.TestAgilePage] loading edit issue page
2016-04-07 07:06:59,453 INFO  [oracle.clouddev.test.selenium.tests.base.TestAgilePage] clicking back button
2016-04-07 07:07:00,071 INFO  [oracle.clouddev.test.selenium.tests.base.TestAgilePage] loading backlog page
    </system-out>
    </testcase>
    <testcase classname="oracle.clouddev.test.selenium.tests.base.TestAgilePage" name="startSprint1" time="12.413">
      <properties>
        <property name="java.runtime.name" value="Java(TM) SE Runtime Environment"/>
        <property name="exec.mainClass" value="oracle.clouddev.test.selenium.RunTests"/>
        <property name="sun.boot.library.path" value="/usr/java/jdk1.8.0_51/jre/lib/amd64"/>
        <property name="java.vm.version" value="25.51-b03"/>
        <property name="java.vm.vendor" value="Oracle Corporation"/>
        <property name="java.vendor.url" value="http://java.oracle.com/"/>
        <property name="guice.disable.misplaced.annotation.check" value="true"/>
        <property name="path.separator" value=":"/>
        <property name="java.vm.name" value="Java HotSpot(TM) 64-Bit Server VM"/>
        <property name="file.encoding.pkg" value="sun.io"/>
        <property name="user.country" value="US"/>
        <property name="sun.java.launcher" value="SUN_STANDARD"/>
        <property name="sun.os.patch.level" value="unknown"/>
        <property name="http.noProxyHosts" value="localhost|127.0.0.1|*.local|*.oraclecorp.com|*.us.oracle.com"/>
        <property name="java.vm.specification.name" value="Java Virtual Machine Specification"/>
        <property name="user.dir" value="/home/builder/hudson/workspace/dcs_dcs.Release-Selenium-Tests/selenium-tests"/>
        <property name="java.runtime.version" value="1.8.0_51-b16"/>
        <property name="java.awt.graphicsenv" value="sun.awt.X11GraphicsEnvironment"/>
        <property name="java.endorsed.dirs" value="/usr/java/jdk1.8.0_51/jre/lib/endorsed"/>
        <property name="os.arch" value="amd64"/>
        <property name="java.io.tmpdir" value="/tmp"/>
        <property name="line.separator" value="
"/>
        <property name="java.vm.specification.vendor" value="Oracle Corporation"/>
        <property name="https.proxyHost" value="www-proxy.us.oracle.com"/>
        <property name="os.name" value="Linux"/>
        <property name="classworlds.conf" value="/usr/local/apache-maven/apache-maven-3.0.4/bin/m2.conf"/>
        <property name="sun.jnu.encoding" value="UTF-8"/>
        <property name="http.proxyPort" value="80"/>
        <property name="java.library.path" value="/usr/java/packages/lib/amd64:/usr/lib64:/lib64:/lib:/usr/lib"/>
        <property name="sun.awt.enableExtraMouseButtons" value="true"/>
        <property name="java.specification.name" value="Java Platform API Specification"/>
        <property name="java.class.version" value="52.0"/>
        <property name="sun.management.compiler" value="HotSpot 64-Bit Tiered Compilers"/>
        <property name="os.version" value="3.8.13-55.1.1.el6uek.x86_64"/>
        <property name="user.home" value="/home/builder"/>
        <property name="user.timezone" value="PST8PDT"/>
        <property name="java.awt.printerjob" value="sun.print.PSPrinterJob"/>
        <property name="file.encoding" value="UTF-8"/>
        <property name="java.specification.version" value="1.8"/>
        <property name="java.class.path" value="/usr/local/apache-maven/apache-maven-3.0.4/boot/plexus-classworlds-2.4.jar"/>
        <property name="user.name" value="builder"/>
        <property name="java.vm.specification.version" value="1.8"/>
        <property name="sun.java.command" value="org.codehaus.plexus.classworlds.launcher.Launcher -f /home/c2c/hudson/workspace/dcs_dcs.Release-Selenium-Tests/selenium-tests/pom.xml --batch-mode exec:java -Dexec.mainClass=oracle.clouddev.test.selenium.RunTests -Dexec.args=selenium.browser.size.w=1280 selenium.browser.size.h=960 capture.video=true capture.screenshots=true notification.type=swing notification.history=3 notification.font.size=15 job-release-selenium-tests.properties build.job=dcs_dcs.Release-Selenium-Tests build.number=289 target.release=16.2.3.0.0 timeout.build.buildqueue=1200 timeout.build.buildqueue.polling=60 -s BASE --tag base"/>
        <property name="java.home" value="/usr/java/jdk1.8.0_51/jre"/>
        <property name="sun.arch.data.model" value="64"/>
        <property name="user.language" value="en"/>
        <property name="java.specification.vendor" value="Oracle Corporation"/>
        <property name="awt.toolkit" value="sun.awt.X11.XToolkit"/>
        <property name="java.vm.info" value="mixed mode"/>
        <property name="java.version" value="1.8.0_51"/>
        <property name="securerandom.source" value="file:/dev/./urandom"/>
        <property name="java.ext.dirs" value="/usr/java/jdk1.8.0_51/jre/lib/ext:/usr/java/packages/lib/ext"/>
        <property name="http.proxyHost" value="www-proxy.us.oracle.com"/>
        <property name="sun.boot.class.path" value="/usr/java/jdk1.8.0_51/jre/lib/resources.jar:/usr/java/jdk1.8.0_51/jre/lib/rt.jar:/usr/java/jdk1.8.0_51/jre/lib/sunrsasign.jar:/usr/java/jdk1.8.0_51/jre/lib/jsse.jar:/usr/java/jdk1.8.0_51/jre/lib/jce.jar:/usr/java/jdk1.8.0_51/jre/lib/charsets.jar:/usr/java/jdk1.8.0_51/jre/lib/jfr.jar:/usr/java/jdk1.8.0_51/jre/classes"/>
        <property name="java.vendor" value="Oracle Corporation"/>
        <property name="maven.home" value="/usr/local/apache-maven/apache-maven-3.0.4"/>
        <property name="file.separator" value="/"/>
        <property name="java.vendor.url.bug" value="http://bugreport.sun.com/bugreport/"/>
        <property name="sun.font.fontmanager" value="sun.awt.X11FontManager"/>
        <property name="sun.io.unicode.encoding" value="UnicodeLittle"/>
        <property name="sun.cpu.endian" value="little"/>
        <property name="https.proxyPort" value="80"/>
        <property name="exec.args" value="selenium.browser.size.w=1280 selenium.browser.size.h=960 capture.video=true capture.screenshots=true notification.type=swing notification.history=3 notification.font.size=15 job-release-selenium-tests.properties build.job=dcs_dcs.Release-Selenium-Tests build.number=289 target.release=16.2.3.0.0 timeout.build.buildqueue=1200 timeout.build.buildqueue.polling=60 -s BASE --tag base"/>
        <property name="sun.cpu.isalist" value=""/>
        <property name="test.selenium.browser.size.h" value="960"/>
        <property name="test.user.non-admin.name" value="tom.testsuite"/>
        <property name="test.https.proxyHost" value="www-proxy.us.oracle.com"/>
        <property name="test.user.admin.name" value="tina.testsuite"/>
        <property name="test.user.em-agent.password" value="Welcome1!"/>
        <property name="test.tag" value="base"/>
        <property name="test.user.em-agent.fullname" value="Alex Admin"/>
        <property name="test.selenium.port" value="44000"/>
        <property name="test.build.number" value="289"/>
        <property name="test.user.sdi-agent.enabled" value="true"/>
        <property name="test.timeout.assert.condition" value="30"/>
        <property name="test.target.version" value="{
  &quot;buildInformation&quot; : {
    &quot;gitCommitId&quot; : &quot;84b91eb9e1660e336bb9289583fdf62f88d10e16&quot;,
    &quot;gitCommitMessage&quot; : &quot;Bug 23012667 - Check for valid ACCS account in the same ID Domain\n&quot;,
    &quot;buildTime&quot; : &quot;05.04.2016 @ 21:54:38 PDT&quot;,
    &quot;buildUser&quot; : &quot;Code2Cloud Builder&quot;
  }
}"/>
        <property name="test.build.job" value="dcs_dcs.Release-Selenium-Tests"/>
        <property name="test.timeout.project.create" value="660"/>
        <property name="test.user.sdi-agent.name" value="alex.admin"/>
        <property name="test.selenium.browser" value="firefox"/>
        <property name="test.http.proxyPort" value="80"/>
        <property name="test.user.sdi-agent.password" value="Welcome1!"/>
        <property name="test.user.sdi-agent.fullname" value="Alex Admin"/>
        <property name="test.timeout.selenium.navigate" value="20"/>
        <property name="test.target.release" value="16.2.3.0.0"/>
        <property name="test.byom.ip" value="127.0.0.1"/>
        <property name="test.byom.port" value="8585"/>
        <property name="test.notification.type" value="swing"/>
        <property name="test.data.project.override" value=""/>
        <property name="test.timeout.selenium.find" value="1"/>
        <property name="test.user.em-agent.enabled" value="true"/>
        <property name="test.testEmptyOrg.db.id" value=""/>
        <property name="test.reviews.timeout.slowdown" value="0"/>
        <property name="test.http.noProxyHosts" value="localhost|127.0.0.1|*.local|*.oraclecorp.com|*.us.oracle.com"/>
        <property name="test.capture.video" value="true"/>
        <property name="test.user.non-admin.password" value="Welcome1!"/>
        <property name="test.user.non-admin.fullname" value="Tom Testsuite"/>
        <property name="test.user.admin.password" value="Welcome1!"/>
        <property name="test.notification.history" value="3"/>
        <property name="test.user.admin.fullname" value="Tina Testsuite"/>
        <property name="test.capture.screenshots" value="true"/>
        <property name="test.testEmptyOrg.db.connectString" value="jdbc:oracle:thin:@(DESCRIPTION=(ADDRESS=(PROTOCOL=TCP)(HOST=slc09iwb.us.oracle.com)(PORT=1521))(CONNECT_DATA=(SERVICE_NAME=dbpod)))"/>
        <property name="test.firefox.bin" value=""/>
        <property name="test.https.proxyPort" value="80"/>
        <property name="test.develop.offline" value="false"/>
        <property name="test.timeout.build.buildqueue.polling" value="60"/>
        <property name="test.output.dir" value="target/test-reports/"/>
        <property name="test.firefox.allowedHosts" value="localhost,localhost.localdomain"/>
        <property name="test.testEmptyOrg.db.schema" value="BV2RLPNYEWMR"/>
        <property name="test.web.url" value="http://ucf2c-dcs-release-hub1.opcdeveloper.oracleinternalucf2c.oraclecorp.com/qa-dev/"/>
        <property name="test.firefox.extensions" value=""/>
        <property name="test.testEmptyOrg.orgExistsCheck" value="false"/>
        <property name="test.data.dir" value="data/"/>
        <property name="test.notification.font.size" value="15"/>
        <property name="test.testEmptyOrg.service" value="devservice5"/>
        <property name="test.selenium.start.server" value="false"/>
        <property name="test.firefox.profile.path" value=""/>
        <property name="test.selenium.host" value="localhost"/>
        <property name="test.suite" value="BASE"/>
        <property name="test.tests" value=""/>
        <property name="test.user.admin.idm" value="dcsdevteam"/>
        <property name="test.http.proxyHost" value="www-proxy.us.oracle.com"/>
        <property name="test.testMethods" value=""/>
        <property name="test.reviews.dontDeleteEnviroment" value="false"/>
        <property name="test.selenium.browser.maximize" value="false"/>
        <property name="test.firefox.profile.name" value=""/>
        <property name="test.timeout.build.buildqueue" value="1200"/>
        <property name="test.user.em-agent.idm" value="dcsdevteam"/>
        <property name="test.selenium.remote" value="false"/>
        <property name="test.user.sdi-agent.idm" value="dcsdevteam"/>
        <property name="test.byom.authToken" value="123456"/>
        <property name="test.proxy.autodetect" value="false"/>
        <property name="test.testEmptyOrg.idm" value="dcsdevteam"/>
        <property name="test.user.non-admin.idm" value="dcsdevteam"/>
        <property name="test.data.tasks.useexisting" value="false"/>
        <property name="test.selenium.browser.size.w" value="1280"/>
        <property name="test.category" value="DEFAULT"/>
        <property name="test.user.em-agent.name" value="alex.admin"/>
        <property name="test.timeout.slowdown" value="0"/>
      </properties>
    <system-out>
2016-04-07 07:07:08,365 INFO  [oracle.clouddev.test.selenium.tests.base.TestAgilePage] clicking start sprint button for Sprint1
2016-04-07 07:07:11,482 DEBUG [oracle.clouddev.test.selenium.components.AssertElement] Check condition (element is visible) for element [By.xpath: .//*[(self::button or self::a or self::input) and @id=&apos;startsprint-1&apos;] under [div#collapsible-sprint-1]] on http://ucf2c-dcs-release-hub1.opcdeveloper.oracleinternalucf2c.oraclecorp.com/qa-dev/#projects/qa-dev_test-shared-project1-1460033913915/agile/board/2/backlog.
2016-04-07 07:07:11,516 DEBUG [oracle.clouddev.test.selenium.components.AssertElement] Check condition (element is visible) for element [By.xpath: .//*[(self::button or self::a or self::input) and @id=&apos;startsprint-1&apos;] under [div#collapsible-sprint-1]] on http://ucf2c-dcs-release-hub1.opcdeveloper.oracleinternalucf2c.oraclecorp.com/qa-dev/#projects/qa-dev_test-shared-project1-1460033913915/agile/board/2/backlog.
2016-04-07 07:07:11,567 DEBUG [oracle.clouddev.test.selenium.components.AssertElement] Check condition (element has style class &apos;oj-enabled&apos;) for element [By.xpath: .//*[(self::button or self::a or self::input) and @id=&apos;startsprint-1&apos;] under [div#collapsible-sprint-1]] on http://ucf2c-dcs-release-hub1.opcdeveloper.oracleinternalucf2c.oraclecorp.com/qa-dev/#projects/qa-dev_test-shared-project1-1460033913915/agile/board/2/backlog.
2016-04-07 07:07:12,095 INFO  [oracle.clouddev.test.selenium.tests.base.TestAgilePage] invoking Start Sprint dialog
2016-04-07 07:07:12,126 DEBUG [oracle.clouddev.test.selenium.components.AssertElement] Check condition (element is visible) for element [By.xpath: .//div[contains(@class,&apos;oj-dialog&apos;)]/div[@id=&apos;iteration-edit&apos;]/..] on http://ucf2c-dcs-release-hub1.opcdeveloper.oracleinternalucf2c.oraclecorp.com/qa-dev/#projects/qa-dev_test-shared-project1-1460033913915/agile/board/2/backlog.
2016-04-07 07:07:12,192 DEBUG [oracle.clouddev.test.selenium.components.AssertElement] Check condition (element is visible) for element [By.xpath: .//*[(self::button or self::a or self::input) and @id=&apos;button-ok&apos;] under [By.xpath: .//div[contains(@class,&apos;oj-dialog&apos;)]/div[@id=&apos;iteration-edit&apos;]/..]] on http://ucf2c-dcs-release-hub1.opcdeveloper.oracleinternalucf2c.oraclecorp.com/qa-dev/#projects/qa-dev_test-shared-project1-1460033913915/agile/board/2/backlog.
2016-04-07 07:07:12,271 DEBUG [oracle.clouddev.test.selenium.components.AssertElement] Check condition (element has style class &apos;oj-enabled&apos;) for element [By.xpath: .//*[(self::button or self::a or self::input) and @id=&apos;button-ok&apos;] under [By.xpath: .//div[contains(@class,&apos;oj-dialog&apos;)]/div[@id=&apos;iteration-edit&apos;]/..]] on http://ucf2c-dcs-release-hub1.opcdeveloper.oracleinternalucf2c.oraclecorp.com/qa-dev/#projects/qa-dev_test-shared-project1-1460033913915/agile/board/2/backlog.
2016-04-07 07:07:12,614 INFO  [oracle.clouddev.test.selenium.tests.base.TestAgilePage] starting sprint Sprint1
2016-04-07 07:07:17,614 INFO  [oracle.clouddev.test.selenium.tests.base.TestAgilePage] looking for element sprintdates-1
2016-04-07 07:07:20,724 DEBUG [oracle.clouddev.test.selenium.components.AssertElement] Check condition (element is visible) for element [span#sprintdates-1] on http://ucf2c-dcs-release-hub1.opcdeveloper.oracleinternalucf2c.oraclecorp.com/qa-dev/#projects/qa-dev_test-shared-project1-1460033913915/agile/board/2/backlog.
2016-04-07 07:07:20,758 DEBUG [oracle.clouddev.test.selenium.components.AssertElement] Check condition (NOT (element is visible)) for element [By.xpath: .//*[(self::button or self::a or self::input) and @id=&apos;startsprint-1&apos;] under [div#collapsible-sprint-1]] on http://ucf2c-dcs-release-hub1.opcdeveloper.oracleinternalucf2c.oraclecorp.com/qa-dev/#projects/qa-dev_test-shared-project1-1460033913915/agile/board/2/backlog.
    </system-out>
    </testcase>
    <testcase classname="oracle.clouddev.test.selenium.tests.base.TestAgilePage" name="configureBoard1" time="16.723">
      <properties>
        <property name="java.runtime.name" value="Java(TM) SE Runtime Environment"/>
        <property name="exec.mainClass" value="oracle.clouddev.test.selenium.RunTests"/>
        <property name="sun.boot.library.path" value="/usr/java/jdk1.8.0_51/jre/lib/amd64"/>
        <property name="java.vm.version" value="25.51-b03"/>
        <property name="java.vm.vendor" value="Oracle Corporation"/>
        <property name="java.vendor.url" value="http://java.oracle.com/"/>
        <property name="guice.disable.misplaced.annotation.check" value="true"/>
        <property name="path.separator" value=":"/>
        <property name="java.vm.name" value="Java HotSpot(TM) 64-Bit Server VM"/>
        <property name="file.encoding.pkg" value="sun.io"/>
        <property name="user.country" value="US"/>
        <property name="sun.java.launcher" value="SUN_STANDARD"/>
        <property name="sun.os.patch.level" value="unknown"/>
        <property name="http.noProxyHosts" value="localhost|127.0.0.1|*.local|*.oraclecorp.com|*.us.oracle.com"/>
        <property name="java.vm.specification.name" value="Java Virtual Machine Specification"/>
        <property name="user.dir" value="/home/builder/hudson/workspace/dcs_dcs.Release-Selenium-Tests/selenium-tests"/>
        <property name="java.runtime.version" value="1.8.0_51-b16"/>
        <property name="java.awt.graphicsenv" value="sun.awt.X11GraphicsEnvironment"/>
        <property name="java.endorsed.dirs" value="/usr/java/jdk1.8.0_51/jre/lib/endorsed"/>
        <property name="os.arch" value="amd64"/>
        <property name="java.io.tmpdir" value="/tmp"/>
        <property name="line.separator" value="
"/>
        <property name="java.vm.specification.vendor" value="Oracle Corporation"/>
        <property name="https.proxyHost" value="www-proxy.us.oracle.com"/>
        <property name="os.name" value="Linux"/>
        <property name="classworlds.conf" value="/usr/local/apache-maven/apache-maven-3.0.4/bin/m2.conf"/>
        <property name="sun.jnu.encoding" value="UTF-8"/>
        <property name="http.proxyPort" value="80"/>
        <property name="java.library.path" value="/usr/java/packages/lib/amd64:/usr/lib64:/lib64:/lib:/usr/lib"/>
        <property name="sun.awt.enableExtraMouseButtons" value="true"/>
        <property name="java.specification.name" value="Java Platform API Specification"/>
        <property name="java.class.version" value="52.0"/>
        <property name="sun.management.compiler" value="HotSpot 64-Bit Tiered Compilers"/>
        <property name="os.version" value="3.8.13-55.1.1.el6uek.x86_64"/>
        <property name="user.home" value="/home/builder"/>
        <property name="user.timezone" value="PST8PDT"/>
        <property name="java.awt.printerjob" value="sun.print.PSPrinterJob"/>
        <property name="file.encoding" value="UTF-8"/>
        <property name="java.specification.version" value="1.8"/>
        <property name="java.class.path" value="/usr/local/apache-maven/apache-maven-3.0.4/boot/plexus-classworlds-2.4.jar"/>
        <property name="user.name" value="builder"/>
        <property name="java.vm.specification.version" value="1.8"/>
        <property name="sun.java.command" value="org.codehaus.plexus.classworlds.launcher.Launcher -f /home/c2c/hudson/workspace/dcs_dcs.Release-Selenium-Tests/selenium-tests/pom.xml --batch-mode exec:java -Dexec.mainClass=oracle.clouddev.test.selenium.RunTests -Dexec.args=selenium.browser.size.w=1280 selenium.browser.size.h=960 capture.video=true capture.screenshots=true notification.type=swing notification.history=3 notification.font.size=15 job-release-selenium-tests.properties build.job=dcs_dcs.Release-Selenium-Tests build.number=289 target.release=16.2.3.0.0 timeout.build.buildqueue=1200 timeout.build.buildqueue.polling=60 -s BASE --tag base"/>
        <property name="java.home" value="/usr/java/jdk1.8.0_51/jre"/>
        <property name="sun.arch.data.model" value="64"/>
        <property name="user.language" value="en"/>
        <property name="java.specification.vendor" value="Oracle Corporation"/>
        <property name="awt.toolkit" value="sun.awt.X11.XToolkit"/>
        <property name="java.vm.info" value="mixed mode"/>
        <property name="java.version" value="1.8.0_51"/>
        <property name="securerandom.source" value="file:/dev/./urandom"/>
        <property name="java.ext.dirs" value="/usr/java/jdk1.8.0_51/jre/lib/ext:/usr/java/packages/lib/ext"/>
        <property name="http.proxyHost" value="www-proxy.us.oracle.com"/>
        <property name="sun.boot.class.path" value="/usr/java/jdk1.8.0_51/jre/lib/resources.jar:/usr/java/jdk1.8.0_51/jre/lib/rt.jar:/usr/java/jdk1.8.0_51/jre/lib/sunrsasign.jar:/usr/java/jdk1.8.0_51/jre/lib/jsse.jar:/usr/java/jdk1.8.0_51/jre/lib/jce.jar:/usr/java/jdk1.8.0_51/jre/lib/charsets.jar:/usr/java/jdk1.8.0_51/jre/lib/jfr.jar:/usr/java/jdk1.8.0_51/jre/classes"/>
        <property name="java.vendor" value="Oracle Corporation"/>
        <property name="maven.home" value="/usr/local/apache-maven/apache-maven-3.0.4"/>
        <property name="file.separator" value="/"/>
        <property name="java.vendor.url.bug" value="http://bugreport.sun.com/bugreport/"/>
        <property name="sun.font.fontmanager" value="sun.awt.X11FontManager"/>
        <property name="sun.io.unicode.encoding" value="UnicodeLittle"/>
        <property name="sun.cpu.endian" value="little"/>
        <property name="https.proxyPort" value="80"/>
        <property name="exec.args" value="selenium.browser.size.w=1280 selenium.browser.size.h=960 capture.video=true capture.screenshots=true notification.type=swing notification.history=3 notification.font.size=15 job-release-selenium-tests.properties build.job=dcs_dcs.Release-Selenium-Tests build.number=289 target.release=16.2.3.0.0 timeout.build.buildqueue=1200 timeout.build.buildqueue.polling=60 -s BASE --tag base"/>
        <property name="sun.cpu.isalist" value=""/>
        <property name="test.selenium.browser.size.h" value="960"/>
        <property name="test.user.non-admin.name" value="tom.testsuite"/>
        <property name="test.https.proxyHost" value="www-proxy.us.oracle.com"/>
        <property name="test.user.admin.name" value="tina.testsuite"/>
        <property name="test.user.em-agent.password" value="Welcome1!"/>
        <property name="test.tag" value="base"/>
        <property name="test.user.em-agent.fullname" value="Alex Admin"/>
        <property name="test.selenium.port" value="44000"/>
        <property name="test.build.number" value="289"/>
        <property name="test.user.sdi-agent.enabled" value="true"/>
        <property name="test.timeout.assert.condition" value="30"/>
        <property name="test.target.version" value="{
  &quot;buildInformation&quot; : {
    &quot;gitCommitId&quot; : &quot;84b91eb9e1660e336bb9289583fdf62f88d10e16&quot;,
    &quot;gitCommitMessage&quot; : &quot;Bug 23012667 - Check for valid ACCS account in the same ID Domain\n&quot;,
    &quot;buildTime&quot; : &quot;05.04.2016 @ 21:54:38 PDT&quot;,
    &quot;buildUser&quot; : &quot;Code2Cloud Builder&quot;
  }
}"/>
        <property name="test.build.job" value="dcs_dcs.Release-Selenium-Tests"/>
        <property name="test.timeout.project.create" value="660"/>
        <property name="test.user.sdi-agent.name" value="alex.admin"/>
        <property name="test.selenium.browser" value="firefox"/>
        <property name="test.http.proxyPort" value="80"/>
        <property name="test.user.sdi-agent.password" value="Welcome1!"/>
        <property name="test.user.sdi-agent.fullname" value="Alex Admin"/>
        <property name="test.timeout.selenium.navigate" value="20"/>
        <property name="test.target.release" value="16.2.3.0.0"/>
        <property name="test.byom.ip" value="127.0.0.1"/>
        <property name="test.byom.port" value="8585"/>
        <property name="test.notification.type" value="swing"/>
        <property name="test.data.project.override" value=""/>
        <property name="test.timeout.selenium.find" value="1"/>
        <property name="test.user.em-agent.enabled" value="true"/>
        <property name="test.testEmptyOrg.db.id" value=""/>
        <property name="test.reviews.timeout.slowdown" value="0"/>
        <property name="test.http.noProxyHosts" value="localhost|127.0.0.1|*.local|*.oraclecorp.com|*.us.oracle.com"/>
        <property name="test.capture.video" value="true"/>
        <property name="test.user.non-admin.password" value="Welcome1!"/>
        <property name="test.user.non-admin.fullname" value="Tom Testsuite"/>
        <property name="test.user.admin.password" value="Welcome1!"/>
        <property name="test.notification.history" value="3"/>
        <property name="test.user.admin.fullname" value="Tina Testsuite"/>
        <property name="test.capture.screenshots" value="true"/>
        <property name="test.testEmptyOrg.db.connectString" value="jdbc:oracle:thin:@(DESCRIPTION=(ADDRESS=(PROTOCOL=TCP)(HOST=slc09iwb.us.oracle.com)(PORT=1521))(CONNECT_DATA=(SERVICE_NAME=dbpod)))"/>
        <property name="test.firefox.bin" value=""/>
        <property name="test.https.proxyPort" value="80"/>
        <property name="test.develop.offline" value="false"/>
        <property name="test.timeout.build.buildqueue.polling" value="60"/>
        <property name="test.output.dir" value="target/test-reports/"/>
        <property name="test.firefox.allowedHosts" value="localhost,localhost.localdomain"/>
        <property name="test.testEmptyOrg.db.schema" value="BV2RLPNYEWMR"/>
        <property name="test.web.url" value="http://ucf2c-dcs-release-hub1.opcdeveloper.oracleinternalucf2c.oraclecorp.com/qa-dev/"/>
        <property name="test.firefox.extensions" value=""/>
        <property name="test.testEmptyOrg.orgExistsCheck" value="false"/>
        <property name="test.data.dir" value="data/"/>
        <property name="test.notification.font.size" value="15"/>
        <property name="test.testEmptyOrg.service" value="devservice5"/>
        <property name="test.selenium.start.server" value="false"/>
        <property name="test.firefox.profile.path" value=""/>
        <property name="test.selenium.host" value="localhost"/>
        <property name="test.suite" value="BASE"/>
        <property name="test.tests" value=""/>
        <property name="test.user.admin.idm" value="dcsdevteam"/>
        <property name="test.http.proxyHost" value="www-proxy.us.oracle.com"/>
        <property name="test.testMethods" value=""/>
        <property name="test.reviews.dontDeleteEnviroment" value="false"/>
        <property name="test.selenium.browser.maximize" value="false"/>
        <property name="test.firefox.profile.name" value=""/>
        <property name="test.timeout.build.buildqueue" value="1200"/>
        <property name="test.user.em-agent.idm" value="dcsdevteam"/>
        <property name="test.selenium.remote" value="false"/>
        <property name="test.user.sdi-agent.idm" value="dcsdevteam"/>
        <property name="test.byom.authToken" value="123456"/>
        <property name="test.proxy.autodetect" value="false"/>
        <property name="test.testEmptyOrg.idm" value="dcsdevteam"/>
        <property name="test.user.non-admin.idm" value="dcsdevteam"/>
        <property name="test.data.tasks.useexisting" value="false"/>
        <property name="test.selenium.browser.size.w" value="1280"/>
        <property name="test.category" value="DEFAULT"/>
        <property name="test.user.em-agent.name" value="alex.admin"/>
        <property name="test.timeout.slowdown" value="0"/>
      </properties>
    <system-out>
2016-04-07 07:07:20,783 INFO  [oracle.clouddev.test.selenium.tests.base.TestAgilePage] clicking board menu button
2016-04-07 07:07:20,820 DEBUG [oracle.clouddev.test.selenium.components.AssertElement] Check condition (element has style class &apos;oj-enabled&apos;) for element [By.xpath: .//*[(self::button or self::a or self::input) and @id=&apos;board-menu-button&apos;]] on http://ucf2c-dcs-release-hub1.opcdeveloper.oracleinternalucf2c.oraclecorp.com/qa-dev/#projects/qa-dev_test-shared-project1-1460033913915/agile/board/2/backlog.
2016-04-07 07:07:20,844 DEBUG [oracle.clouddev.test.selenium.components.AssertElement] Check condition (element is visible) for element [By.xpath: .//*[(self::button or self::a or self::input) and @id=&apos;board-menu-button&apos;]] on http://ucf2c-dcs-release-hub1.opcdeveloper.oracleinternalucf2c.oraclecorp.com/qa-dev/#projects/qa-dev_test-shared-project1-1460033913915/agile/board/2/backlog.
2016-04-07 07:07:20,871 DEBUG [oracle.clouddev.test.selenium.components.AssertElement] Check condition (element has style class &apos;oj-enabled&apos;) for element [By.xpath: .//*[(self::button or self::a or self::input) and @id=&apos;board-menu-button&apos;]] on http://ucf2c-dcs-release-hub1.opcdeveloper.oracleinternalucf2c.oraclecorp.com/qa-dev/#projects/qa-dev_test-shared-project1-1460033913915/agile/board/2/backlog.
2016-04-07 07:07:21,159 INFO  [oracle.clouddev.test.selenium.tests.base.TestAgilePage] navigating to configure board page
2016-04-07 07:07:21,191 DEBUG [oracle.clouddev.test.selenium.components.AssertElement] Check condition (element is visible) for element [li#configureBoard] on http://ucf2c-dcs-release-hub1.opcdeveloper.oracleinternalucf2c.oraclecorp.com/qa-dev/#projects/qa-dev_test-shared-project1-1460033913915/agile/board/2/backlog.
2016-04-07 07:07:21,221 DEBUG [oracle.clouddev.test.selenium.components.AssertElement] Check condition (element is visible) for element [li#configureBoard] on http://ucf2c-dcs-release-hub1.opcdeveloper.oracleinternalucf2c.oraclecorp.com/qa-dev/#projects/qa-dev_test-shared-project1-1460033913915/agile/board/2/backlog.
2016-04-07 07:07:21,521 INFO  [oracle.clouddev.test.selenium.tests.base.TestAgilePage] loading configure page
2016-04-07 07:07:26,527 INFO  [oracle.clouddev.test.selenium.tests.base.TestAgilePage] changing board name
2016-04-07 07:07:26,538 DEBUG [oracle.clouddev.test.selenium.components.AssertElement] Check condition (element is visible) for element [By.id: ojBoardName] on http://ucf2c-dcs-release-hub1.opcdeveloper.oracleinternalucf2c.oraclecorp.com/qa-dev/#projects/qa-dev_test-shared-project1-1460033913915/agile/board/2/configure?origin=backlog.
2016-04-07 07:07:26,561 DEBUG [oracle.clouddev.test.selenium.components.AssertElement] Check condition (element is visible) for element [By.xpath: ./input[contains(@class, &apos;oj-inputtext-input&apos;)] under [By.id: ojBoardName]] on http://ucf2c-dcs-release-hub1.opcdeveloper.oracleinternalucf2c.oraclecorp.com/qa-dev/#projects/qa-dev_test-shared-project1-1460033913915/agile/board/2/configure?origin=backlog.
2016-04-07 07:07:26,595 DEBUG [oracle.clouddev.test.selenium.components.AssertElement] Check condition (NOT (element is readonly)) for element [By.xpath: ./input[contains(@class, &apos;oj-inputtext-input&apos;)] under [By.id: ojBoardName]] on http://ucf2c-dcs-release-hub1.opcdeveloper.oracleinternalucf2c.oraclecorp.com/qa-dev/#projects/qa-dev_test-shared-project1-1460033913915/agile/board/2/configure?origin=backlog.
2016-04-07 07:07:26,623 DEBUG [oracle.clouddev.test.selenium.components.AssertElement] Check condition (element is visible) for element [By.xpath: ./input[contains(@class, &apos;oj-inputtext-input&apos;)] under [By.id: ojBoardName]] on http://ucf2c-dcs-release-hub1.opcdeveloper.oracleinternalucf2c.oraclecorp.com/qa-dev/#projects/qa-dev_test-shared-project1-1460033913915/agile/board/2/configure?origin=backlog.
2016-04-07 07:07:26,958 INFO  [oracle.clouddev.test.selenium.tests.base.TestAgilePage] changing board query
2016-04-07 07:07:27,051 DEBUG [oracle.clouddev.test.selenium.components.AssertElement] Check condition (element is visible) for element [By.id: boardquery-selection] on http://ucf2c-dcs-release-hub1.opcdeveloper.oracleinternalucf2c.oraclecorp.com/qa-dev/#projects/qa-dev_test-shared-project1-1460033913915/agile/board/2/configure?origin=backlog.
2016-04-07 07:07:27,075 DEBUG [oracle.clouddev.test.selenium.components.AssertElement] Check condition (element is visible) for element [By.xpath: . under [By.id: boardquery-selection]] on http://ucf2c-dcs-release-hub1.opcdeveloper.oracleinternalucf2c.oraclecorp.com/qa-dev/#projects/qa-dev_test-shared-project1-1460033913915/agile/board/2/configure?origin=backlog.
2016-04-07 07:07:27,109 DEBUG [oracle.clouddev.test.selenium.components.AssertElement] Check condition (element is enabled) for element [By.xpath: . under [By.id: boardquery-selection]] on http://ucf2c-dcs-release-hub1.opcdeveloper.oracleinternalucf2c.oraclecorp.com/qa-dev/#projects/qa-dev_test-shared-project1-1460033913915/agile/board/2/configure?origin=backlog.
2016-04-07 07:07:27,158 DEBUG [oracle.clouddev.test.selenium.components.AssertElement] Check condition (element is visible) for element [By.xpath: .//a[contains(@class, &apos;oj-select-arrow&apos;)] under [By.xpath: . under [By.id: boardquery-selection]]] on http://ucf2c-dcs-release-hub1.opcdeveloper.oracleinternalucf2c.oraclecorp.com/qa-dev/#projects/qa-dev_test-shared-project1-1460033913915/agile/board/2/configure?origin=backlog.
2016-04-07 07:07:27,207 DEBUG [oracle.clouddev.test.selenium.components.AssertElement] Check condition (element is visible) for element [By.xpath: .//a[contains(@class, &apos;oj-select-arrow&apos;)] under [By.xpath: . under [By.id: boardquery-selection]]] on http://ucf2c-dcs-release-hub1.opcdeveloper.oracleinternalucf2c.oraclecorp.com/qa-dev/#projects/qa-dev_test-shared-project1-1460033913915/agile/board/2/configure?origin=backlog.
2016-04-07 07:07:27,433 DEBUG [oracle.clouddev.test.selenium.components.AssertElement] Check condition (element is visible) for element [By.xpath: .//div[@id=&apos;oj-listbox-drop&apos;]] on http://ucf2c-dcs-release-hub1.opcdeveloper.oracleinternalucf2c.oraclecorp.com/qa-dev/#projects/qa-dev_test-shared-project1-1460033913915/agile/board/2/configure?origin=backlog.
2016-04-07 07:07:27,459 DEBUG [oracle.clouddev.test.selenium.components.AssertElement] Check condition (element is visible) for element [By.xpath: .//div[@class=&apos;oj-listbox-result-label&apos; and contains(text(),&apos;Assigned to me&apos;)] under [By.xpath: .//div[@id=&apos;oj-listbox-drop&apos;]]] on http://ucf2c-dcs-release-hub1.opcdeveloper.oracleinternalucf2c.oraclecorp.com/qa-dev/#projects/qa-dev_test-shared-project1-1460033913915/agile/board/2/configure?origin=backlog.
2016-04-07 07:07:27,505 DEBUG [oracle.clouddev.test.selenium.components.AssertElement] Check condition (element is visible) for element [By.xpath: .//div[@class=&apos;oj-listbox-result-label&apos; and contains(text(),&apos;Assigned to me&apos;)] under [By.xpath: .//div[@id=&apos;oj-listbox-drop&apos;]]] on http://ucf2c-dcs-release-hub1.opcdeveloper.oracleinternalucf2c.oraclecorp.com/qa-dev/#projects/qa-dev_test-shared-project1-1460033913915/agile/board/2/configure?origin=backlog.
2016-04-07 07:07:27,786 DEBUG [oracle.clouddev.test.selenium.components.AssertElement] Check condition (element is visible) for element [By.xpath: . under [By.id: boardquery-selection]] on http://ucf2c-dcs-release-hub1.opcdeveloper.oracleinternalucf2c.oraclecorp.com/qa-dev/#projects/qa-dev_test-shared-project1-1460033913915/agile/board/2/configure?origin=backlog.
2016-04-07 07:07:27,817 DEBUG [oracle.clouddev.test.selenium.components.AssertElement] Check condition (element is enabled) for element [By.xpath: . under [By.id: boardquery-selection]] on http://ucf2c-dcs-release-hub1.opcdeveloper.oracleinternalucf2c.oraclecorp.com/qa-dev/#projects/qa-dev_test-shared-project1-1460033913915/agile/board/2/configure?origin=backlog.
2016-04-07 07:07:27,865 DEBUG [oracle.clouddev.test.selenium.components.AssertElement] Check condition (element is visible) for element [By.xpath: .//span[contains(@class, &apos;oj-select-chosen&apos;)] under [By.id: boardquery-selection]] on http://ucf2c-dcs-release-hub1.opcdeveloper.oracleinternalucf2c.oraclecorp.com/qa-dev/#projects/qa-dev_test-shared-project1-1460033913915/agile/board/2/configure?origin=backlog.
2016-04-07 07:07:27,910 INFO  [oracle.clouddev.test.selenium.tests.base.TestAgilePage] clicking save button
2016-04-07 07:07:27,945 DEBUG [oracle.clouddev.test.selenium.components.AssertElement] Check condition (element has style class &apos;oj-enabled&apos;) for element [By.xpath: .//*[(self::button or self::a or self::input) and @id=&apos;configureboard-save-button&apos;]] on http://ucf2c-dcs-release-hub1.opcdeveloper.oracleinternalucf2c.oraclecorp.com/qa-dev/#projects/qa-dev_test-shared-project1-1460033913915/agile/board/2/configure?origin=backlog.
2016-04-07 07:07:27,969 DEBUG [oracle.clouddev.test.selenium.components.AssertElement] Check condition (element is visible) for element [By.xpath: .//*[(self::button or self::a or self::input) and @id=&apos;configureboard-save-button&apos;]] on http://ucf2c-dcs-release-hub1.opcdeveloper.oracleinternalucf2c.oraclecorp.com/qa-dev/#projects/qa-dev_test-shared-project1-1460033913915/agile/board/2/configure?origin=backlog.
2016-04-07 07:07:27,995 DEBUG [oracle.clouddev.test.selenium.components.AssertElement] Check condition (element has style class &apos;oj-enabled&apos;) for element [By.xpath: .//*[(self::button or self::a or self::input) and @id=&apos;configureboard-save-button&apos;]] on http://ucf2c-dcs-release-hub1.opcdeveloper.oracleinternalucf2c.oraclecorp.com/qa-dev/#projects/qa-dev_test-shared-project1-1460033913915/agile/board/2/configure?origin=backlog.
2016-04-07 07:07:28,157 INFO  [oracle.clouddev.test.selenium.tests.base.TestAgilePage] saving board configuration
2016-04-07 07:07:33,162 INFO  [oracle.clouddev.test.selenium.tests.base.TestAgilePage] checking board name
2016-04-07 07:07:33,190 DEBUG [oracle.clouddev.test.selenium.components.AssertElement] Check condition (element is visible) for element [By.xpath: .//*[(self::button or self::a or self::input) and @id=&apos;odcs-board-selector1&apos;]] on http://ucf2c-dcs-release-hub1.opcdeveloper.oracleinternalucf2c.oraclecorp.com/qa-dev/#projects/qa-dev_test-shared-project1-1460033913915/agile/board/2/backlog.
2016-04-07 07:07:36,438 DEBUG [oracle.clouddev.test.selenium.components.AssertElement] Check condition (element is visible) for element [span#issuecount-1] on http://ucf2c-dcs-release-hub1.opcdeveloper.oracleinternalucf2c.oraclecorp.com/qa-dev/#projects/qa-dev_test-shared-project1-1460033913915/agile/board/2/backlog.
    </system-out>
    </testcase>
    <testcase classname="oracle.clouddev.test.selenium.tests.base.TestAgilePage" name="completeSprint1" time="30.747">
      <properties>
        <property name="java.runtime.name" value="Java(TM) SE Runtime Environment"/>
        <property name="exec.mainClass" value="oracle.clouddev.test.selenium.RunTests"/>
        <property name="sun.boot.library.path" value="/usr/java/jdk1.8.0_51/jre/lib/amd64"/>
        <property name="java.vm.version" value="25.51-b03"/>
        <property name="java.vm.vendor" value="Oracle Corporation"/>
        <property name="java.vendor.url" value="http://java.oracle.com/"/>
        <property name="guice.disable.misplaced.annotation.check" value="true"/>
        <property name="path.separator" value=":"/>
        <property name="java.vm.name" value="Java HotSpot(TM) 64-Bit Server VM"/>
        <property name="file.encoding.pkg" value="sun.io"/>
        <property name="user.country" value="US"/>
        <property name="sun.java.launcher" value="SUN_STANDARD"/>
        <property name="sun.os.patch.level" value="unknown"/>
        <property name="http.noProxyHosts" value="localhost|127.0.0.1|*.local|*.oraclecorp.com|*.us.oracle.com"/>
        <property name="java.vm.specification.name" value="Java Virtual Machine Specification"/>
        <property name="user.dir" value="/home/builder/hudson/workspace/dcs_dcs.Release-Selenium-Tests/selenium-tests"/>
        <property name="java.runtime.version" value="1.8.0_51-b16"/>
        <property name="java.awt.graphicsenv" value="sun.awt.X11GraphicsEnvironment"/>
        <property name="java.endorsed.dirs" value="/usr/java/jdk1.8.0_51/jre/lib/endorsed"/>
        <property name="os.arch" value="amd64"/>
        <property name="java.io.tmpdir" value="/tmp"/>
        <property name="line.separator" value="
"/>
        <property name="java.vm.specification.vendor" value="Oracle Corporation"/>
        <property name="https.proxyHost" value="www-proxy.us.oracle.com"/>
        <property name="os.name" value="Linux"/>
        <property name="classworlds.conf" value="/usr/local/apache-maven/apache-maven-3.0.4/bin/m2.conf"/>
        <property name="sun.jnu.encoding" value="UTF-8"/>
        <property name="http.proxyPort" value="80"/>
        <property name="java.library.path" value="/usr/java/packages/lib/amd64:/usr/lib64:/lib64:/lib:/usr/lib"/>
        <property name="sun.awt.enableExtraMouseButtons" value="true"/>
        <property name="java.specification.name" value="Java Platform API Specification"/>
        <property name="java.class.version" value="52.0"/>
        <property name="sun.management.compiler" value="HotSpot 64-Bit Tiered Compilers"/>
        <property name="os.version" value="3.8.13-55.1.1.el6uek.x86_64"/>
        <property name="user.home" value="/home/builder"/>
        <property name="user.timezone" value="PST8PDT"/>
        <property name="java.awt.printerjob" value="sun.print.PSPrinterJob"/>
        <property name="file.encoding" value="UTF-8"/>
        <property name="java.specification.version" value="1.8"/>
        <property name="java.class.path" value="/usr/local/apache-maven/apache-maven-3.0.4/boot/plexus-classworlds-2.4.jar"/>
        <property name="user.name" value="builder"/>
        <property name="java.vm.specification.version" value="1.8"/>
        <property name="sun.java.command" value="org.codehaus.plexus.classworlds.launcher.Launcher -f /home/c2c/hudson/workspace/dcs_dcs.Release-Selenium-Tests/selenium-tests/pom.xml --batch-mode exec:java -Dexec.mainClass=oracle.clouddev.test.selenium.RunTests -Dexec.args=selenium.browser.size.w=1280 selenium.browser.size.h=960 capture.video=true capture.screenshots=true notification.type=swing notification.history=3 notification.font.size=15 job-release-selenium-tests.properties build.job=dcs_dcs.Release-Selenium-Tests build.number=289 target.release=16.2.3.0.0 timeout.build.buildqueue=1200 timeout.build.buildqueue.polling=60 -s BASE --tag base"/>
        <property name="java.home" value="/usr/java/jdk1.8.0_51/jre"/>
        <property name="sun.arch.data.model" value="64"/>
        <property name="user.language" value="en"/>
        <property name="java.specification.vendor" value="Oracle Corporation"/>
        <property name="awt.toolkit" value="sun.awt.X11.XToolkit"/>
        <property name="java.vm.info" value="mixed mode"/>
        <property name="java.version" value="1.8.0_51"/>
        <property name="securerandom.source" value="file:/dev/./urandom"/>
        <property name="java.ext.dirs" value="/usr/java/jdk1.8.0_51/jre/lib/ext:/usr/java/packages/lib/ext"/>
        <property name="http.proxyHost" value="www-proxy.us.oracle.com"/>
        <property name="sun.boot.class.path" value="/usr/java/jdk1.8.0_51/jre/lib/resources.jar:/usr/java/jdk1.8.0_51/jre/lib/rt.jar:/usr/java/jdk1.8.0_51/jre/lib/sunrsasign.jar:/usr/java/jdk1.8.0_51/jre/lib/jsse.jar:/usr/java/jdk1.8.0_51/jre/lib/jce.jar:/usr/java/jdk1.8.0_51/jre/lib/charsets.jar:/usr/java/jdk1.8.0_51/jre/lib/jfr.jar:/usr/java/jdk1.8.0_51/jre/classes"/>
        <property name="java.vendor" value="Oracle Corporation"/>
        <property name="maven.home" value="/usr/local/apache-maven/apache-maven-3.0.4"/>
        <property name="file.separator" value="/"/>
        <property name="java.vendor.url.bug" value="http://bugreport.sun.com/bugreport/"/>
        <property name="sun.font.fontmanager" value="sun.awt.X11FontManager"/>
        <property name="sun.io.unicode.encoding" value="UnicodeLittle"/>
        <property name="sun.cpu.endian" value="little"/>
        <property name="https.proxyPort" value="80"/>
        <property name="exec.args" value="selenium.browser.size.w=1280 selenium.browser.size.h=960 capture.video=true capture.screenshots=true notification.type=swing notification.history=3 notification.font.size=15 job-release-selenium-tests.properties build.job=dcs_dcs.Release-Selenium-Tests build.number=289 target.release=16.2.3.0.0 timeout.build.buildqueue=1200 timeout.build.buildqueue.polling=60 -s BASE --tag base"/>
        <property name="sun.cpu.isalist" value=""/>
        <property name="test.selenium.browser.size.h" value="960"/>
        <property name="test.user.non-admin.name" value="tom.testsuite"/>
        <property name="test.https.proxyHost" value="www-proxy.us.oracle.com"/>
        <property name="test.user.admin.name" value="tina.testsuite"/>
        <property name="test.user.em-agent.password" value="Welcome1!"/>
        <property name="test.tag" value="base"/>
        <property name="test.user.em-agent.fullname" value="Alex Admin"/>
        <property name="test.selenium.port" value="44000"/>
        <property name="test.build.number" value="289"/>
        <property name="test.user.sdi-agent.enabled" value="true"/>
        <property name="test.timeout.assert.condition" value="30"/>
        <property name="test.target.version" value="{
  &quot;buildInformation&quot; : {
    &quot;gitCommitId&quot; : &quot;84b91eb9e1660e336bb9289583fdf62f88d10e16&quot;,
    &quot;gitCommitMessage&quot; : &quot;Bug 23012667 - Check for valid ACCS account in the same ID Domain\n&quot;,
    &quot;buildTime&quot; : &quot;05.04.2016 @ 21:54:38 PDT&quot;,
    &quot;buildUser&quot; : &quot;Code2Cloud Builder&quot;
  }
}"/>
        <property name="test.build.job" value="dcs_dcs.Release-Selenium-Tests"/>
        <property name="test.timeout.project.create" value="660"/>
        <property name="test.user.sdi-agent.name" value="alex.admin"/>
        <property name="test.selenium.browser" value="firefox"/>
        <property name="test.http.proxyPort" value="80"/>
        <property name="test.user.sdi-agent.password" value="Welcome1!"/>
        <property name="test.user.sdi-agent.fullname" value="Alex Admin"/>
        <property name="test.timeout.selenium.navigate" value="20"/>
        <property name="test.target.release" value="16.2.3.0.0"/>
        <property name="test.byom.ip" value="127.0.0.1"/>
        <property name="test.byom.port" value="8585"/>
        <property name="test.notification.type" value="swing"/>
        <property name="test.data.project.override" value=""/>
        <property name="test.timeout.selenium.find" value="1"/>
        <property name="test.user.em-agent.enabled" value="true"/>
        <property name="test.testEmptyOrg.db.id" value=""/>
        <property name="test.reviews.timeout.slowdown" value="0"/>
        <property name="test.http.noProxyHosts" value="localhost|127.0.0.1|*.local|*.oraclecorp.com|*.us.oracle.com"/>
        <property name="test.capture.video" value="true"/>
        <property name="test.user.non-admin.password" value="Welcome1!"/>
        <property name="test.user.non-admin.fullname" value="Tom Testsuite"/>
        <property name="test.user.admin.password" value="Welcome1!"/>
        <property name="test.notification.history" value="3"/>
        <property name="test.user.admin.fullname" value="Tina Testsuite"/>
        <property name="test.capture.screenshots" value="true"/>
        <property name="test.testEmptyOrg.db.connectString" value="jdbc:oracle:thin:@(DESCRIPTION=(ADDRESS=(PROTOCOL=TCP)(HOST=slc09iwb.us.oracle.com)(PORT=1521))(CONNECT_DATA=(SERVICE_NAME=dbpod)))"/>
        <property name="test.firefox.bin" value=""/>
        <property name="test.https.proxyPort" value="80"/>
        <property name="test.develop.offline" value="false"/>
        <property name="test.timeout.build.buildqueue.polling" value="60"/>
        <property name="test.output.dir" value="target/test-reports/"/>
        <property name="test.firefox.allowedHosts" value="localhost,localhost.localdomain"/>
        <property name="test.testEmptyOrg.db.schema" value="BV2RLPNYEWMR"/>
        <property name="test.web.url" value="http://ucf2c-dcs-release-hub1.opcdeveloper.oracleinternalucf2c.oraclecorp.com/qa-dev/"/>
        <property name="test.firefox.extensions" value=""/>
        <property name="test.testEmptyOrg.orgExistsCheck" value="false"/>
        <property name="test.data.dir" value="data/"/>
        <property name="test.notification.font.size" value="15"/>
        <property name="test.testEmptyOrg.service" value="devservice5"/>
        <property name="test.selenium.start.server" value="false"/>
        <property name="test.firefox.profile.path" value=""/>
        <property name="test.selenium.host" value="localhost"/>
        <property name="test.suite" value="BASE"/>
        <property name="test.tests" value=""/>
        <property name="test.user.admin.idm" value="dcsdevteam"/>
        <property name="test.http.proxyHost" value="www-proxy.us.oracle.com"/>
        <property name="test.testMethods" value=""/>
        <property name="test.reviews.dontDeleteEnviroment" value="false"/>
        <property name="test.selenium.browser.maximize" value="false"/>
        <property name="test.firefox.profile.name" value=""/>
        <property name="test.timeout.build.buildqueue" value="1200"/>
        <property name="test.user.em-agent.idm" value="dcsdevteam"/>
        <property name="test.selenium.remote" value="false"/>
        <property name="test.user.sdi-agent.idm" value="dcsdevteam"/>
        <property name="test.byom.authToken" value="123456"/>
        <property name="test.proxy.autodetect" value="false"/>
        <property name="test.testEmptyOrg.idm" value="dcsdevteam"/>
        <property name="test.user.non-admin.idm" value="dcsdevteam"/>
        <property name="test.data.tasks.useexisting" value="false"/>
        <property name="test.selenium.browser.size.w" value="1280"/>
        <property name="test.category" value="DEFAULT"/>
        <property name="test.user.em-agent.name" value="alex.admin"/>
        <property name="test.timeout.slowdown" value="0"/>
      </properties>
    <system-out>
2016-04-07 07:07:37,506 INFO  [oracle.clouddev.test.selenium.tests.base.TestAgilePage] clicking active toggle button
2016-04-07 07:07:37,959 INFO  [oracle.clouddev.test.selenium.tests.base.TestAgilePage] loading active sprints page
2016-04-07 07:07:43,045 DEBUG [oracle.clouddev.test.selenium.components.AssertElement] Check condition (element is visible) for element [div#] on http://ucf2c-dcs-release-hub1.opcdeveloper.oracleinternalucf2c.oraclecorp.com/qa-dev/#projects/qa-dev_test-shared-project1-1460033913915/agile/board/2/work?sprint=1.
2016-04-07 07:07:43,069 INFO  [oracle.clouddev.test.selenium.tests.base.TestAgilePage] looking for column = tina.testsuite-swimlane-column-0
2016-04-07 07:07:43,140 DEBUG [oracle.clouddev.test.selenium.components.AssertElement] Check condition (element is visible) for element [div#tina.testsuite-swimlane-column-0] on http://ucf2c-dcs-release-hub1.opcdeveloper.oracleinternalucf2c.oraclecorp.com/qa-dev/#projects/qa-dev_test-shared-project1-1460033913915/agile/board/2/work?sprint=1.
2016-04-07 07:07:43,225 DEBUG [oracle.clouddev.test.selenium.components.AssertElement] Check condition (element is visible) for element [a# under [div#tina.testsuite-swimlane-column-0]] on http://ucf2c-dcs-release-hub1.opcdeveloper.oracleinternalucf2c.oraclecorp.com/qa-dev/#projects/qa-dev_test-shared-project1-1460033913915/agile/board/2/work?sprint=1.
2016-04-07 07:07:43,888 INFO  [oracle.clouddev.test.selenium.tests.base.TestAgilePage] loading edit task page
2016-04-07 07:07:48,894 INFO  [oracle.clouddev.test.selenium.tests.base.TestAgilePage] changing issue status
2016-04-07 07:07:49,641 DEBUG [oracle.clouddev.test.selenium.components.AssertElement] Check condition (element has style class &apos;oj-enabled&apos;) for element [By.xpath: .//*[(self::button or self::a or self::input) and @id=&apos;showTaskViewSaveButtonTop&apos;]] on http://ucf2c-dcs-release-hub1.opcdeveloper.oracleinternalucf2c.oraclecorp.com/qa-dev/#projects/qa-dev_test-shared-project1-1460033913915/task/14?nav_origin_route=projects!2Fqa-dev_test-shared-project1-1460033913915!2Fagile!2Fboard!2F2!2Fwork!3Fsprint!3D1&amp;nav_origin_title=Board1Renamed.
2016-04-07 07:07:49,713 DEBUG [oracle.clouddev.test.selenium.components.AssertElement] Check condition (element is visible) for element [By.xpath: .//*[(self::button or self::a or self::input) and @id=&apos;showTaskViewSaveButtonTop&apos;]] on http://ucf2c-dcs-release-hub1.opcdeveloper.oracleinternalucf2c.oraclecorp.com/qa-dev/#projects/qa-dev_test-shared-project1-1460033913915/task/14?nav_origin_route=projects!2Fqa-dev_test-shared-project1-1460033913915!2Fagile!2Fboard!2F2!2Fwork!3Fsprint!3D1&amp;nav_origin_title=Board1Renamed.
2016-04-07 07:07:49,752 DEBUG [oracle.clouddev.test.selenium.components.AssertElement] Check condition (element has style class &apos;oj-enabled&apos;) for element [By.xpath: .//*[(self::button or self::a or self::input) and @id=&apos;showTaskViewSaveButtonTop&apos;]] on http://ucf2c-dcs-release-hub1.opcdeveloper.oracleinternalucf2c.oraclecorp.com/qa-dev/#projects/qa-dev_test-shared-project1-1460033913915/task/14?nav_origin_route=projects!2Fqa-dev_test-shared-project1-1460033913915!2Fagile!2Fboard!2F2!2Fwork!3Fsprint!3D1&amp;nav_origin_title=Board1Renamed.
2016-04-07 07:07:50,014 INFO  [oracle.clouddev.test.selenium.tests.base.TestAgilePage] reloading edit task page
2016-04-07 07:07:55,022 INFO  [oracle.clouddev.test.selenium.tests.base.TestAgilePage] clicking back button
2016-04-07 07:07:55,337 INFO  [oracle.clouddev.test.selenium.tests.base.TestAgilePage] loading active sprints page
2016-04-07 07:08:00,346 INFO  [oracle.clouddev.test.selenium.tests.base.TestAgilePage] looking for column = tina.testsuite-swimlane-column-2
2016-04-07 07:08:00,435 DEBUG [oracle.clouddev.test.selenium.components.AssertElement] Check condition (element is visible) for element [div#tina.testsuite-swimlane-column-2] on http://ucf2c-dcs-release-hub1.opcdeveloper.oracleinternalucf2c.oraclecorp.com/qa-dev/#projects/qa-dev_test-shared-project1-1460033913915/agile/board/2/work?sprint=1.
2016-04-07 07:08:00,535 DEBUG [oracle.clouddev.test.selenium.components.AssertElement] Check condition (element is visible) for element [a# under [div#tina.testsuite-swimlane-column-2]] on http://ucf2c-dcs-release-hub1.opcdeveloper.oracleinternalucf2c.oraclecorp.com/qa-dev/#projects/qa-dev_test-shared-project1-1460033913915/agile/board/2/work?sprint=1.
2016-04-07 07:08:00,557 DEBUG [oracle.clouddev.test.selenium.components.AssertElement] Check condition (element has style class &apos;oj-enabled&apos;) for element [By.xpath: .//*[(self::button or self::a or self::input) and @id=&apos;workpage-complete-sprint-button&apos;]] on http://ucf2c-dcs-release-hub1.opcdeveloper.oracleinternalucf2c.oraclecorp.com/qa-dev/#projects/qa-dev_test-shared-project1-1460033913915/agile/board/2/work?sprint=1.
2016-04-07 07:08:00,581 DEBUG [oracle.clouddev.test.selenium.components.AssertElement] Check condition (element is visible) for element [By.xpath: .//*[(self::button or self::a or self::input) and @id=&apos;workpage-complete-sprint-button&apos;]] on http://ucf2c-dcs-release-hub1.opcdeveloper.oracleinternalucf2c.oraclecorp.com/qa-dev/#projects/qa-dev_test-shared-project1-1460033913915/agile/board/2/work?sprint=1.
2016-04-07 07:08:00,610 DEBUG [oracle.clouddev.test.selenium.components.AssertElement] Check condition (element has style class &apos;oj-enabled&apos;) for element [By.xpath: .//*[(self::button or self::a or self::input) and @id=&apos;workpage-complete-sprint-button&apos;]] on http://ucf2c-dcs-release-hub1.opcdeveloper.oracleinternalucf2c.oraclecorp.com/qa-dev/#projects/qa-dev_test-shared-project1-1460033913915/agile/board/2/work?sprint=1.
2016-04-07 07:08:01,030 INFO  [oracle.clouddev.test.selenium.tests.base.TestAgilePage] invoking Complete Sprint confirmation dialog
2016-04-07 07:08:01,090 DEBUG [oracle.clouddev.test.selenium.components.AssertElement] Check condition (element is visible) for element [By.xpath: .//div[contains(@class,&apos;oj-dialog&apos;)]/div[@id=&apos;complete-sprint-dialog&apos;]/..] on http://ucf2c-dcs-release-hub1.opcdeveloper.oracleinternalucf2c.oraclecorp.com/qa-dev/#projects/qa-dev_test-shared-project1-1460033913915/agile/board/2/work?sprint=1.
2016-04-07 07:08:01,132 DEBUG [oracle.clouddev.test.selenium.components.AssertElement] Check condition (element is visible) for element [By.xpath: .//input[@id=&apos;complete-sprint-dialog-check&apos;] under [By.xpath: .//div[contains(@class,&apos;oj-dialog&apos;)]/div[@id=&apos;complete-sprint-dialog&apos;]/..]] on http://ucf2c-dcs-release-hub1.opcdeveloper.oracleinternalucf2c.oraclecorp.com/qa-dev/#projects/qa-dev_test-shared-project1-1460033913915/agile/board/2/work?sprint=1.
2016-04-07 07:08:01,169 DEBUG [oracle.clouddev.test.selenium.components.AssertElement] Check condition (element is enabled) for element [By.xpath: .//input[@id=&apos;complete-sprint-dialog-check&apos;] under [By.xpath: .//div[contains(@class,&apos;oj-dialog&apos;)]/div[@id=&apos;complete-sprint-dialog&apos;]/..]] on http://ucf2c-dcs-release-hub1.opcdeveloper.oracleinternalucf2c.oraclecorp.com/qa-dev/#projects/qa-dev_test-shared-project1-1460033913915/agile/board/2/work?sprint=1.
2016-04-07 07:08:01,208 DEBUG [oracle.clouddev.test.selenium.components.AssertElement] Check condition (element is visible) for element [By.xpath: .//input[@id=&apos;complete-sprint-dialog-check&apos;] under [By.xpath: .//div[contains(@class,&apos;oj-dialog&apos;)]/div[@id=&apos;complete-sprint-dialog&apos;]/..]] on http://ucf2c-dcs-release-hub1.opcdeveloper.oracleinternalucf2c.oraclecorp.com/qa-dev/#projects/qa-dev_test-shared-project1-1460033913915/agile/board/2/work?sprint=1.
2016-04-07 07:08:01,463 DEBUG [oracle.clouddev.test.selenium.components.AssertElement] Check condition (element has style class &apos;oj-enabled&apos;) for element [By.xpath: .//*[(self::button or self::a or self::input) and @id=&apos;complete-sprint-button&apos;] under [By.xpath: .//div[contains(@class,&apos;oj-dialog&apos;)]/div[@id=&apos;complete-sprint-dialog&apos;]/..]] on http://ucf2c-dcs-release-hub1.opcdeveloper.oracleinternalucf2c.oraclecorp.com/qa-dev/#projects/qa-dev_test-shared-project1-1460033913915/agile/board/2/work?sprint=1.
2016-04-07 07:08:01,528 DEBUG [oracle.clouddev.test.selenium.components.AssertElement] Check condition (element is visible) for element [By.xpath: .//*[(self::button or self::a or self::input) and @id=&apos;complete-sprint-button&apos;] under [By.xpath: .//div[contains(@class,&apos;oj-dialog&apos;)]/div[@id=&apos;complete-sprint-dialog&apos;]/..]] on http://ucf2c-dcs-release-hub1.opcdeveloper.oracleinternalucf2c.oraclecorp.com/qa-dev/#projects/qa-dev_test-shared-project1-1460033913915/agile/board/2/work?sprint=1.
2016-04-07 07:08:01,599 DEBUG [oracle.clouddev.test.selenium.components.AssertElement] Check condition (element has style class &apos;oj-enabled&apos;) for element [By.xpath: .//*[(self::button or self::a or self::input) and @id=&apos;complete-sprint-button&apos;] under [By.xpath: .//div[contains(@class,&apos;oj-dialog&apos;)]/div[@id=&apos;complete-sprint-dialog&apos;]/..]] on http://ucf2c-dcs-release-hub1.opcdeveloper.oracleinternalucf2c.oraclecorp.com/qa-dev/#projects/qa-dev_test-shared-project1-1460033913915/agile/board/2/work?sprint=1.
2016-04-07 07:08:02,222 INFO  [oracle.clouddev.test.selenium.tests.base.TestAgilePage] loading active sprints page
    </system-out>
    </testcase>
    <testcase classname="oracle.clouddev.test.selenium.tests.base.TestAgilePage" name="verifySprint1Completed" time="25.750">
      <properties>
        <property name="java.runtime.name" value="Java(TM) SE Runtime Environment"/>
        <property name="exec.mainClass" value="oracle.clouddev.test.selenium.RunTests"/>
        <property name="sun.boot.library.path" value="/usr/java/jdk1.8.0_51/jre/lib/amd64"/>
        <property name="java.vm.version" value="25.51-b03"/>
        <property name="java.vm.vendor" value="Oracle Corporation"/>
        <property name="java.vendor.url" value="http://java.oracle.com/"/>
        <property name="guice.disable.misplaced.annotation.check" value="true"/>
        <property name="path.separator" value=":"/>
        <property name="java.vm.name" value="Java HotSpot(TM) 64-Bit Server VM"/>
        <property name="file.encoding.pkg" value="sun.io"/>
        <property name="user.country" value="US"/>
        <property name="sun.java.launcher" value="SUN_STANDARD"/>
        <property name="sun.os.patch.level" value="unknown"/>
        <property name="http.noProxyHosts" value="localhost|127.0.0.1|*.local|*.oraclecorp.com|*.us.oracle.com"/>
        <property name="java.vm.specification.name" value="Java Virtual Machine Specification"/>
        <property name="user.dir" value="/home/builder/hudson/workspace/dcs_dcs.Release-Selenium-Tests/selenium-tests"/>
        <property name="java.runtime.version" value="1.8.0_51-b16"/>
        <property name="java.awt.graphicsenv" value="sun.awt.X11GraphicsEnvironment"/>
        <property name="java.endorsed.dirs" value="/usr/java/jdk1.8.0_51/jre/lib/endorsed"/>
        <property name="os.arch" value="amd64"/>
        <property name="java.io.tmpdir" value="/tmp"/>
        <property name="line.separator" value="
"/>
        <property name="java.vm.specification.vendor" value="Oracle Corporation"/>
        <property name="https.proxyHost" value="www-proxy.us.oracle.com"/>
        <property name="os.name" value="Linux"/>
        <property name="classworlds.conf" value="/usr/local/apache-maven/apache-maven-3.0.4/bin/m2.conf"/>
        <property name="sun.jnu.encoding" value="UTF-8"/>
        <property name="http.proxyPort" value="80"/>
        <property name="java.library.path" value="/usr/java/packages/lib/amd64:/usr/lib64:/lib64:/lib:/usr/lib"/>
        <property name="sun.awt.enableExtraMouseButtons" value="true"/>
        <property name="java.specification.name" value="Java Platform API Specification"/>
        <property name="java.class.version" value="52.0"/>
        <property name="sun.management.compiler" value="HotSpot 64-Bit Tiered Compilers"/>
        <property name="os.version" value="3.8.13-55.1.1.el6uek.x86_64"/>
        <property name="user.home" value="/home/builder"/>
        <property name="user.timezone" value="PST8PDT"/>
        <property name="java.awt.printerjob" value="sun.print.PSPrinterJob"/>
        <property name="file.encoding" value="UTF-8"/>
        <property name="java.specification.version" value="1.8"/>
        <property name="java.class.path" value="/usr/local/apache-maven/apache-maven-3.0.4/boot/plexus-classworlds-2.4.jar"/>
        <property name="user.name" value="builder"/>
        <property name="java.vm.specification.version" value="1.8"/>
        <property name="sun.java.command" value="org.codehaus.plexus.classworlds.launcher.Launcher -f /home/c2c/hudson/workspace/dcs_dcs.Release-Selenium-Tests/selenium-tests/pom.xml --batch-mode exec:java -Dexec.mainClass=oracle.clouddev.test.selenium.RunTests -Dexec.args=selenium.browser.size.w=1280 selenium.browser.size.h=960 capture.video=true capture.screenshots=true notification.type=swing notification.history=3 notification.font.size=15 job-release-selenium-tests.properties build.job=dcs_dcs.Release-Selenium-Tests build.number=289 target.release=16.2.3.0.0 timeout.build.buildqueue=1200 timeout.build.buildqueue.polling=60 -s BASE --tag base"/>
        <property name="java.home" value="/usr/java/jdk1.8.0_51/jre"/>
        <property name="sun.arch.data.model" value="64"/>
        <property name="user.language" value="en"/>
        <property name="java.specification.vendor" value="Oracle Corporation"/>
        <property name="awt.toolkit" value="sun.awt.X11.XToolkit"/>
        <property name="java.vm.info" value="mixed mode"/>
        <property name="java.version" value="1.8.0_51"/>
        <property name="securerandom.source" value="file:/dev/./urandom"/>
        <property name="java.ext.dirs" value="/usr/java/jdk1.8.0_51/jre/lib/ext:/usr/java/packages/lib/ext"/>
        <property name="http.proxyHost" value="www-proxy.us.oracle.com"/>
        <property name="sun.boot.class.path" value="/usr/java/jdk1.8.0_51/jre/lib/resources.jar:/usr/java/jdk1.8.0_51/jre/lib/rt.jar:/usr/java/jdk1.8.0_51/jre/lib/sunrsasign.jar:/usr/java/jdk1.8.0_51/jre/lib/jsse.jar:/usr/java/jdk1.8.0_51/jre/lib/jce.jar:/usr/java/jdk1.8.0_51/jre/lib/charsets.jar:/usr/java/jdk1.8.0_51/jre/lib/jfr.jar:/usr/java/jdk1.8.0_51/jre/classes"/>
        <property name="java.vendor" value="Oracle Corporation"/>
        <property name="maven.home" value="/usr/local/apache-maven/apache-maven-3.0.4"/>
        <property name="file.separator" value="/"/>
        <property name="java.vendor.url.bug" value="http://bugreport.sun.com/bugreport/"/>
        <property name="sun.font.fontmanager" value="sun.awt.X11FontManager"/>
        <property name="sun.io.unicode.encoding" value="UnicodeLittle"/>
        <property name="sun.cpu.endian" value="little"/>
        <property name="https.proxyPort" value="80"/>
        <property name="exec.args" value="selenium.browser.size.w=1280 selenium.browser.size.h=960 capture.video=true capture.screenshots=true notification.type=swing notification.history=3 notification.font.size=15 job-release-selenium-tests.properties build.job=dcs_dcs.Release-Selenium-Tests build.number=289 target.release=16.2.3.0.0 timeout.build.buildqueue=1200 timeout.build.buildqueue.polling=60 -s BASE --tag base"/>
        <property name="sun.cpu.isalist" value=""/>
        <property name="test.selenium.browser.size.h" value="960"/>
        <property name="test.user.non-admin.name" value="tom.testsuite"/>
        <property name="test.https.proxyHost" value="www-proxy.us.oracle.com"/>
        <property name="test.user.admin.name" value="tina.testsuite"/>
        <property name="test.user.em-agent.password" value="Welcome1!"/>
        <property name="test.tag" value="base"/>
        <property name="test.user.em-agent.fullname" value="Alex Admin"/>
        <property name="test.selenium.port" value="44000"/>
        <property name="test.build.number" value="289"/>
        <property name="test.user.sdi-agent.enabled" value="true"/>
        <property name="test.timeout.assert.condition" value="30"/>
        <property name="test.target.version" value="{
  &quot;buildInformation&quot; : {
    &quot;gitCommitId&quot; : &quot;84b91eb9e1660e336bb9289583fdf62f88d10e16&quot;,
    &quot;gitCommitMessage&quot; : &quot;Bug 23012667 - Check for valid ACCS account in the same ID Domain\n&quot;,
    &quot;buildTime&quot; : &quot;05.04.2016 @ 21:54:38 PDT&quot;,
    &quot;buildUser&quot; : &quot;Code2Cloud Builder&quot;
  }
}"/>
        <property name="test.build.job" value="dcs_dcs.Release-Selenium-Tests"/>
        <property name="test.timeout.project.create" value="660"/>
        <property name="test.user.sdi-agent.name" value="alex.admin"/>
        <property name="test.selenium.browser" value="firefox"/>
        <property name="test.http.proxyPort" value="80"/>
        <property name="test.user.sdi-agent.password" value="Welcome1!"/>
        <property name="test.user.sdi-agent.fullname" value="Alex Admin"/>
        <property name="test.timeout.selenium.navigate" value="20"/>
        <property name="test.target.release" value="16.2.3.0.0"/>
        <property name="test.byom.ip" value="127.0.0.1"/>
        <property name="test.byom.port" value="8585"/>
        <property name="test.notification.type" value="swing"/>
        <property name="test.data.project.override" value=""/>
        <property name="test.timeout.selenium.find" value="1"/>
        <property name="test.user.em-agent.enabled" value="true"/>
        <property name="test.testEmptyOrg.db.id" value=""/>
        <property name="test.reviews.timeout.slowdown" value="0"/>
        <property name="test.http.noProxyHosts" value="localhost|127.0.0.1|*.local|*.oraclecorp.com|*.us.oracle.com"/>
        <property name="test.capture.video" value="true"/>
        <property name="test.user.non-admin.password" value="Welcome1!"/>
        <property name="test.user.non-admin.fullname" value="Tom Testsuite"/>
        <property name="test.user.admin.password" value="Welcome1!"/>
        <property name="test.notification.history" value="3"/>
        <property name="test.user.admin.fullname" value="Tina Testsuite"/>
        <property name="test.capture.screenshots" value="true"/>
        <property name="test.testEmptyOrg.db.connectString" value="jdbc:oracle:thin:@(DESCRIPTION=(ADDRESS=(PROTOCOL=TCP)(HOST=slc09iwb.us.oracle.com)(PORT=1521))(CONNECT_DATA=(SERVICE_NAME=dbpod)))"/>
        <property name="test.firefox.bin" value=""/>
        <property name="test.https.proxyPort" value="80"/>
        <property name="test.develop.offline" value="false"/>
        <property name="test.timeout.build.buildqueue.polling" value="60"/>
        <property name="test.output.dir" value="target/test-reports/"/>
        <property name="test.firefox.allowedHosts" value="localhost,localhost.localdomain"/>
        <property name="test.testEmptyOrg.db.schema" value="BV2RLPNYEWMR"/>
        <property name="test.web.url" value="http://ucf2c-dcs-release-hub1.opcdeveloper.oracleinternalucf2c.oraclecorp.com/qa-dev/"/>
        <property name="test.firefox.extensions" value=""/>
        <property name="test.testEmptyOrg.orgExistsCheck" value="false"/>
        <property name="test.data.dir" value="data/"/>
        <property name="test.notification.font.size" value="15"/>
        <property name="test.testEmptyOrg.service" value="devservice5"/>
        <property name="test.selenium.start.server" value="false"/>
        <property name="test.firefox.profile.path" value=""/>
        <property name="test.selenium.host" value="localhost"/>
        <property name="test.suite" value="BASE"/>
        <property name="test.tests" value=""/>
        <property name="test.user.admin.idm" value="dcsdevteam"/>
        <property name="test.http.proxyHost" value="www-proxy.us.oracle.com"/>
        <property name="test.testMethods" value=""/>
        <property name="test.reviews.dontDeleteEnviroment" value="false"/>
        <property name="test.selenium.browser.maximize" value="false"/>
        <property name="test.firefox.profile.name" value=""/>
        <property name="test.timeout.build.buildqueue" value="1200"/>
        <property name="test.user.em-agent.idm" value="dcsdevteam"/>
        <property name="test.selenium.remote" value="false"/>
        <property name="test.user.sdi-agent.idm" value="dcsdevteam"/>
        <property name="test.byom.authToken" value="123456"/>
        <property name="test.proxy.autodetect" value="false"/>
        <property name="test.testEmptyOrg.idm" value="dcsdevteam"/>
        <property name="test.user.non-admin.idm" value="dcsdevteam"/>
        <property name="test.data.tasks.useexisting" value="false"/>
        <property name="test.selenium.browser.size.w" value="1280"/>
        <property name="test.category" value="DEFAULT"/>
        <property name="test.user.em-agent.name" value="alex.admin"/>
        <property name="test.timeout.slowdown" value="0"/>
      </properties>
    <system-out>
2016-04-07 07:08:08,257 INFO  [oracle.clouddev.test.selenium.tests.base.TestAgilePage] clicking backlog toggle button
2016-04-07 07:08:08,910 INFO  [oracle.clouddev.test.selenium.tests.base.TestAgilePage] loading backlog page
2016-04-07 07:08:21,055 INFO  [oracle.clouddev.test.selenium.tests.base.TestAgilePage] clicking board menu button
2016-04-07 07:08:21,090 DEBUG [oracle.clouddev.test.selenium.components.AssertElement] Check condition (element has style class &apos;oj-enabled&apos;) for element [By.xpath: .//*[(self::button or self::a or self::input) and @id=&apos;board-menu-button&apos;]] on http://ucf2c-dcs-release-hub1.opcdeveloper.oracleinternalucf2c.oraclecorp.com/qa-dev/#projects/qa-dev_test-shared-project1-1460033913915/agile/board/2/backlog.
2016-04-07 07:08:21,117 DEBUG [oracle.clouddev.test.selenium.components.AssertElement] Check condition (element is visible) for element [By.xpath: .//*[(self::button or self::a or self::input) and @id=&apos;board-menu-button&apos;]] on http://ucf2c-dcs-release-hub1.opcdeveloper.oracleinternalucf2c.oraclecorp.com/qa-dev/#projects/qa-dev_test-shared-project1-1460033913915/agile/board/2/backlog.
2016-04-07 07:08:21,143 DEBUG [oracle.clouddev.test.selenium.components.AssertElement] Check condition (element has style class &apos;oj-enabled&apos;) for element [By.xpath: .//*[(self::button or self::a or self::input) and @id=&apos;board-menu-button&apos;]] on http://ucf2c-dcs-release-hub1.opcdeveloper.oracleinternalucf2c.oraclecorp.com/qa-dev/#projects/qa-dev_test-shared-project1-1460033913915/agile/board/2/backlog.
2016-04-07 07:08:21,408 INFO  [oracle.clouddev.test.selenium.tests.base.TestAgilePage] navigating to configure board page
2016-04-07 07:08:21,427 DEBUG [oracle.clouddev.test.selenium.components.AssertElement] Check condition (element is visible) for element [li#configureBoard] on http://ucf2c-dcs-release-hub1.opcdeveloper.oracleinternalucf2c.oraclecorp.com/qa-dev/#projects/qa-dev_test-shared-project1-1460033913915/agile/board/2/backlog.
2016-04-07 07:08:21,458 DEBUG [oracle.clouddev.test.selenium.components.AssertElement] Check condition (element is visible) for element [li#configureBoard] on http://ucf2c-dcs-release-hub1.opcdeveloper.oracleinternalucf2c.oraclecorp.com/qa-dev/#projects/qa-dev_test-shared-project1-1460033913915/agile/board/2/backlog.
2016-04-07 07:08:21,790 INFO  [oracle.clouddev.test.selenium.tests.base.TestAgilePage] loading configure page
2016-04-07 07:08:26,795 INFO  [oracle.clouddev.test.selenium.tests.base.TestAgilePage] changing board query
2016-04-07 07:08:26,804 DEBUG [oracle.clouddev.test.selenium.components.AssertElement] Check condition (element is visible) for element [By.id: boardquery-selection] on http://ucf2c-dcs-release-hub1.opcdeveloper.oracleinternalucf2c.oraclecorp.com/qa-dev/#projects/qa-dev_test-shared-project1-1460033913915/agile/board/2/configure?origin=backlog.
2016-04-07 07:08:26,825 DEBUG [oracle.clouddev.test.selenium.components.AssertElement] Check condition (element is visible) for element [By.xpath: . under [By.id: boardquery-selection]] on http://ucf2c-dcs-release-hub1.opcdeveloper.oracleinternalucf2c.oraclecorp.com/qa-dev/#projects/qa-dev_test-shared-project1-1460033913915/agile/board/2/configure?origin=backlog.
2016-04-07 07:08:26,857 DEBUG [oracle.clouddev.test.selenium.components.AssertElement] Check condition (element is enabled) for element [By.xpath: . under [By.id: boardquery-selection]] on http://ucf2c-dcs-release-hub1.opcdeveloper.oracleinternalucf2c.oraclecorp.com/qa-dev/#projects/qa-dev_test-shared-project1-1460033913915/agile/board/2/configure?origin=backlog.
2016-04-07 07:08:26,904 DEBUG [oracle.clouddev.test.selenium.components.AssertElement] Check condition (element is visible) for element [By.xpath: .//a[contains(@class, &apos;oj-select-arrow&apos;)] under [By.xpath: . under [By.id: boardquery-selection]]] on http://ucf2c-dcs-release-hub1.opcdeveloper.oracleinternalucf2c.oraclecorp.com/qa-dev/#projects/qa-dev_test-shared-project1-1460033913915/agile/board/2/configure?origin=backlog.
2016-04-07 07:08:26,947 DEBUG [oracle.clouddev.test.selenium.components.AssertElement] Check condition (element is visible) for element [By.xpath: .//a[contains(@class, &apos;oj-select-arrow&apos;)] under [By.xpath: . under [By.id: boardquery-selection]]] on http://ucf2c-dcs-release-hub1.opcdeveloper.oracleinternalucf2c.oraclecorp.com/qa-dev/#projects/qa-dev_test-shared-project1-1460033913915/agile/board/2/configure?origin=backlog.
2016-04-07 07:08:27,228 DEBUG [oracle.clouddev.test.selenium.components.AssertElement] Check condition (element is visible) for element [By.xpath: .//div[@id=&apos;oj-listbox-drop&apos;]] on http://ucf2c-dcs-release-hub1.opcdeveloper.oracleinternalucf2c.oraclecorp.com/qa-dev/#projects/qa-dev_test-shared-project1-1460033913915/agile/board/2/configure?origin=backlog.
2016-04-07 07:08:27,253 DEBUG [oracle.clouddev.test.selenium.components.AssertElement] Check condition (element is visible) for element [By.xpath: .//div[@class=&apos;oj-listbox-result-label&apos; and contains(text(),&apos;All issues&apos;)] under [By.xpath: .//div[@id=&apos;oj-listbox-drop&apos;]]] on http://ucf2c-dcs-release-hub1.opcdeveloper.oracleinternalucf2c.oraclecorp.com/qa-dev/#projects/qa-dev_test-shared-project1-1460033913915/agile/board/2/configure?origin=backlog.
2016-04-07 07:08:27,289 DEBUG [oracle.clouddev.test.selenium.components.AssertElement] Check condition (element is visible) for element [By.xpath: .//div[@class=&apos;oj-listbox-result-label&apos; and contains(text(),&apos;All issues&apos;)] under [By.xpath: .//div[@id=&apos;oj-listbox-drop&apos;]]] on http://ucf2c-dcs-release-hub1.opcdeveloper.oracleinternalucf2c.oraclecorp.com/qa-dev/#projects/qa-dev_test-shared-project1-1460033913915/agile/board/2/configure?origin=backlog.
2016-04-07 07:08:27,479 DEBUG [oracle.clouddev.test.selenium.components.AssertElement] Check condition (element is visible) for element [By.xpath: . under [By.id: boardquery-selection]] on http://ucf2c-dcs-release-hub1.opcdeveloper.oracleinternalucf2c.oraclecorp.com/qa-dev/#projects/qa-dev_test-shared-project1-1460033913915/agile/board/2/configure?origin=backlog.
2016-04-07 07:08:27,511 DEBUG [oracle.clouddev.test.selenium.components.AssertElement] Check condition (element is enabled) for element [By.xpath: . under [By.id: boardquery-selection]] on http://ucf2c-dcs-release-hub1.opcdeveloper.oracleinternalucf2c.oraclecorp.com/qa-dev/#projects/qa-dev_test-shared-project1-1460033913915/agile/board/2/configure?origin=backlog.
2016-04-07 07:08:27,593 DEBUG [oracle.clouddev.test.selenium.components.AssertElement] Check condition (element is visible) for element [By.xpath: .//span[contains(@class, &apos;oj-select-chosen&apos;)] under [By.id: boardquery-selection]] on http://ucf2c-dcs-release-hub1.opcdeveloper.oracleinternalucf2c.oraclecorp.com/qa-dev/#projects/qa-dev_test-shared-project1-1460033913915/agile/board/2/configure?origin=backlog.
2016-04-07 07:08:27,637 INFO  [oracle.clouddev.test.selenium.tests.base.TestAgilePage] clicking save button
2016-04-07 07:08:27,667 DEBUG [oracle.clouddev.test.selenium.components.AssertElement] Check condition (element has style class &apos;oj-enabled&apos;) for element [By.xpath: .//*[(self::button or self::a or self::input) and @id=&apos;configureboard-save-button&apos;]] on http://ucf2c-dcs-release-hub1.opcdeveloper.oracleinternalucf2c.oraclecorp.com/qa-dev/#projects/qa-dev_test-shared-project1-1460033913915/agile/board/2/configure?origin=backlog.
2016-04-07 07:08:27,687 DEBUG [oracle.clouddev.test.selenium.components.AssertElement] Check condition (element is visible) for element [By.xpath: .//*[(self::button or self::a or self::input) and @id=&apos;configureboard-save-button&apos;]] on http://ucf2c-dcs-release-hub1.opcdeveloper.oracleinternalucf2c.oraclecorp.com/qa-dev/#projects/qa-dev_test-shared-project1-1460033913915/agile/board/2/configure?origin=backlog.
2016-04-07 07:08:27,713 DEBUG [oracle.clouddev.test.selenium.components.AssertElement] Check condition (element has style class &apos;oj-enabled&apos;) for element [By.xpath: .//*[(self::button or self::a or self::input) and @id=&apos;configureboard-save-button&apos;]] on http://ucf2c-dcs-release-hub1.opcdeveloper.oracleinternalucf2c.oraclecorp.com/qa-dev/#projects/qa-dev_test-shared-project1-1460033913915/agile/board/2/configure?origin=backlog.
2016-04-07 07:08:27,951 INFO  [oracle.clouddev.test.selenium.tests.base.TestAgilePage] saving board configuration
    </system-out>
    </testcase>
    <testcase classname="oracle.clouddev.test.selenium.tests.base.TestAgilePage" name="_class_destroy_" time="0.000">
      <properties>
        <property name="java.runtime.name" value="Java(TM) SE Runtime Environment"/>
        <property name="exec.mainClass" value="oracle.clouddev.test.selenium.RunTests"/>
        <property name="sun.boot.library.path" value="/usr/java/jdk1.8.0_51/jre/lib/amd64"/>
        <property name="java.vm.version" value="25.51-b03"/>
        <property name="java.vm.vendor" value="Oracle Corporation"/>
        <property name="java.vendor.url" value="http://java.oracle.com/"/>
        <property name="guice.disable.misplaced.annotation.check" value="true"/>
        <property name="path.separator" value=":"/>
        <property name="java.vm.name" value="Java HotSpot(TM) 64-Bit Server VM"/>
        <property name="file.encoding.pkg" value="sun.io"/>
        <property name="user.country" value="US"/>
        <property name="sun.java.launcher" value="SUN_STANDARD"/>
        <property name="sun.os.patch.level" value="unknown"/>
        <property name="http.noProxyHosts" value="localhost|127.0.0.1|*.local|*.oraclecorp.com|*.us.oracle.com"/>
        <property name="java.vm.specification.name" value="Java Virtual Machine Specification"/>
        <property name="user.dir" value="/home/builder/hudson/workspace/dcs_dcs.Release-Selenium-Tests/selenium-tests"/>
        <property name="java.runtime.version" value="1.8.0_51-b16"/>
        <property name="java.awt.graphicsenv" value="sun.awt.X11GraphicsEnvironment"/>
        <property name="java.endorsed.dirs" value="/usr/java/jdk1.8.0_51/jre/lib/endorsed"/>
        <property name="os.arch" value="amd64"/>
        <property name="java.io.tmpdir" value="/tmp"/>
        <property name="line.separator" value="
"/>
        <property name="java.vm.specification.vendor" value="Oracle Corporation"/>
        <property name="https.proxyHost" value="www-proxy.us.oracle.com"/>
        <property name="os.name" value="Linux"/>
        <property name="classworlds.conf" value="/usr/local/apache-maven/apache-maven-3.0.4/bin/m2.conf"/>
        <property name="sun.jnu.encoding" value="UTF-8"/>
        <property name="http.proxyPort" value="80"/>
        <property name="java.library.path" value="/usr/java/packages/lib/amd64:/usr/lib64:/lib64:/lib:/usr/lib"/>
        <property name="sun.awt.enableExtraMouseButtons" value="true"/>
        <property name="java.specification.name" value="Java Platform API Specification"/>
        <property name="java.class.version" value="52.0"/>
        <property name="sun.management.compiler" value="HotSpot 64-Bit Tiered Compilers"/>
        <property name="os.version" value="3.8.13-55.1.1.el6uek.x86_64"/>
        <property name="user.home" value="/home/builder"/>
        <property name="user.timezone" value="PST8PDT"/>
        <property name="java.awt.printerjob" value="sun.print.PSPrinterJob"/>
        <property name="file.encoding" value="UTF-8"/>
        <property name="java.specification.version" value="1.8"/>
        <property name="java.class.path" value="/usr/local/apache-maven/apache-maven-3.0.4/boot/plexus-classworlds-2.4.jar"/>
        <property name="user.name" value="builder"/>
        <property name="java.vm.specification.version" value="1.8"/>
        <property name="sun.java.command" value="org.codehaus.plexus.classworlds.launcher.Launcher -f /home/c2c/hudson/workspace/dcs_dcs.Release-Selenium-Tests/selenium-tests/pom.xml --batch-mode exec:java -Dexec.mainClass=oracle.clouddev.test.selenium.RunTests -Dexec.args=selenium.browser.size.w=1280 selenium.browser.size.h=960 capture.video=true capture.screenshots=true notification.type=swing notification.history=3 notification.font.size=15 job-release-selenium-tests.properties build.job=dcs_dcs.Release-Selenium-Tests build.number=289 target.release=16.2.3.0.0 timeout.build.buildqueue=1200 timeout.build.buildqueue.polling=60 -s BASE --tag base"/>
        <property name="java.home" value="/usr/java/jdk1.8.0_51/jre"/>
        <property name="sun.arch.data.model" value="64"/>
        <property name="user.language" value="en"/>
        <property name="java.specification.vendor" value="Oracle Corporation"/>
        <property name="awt.toolkit" value="sun.awt.X11.XToolkit"/>
        <property name="java.vm.info" value="mixed mode"/>
        <property name="java.version" value="1.8.0_51"/>
        <property name="securerandom.source" value="file:/dev/./urandom"/>
        <property name="java.ext.dirs" value="/usr/java/jdk1.8.0_51/jre/lib/ext:/usr/java/packages/lib/ext"/>
        <property name="http.proxyHost" value="www-proxy.us.oracle.com"/>
        <property name="sun.boot.class.path" value="/usr/java/jdk1.8.0_51/jre/lib/resources.jar:/usr/java/jdk1.8.0_51/jre/lib/rt.jar:/usr/java/jdk1.8.0_51/jre/lib/sunrsasign.jar:/usr/java/jdk1.8.0_51/jre/lib/jsse.jar:/usr/java/jdk1.8.0_51/jre/lib/jce.jar:/usr/java/jdk1.8.0_51/jre/lib/charsets.jar:/usr/java/jdk1.8.0_51/jre/lib/jfr.jar:/usr/java/jdk1.8.0_51/jre/classes"/>
        <property name="java.vendor" value="Oracle Corporation"/>
        <property name="maven.home" value="/usr/local/apache-maven/apache-maven-3.0.4"/>
        <property name="file.separator" value="/"/>
        <property name="java.vendor.url.bug" value="http://bugreport.sun.com/bugreport/"/>
        <property name="sun.font.fontmanager" value="sun.awt.X11FontManager"/>
        <property name="sun.io.unicode.encoding" value="UnicodeLittle"/>
        <property name="sun.cpu.endian" value="little"/>
        <property name="https.proxyPort" value="80"/>
        <property name="exec.args" value="selenium.browser.size.w=1280 selenium.browser.size.h=960 capture.video=true capture.screenshots=true notification.type=swing notification.history=3 notification.font.size=15 job-release-selenium-tests.properties build.job=dcs_dcs.Release-Selenium-Tests build.number=289 target.release=16.2.3.0.0 timeout.build.buildqueue=1200 timeout.build.buildqueue.polling=60 -s BASE --tag base"/>
        <property name="sun.cpu.isalist" value=""/>
        <property name="test.selenium.browser.size.h" value="960"/>
        <property name="test.user.non-admin.name" value="tom.testsuite"/>
        <property name="test.https.proxyHost" value="www-proxy.us.oracle.com"/>
        <property name="test.user.admin.name" value="tina.testsuite"/>
        <property name="test.user.em-agent.password" value="Welcome1!"/>
        <property name="test.tag" value="base"/>
        <property name="test.user.em-agent.fullname" value="Alex Admin"/>
        <property name="test.selenium.port" value="44000"/>
        <property name="test.build.number" value="289"/>
        <property name="test.user.sdi-agent.enabled" value="true"/>
        <property name="test.timeout.assert.condition" value="30"/>
        <property name="test.target.version" value="{
  &quot;buildInformation&quot; : {
    &quot;gitCommitId&quot; : &quot;84b91eb9e1660e336bb9289583fdf62f88d10e16&quot;,
    &quot;gitCommitMessage&quot; : &quot;Bug 23012667 - Check for valid ACCS account in the same ID Domain\n&quot;,
    &quot;buildTime&quot; : &quot;05.04.2016 @ 21:54:38 PDT&quot;,
    &quot;buildUser&quot; : &quot;Code2Cloud Builder&quot;
  }
}"/>
        <property name="test.build.job" value="dcs_dcs.Release-Selenium-Tests"/>
        <property name="test.timeout.project.create" value="660"/>
        <property name="test.user.sdi-agent.name" value="alex.admin"/>
        <property name="test.selenium.browser" value="firefox"/>
        <property name="test.http.proxyPort" value="80"/>
        <property name="test.user.sdi-agent.password" value="Welcome1!"/>
        <property name="test.user.sdi-agent.fullname" value="Alex Admin"/>
        <property name="test.timeout.selenium.navigate" value="20"/>
        <property name="test.target.release" value="16.2.3.0.0"/>
        <property name="test.byom.ip" value="127.0.0.1"/>
        <property name="test.byom.port" value="8585"/>
        <property name="test.notification.type" value="swing"/>
        <property name="test.data.project.override" value=""/>
        <property name="test.timeout.selenium.find" value="1"/>
        <property name="test.user.em-agent.enabled" value="true"/>
        <property name="test.testEmptyOrg.db.id" value=""/>
        <property name="test.reviews.timeout.slowdown" value="0"/>
        <property name="test.http.noProxyHosts" value="localhost|127.0.0.1|*.local|*.oraclecorp.com|*.us.oracle.com"/>
        <property name="test.capture.video" value="true"/>
        <property name="test.user.non-admin.password" value="Welcome1!"/>
        <property name="test.user.non-admin.fullname" value="Tom Testsuite"/>
        <property name="test.user.admin.password" value="Welcome1!"/>
        <property name="test.notification.history" value="3"/>
        <property name="test.user.admin.fullname" value="Tina Testsuite"/>
        <property name="test.capture.screenshots" value="true"/>
        <property name="test.testEmptyOrg.db.connectString" value="jdbc:oracle:thin:@(DESCRIPTION=(ADDRESS=(PROTOCOL=TCP)(HOST=slc09iwb.us.oracle.com)(PORT=1521))(CONNECT_DATA=(SERVICE_NAME=dbpod)))"/>
        <property name="test.firefox.bin" value=""/>
        <property name="test.https.proxyPort" value="80"/>
        <property name="test.develop.offline" value="false"/>
        <property name="test.timeout.build.buildqueue.polling" value="60"/>
        <property name="test.output.dir" value="target/test-reports/"/>
        <property name="test.firefox.allowedHosts" value="localhost,localhost.localdomain"/>
        <property name="test.testEmptyOrg.db.schema" value="BV2RLPNYEWMR"/>
        <property name="test.web.url" value="http://ucf2c-dcs-release-hub1.opcdeveloper.oracleinternalucf2c.oraclecorp.com/qa-dev/"/>
        <property name="test.firefox.extensions" value=""/>
        <property name="test.testEmptyOrg.orgExistsCheck" value="false"/>
        <property name="test.data.dir" value="data/"/>
        <property name="test.notification.font.size" value="15"/>
        <property name="test.testEmptyOrg.service" value="devservice5"/>
        <property name="test.selenium.start.server" value="false"/>
        <property name="test.firefox.profile.path" value=""/>
        <property name="test.selenium.host" value="localhost"/>
        <property name="test.suite" value="BASE"/>
        <property name="test.tests" value=""/>
        <property name="test.user.admin.idm" value="dcsdevteam"/>
        <property name="test.http.proxyHost" value="www-proxy.us.oracle.com"/>
        <property name="test.testMethods" value=""/>
        <property name="test.reviews.dontDeleteEnviroment" value="false"/>
        <property name="test.selenium.browser.maximize" value="false"/>
        <property name="test.firefox.profile.name" value=""/>
        <property name="test.timeout.build.buildqueue" value="1200"/>
        <property name="test.user.em-agent.idm" value="dcsdevteam"/>
        <property name="test.selenium.remote" value="false"/>
        <property name="test.user.sdi-agent.idm" value="dcsdevteam"/>
        <property name="test.byom.authToken" value="123456"/>
        <property name="test.proxy.autodetect" value="false"/>
        <property name="test.testEmptyOrg.idm" value="dcsdevteam"/>
        <property name="test.user.non-admin.idm" value="dcsdevteam"/>
        <property name="test.data.tasks.useexisting" value="false"/>
        <property name="test.selenium.browser.size.w" value="1280"/>
        <property name="test.category" value="DEFAULT"/>
        <property name="test.user.em-agent.name" value="alex.admin"/>
        <property name="test.timeout.slowdown" value="0"/>
      </properties>
    </testcase>
  </testsuite>
